running egg_info
creating ../build/turtle_robot/turtle_robot.egg-info
writing ../build/turtle_robot/turtle_robot.egg-info/PKG-INFO
writing dependency_links to ../build/turtle_robot/turtle_robot.egg-info/dependency_links.txt
writing entry points to ../build/turtle_robot/turtle_robot.egg-info/entry_points.txt
writing requirements to ../build/turtle_robot/turtle_robot.egg-info/requires.txt
writing top-level names to ../build/turtle_robot/turtle_robot.egg-info/top_level.txt
writing manifest file '../build/turtle_robot/turtle_robot.egg-info/SOURCES.txt'
reading manifest file '../build/turtle_robot/turtle_robot.egg-info/SOURCES.txt'
writing manifest file '../build/turtle_robot/turtle_robot.egg-info/SOURCES.txt'
running build
running build_py
creating /home/paakwasi/ros2_ws/src/build/turtle_robot/build
creating /home/paakwasi/ros2_ws/src/build/turtle_robot/build/lib
creating /home/paakwasi/ros2_ws/src/build/turtle_robot/build/lib/turtle_robot
copying turtle_robot/navigation_service_node.py -> /home/paakwasi/ros2_ws/src/build/turtle_robot/build/lib/turtle_robot
copying turtle_robot/status_publisher_node.py -> /home/paakwasi/ros2_ws/src/build/turtle_robot/build/lib/turtle_robot
copying turtle_robot/turtle_moving.py -> /home/paakwasi/ros2_ws/src/build/turtle_robot/build/lib/turtle_robot
copying turtle_robot/__init__.py -> /home/paakwasi/ros2_ws/src/build/turtle_robot/build/lib/turtle_robot
copying turtle_robot/mission_control_node.py -> /home/paakwasi/ros2_ws/src/build/turtle_robot/build/lib/turtle_robot
running install
running install_lib
creating /home/paakwasi/ros2_ws/src/install/turtle_robot/lib/python3.10/site-packages/turtle_robot
copying /home/paakwasi/ros2_ws/src/build/turtle_robot/build/lib/turtle_robot/navigation_service_node.py -> /home/paakwasi/ros2_ws/src/install/turtle_robot/lib/python3.10/site-packages/turtle_robot
copying /home/paakwasi/ros2_ws/src/build/turtle_robot/build/lib/turtle_robot/status_publisher_node.py -> /home/paakwasi/ros2_ws/src/install/turtle_robot/lib/python3.10/site-packages/turtle_robot
copying /home/paakwasi/ros2_ws/src/build/turtle_robot/build/lib/turtle_robot/turtle_moving.py -> /home/paakwasi/ros2_ws/src/install/turtle_robot/lib/python3.10/site-packages/turtle_robot
copying /home/paakwasi/ros2_ws/src/build/turtle_robot/build/lib/turtle_robot/__init__.py -> /home/paakwasi/ros2_ws/src/install/turtle_robot/lib/python3.10/site-packages/turtle_robot
copying /home/paakwasi/ros2_ws/src/build/turtle_robot/build/lib/turtle_robot/mission_control_node.py -> /home/paakwasi/ros2_ws/src/install/turtle_robot/lib/python3.10/site-packages/turtle_robot
byte-compiling /home/paakwasi/ros2_ws/src/install/turtle_robot/lib/python3.10/site-packages/turtle_robot/navigation_service_node.py to navigation_service_node.cpython-310.pyc
byte-compiling /home/paakwasi/ros2_ws/src/install/turtle_robot/lib/python3.10/site-packages/turtle_robot/status_publisher_node.py to status_publisher_node.cpython-310.pyc
byte-compiling /home/paakwasi/ros2_ws/src/install/turtle_robot/lib/python3.10/site-packages/turtle_robot/turtle_moving.py to turtle_moving.cpython-310.pyc
byte-compiling /home/paakwasi/ros2_ws/src/install/turtle_robot/lib/python3.10/site-packages/turtle_robot/__init__.py to __init__.cpython-310.pyc
byte-compiling /home/paakwasi/ros2_ws/src/install/turtle_robot/lib/python3.10/site-packages/turtle_robot/mission_control_node.py to mission_control_node.cpython-310.pyc
running install_data
creating /home/paakwasi/ros2_ws/src/install/turtle_robot/share/ament_index
creating /home/paakwasi/ros2_ws/src/install/turtle_robot/share/ament_index/resource_index
creating /home/paakwasi/ros2_ws/src/install/turtle_robot/share/ament_index/resource_index/packages
copying resource/turtle_robot -> /home/paakwasi/ros2_ws/src/install/turtle_robot/share/ament_index/resource_index/packages
copying package.xml -> /home/paakwasi/ros2_ws/src/install/turtle_robot/share/turtle_robot
creating /home/paakwasi/ros2_ws/src/install/turtle_robot/share/turtle_robot/launch
copying launch/turtle_robot_.launch.py -> /home/paakwasi/ros2_ws/src/install/turtle_robot/share/turtle_robot/launch
running install_egg_info
Copying ../build/turtle_robot/turtle_robot.egg-info to /home/paakwasi/ros2_ws/src/install/turtle_robot/lib/python3.10/site-packages/turtle_robot-0.0.0-py3.10.egg-info
running install_scripts
Installing controller script to /home/paakwasi/ros2_ws/src/install/turtle_robot/lib/turtle_robot
Installing movement script to /home/paakwasi/ros2_ws/src/install/turtle_robot/lib/turtle_robot
Installing service script to /home/paakwasi/ros2_ws/src/install/turtle_robot/lib/turtle_robot
Installing status script to /home/paakwasi/ros2_ws/src/install/turtle_robot/lib/turtle_robot
writing list of installed files to '/home/paakwasi/ros2_ws/src/build/turtle_robot/install.log'
