[3.725s] Invoking command in '/home/paakwasi/ros2_ws/src/turtle_robot': PYTHONPATH=/home/paakwasi/ros2_ws/src/build/turtle_robot/prefix_override:/usr/lib/python3/dist-packages/colcon_core/task/python/colcon_distutils_commands:/home/paakwasi/ros2_ws/src/install/turtle_robot/lib/python3.10/site-packages:${PYTHONPATH} /usr/bin/python3 -W ignore:setup.py install is deprecated -W ignore:easy_install command is deprecated setup.py egg_info --egg-base ../build/turtle_robot build --build-base /home/paakwasi/ros2_ws/src/build/turtle_robot/build install --record /home/paakwasi/ros2_ws/src/build/turtle_robot/install.log --single-version-externally-managed install_data
[4.516s] running egg_info
[4.520s] creating ../build/turtle_robot/turtle_robot.egg-info
[4.521s] writing ../build/turtle_robot/turtle_robot.egg-info/PKG-INFO
[4.521s] writing dependency_links to ../build/turtle_robot/turtle_robot.egg-info/dependency_links.txt
[4.522s] writing entry points to ../build/turtle_robot/turtle_robot.egg-info/entry_points.txt
[4.522s] writing requirements to ../build/turtle_robot/turtle_robot.egg-info/requires.txt
[4.522s] writing top-level names to ../build/turtle_robot/turtle_robot.egg-info/top_level.txt
[4.523s] writing manifest file '../build/turtle_robot/turtle_robot.egg-info/SOURCES.txt'
[4.534s] reading manifest file '../build/turtle_robot/turtle_robot.egg-info/SOURCES.txt'
[4.535s] writing manifest file '../build/turtle_robot/turtle_robot.egg-info/SOURCES.txt'
[4.535s] running build
[4.535s] running build_py
[4.535s] creating /home/paakwasi/ros2_ws/src/build/turtle_robot/build
[4.536s] creating /home/paakwasi/ros2_ws/src/build/turtle_robot/build/lib
[4.536s] creating /home/paakwasi/ros2_ws/src/build/turtle_robot/build/lib/turtle_robot
[4.536s] copying turtle_robot/navigation_service_node.py -> /home/paakwasi/ros2_ws/src/build/turtle_robot/build/lib/turtle_robot
[4.537s] copying turtle_robot/status_publisher_node.py -> /home/paakwasi/ros2_ws/src/build/turtle_robot/build/lib/turtle_robot
[4.537s] copying turtle_robot/turtle_moving.py -> /home/paakwasi/ros2_ws/src/build/turtle_robot/build/lib/turtle_robot
[4.538s] copying turtle_robot/__init__.py -> /home/paakwasi/ros2_ws/src/build/turtle_robot/build/lib/turtle_robot
[4.539s] copying turtle_robot/mission_control_node.py -> /home/paakwasi/ros2_ws/src/build/turtle_robot/build/lib/turtle_robot
[4.539s] running install
[4.539s] running install_lib
[4.543s] creating /home/paakwasi/ros2_ws/src/install/turtle_robot/lib/python3.10/site-packages/turtle_robot
[4.543s] copying /home/paakwasi/ros2_ws/src/build/turtle_robot/build/lib/turtle_robot/navigation_service_node.py -> /home/paakwasi/ros2_ws/src/install/turtle_robot/lib/python3.10/site-packages/turtle_robot
[4.544s] copying /home/paakwasi/ros2_ws/src/build/turtle_robot/build/lib/turtle_robot/status_publisher_node.py -> /home/paakwasi/ros2_ws/src/install/turtle_robot/lib/python3.10/site-packages/turtle_robot
[4.544s] copying /home/paakwasi/ros2_ws/src/build/turtle_robot/build/lib/turtle_robot/turtle_moving.py -> /home/paakwasi/ros2_ws/src/install/turtle_robot/lib/python3.10/site-packages/turtle_robot
[4.544s] copying /home/paakwasi/ros2_ws/src/build/turtle_robot/build/lib/turtle_robot/__init__.py -> /home/paakwasi/ros2_ws/src/install/turtle_robot/lib/python3.10/site-packages/turtle_robot
[4.546s] copying /home/paakwasi/ros2_ws/src/build/turtle_robot/build/lib/turtle_robot/mission_control_node.py -> /home/paakwasi/ros2_ws/src/install/turtle_robot/lib/python3.10/site-packages/turtle_robot
[4.547s] byte-compiling /home/paakwasi/ros2_ws/src/install/turtle_robot/lib/python3.10/site-packages/turtle_robot/navigation_service_node.py to navigation_service_node.cpython-310.pyc
[4.547s] byte-compiling /home/paakwasi/ros2_ws/src/install/turtle_robot/lib/python3.10/site-packages/turtle_robot/status_publisher_node.py to status_publisher_node.cpython-310.pyc
[4.551s] byte-compiling /home/paakwasi/ros2_ws/src/install/turtle_robot/lib/python3.10/site-packages/turtle_robot/turtle_moving.py to turtle_moving.cpython-310.pyc
[4.552s] byte-compiling /home/paakwasi/ros2_ws/src/install/turtle_robot/lib/python3.10/site-packages/turtle_robot/__init__.py to __init__.cpython-310.pyc
[4.553s] byte-compiling /home/paakwasi/ros2_ws/src/install/turtle_robot/lib/python3.10/site-packages/turtle_robot/mission_control_node.py to mission_control_node.cpython-310.pyc
[4.555s] running install_data
[4.556s] creating /home/paakwasi/ros2_ws/src/install/turtle_robot/share/ament_index
[4.557s] creating /home/paakwasi/ros2_ws/src/install/turtle_robot/share/ament_index/resource_index
[4.557s] creating /home/paakwasi/ros2_ws/src/install/turtle_robot/share/ament_index/resource_index/packages
[4.557s] copying resource/turtle_robot -> /home/paakwasi/ros2_ws/src/install/turtle_robot/share/ament_index/resource_index/packages
[4.558s] copying package.xml -> /home/paakwasi/ros2_ws/src/install/turtle_robot/share/turtle_robot
[4.558s] creating /home/paakwasi/ros2_ws/src/install/turtle_robot/share/turtle_robot/launch
[4.558s] copying launch/turtle_robot_.launch.py -> /home/paakwasi/ros2_ws/src/install/turtle_robot/share/turtle_robot/launch
[4.558s] running install_egg_info
[4.564s] Copying ../build/turtle_robot/turtle_robot.egg-info to /home/paakwasi/ros2_ws/src/install/turtle_robot/lib/python3.10/site-packages/turtle_robot-0.0.0-py3.10.egg-info
[4.567s] running install_scripts
[4.653s] Installing controller script to /home/paakwasi/ros2_ws/src/install/turtle_robot/lib/turtle_robot
[4.656s] Installing movement script to /home/paakwasi/ros2_ws/src/install/turtle_robot/lib/turtle_robot
[4.657s] Installing service script to /home/paakwasi/ros2_ws/src/install/turtle_robot/lib/turtle_robot
[4.657s] Installing status script to /home/paakwasi/ros2_ws/src/install/turtle_robot/lib/turtle_robot
[4.657s] writing list of installed files to '/home/paakwasi/ros2_ws/src/build/turtle_robot/install.log'
[4.780s] Invoked command in '/home/paakwasi/ros2_ws/src/turtle_robot' returned '0': PYTHONPATH=/home/paakwasi/ros2_ws/src/build/turtle_robot/prefix_override:/usr/lib/python3/dist-packages/colcon_core/task/python/colcon_distutils_commands:/home/paakwasi/ros2_ws/src/install/turtle_robot/lib/python3.10/site-packages:${PYTHONPATH} /usr/bin/python3 -W ignore:setup.py install is deprecated -W ignore:easy_install command is deprecated setup.py egg_info --egg-base ../build/turtle_robot build --build-base /home/paakwasi/ros2_ws/src/build/turtle_robot/build install --record /home/paakwasi/ros2_ws/src/build/turtle_robot/install.log --single-version-externally-managed install_data
