[0.157s] DEBUG:colcon:Command line arguments: ['/usr/bin/colcon', 'build']
[0.158s] DEBUG:colcon:Parsed command line arguments: Namespace(log_base=None, log_level=None, verb_name='build', build_base='build', install_base='install', merge_install=False, symlink_install=False, test_result_base=None, continue_on_error=False, executor='parallel', parallel_workers=10, event_handlers=None, ignore_user_meta=False, metas=['./colcon.meta'], base_paths=['.'], packages_ignore=None, packages_ignore_regex=None, paths=None, packages_up_to=None, packages_up_to_regex=None, packages_above=None, packages_above_and_dependencies=None, packages_above_depth=None, packages_select_by_dep=None, packages_skip_by_dep=None, packages_skip_up_to=None, packages_select_build_failed=False, packages_skip_build_finished=False, packages_select_test_failures=False, packages_skip_test_passed=False, packages_select=None, packages_skip=None, packages_select_regex=None, packages_skip_regex=None, packages_start=None, packages_end=None, allow_overriding=[], cmake_args=None, cmake_target=None, cmake_target_skip_unavailable=False, cmake_clean_cache=False, cmake_clean_first=False, cmake_force_configure=False, ament_cmake_args=None, catkin_cmake_args=None, catkin_skip_building_tests=False, mixin_files=None, mixin=None, verb_parser=<colcon_mixin.mixin.mixin_argument.MixinArgumentDecorator object at 0x7f8a41b66950>, verb_extension=<colcon_core.verb.build.BuildVerb object at 0x7f8a41b66470>, main=<bound method BuildVerb.main of <colcon_core.verb.build.BuildVerb object at 0x7f8a41b66470>>, mixin_verb=('build',))
[0.270s] Level 1:colcon.colcon_core.package_discovery:discover_packages(colcon_meta) check parameters
[0.270s] Level 1:colcon.colcon_core.package_discovery:discover_packages(recursive) check parameters
[0.270s] Level 1:colcon.colcon_core.package_discovery:discover_packages(ignore) check parameters
[0.270s] Level 1:colcon.colcon_core.package_discovery:discover_packages(path) check parameters
[0.270s] Level 1:colcon.colcon_core.package_discovery:discover_packages(colcon_meta) discover
[0.270s] Level 1:colcon.colcon_core.package_discovery:discover_packages(recursive) discover
[0.270s] INFO:colcon.colcon_core.package_discovery:Crawling recursively for packages in '/home/paakwasi/ros2_ws'
[0.270s] Level 1:colcon.colcon_core.package_identification:_identify(.) by extensions ['ignore', 'ignore_ament_install']
[0.270s] Level 1:colcon.colcon_core.package_identification:_identify(.) by extension 'ignore'
[0.270s] Level 1:colcon.colcon_core.package_identification:_identify(.) by extension 'ignore_ament_install'
[0.270s] Level 1:colcon.colcon_core.package_identification:_identify(.) by extensions ['colcon_pkg']
[0.270s] Level 1:colcon.colcon_core.package_identification:_identify(.) by extension 'colcon_pkg'
[0.270s] Level 1:colcon.colcon_core.package_identification:_identify(.) by extensions ['colcon_meta']
[0.270s] Level 1:colcon.colcon_core.package_identification:_identify(.) by extension 'colcon_meta'
[0.270s] Level 1:colcon.colcon_core.package_identification:_identify(.) by extensions ['ros']
[0.270s] Level 1:colcon.colcon_core.package_identification:_identify(.) by extension 'ros'
[0.279s] Level 1:colcon.colcon_core.package_identification:_identify(.) by extensions ['cmake', 'python']
[0.279s] Level 1:colcon.colcon_core.package_identification:_identify(.) by extension 'cmake'
[0.279s] Level 1:colcon.colcon_core.package_identification:_identify(.) by extension 'python'
[0.279s] Level 1:colcon.colcon_core.package_identification:_identify(.) by extensions ['python_setup_py']
[0.280s] Level 1:colcon.colcon_core.package_identification:_identify(.) by extension 'python_setup_py'
[0.280s] Level 1:colcon.colcon_core.package_identification:_identify(build) by extensions ['ignore', 'ignore_ament_install']
[0.280s] Level 1:colcon.colcon_core.package_identification:_identify(build) by extension 'ignore'
[0.280s] Level 1:colcon.colcon_core.package_identification:_identify(build) ignored
[0.280s] Level 1:colcon.colcon_core.package_identification:_identify(install) by extensions ['ignore', 'ignore_ament_install']
[0.280s] Level 1:colcon.colcon_core.package_identification:_identify(install) by extension 'ignore'
[0.280s] Level 1:colcon.colcon_core.package_identification:_identify(install) ignored
[0.281s] Level 1:colcon.colcon_core.package_identification:_identify(log) by extensions ['ignore', 'ignore_ament_install']
[0.281s] Level 1:colcon.colcon_core.package_identification:_identify(log) by extension 'ignore'
[0.281s] Level 1:colcon.colcon_core.package_identification:_identify(log) ignored
[0.281s] Level 1:colcon.colcon_core.package_identification:_identify(src) by extensions ['ignore', 'ignore_ament_install']
[0.281s] Level 1:colcon.colcon_core.package_identification:_identify(src) by extension 'ignore'
[0.281s] Level 1:colcon.colcon_core.package_identification:_identify(src) by extension 'ignore_ament_install'
[0.281s] Level 1:colcon.colcon_core.package_identification:_identify(src) by extensions ['colcon_pkg']
[0.281s] Level 1:colcon.colcon_core.package_identification:_identify(src) by extension 'colcon_pkg'
[0.281s] Level 1:colcon.colcon_core.package_identification:_identify(src) by extensions ['colcon_meta']
[0.281s] Level 1:colcon.colcon_core.package_identification:_identify(src) by extension 'colcon_meta'
[0.281s] Level 1:colcon.colcon_core.package_identification:_identify(src) by extensions ['ros']
[0.281s] Level 1:colcon.colcon_core.package_identification:_identify(src) by extension 'ros'
[0.281s] Level 1:colcon.colcon_core.package_identification:_identify(src) by extensions ['cmake', 'python']
[0.281s] Level 1:colcon.colcon_core.package_identification:_identify(src) by extension 'cmake'
[0.281s] Level 1:colcon.colcon_core.package_identification:_identify(src) by extension 'python'
[0.281s] Level 1:colcon.colcon_core.package_identification:_identify(src) by extensions ['python_setup_py']
[0.281s] Level 1:colcon.colcon_core.package_identification:_identify(src) by extension 'python_setup_py'
[0.281s] Level 1:colcon.colcon_core.package_identification:_identify(src/firt_custom_interface) by extensions ['ignore', 'ignore_ament_install']
[0.281s] Level 1:colcon.colcon_core.package_identification:_identify(src/firt_custom_interface) by extension 'ignore'
[0.281s] Level 1:colcon.colcon_core.package_identification:_identify(src/firt_custom_interface) by extension 'ignore_ament_install'
[0.281s] Level 1:colcon.colcon_core.package_identification:_identify(src/firt_custom_interface) by extensions ['colcon_pkg']
[0.281s] Level 1:colcon.colcon_core.package_identification:_identify(src/firt_custom_interface) by extension 'colcon_pkg'
[0.281s] Level 1:colcon.colcon_core.package_identification:_identify(src/firt_custom_interface) by extensions ['colcon_meta']
[0.281s] Level 1:colcon.colcon_core.package_identification:_identify(src/firt_custom_interface) by extension 'colcon_meta'
[0.281s] Level 1:colcon.colcon_core.package_identification:_identify(src/firt_custom_interface) by extensions ['ros']
[0.282s] Level 1:colcon.colcon_core.package_identification:_identify(src/firt_custom_interface) by extension 'ros'
[0.284s] DEBUG:colcon.colcon_core.package_identification:Package 'src/firt_custom_interface' with type 'ros.ament_cmake' and name 'firt_custom_interface'
[0.284s] Level 1:colcon.colcon_core.package_identification:_identify(src/my_robot_controller) by extensions ['ignore', 'ignore_ament_install']
[0.284s] Level 1:colcon.colcon_core.package_identification:_identify(src/my_robot_controller) by extension 'ignore'
[0.284s] Level 1:colcon.colcon_core.package_identification:_identify(src/my_robot_controller) by extension 'ignore_ament_install'
[0.284s] Level 1:colcon.colcon_core.package_identification:_identify(src/my_robot_controller) by extensions ['colcon_pkg']
[0.284s] Level 1:colcon.colcon_core.package_identification:_identify(src/my_robot_controller) by extension 'colcon_pkg'
[0.284s] Level 1:colcon.colcon_core.package_identification:_identify(src/my_robot_controller) by extensions ['colcon_meta']
[0.284s] Level 1:colcon.colcon_core.package_identification:_identify(src/my_robot_controller) by extension 'colcon_meta'
[0.284s] Level 1:colcon.colcon_core.package_identification:_identify(src/my_robot_controller) by extensions ['ros']
[0.284s] Level 1:colcon.colcon_core.package_identification:_identify(src/my_robot_controller) by extension 'ros'
[0.285s] DEBUG:colcon.colcon_core.package_identification:Package 'src/my_robot_controller' with type 'ros.ament_python' and name 'my_robot_controller'
[0.285s] Level 1:colcon.colcon_core.package_identification:_identify(src/number_analyzer) by extensions ['ignore', 'ignore_ament_install']
[0.285s] Level 1:colcon.colcon_core.package_identification:_identify(src/number_analyzer) by extension 'ignore'
[0.286s] Level 1:colcon.colcon_core.package_identification:_identify(src/number_analyzer) by extension 'ignore_ament_install'
[0.286s] Level 1:colcon.colcon_core.package_identification:_identify(src/number_analyzer) by extensions ['colcon_pkg']
[0.286s] Level 1:colcon.colcon_core.package_identification:_identify(src/number_analyzer) by extension 'colcon_pkg'
[0.286s] Level 1:colcon.colcon_core.package_identification:_identify(src/number_analyzer) by extensions ['colcon_meta']
[0.286s] Level 1:colcon.colcon_core.package_identification:_identify(src/number_analyzer) by extension 'colcon_meta'
[0.286s] Level 1:colcon.colcon_core.package_identification:_identify(src/number_analyzer) by extensions ['ros']
[0.286s] Level 1:colcon.colcon_core.package_identification:_identify(src/number_analyzer) by extension 'ros'
[0.286s] DEBUG:colcon.colcon_core.package_identification:Package 'src/number_analyzer' with type 'ros.ament_python' and name 'number_analyzer'
[0.286s] Level 1:colcon.colcon_core.package_identification:_identify(src/temp_monitoring) by extensions ['ignore', 'ignore_ament_install']
[0.286s] Level 1:colcon.colcon_core.package_identification:_identify(src/temp_monitoring) by extension 'ignore'
[0.286s] Level 1:colcon.colcon_core.package_identification:_identify(src/temp_monitoring) by extension 'ignore_ament_install'
[0.287s] Level 1:colcon.colcon_core.package_identification:_identify(src/temp_monitoring) by extensions ['colcon_pkg']
[0.287s] Level 1:colcon.colcon_core.package_identification:_identify(src/temp_monitoring) by extension 'colcon_pkg'
[0.287s] Level 1:colcon.colcon_core.package_identification:_identify(src/temp_monitoring) by extensions ['colcon_meta']
[0.287s] Level 1:colcon.colcon_core.package_identification:_identify(src/temp_monitoring) by extension 'colcon_meta'
[0.287s] Level 1:colcon.colcon_core.package_identification:_identify(src/temp_monitoring) by extensions ['ros']
[0.287s] Level 1:colcon.colcon_core.package_identification:_identify(src/temp_monitoring) by extension 'ros'
[0.287s] DEBUG:colcon.colcon_core.package_identification:Package 'src/temp_monitoring' with type 'ros.ament_python' and name 'temp_monitoring'
[0.287s] Level 1:colcon.colcon_core.package_discovery:discover_packages(recursive) using defaults
[0.287s] Level 1:colcon.colcon_core.package_discovery:discover_packages(ignore) discover
[0.287s] Level 1:colcon.colcon_core.package_discovery:discover_packages(ignore) using defaults
[0.287s] Level 1:colcon.colcon_core.package_discovery:discover_packages(path) discover
[0.287s] Level 1:colcon.colcon_core.package_discovery:discover_packages(path) using defaults
[0.312s] Level 1:colcon.colcon_core.package_discovery:discover_packages(prefix_path) check parameters
[0.312s] Level 1:colcon.colcon_core.package_discovery:discover_packages(prefix_path) discover
[0.314s] DEBUG:colcon.colcon_installed_package_information.package_discovery:Found 4 installed packages in /home/paakwasi/ros2_ws/install
[0.315s] DEBUG:colcon.colcon_installed_package_information.package_discovery:Found 271 installed packages in /opt/ros/humble
[0.316s] Level 1:colcon.colcon_core.package_discovery:discover_packages(prefix_path) using defaults
[0.341s] Level 5:colcon.colcon_core.verb:set package 'firt_custom_interface' build argument 'cmake_args' from command line to 'None'
[0.342s] Level 5:colcon.colcon_core.verb:set package 'firt_custom_interface' build argument 'cmake_target' from command line to 'None'
[0.342s] Level 5:colcon.colcon_core.verb:set package 'firt_custom_interface' build argument 'cmake_target_skip_unavailable' from command line to 'False'
[0.342s] Level 5:colcon.colcon_core.verb:set package 'firt_custom_interface' build argument 'cmake_clean_cache' from command line to 'False'
[0.342s] Level 5:colcon.colcon_core.verb:set package 'firt_custom_interface' build argument 'cmake_clean_first' from command line to 'False'
[0.342s] Level 5:colcon.colcon_core.verb:set package 'firt_custom_interface' build argument 'cmake_force_configure' from command line to 'False'
[0.342s] Level 5:colcon.colcon_core.verb:set package 'firt_custom_interface' build argument 'ament_cmake_args' from command line to 'None'
[0.342s] Level 5:colcon.colcon_core.verb:set package 'firt_custom_interface' build argument 'catkin_cmake_args' from command line to 'None'
[0.342s] Level 5:colcon.colcon_core.verb:set package 'firt_custom_interface' build argument 'catkin_skip_building_tests' from command line to 'False'
[0.342s] DEBUG:colcon.colcon_core.verb:Building package 'firt_custom_interface' with the following arguments: {'ament_cmake_args': None, 'build_base': '/home/paakwasi/ros2_ws/build/firt_custom_interface', 'catkin_cmake_args': None, 'catkin_skip_building_tests': False, 'cmake_args': None, 'cmake_clean_cache': False, 'cmake_clean_first': False, 'cmake_force_configure': False, 'cmake_target': None, 'cmake_target_skip_unavailable': False, 'install_base': '/home/paakwasi/ros2_ws/install/firt_custom_interface', 'merge_install': False, 'path': '/home/paakwasi/ros2_ws/src/firt_custom_interface', 'symlink_install': False, 'test_result_base': None}
[0.342s] Level 5:colcon.colcon_core.verb:set package 'my_robot_controller' build argument 'cmake_args' from command line to 'None'
[0.342s] Level 5:colcon.colcon_core.verb:set package 'my_robot_controller' build argument 'cmake_target' from command line to 'None'
[0.342s] Level 5:colcon.colcon_core.verb:set package 'my_robot_controller' build argument 'cmake_target_skip_unavailable' from command line to 'False'
[0.342s] Level 5:colcon.colcon_core.verb:set package 'my_robot_controller' build argument 'cmake_clean_cache' from command line to 'False'
[0.342s] Level 5:colcon.colcon_core.verb:set package 'my_robot_controller' build argument 'cmake_clean_first' from command line to 'False'
[0.342s] Level 5:colcon.colcon_core.verb:set package 'my_robot_controller' build argument 'cmake_force_configure' from command line to 'False'
[0.342s] Level 5:colcon.colcon_core.verb:set package 'my_robot_controller' build argument 'ament_cmake_args' from command line to 'None'
[0.342s] Level 5:colcon.colcon_core.verb:set package 'my_robot_controller' build argument 'catkin_cmake_args' from command line to 'None'
[0.342s] Level 5:colcon.colcon_core.verb:set package 'my_robot_controller' build argument 'catkin_skip_building_tests' from command line to 'False'
[0.342s] DEBUG:colcon.colcon_core.verb:Building package 'my_robot_controller' with the following arguments: {'ament_cmake_args': None, 'build_base': '/home/paakwasi/ros2_ws/build/my_robot_controller', 'catkin_cmake_args': None, 'catkin_skip_building_tests': False, 'cmake_args': None, 'cmake_clean_cache': False, 'cmake_clean_first': False, 'cmake_force_configure': False, 'cmake_target': None, 'cmake_target_skip_unavailable': False, 'install_base': '/home/paakwasi/ros2_ws/install/my_robot_controller', 'merge_install': False, 'path': '/home/paakwasi/ros2_ws/src/my_robot_controller', 'symlink_install': False, 'test_result_base': None}
[0.342s] Level 5:colcon.colcon_core.verb:set package 'number_analyzer' build argument 'cmake_args' from command line to 'None'
[0.342s] Level 5:colcon.colcon_core.verb:set package 'number_analyzer' build argument 'cmake_target' from command line to 'None'
[0.343s] Level 5:colcon.colcon_core.verb:set package 'number_analyzer' build argument 'cmake_target_skip_unavailable' from command line to 'False'
[0.343s] Level 5:colcon.colcon_core.verb:set package 'number_analyzer' build argument 'cmake_clean_cache' from command line to 'False'
[0.343s] Level 5:colcon.colcon_core.verb:set package 'number_analyzer' build argument 'cmake_clean_first' from command line to 'False'
[0.343s] Level 5:colcon.colcon_core.verb:set package 'number_analyzer' build argument 'cmake_force_configure' from command line to 'False'
[0.343s] Level 5:colcon.colcon_core.verb:set package 'number_analyzer' build argument 'ament_cmake_args' from command line to 'None'
[0.343s] Level 5:colcon.colcon_core.verb:set package 'number_analyzer' build argument 'catkin_cmake_args' from command line to 'None'
[0.343s] Level 5:colcon.colcon_core.verb:set package 'number_analyzer' build argument 'catkin_skip_building_tests' from command line to 'False'
[0.343s] DEBUG:colcon.colcon_core.verb:Building package 'number_analyzer' with the following arguments: {'ament_cmake_args': None, 'build_base': '/home/paakwasi/ros2_ws/build/number_analyzer', 'catkin_cmake_args': None, 'catkin_skip_building_tests': False, 'cmake_args': None, 'cmake_clean_cache': False, 'cmake_clean_first': False, 'cmake_force_configure': False, 'cmake_target': None, 'cmake_target_skip_unavailable': False, 'install_base': '/home/paakwasi/ros2_ws/install/number_analyzer', 'merge_install': False, 'path': '/home/paakwasi/ros2_ws/src/number_analyzer', 'symlink_install': False, 'test_result_base': None}
[0.343s] Level 5:colcon.colcon_core.verb:set package 'temp_monitoring' build argument 'cmake_args' from command line to 'None'
[0.343s] Level 5:colcon.colcon_core.verb:set package 'temp_monitoring' build argument 'cmake_target' from command line to 'None'
[0.343s] Level 5:colcon.colcon_core.verb:set package 'temp_monitoring' build argument 'cmake_target_skip_unavailable' from command line to 'False'
[0.343s] Level 5:colcon.colcon_core.verb:set package 'temp_monitoring' build argument 'cmake_clean_cache' from command line to 'False'
[0.343s] Level 5:colcon.colcon_core.verb:set package 'temp_monitoring' build argument 'cmake_clean_first' from command line to 'False'
[0.343s] Level 5:colcon.colcon_core.verb:set package 'temp_monitoring' build argument 'cmake_force_configure' from command line to 'False'
[0.343s] Level 5:colcon.colcon_core.verb:set package 'temp_monitoring' build argument 'ament_cmake_args' from command line to 'None'
[0.343s] Level 5:colcon.colcon_core.verb:set package 'temp_monitoring' build argument 'catkin_cmake_args' from command line to 'None'
[0.343s] Level 5:colcon.colcon_core.verb:set package 'temp_monitoring' build argument 'catkin_skip_building_tests' from command line to 'False'
[0.343s] DEBUG:colcon.colcon_core.verb:Building package 'temp_monitoring' with the following arguments: {'ament_cmake_args': None, 'build_base': '/home/paakwasi/ros2_ws/build/temp_monitoring', 'catkin_cmake_args': None, 'catkin_skip_building_tests': False, 'cmake_args': None, 'cmake_clean_cache': False, 'cmake_clean_first': False, 'cmake_force_configure': False, 'cmake_target': None, 'cmake_target_skip_unavailable': False, 'install_base': '/home/paakwasi/ros2_ws/install/temp_monitoring', 'merge_install': False, 'path': '/home/paakwasi/ros2_ws/src/temp_monitoring', 'symlink_install': False, 'test_result_base': None}
[0.343s] INFO:colcon.colcon_core.executor:Executing jobs using 'parallel' executor
[0.345s] DEBUG:colcon.colcon_parallel_executor.executor.parallel:run_until_complete
[0.346s] INFO:colcon.colcon_ros.task.ament_cmake.build:Building ROS package in '/home/paakwasi/ros2_ws/src/firt_custom_interface' with build type 'ament_cmake'
[0.346s] INFO:colcon.colcon_cmake.task.cmake.build:Building CMake package in '/home/paakwasi/ros2_ws/src/firt_custom_interface'
[0.348s] INFO:colcon.colcon_core.plugin_system:Skipping extension 'colcon_core.shell.bat': Not used on non-Windows systems
[0.349s] INFO:colcon.colcon_core.shell:Skip shell extension 'powershell' for command environment: Not usable outside of PowerShell
[0.349s] DEBUG:colcon.colcon_core.shell:Skip shell extension 'dsv' for command environment
[0.353s] INFO:colcon.colcon_ros.task.ament_python.build:Building ROS package in '/home/paakwasi/ros2_ws/src/my_robot_controller' with build type 'ament_python'
[0.353s] Level 1:colcon.colcon_core.shell:create_environment_hook('my_robot_controller', 'ament_prefix_path')
[0.354s] INFO:colcon.colcon_core.shell:Creating environment hook '/home/paakwasi/ros2_ws/install/my_robot_controller/share/my_robot_controller/hook/ament_prefix_path.ps1'
[0.366s] INFO:colcon.colcon_core.shell:Creating environment descriptor '/home/paakwasi/ros2_ws/install/my_robot_controller/share/my_robot_controller/hook/ament_prefix_path.dsv'
[0.373s] INFO:colcon.colcon_core.shell:Creating environment hook '/home/paakwasi/ros2_ws/install/my_robot_controller/share/my_robot_controller/hook/ament_prefix_path.sh'
[0.380s] INFO:colcon.colcon_core.shell:Skip shell extension 'powershell' for command environment: Not usable outside of PowerShell
[0.380s] DEBUG:colcon.colcon_core.shell:Skip shell extension 'dsv' for command environment
[0.386s] INFO:colcon.colcon_ros.task.ament_python.build:Building ROS package in '/home/paakwasi/ros2_ws/src/number_analyzer' with build type 'ament_python'
[0.386s] Level 1:colcon.colcon_core.shell:create_environment_hook('number_analyzer', 'ament_prefix_path')
[0.387s] INFO:colcon.colcon_core.shell:Creating environment hook '/home/paakwasi/ros2_ws/install/number_analyzer/share/number_analyzer/hook/ament_prefix_path.ps1'
[0.410s] INFO:colcon.colcon_core.shell:Creating environment descriptor '/home/paakwasi/ros2_ws/install/number_analyzer/share/number_analyzer/hook/ament_prefix_path.dsv'
[0.417s] INFO:colcon.colcon_core.shell:Creating environment hook '/home/paakwasi/ros2_ws/install/number_analyzer/share/number_analyzer/hook/ament_prefix_path.sh'
[0.425s] INFO:colcon.colcon_core.shell:Skip shell extension 'powershell' for command environment: Not usable outside of PowerShell
[0.425s] DEBUG:colcon.colcon_core.shell:Skip shell extension 'dsv' for command environment
[0.497s] INFO:colcon.colcon_ros.task.ament_python.build:Building ROS package in '/home/paakwasi/ros2_ws/src/temp_monitoring' with build type 'ament_python'
[0.498s] Level 1:colcon.colcon_core.shell:create_environment_hook('temp_monitoring', 'ament_prefix_path')
[0.501s] INFO:colcon.colcon_core.shell:Creating environment hook '/home/paakwasi/ros2_ws/install/temp_monitoring/share/temp_monitoring/hook/ament_prefix_path.ps1'
[0.561s] INFO:colcon.colcon_core.shell:Creating environment descriptor '/home/paakwasi/ros2_ws/install/temp_monitoring/share/temp_monitoring/hook/ament_prefix_path.dsv'
[0.568s] INFO:colcon.colcon_core.shell:Creating environment hook '/home/paakwasi/ros2_ws/install/temp_monitoring/share/temp_monitoring/hook/ament_prefix_path.sh'
[0.589s] INFO:colcon.colcon_core.shell:Skip shell extension 'powershell' for command environment: Not usable outside of PowerShell
[0.592s] DEBUG:colcon.colcon_core.shell:Skip shell extension 'dsv' for command environment
[0.726s] DEBUG:colcon.colcon_core.event_handler.log_command:Invoking command in '/home/paakwasi/ros2_ws/build/firt_custom_interface': CMAKE_PREFIX_PATH=${CMAKE_PREFIX_PATH}:/home/paakwasi/ros2_ws/install/number_analyzer:/home/paakwasi/ros2_ws/install/temp_monitoring:/home/paakwasi/ros2_ws/install/my_robot_controller:/opt/ros/humble /usr/bin/cmake --build /home/paakwasi/ros2_ws/build/firt_custom_interface -- -j10 -l10
[1.865s] INFO:colcon.colcon_core.task.python.build:Building Python package in '/home/paakwasi/ros2_ws/src/my_robot_controller'
[1.866s] INFO:colcon.colcon_core.shell:Skip shell extension 'powershell' for command environment: Not usable outside of PowerShell
[1.866s] DEBUG:colcon.colcon_core.shell:Skip shell extension 'dsv' for command environment
[2.892s] INFO:colcon.colcon_core.task.python.build:Building Python package in '/home/paakwasi/ros2_ws/src/number_analyzer'
[2.905s] INFO:colcon.colcon_core.shell:Skip shell extension 'powershell' for command environment: Not usable outside of PowerShell
[2.905s] DEBUG:colcon.colcon_core.shell:Skip shell extension 'dsv' for command environment
[4.281s] INFO:colcon.colcon_core.task.python.build:Building Python package in '/home/paakwasi/ros2_ws/src/temp_monitoring'
[4.288s] INFO:colcon.colcon_core.shell:Skip shell extension 'powershell' for command environment: Not usable outside of PowerShell
[4.288s] DEBUG:colcon.colcon_core.shell:Skip shell extension 'dsv' for command environment
[6.429s] DEBUG:colcon.colcon_core.event_handler.log_command:Invoking command in '/home/paakwasi/ros2_ws/src/temp_monitoring': PYTHONPATH=/home/paakwasi/ros2_ws/build/temp_monitoring/prefix_override:/usr/lib/python3/dist-packages/colcon_core/task/python/colcon_distutils_commands:/home/paakwasi/ros2_ws/install/temp_monitoring/lib/python3.10/site-packages:${PYTHONPATH} /usr/bin/python3 -W ignore:setup.py install is deprecated -W ignore:easy_install command is deprecated setup.py egg_info --egg-base ../../build/temp_monitoring build --build-base /home/paakwasi/ros2_ws/build/temp_monitoring/build install --record /home/paakwasi/ros2_ws/build/temp_monitoring/install.log --single-version-externally-managed install_data
[6.560s] DEBUG:colcon.colcon_core.event_handler.log_command:Invoking command in '/home/paakwasi/ros2_ws/src/number_analyzer': PYTHONPATH=/home/paakwasi/ros2_ws/build/number_analyzer/prefix_override:/usr/lib/python3/dist-packages/colcon_core/task/python/colcon_distutils_commands:/home/paakwasi/ros2_ws/install/number_analyzer/lib/python3.10/site-packages:${PYTHONPATH} /usr/bin/python3 -W ignore:setup.py install is deprecated -W ignore:easy_install command is deprecated setup.py egg_info --egg-base ../../build/number_analyzer build --build-base /home/paakwasi/ros2_ws/build/number_analyzer/build install --record /home/paakwasi/ros2_ws/build/number_analyzer/install.log --single-version-externally-managed install_data
[6.721s] DEBUG:colcon.colcon_core.event_handler.log_command:Invoking command in '/home/paakwasi/ros2_ws/src/my_robot_controller': PYTHONPATH=/home/paakwasi/ros2_ws/build/my_robot_controller/prefix_override:/usr/lib/python3/dist-packages/colcon_core/task/python/colcon_distutils_commands:/home/paakwasi/ros2_ws/install/my_robot_controller/lib/python3.10/site-packages:${PYTHONPATH} /usr/bin/python3 -W ignore:setup.py install is deprecated -W ignore:easy_install command is deprecated setup.py egg_info --egg-base ../../build/my_robot_controller build --build-base /home/paakwasi/ros2_ws/build/my_robot_controller/build install --record /home/paakwasi/ros2_ws/build/my_robot_controller/install.log --single-version-externally-managed install_data
[8.742s] DEBUG:colcon.colcon_core.event_handler.log_command:Invoked command in '/home/paakwasi/ros2_ws/src/temp_monitoring' returned '0': PYTHONPATH=/home/paakwasi/ros2_ws/build/temp_monitoring/prefix_override:/usr/lib/python3/dist-packages/colcon_core/task/python/colcon_distutils_commands:/home/paakwasi/ros2_ws/install/temp_monitoring/lib/python3.10/site-packages:${PYTHONPATH} /usr/bin/python3 -W ignore:setup.py install is deprecated -W ignore:easy_install command is deprecated setup.py egg_info --egg-base ../../build/temp_monitoring build --build-base /home/paakwasi/ros2_ws/build/temp_monitoring/build install --record /home/paakwasi/ros2_ws/build/temp_monitoring/install.log --single-version-externally-managed install_data
[8.793s] Level 1:colcon.colcon_core.environment:checking '/home/paakwasi/ros2_ws/install/temp_monitoring' for CMake module files
[8.793s] Level 1:colcon.colcon_core.environment:checking '/home/paakwasi/ros2_ws/install/temp_monitoring' for CMake config files
[8.821s] Level 1:colcon.colcon_core.environment:checking '/home/paakwasi/ros2_ws/install/temp_monitoring/lib'
[8.845s] Level 1:colcon.colcon_core.environment:checking '/home/paakwasi/ros2_ws/install/temp_monitoring/bin'
[8.852s] Level 1:colcon.colcon_core.environment:checking '/home/paakwasi/ros2_ws/install/temp_monitoring/lib/pkgconfig/temp_monitoring.pc'
[8.866s] Level 1:colcon.colcon_core.environment:checking '/home/paakwasi/ros2_ws/install/temp_monitoring/lib/python3.10/site-packages'
[8.866s] Level 1:colcon.colcon_core.shell:create_environment_hook('temp_monitoring', 'pythonpath')
[8.866s] INFO:colcon.colcon_core.shell:Creating environment hook '/home/paakwasi/ros2_ws/install/temp_monitoring/share/temp_monitoring/hook/pythonpath.ps1'
[8.887s] INFO:colcon.colcon_core.shell:Creating environment descriptor '/home/paakwasi/ros2_ws/install/temp_monitoring/share/temp_monitoring/hook/pythonpath.dsv'
[8.912s] INFO:colcon.colcon_core.shell:Creating environment hook '/home/paakwasi/ros2_ws/install/temp_monitoring/share/temp_monitoring/hook/pythonpath.sh'
[8.926s] Level 1:colcon.colcon_core.environment:checking '/home/paakwasi/ros2_ws/install/temp_monitoring/bin'
[8.926s] Level 1:colcon.colcon_core.environment:create_environment_scripts_only(temp_monitoring)
[8.929s] INFO:colcon.colcon_core.shell:Creating package script '/home/paakwasi/ros2_ws/install/temp_monitoring/share/temp_monitoring/package.ps1'
[8.943s] INFO:colcon.colcon_core.shell:Creating package descriptor '/home/paakwasi/ros2_ws/install/temp_monitoring/share/temp_monitoring/package.dsv'
[8.958s] INFO:colcon.colcon_core.shell:Creating package script '/home/paakwasi/ros2_ws/install/temp_monitoring/share/temp_monitoring/package.sh'
[9.014s] INFO:colcon.colcon_core.shell:Creating package script '/home/paakwasi/ros2_ws/install/temp_monitoring/share/temp_monitoring/package.bash'
[9.051s] INFO:colcon.colcon_core.shell:Creating package script '/home/paakwasi/ros2_ws/install/temp_monitoring/share/temp_monitoring/package.zsh'
[9.068s] Level 1:colcon.colcon_core.environment:create_file_with_runtime_dependencies(/home/paakwasi/ros2_ws/install/temp_monitoring/share/colcon-core/packages/temp_monitoring)
[9.100s] Level 1:colcon.colcon_core.environment:checking '/home/paakwasi/ros2_ws/install/number_analyzer' for CMake module files
[9.105s] Level 1:colcon.colcon_core.environment:checking '/home/paakwasi/ros2_ws/install/number_analyzer' for CMake config files
[9.115s] Level 1:colcon.colcon_core.environment:checking '/home/paakwasi/ros2_ws/install/number_analyzer/lib'
[9.124s] Level 1:colcon.colcon_core.environment:checking '/home/paakwasi/ros2_ws/install/number_analyzer/bin'
[9.125s] Level 1:colcon.colcon_core.environment:checking '/home/paakwasi/ros2_ws/install/number_analyzer/lib/pkgconfig/number_analyzer.pc'
[9.125s] Level 1:colcon.colcon_core.environment:checking '/home/paakwasi/ros2_ws/install/number_analyzer/lib/python3.10/site-packages'
[9.125s] Level 1:colcon.colcon_core.shell:create_environment_hook('number_analyzer', 'pythonpath')
[9.126s] INFO:colcon.colcon_core.shell:Creating environment hook '/home/paakwasi/ros2_ws/install/number_analyzer/share/number_analyzer/hook/pythonpath.ps1'
[9.129s] DEBUG:colcon.colcon_core.event_handler.log_command:Invoked command in '/home/paakwasi/ros2_ws/src/number_analyzer' returned '0': PYTHONPATH=/home/paakwasi/ros2_ws/build/number_analyzer/prefix_override:/usr/lib/python3/dist-packages/colcon_core/task/python/colcon_distutils_commands:/home/paakwasi/ros2_ws/install/number_analyzer/lib/python3.10/site-packages:${PYTHONPATH} /usr/bin/python3 -W ignore:setup.py install is deprecated -W ignore:easy_install command is deprecated setup.py egg_info --egg-base ../../build/number_analyzer build --build-base /home/paakwasi/ros2_ws/build/number_analyzer/build install --record /home/paakwasi/ros2_ws/build/number_analyzer/install.log --single-version-externally-managed install_data
[9.144s] INFO:colcon.colcon_core.shell:Creating environment descriptor '/home/paakwasi/ros2_ws/install/number_analyzer/share/number_analyzer/hook/pythonpath.dsv'
[9.163s] INFO:colcon.colcon_core.shell:Creating environment hook '/home/paakwasi/ros2_ws/install/number_analyzer/share/number_analyzer/hook/pythonpath.sh'
[9.184s] Level 1:colcon.colcon_core.environment:checking '/home/paakwasi/ros2_ws/install/number_analyzer/bin'
[9.188s] Level 1:colcon.colcon_core.environment:create_environment_scripts_only(number_analyzer)
[9.199s] INFO:colcon.colcon_core.shell:Creating package script '/home/paakwasi/ros2_ws/install/number_analyzer/share/number_analyzer/package.ps1'
[9.206s] INFO:colcon.colcon_core.shell:Creating package descriptor '/home/paakwasi/ros2_ws/install/number_analyzer/share/number_analyzer/package.dsv'
[9.217s] INFO:colcon.colcon_core.shell:Creating package script '/home/paakwasi/ros2_ws/install/number_analyzer/share/number_analyzer/package.sh'
[9.220s] INFO:colcon.colcon_core.shell:Creating package script '/home/paakwasi/ros2_ws/install/number_analyzer/share/number_analyzer/package.bash'
[9.228s] INFO:colcon.colcon_core.shell:Creating package script '/home/paakwasi/ros2_ws/install/number_analyzer/share/number_analyzer/package.zsh'
[9.235s] Level 1:colcon.colcon_core.environment:create_file_with_runtime_dependencies(/home/paakwasi/ros2_ws/install/number_analyzer/share/colcon-core/packages/number_analyzer)
[9.250s] Level 1:colcon.colcon_core.environment:checking '/home/paakwasi/ros2_ws/install/my_robot_controller' for CMake module files
[9.251s] Level 1:colcon.colcon_core.environment:checking '/home/paakwasi/ros2_ws/install/my_robot_controller' for CMake config files
[9.269s] Level 1:colcon.colcon_core.environment:checking '/home/paakwasi/ros2_ws/install/my_robot_controller/lib'
[9.269s] Level 1:colcon.colcon_core.environment:checking '/home/paakwasi/ros2_ws/install/my_robot_controller/bin'
[9.277s] Level 1:colcon.colcon_core.environment:checking '/home/paakwasi/ros2_ws/install/my_robot_controller/lib/pkgconfig/my_robot_controller.pc'
[9.299s] Level 1:colcon.colcon_core.environment:checking '/home/paakwasi/ros2_ws/install/my_robot_controller/lib/python3.10/site-packages'
[9.300s] Level 1:colcon.colcon_core.shell:create_environment_hook('my_robot_controller', 'pythonpath')
[9.301s] INFO:colcon.colcon_core.shell:Creating environment hook '/home/paakwasi/ros2_ws/install/my_robot_controller/share/my_robot_controller/hook/pythonpath.ps1'
[9.311s] INFO:colcon.colcon_core.shell:Creating environment descriptor '/home/paakwasi/ros2_ws/install/my_robot_controller/share/my_robot_controller/hook/pythonpath.dsv'
[9.330s] DEBUG:colcon.colcon_core.event_handler.log_command:Invoked command in '/home/paakwasi/ros2_ws/src/my_robot_controller' returned '0': PYTHONPATH=/home/paakwasi/ros2_ws/build/my_robot_controller/prefix_override:/usr/lib/python3/dist-packages/colcon_core/task/python/colcon_distutils_commands:/home/paakwasi/ros2_ws/install/my_robot_controller/lib/python3.10/site-packages:${PYTHONPATH} /usr/bin/python3 -W ignore:setup.py install is deprecated -W ignore:easy_install command is deprecated setup.py egg_info --egg-base ../../build/my_robot_controller build --build-base /home/paakwasi/ros2_ws/build/my_robot_controller/build install --record /home/paakwasi/ros2_ws/build/my_robot_controller/install.log --single-version-externally-managed install_data
[9.333s] INFO:colcon.colcon_core.shell:Creating environment hook '/home/paakwasi/ros2_ws/install/my_robot_controller/share/my_robot_controller/hook/pythonpath.sh'
[9.338s] Level 1:colcon.colcon_core.environment:checking '/home/paakwasi/ros2_ws/install/my_robot_controller/bin'
[9.344s] Level 1:colcon.colcon_core.environment:create_environment_scripts_only(my_robot_controller)
[9.352s] INFO:colcon.colcon_core.shell:Creating package script '/home/paakwasi/ros2_ws/install/my_robot_controller/share/my_robot_controller/package.ps1'
[9.356s] INFO:colcon.colcon_core.shell:Creating package descriptor '/home/paakwasi/ros2_ws/install/my_robot_controller/share/my_robot_controller/package.dsv'
[9.378s] INFO:colcon.colcon_core.shell:Creating package script '/home/paakwasi/ros2_ws/install/my_robot_controller/share/my_robot_controller/package.sh'
[9.387s] INFO:colcon.colcon_core.shell:Creating package script '/home/paakwasi/ros2_ws/install/my_robot_controller/share/my_robot_controller/package.bash'
[9.410s] INFO:colcon.colcon_core.shell:Creating package script '/home/paakwasi/ros2_ws/install/my_robot_controller/share/my_robot_controller/package.zsh'
[9.413s] Level 1:colcon.colcon_core.environment:create_file_with_runtime_dependencies(/home/paakwasi/ros2_ws/install/my_robot_controller/share/colcon-core/packages/my_robot_controller)
[24.416s] DEBUG:colcon.colcon_core.event_handler.log_command:Invoked command in '/home/paakwasi/ros2_ws/build/firt_custom_interface' returned '0': CMAKE_PREFIX_PATH=${CMAKE_PREFIX_PATH}:/home/paakwasi/ros2_ws/install/number_analyzer:/home/paakwasi/ros2_ws/install/temp_monitoring:/home/paakwasi/ros2_ws/install/my_robot_controller:/opt/ros/humble /usr/bin/cmake --build /home/paakwasi/ros2_ws/build/firt_custom_interface -- -j10 -l10
[24.513s] DEBUG:colcon.colcon_core.event_handler.log_command:Invoking command in '/home/paakwasi/ros2_ws/build/firt_custom_interface': CMAKE_PREFIX_PATH=${CMAKE_PREFIX_PATH}:/home/paakwasi/ros2_ws/install/number_analyzer:/home/paakwasi/ros2_ws/install/temp_monitoring:/home/paakwasi/ros2_ws/install/my_robot_controller:/opt/ros/humble /usr/bin/cmake --install /home/paakwasi/ros2_ws/build/firt_custom_interface
[24.997s] Level 1:colcon.colcon_core.environment:create_environment_scripts_only(firt_custom_interface)
[25.002s] Level 1:colcon.colcon_core.environment:checking '/home/paakwasi/ros2_ws/install/firt_custom_interface' for CMake module files
[25.013s] Level 1:colcon.colcon_core.environment:checking '/home/paakwasi/ros2_ws/install/firt_custom_interface' for CMake config files
[25.015s] Level 1:colcon.colcon_core.shell:create_environment_hook('firt_custom_interface', 'cmake_prefix_path')
[25.017s] INFO:colcon.colcon_core.shell:Creating environment hook '/home/paakwasi/ros2_ws/install/firt_custom_interface/share/firt_custom_interface/hook/cmake_prefix_path.ps1'
[25.028s] DEBUG:colcon.colcon_core.event_handler.log_command:Invoked command in '/home/paakwasi/ros2_ws/build/firt_custom_interface' returned '0': CMAKE_PREFIX_PATH=${CMAKE_PREFIX_PATH}:/home/paakwasi/ros2_ws/install/number_analyzer:/home/paakwasi/ros2_ws/install/temp_monitoring:/home/paakwasi/ros2_ws/install/my_robot_controller:/opt/ros/humble /usr/bin/cmake --install /home/paakwasi/ros2_ws/build/firt_custom_interface
[25.028s] INFO:colcon.colcon_core.shell:Creating environment descriptor '/home/paakwasi/ros2_ws/install/firt_custom_interface/share/firt_custom_interface/hook/cmake_prefix_path.dsv'
[25.030s] INFO:colcon.colcon_core.shell:Creating environment hook '/home/paakwasi/ros2_ws/install/firt_custom_interface/share/firt_custom_interface/hook/cmake_prefix_path.sh'
[25.036s] Level 1:colcon.colcon_core.environment:checking '/home/paakwasi/ros2_ws/install/firt_custom_interface/lib'
[25.036s] Level 1:colcon.colcon_core.shell:create_environment_hook('firt_custom_interface', 'ld_library_path_lib')
[25.038s] INFO:colcon.colcon_core.shell:Creating environment hook '/home/paakwasi/ros2_ws/install/firt_custom_interface/share/firt_custom_interface/hook/ld_library_path_lib.ps1'
[25.042s] INFO:colcon.colcon_core.shell:Creating environment descriptor '/home/paakwasi/ros2_ws/install/firt_custom_interface/share/firt_custom_interface/hook/ld_library_path_lib.dsv'
[25.042s] INFO:colcon.colcon_core.shell:Creating environment hook '/home/paakwasi/ros2_ws/install/firt_custom_interface/share/firt_custom_interface/hook/ld_library_path_lib.sh'
[25.044s] Level 1:colcon.colcon_core.environment:checking '/home/paakwasi/ros2_ws/install/firt_custom_interface/bin'
[25.044s] Level 1:colcon.colcon_core.environment:checking '/home/paakwasi/ros2_ws/install/firt_custom_interface/lib/pkgconfig/firt_custom_interface.pc'
[25.044s] Level 1:colcon.colcon_core.environment:checking '/home/paakwasi/ros2_ws/install/firt_custom_interface/lib/python3.10/site-packages'
[25.044s] Level 1:colcon.colcon_core.environment:checking '/home/paakwasi/ros2_ws/install/firt_custom_interface/bin'
[25.045s] INFO:colcon.colcon_core.shell:Creating package script '/home/paakwasi/ros2_ws/install/firt_custom_interface/share/firt_custom_interface/package.ps1'
[25.048s] INFO:colcon.colcon_core.shell:Creating package descriptor '/home/paakwasi/ros2_ws/install/firt_custom_interface/share/firt_custom_interface/package.dsv'
[25.059s] INFO:colcon.colcon_core.shell:Creating package script '/home/paakwasi/ros2_ws/install/firt_custom_interface/share/firt_custom_interface/package.sh'
[25.077s] INFO:colcon.colcon_core.shell:Creating package script '/home/paakwasi/ros2_ws/install/firt_custom_interface/share/firt_custom_interface/package.bash'
[25.084s] INFO:colcon.colcon_core.shell:Creating package script '/home/paakwasi/ros2_ws/install/firt_custom_interface/share/firt_custom_interface/package.zsh'
[25.086s] Level 1:colcon.colcon_core.environment:create_file_with_runtime_dependencies(/home/paakwasi/ros2_ws/install/firt_custom_interface/share/colcon-core/packages/firt_custom_interface)
[25.092s] Level 1:colcon.colcon_core.environment:create_environment_scripts_only(firt_custom_interface)
[25.092s] Level 1:colcon.colcon_core.environment:checking '/home/paakwasi/ros2_ws/install/firt_custom_interface' for CMake module files
[25.098s] Level 1:colcon.colcon_core.environment:checking '/home/paakwasi/ros2_ws/install/firt_custom_interface' for CMake config files
[25.105s] Level 1:colcon.colcon_core.shell:create_environment_hook('firt_custom_interface', 'cmake_prefix_path')
[25.105s] INFO:colcon.colcon_core.shell:Creating environment hook '/home/paakwasi/ros2_ws/install/firt_custom_interface/share/firt_custom_interface/hook/cmake_prefix_path.ps1'
[25.107s] INFO:colcon.colcon_core.shell:Creating environment descriptor '/home/paakwasi/ros2_ws/install/firt_custom_interface/share/firt_custom_interface/hook/cmake_prefix_path.dsv'
[25.113s] INFO:colcon.colcon_core.shell:Creating environment hook '/home/paakwasi/ros2_ws/install/firt_custom_interface/share/firt_custom_interface/hook/cmake_prefix_path.sh'
[25.119s] Level 1:colcon.colcon_core.environment:checking '/home/paakwasi/ros2_ws/install/firt_custom_interface/lib'
[25.120s] Level 1:colcon.colcon_core.shell:create_environment_hook('firt_custom_interface', 'ld_library_path_lib')
[25.120s] INFO:colcon.colcon_core.shell:Creating environment hook '/home/paakwasi/ros2_ws/install/firt_custom_interface/share/firt_custom_interface/hook/ld_library_path_lib.ps1'
[25.128s] INFO:colcon.colcon_core.shell:Creating environment descriptor '/home/paakwasi/ros2_ws/install/firt_custom_interface/share/firt_custom_interface/hook/ld_library_path_lib.dsv'
[25.138s] INFO:colcon.colcon_core.shell:Creating environment hook '/home/paakwasi/ros2_ws/install/firt_custom_interface/share/firt_custom_interface/hook/ld_library_path_lib.sh'
[25.144s] Level 1:colcon.colcon_core.environment:checking '/home/paakwasi/ros2_ws/install/firt_custom_interface/bin'
[25.147s] Level 1:colcon.colcon_core.environment:checking '/home/paakwasi/ros2_ws/install/firt_custom_interface/lib/pkgconfig/firt_custom_interface.pc'
[25.150s] Level 1:colcon.colcon_core.environment:checking '/home/paakwasi/ros2_ws/install/firt_custom_interface/lib/python3.10/site-packages'
[25.150s] Level 1:colcon.colcon_core.environment:checking '/home/paakwasi/ros2_ws/install/firt_custom_interface/bin'
[25.151s] INFO:colcon.colcon_core.shell:Creating package script '/home/paakwasi/ros2_ws/install/firt_custom_interface/share/firt_custom_interface/package.ps1'
[25.162s] INFO:colcon.colcon_core.shell:Creating package descriptor '/home/paakwasi/ros2_ws/install/firt_custom_interface/share/firt_custom_interface/package.dsv'
[25.165s] INFO:colcon.colcon_core.shell:Creating package script '/home/paakwasi/ros2_ws/install/firt_custom_interface/share/firt_custom_interface/package.sh'
[25.172s] INFO:colcon.colcon_core.shell:Creating package script '/home/paakwasi/ros2_ws/install/firt_custom_interface/share/firt_custom_interface/package.bash'
[25.183s] INFO:colcon.colcon_core.shell:Creating package script '/home/paakwasi/ros2_ws/install/firt_custom_interface/share/firt_custom_interface/package.zsh'
[25.185s] Level 1:colcon.colcon_core.environment:create_file_with_runtime_dependencies(/home/paakwasi/ros2_ws/install/firt_custom_interface/share/colcon-core/packages/firt_custom_interface)
[25.189s] DEBUG:colcon.colcon_parallel_executor.executor.parallel:closing loop
[25.190s] DEBUG:colcon.colcon_parallel_executor.executor.parallel:loop closed
[25.190s] DEBUG:colcon.colcon_parallel_executor.executor.parallel:run_until_complete finished with '0'
[25.190s] DEBUG:colcon.colcon_core.event_reactor:joining thread
[25.312s] INFO:colcon.colcon_core.plugin_system:Skipping extension 'colcon_notification.desktop_notification.terminal_notifier': Not used on non-Darwin systems
[25.314s] INFO:colcon.colcon_core.plugin_system:Skipping extension 'colcon_notification.desktop_notification.win32': Not used on non-Windows systems
[25.314s] INFO:colcon.colcon_notification.desktop_notification:Sending desktop notification using 'notify2'
[25.609s] DEBUG:colcon.colcon_core.event_reactor:joined thread
[25.613s] INFO:colcon.colcon_core.shell:Creating prefix script '/home/paakwasi/ros2_ws/install/local_setup.ps1'
[25.625s] INFO:colcon.colcon_core.shell:Creating prefix util module '/home/paakwasi/ros2_ws/install/_local_setup_util_ps1.py'
[25.648s] INFO:colcon.colcon_core.shell:Creating prefix chain script '/home/paakwasi/ros2_ws/install/setup.ps1'
[25.657s] INFO:colcon.colcon_core.shell:Creating prefix script '/home/paakwasi/ros2_ws/install/local_setup.sh'
[25.663s] INFO:colcon.colcon_core.shell:Creating prefix util module '/home/paakwasi/ros2_ws/install/_local_setup_util_sh.py'
[25.681s] INFO:colcon.colcon_core.shell:Creating prefix chain script '/home/paakwasi/ros2_ws/install/setup.sh'
[25.700s] INFO:colcon.colcon_core.shell:Creating prefix script '/home/paakwasi/ros2_ws/install/local_setup.bash'
[25.706s] INFO:colcon.colcon_core.shell:Creating prefix chain script '/home/paakwasi/ros2_ws/install/setup.bash'
[25.721s] INFO:colcon.colcon_core.shell:Creating prefix script '/home/paakwasi/ros2_ws/install/local_setup.zsh'
[25.730s] INFO:colcon.colcon_core.shell:Creating prefix chain script '/home/paakwasi/ros2_ws/install/setup.zsh'
