/home/paakwasi/ros2_ws/src/install/temp_monitoring/lib/python3.10/site-packages/temp_monitoring/cooling_node_service.py
/home/paakwasi/ros2_ws/src/install/temp_monitoring/lib/python3.10/site-packages/temp_monitoring/monitor_node.py
/home/paakwasi/ros2_ws/src/install/temp_monitoring/lib/python3.10/site-packages/temp_monitoring/__init__.py
/home/paakwasi/ros2_ws/src/install/temp_monitoring/lib/python3.10/site-packages/temp_monitoring/temp_sensor_node.py
/home/paakwasi/ros2_ws/src/install/temp_monitoring/lib/python3.10/site-packages/temp_monitoring/__pycache__/cooling_node_service.cpython-310.pyc
/home/paakwasi/ros2_ws/src/install/temp_monitoring/lib/python3.10/site-packages/temp_monitoring/__pycache__/monitor_node.cpython-310.pyc
/home/paakwasi/ros2_ws/src/install/temp_monitoring/lib/python3.10/site-packages/temp_monitoring/__pycache__/__init__.cpython-310.pyc
/home/paakwasi/ros2_ws/src/install/temp_monitoring/lib/python3.10/site-packages/temp_monitoring/__pycache__/temp_sensor_node.cpython-310.pyc
/home/paakwasi/ros2_ws/src/install/temp_monitoring/share/ament_index/resource_index/packages/temp_monitoring
/home/paakwasi/ros2_ws/src/install/temp_monitoring/share/temp_monitoring/package.xml
/home/paakwasi/ros2_ws/src/install/temp_monitoring/lib/python3.10/site-packages/temp_monitoring-0.0.0-py3.10.egg-info/entry_points.txt
/home/paakwasi/ros2_ws/src/install/temp_monitoring/lib/python3.10/site-packages/temp_monitoring-0.0.0-py3.10.egg-info/requires.txt
/home/paakwasi/ros2_ws/src/install/temp_monitoring/lib/python3.10/site-packages/temp_monitoring-0.0.0-py3.10.egg-info/dependency_links.txt
/home/paakwasi/ros2_ws/src/install/temp_monitoring/lib/python3.10/site-packages/temp_monitoring-0.0.0-py3.10.egg-info/zip-safe
/home/paakwasi/ros2_ws/src/install/temp_monitoring/lib/python3.10/site-packages/temp_monitoring-0.0.0-py3.10.egg-info/PKG-INFO
/home/paakwasi/ros2_ws/src/install/temp_monitoring/lib/python3.10/site-packages/temp_monitoring-0.0.0-py3.10.egg-info/top_level.txt
/home/paakwasi/ros2_ws/src/install/temp_monitoring/lib/python3.10/site-packages/temp_monitoring-0.0.0-py3.10.egg-info/SOURCES.txt
/home/paakwasi/ros2_ws/src/install/temp_monitoring/lib/temp_monitoring/cooling_node
/home/paakwasi/ros2_ws/src/install/temp_monitoring/lib/temp_monitoring/monitor_node
/home/paakwasi/ros2_ws/src/install/temp_monitoring/lib/temp_monitoring/temp_sensor
