[8.234s] Invoking command in '/home/paakwasi/ros2_ws/src/my_robot_controller': PYTHONPATH=/home/paakwasi/ros2_ws/build/my_robot_controller/prefix_override:/usr/lib/python3/dist-packages/colcon_core/task/python/colcon_distutils_commands:/home/paakwasi/ros2_ws/install/my_robot_controller/lib/python3.10/site-packages:${PYTHONPATH} /usr/bin/python3 -W ignore:setup.py install is deprecated -W ignore:easy_install command is deprecated setup.py egg_info --egg-base ../../build/my_robot_controller build --build-base /home/paakwasi/ros2_ws/build/my_robot_controller/build install --record /home/paakwasi/ros2_ws/build/my_robot_controller/install.log --single-version-externally-managed install_data
[9.318s] running egg_info
[9.318s] writing ../../build/my_robot_controller/my_robot_controller.egg-info/PKG-INFO
[9.334s] writing dependency_links to ../../build/my_robot_controller/my_robot_controller.egg-info/dependency_links.txt
[9.351s] writing entry points to ../../build/my_robot_controller/my_robot_controller.egg-info/entry_points.txt
[9.353s] writing requirements to ../../build/my_robot_controller/my_robot_controller.egg-info/requires.txt
[9.432s] writing top-level names to ../../build/my_robot_controller/my_robot_controller.egg-info/top_level.txt
[9.445s] reading manifest file '../../build/my_robot_controller/my_robot_controller.egg-info/SOURCES.txt'
[9.445s] writing manifest file '../../build/my_robot_controller/my_robot_controller.egg-info/SOURCES.txt'
[9.445s] running build
[9.445s] running build_py
[9.461s] copying my_robot_controller/Sub_Pub_Loop.py -> /home/paakwasi/ros2_ws/build/my_robot_controller/build/lib/my_robot_controller
[9.461s] running install
[9.461s] running install_lib
[9.525s] copying /home/paakwasi/ros2_ws/build/my_robot_controller/build/lib/my_robot_controller/Sub_Pub_Loop.py -> /home/paakwasi/ros2_ws/install/my_robot_controller/lib/python3.10/site-packages/my_robot_controller
[9.596s] byte-compiling /home/paakwasi/ros2_ws/install/my_robot_controller/lib/python3.10/site-packages/my_robot_controller/Sub_Pub_Loop.py to Sub_Pub_Loop.cpython-310.pyc
[9.647s] running install_data
[9.671s] running install_egg_info
[9.671s] removing '/home/paakwasi/ros2_ws/install/my_robot_controller/lib/python3.10/site-packages/my_robot_controller-0.0.0-py3.10.egg-info' (and everything under it)
[9.673s] Copying ../../build/my_robot_controller/my_robot_controller.egg-info to /home/paakwasi/ros2_ws/install/my_robot_controller/lib/python3.10/site-packages/my_robot_controller-0.0.0-py3.10.egg-info
[9.685s] running install_scripts
[9.866s] Installing circle script to /home/paakwasi/ros2_ws/install/my_robot_controller/lib/my_robot_controller
[9.920s] Installing dual_timer script to /home/paakwasi/ros2_ws/install/my_robot_controller/lib/my_robot_controller
[9.920s] Installing joy_stick script to /home/paakwasi/ros2_ws/install/my_robot_controller/lib/my_robot_controller
[9.920s] Installing light_sensor script to /home/paakwasi/ros2_ws/install/my_robot_controller/lib/my_robot_controller
[9.920s] Installing smart_light script to /home/paakwasi/ros2_ws/install/my_robot_controller/lib/my_robot_controller
[9.920s] Installing test_node script to /home/paakwasi/ros2_ws/install/my_robot_controller/lib/my_robot_controller
[9.920s] Installing turtle_control script to /home/paakwasi/ros2_ws/install/my_robot_controller/lib/my_robot_controller
[9.933s] Installing turtle_joystick script to /home/paakwasi/ros2_ws/install/my_robot_controller/lib/my_robot_controller
[9.952s] Installing turtle_pos script to /home/paakwasi/ros2_ws/install/my_robot_controller/lib/my_robot_controller
[9.975s] writing list of installed files to '/home/paakwasi/ros2_ws/build/my_robot_controller/install.log'
[10.509s] Invoked command in '/home/paakwasi/ros2_ws/src/my_robot_controller' returned '0': PYTHONPATH=/home/paakwasi/ros2_ws/build/my_robot_controller/prefix_override:/usr/lib/python3/dist-packages/colcon_core/task/python/colcon_distutils_commands:/home/paakwasi/ros2_ws/install/my_robot_controller/lib/python3.10/site-packages:${PYTHONPATH} /usr/bin/python3 -W ignore:setup.py install is deprecated -W ignore:easy_install command is deprecated setup.py egg_info --egg-base ../../build/my_robot_controller build --build-base /home/paakwasi/ros2_ws/build/my_robot_controller/build install --record /home/paakwasi/ros2_ws/build/my_robot_controller/install.log --single-version-externally-managed install_data
