/home/paakwasi/ros2_ws/install/my_robot_controller/lib/python3.10/site-packages/my_robot_controller/light_sensor_node.py
/home/paakwasi/ros2_ws/install/my_robot_controller/lib/python3.10/site-packages/my_robot_controller/__init__.py
/home/paakwasi/ros2_ws/install/my_robot_controller/lib/python3.10/site-packages/my_robot_controller/Service_client.py
/home/paakwasi/ros2_ws/install/my_robot_controller/lib/python3.10/site-packages/my_robot_controller/draw_circle.py
/home/paakwasi/ros2_ws/install/my_robot_controller/lib/python3.10/site-packages/my_robot_controller/my_first_node.py
/home/paakwasi/ros2_ws/install/my_robot_controller/lib/python3.10/site-packages/my_robot_controller/turtle_position.py
/home/paakwasi/ros2_ws/install/my_robot_controller/lib/python3.10/site-packages/my_robot_controller/Sub_Pub_Loop.py
/home/paakwasi/ros2_ws/install/my_robot_controller/lib/python3.10/site-packages/my_robot_controller/turtle_joystick.py
/home/paakwasi/ros2_ws/install/my_robot_controller/lib/python3.10/site-packages/my_robot_controller/dual_timer_logger.py
/home/paakwasi/ros2_ws/install/my_robot_controller/lib/python3.10/site-packages/my_robot_controller/joy_stick.py
/home/paakwasi/ros2_ws/install/my_robot_controller/lib/python3.10/site-packages/my_robot_controller/smart_light_node.py
/home/paakwasi/ros2_ws/install/my_robot_controller/lib/python3.10/site-packages/my_robot_controller/__pycache__/light_sensor_node.cpython-310.pyc
/home/paakwasi/ros2_ws/install/my_robot_controller/lib/python3.10/site-packages/my_robot_controller/__pycache__/__init__.cpython-310.pyc
/home/paakwasi/ros2_ws/install/my_robot_controller/lib/python3.10/site-packages/my_robot_controller/__pycache__/Service_client.cpython-310.pyc
/home/paakwasi/ros2_ws/install/my_robot_controller/lib/python3.10/site-packages/my_robot_controller/__pycache__/draw_circle.cpython-310.pyc
/home/paakwasi/ros2_ws/install/my_robot_controller/lib/python3.10/site-packages/my_robot_controller/__pycache__/my_first_node.cpython-310.pyc
/home/paakwasi/ros2_ws/install/my_robot_controller/lib/python3.10/site-packages/my_robot_controller/__pycache__/turtle_position.cpython-310.pyc
/home/paakwasi/ros2_ws/install/my_robot_controller/lib/python3.10/site-packages/my_robot_controller/__pycache__/Sub_Pub_Loop.cpython-310.pyc
/home/paakwasi/ros2_ws/install/my_robot_controller/lib/python3.10/site-packages/my_robot_controller/__pycache__/turtle_joystick.cpython-310.pyc
/home/paakwasi/ros2_ws/install/my_robot_controller/lib/python3.10/site-packages/my_robot_controller/__pycache__/dual_timer_logger.cpython-310.pyc
/home/paakwasi/ros2_ws/install/my_robot_controller/lib/python3.10/site-packages/my_robot_controller/__pycache__/joy_stick.cpython-310.pyc
/home/paakwasi/ros2_ws/install/my_robot_controller/lib/python3.10/site-packages/my_robot_controller/__pycache__/smart_light_node.cpython-310.pyc
/home/paakwasi/ros2_ws/install/my_robot_controller/share/ament_index/resource_index/packages/my_robot_controller
/home/paakwasi/ros2_ws/install/my_robot_controller/share/my_robot_controller/package.xml
/home/paakwasi/ros2_ws/install/my_robot_controller/lib/python3.10/site-packages/my_robot_controller-0.0.0-py3.10.egg-info/entry_points.txt
/home/paakwasi/ros2_ws/install/my_robot_controller/lib/python3.10/site-packages/my_robot_controller-0.0.0-py3.10.egg-info/requires.txt
/home/paakwasi/ros2_ws/install/my_robot_controller/lib/python3.10/site-packages/my_robot_controller-0.0.0-py3.10.egg-info/dependency_links.txt
/home/paakwasi/ros2_ws/install/my_robot_controller/lib/python3.10/site-packages/my_robot_controller-0.0.0-py3.10.egg-info/zip-safe
/home/paakwasi/ros2_ws/install/my_robot_controller/lib/python3.10/site-packages/my_robot_controller-0.0.0-py3.10.egg-info/PKG-INFO
/home/paakwasi/ros2_ws/install/my_robot_controller/lib/python3.10/site-packages/my_robot_controller-0.0.0-py3.10.egg-info/top_level.txt
/home/paakwasi/ros2_ws/install/my_robot_controller/lib/python3.10/site-packages/my_robot_controller-0.0.0-py3.10.egg-info/SOURCES.txt
/home/paakwasi/ros2_ws/install/my_robot_controller/lib/my_robot_controller/circle
/home/paakwasi/ros2_ws/install/my_robot_controller/lib/my_robot_controller/dual_timer
/home/paakwasi/ros2_ws/install/my_robot_controller/lib/my_robot_controller/joy_stick
/home/paakwasi/ros2_ws/install/my_robot_controller/lib/my_robot_controller/light_sensor
/home/paakwasi/ros2_ws/install/my_robot_controller/lib/my_robot_controller/service_client
/home/paakwasi/ros2_ws/install/my_robot_controller/lib/my_robot_controller/smart_light
/home/paakwasi/ros2_ws/install/my_robot_controller/lib/my_robot_controller/test_node
/home/paakwasi/ros2_ws/install/my_robot_controller/lib/my_robot_controller/turtle_control
/home/paakwasi/ros2_ws/install/my_robot_controller/lib/my_robot_controller/turtle_joystick
/home/paakwasi/ros2_ws/install/my_robot_controller/lib/my_robot_controller/turtle_pos
