[0.259s] Invoking command in '/home/paakwasi/ros2_ws/build/first_custom_interface': CMAKE_PREFIX_PATH=${CMAKE_PREFIX_PATH}:/home/paakwasi/ros2_ws/install/number_analyzer:/home/paakwasi/ros2_ws/install/temp_monitoring:/home/paakwasi/ros2_ws/install/my_robot_controller:/opt/ros/humble /usr/bin/cmake --build /home/paakwasi/ros2_ws/build/first_custom_interface -- -j10 -l10
[2.312s] [  3%] Built target first_custom_interface__cpp
[2.322s] [ 12%] Built target first_custom_interface__rosidl_generator_c
[2.382s] [ 12%] Built target ament_cmake_python_copy_first_custom_interface
[2.404s] [ 22%] Built target first_custom_interface__rosidl_typesupport_cpp
[2.404s] [ 32%] Built target first_custom_interface__rosidl_typesupport_fastrtps_c
[2.404s] [ 41%] Built target first_custom_interface__rosidl_typesupport_introspection_cpp
[2.404s] [ 51%] Built target first_custom_interface__rosidl_typesupport_c
[2.404s] [ 61%] Built target first_custom_interface__rosidl_typesupport_introspection_c
[2.404s] [ 70%] Built target first_custom_interface__rosidl_typesupport_fastrtps_cpp
[2.404s] [ 70%] Built target first_custom_interface
[2.413s] [ 74%] Built target first_custom_interface__py
[2.413s] [ 80%] Built target first_custom_interface__rosidl_generator_py
[2.668s] [ 87%] Built target first_custom_interface__rosidl_typesupport_c__pyext
[2.709s] [ 93%] Built target first_custom_interface__rosidl_typesupport_introspection_c__pyext
[2.732s] [100%] Built target first_custom_interface__rosidl_typesupport_fastrtps_c__pyext
[2.778s] running egg_info
[2.778s] writing first_custom_interface.egg-info/PKG-INFO
[2.784s] writing dependency_links to first_custom_interface.egg-info/dependency_links.txt
[2.784s] writing top-level names to first_custom_interface.egg-info/top_level.txt
[2.805s] reading manifest file 'first_custom_interface.egg-info/SOURCES.txt'
[2.823s] writing manifest file 'first_custom_interface.egg-info/SOURCES.txt'
[2.980s] [100%] Built target ament_cmake_python_build_first_custom_interface_egg
[3.592s] Invoked command in '/home/paakwasi/ros2_ws/build/first_custom_interface' returned '0': CMAKE_PREFIX_PATH=${CMAKE_PREFIX_PATH}:/home/paakwasi/ros2_ws/install/number_analyzer:/home/paakwasi/ros2_ws/install/temp_monitoring:/home/paakwasi/ros2_ws/install/my_robot_controller:/opt/ros/humble /usr/bin/cmake --build /home/paakwasi/ros2_ws/build/first_custom_interface -- -j10 -l10
[3.663s] Invoking command in '/home/paakwasi/ros2_ws/build/first_custom_interface': CMAKE_PREFIX_PATH=${CMAKE_PREFIX_PATH}:/home/paakwasi/ros2_ws/install/number_analyzer:/home/paakwasi/ros2_ws/install/temp_monitoring:/home/paakwasi/ros2_ws/install/my_robot_controller:/opt/ros/humble /usr/bin/cmake --install /home/paakwasi/ros2_ws/build/first_custom_interface
[3.678s] -- Install configuration: ""
[3.678s] -- Up-to-date: /home/paakwasi/ros2_ws/install/first_custom_interface/share/ament_index/resource_index/rosidl_interfaces/first_custom_interface
[3.678s] -- Up-to-date: /home/paakwasi/ros2_ws/install/first_custom_interface/include/first_custom_interface/first_custom_interface
[3.678s] -- Up-to-date: /home/paakwasi/ros2_ws/install/first_custom_interface/include/first_custom_interface/first_custom_interface/msg
[3.678s] -- Up-to-date: /home/paakwasi/ros2_ws/install/first_custom_interface/include/first_custom_interface/first_custom_interface/msg/rosidl_generator_c__visibility_control.h
[3.678s] -- Up-to-date: /home/paakwasi/ros2_ws/install/first_custom_interface/include/first_custom_interface/first_custom_interface/srv
[3.678s] -- Up-to-date: /home/paakwasi/ros2_ws/install/first_custom_interface/include/first_custom_interface/first_custom_interface/srv/detail
[3.678s] -- Up-to-date: /home/paakwasi/ros2_ws/install/first_custom_interface/include/first_custom_interface/first_custom_interface/srv/detail/analyze_number__struct.h
[3.678s] -- Up-to-date: /home/paakwasi/ros2_ws/install/first_custom_interface/include/first_custom_interface/first_custom_interface/srv/detail/analyze_number__functions.c
[3.678s] -- Up-to-date: /home/paakwasi/ros2_ws/install/first_custom_interface/include/first_custom_interface/first_custom_interface/srv/detail/analyze_number__functions.h
[3.679s] -- Up-to-date: /home/paakwasi/ros2_ws/install/first_custom_interface/include/first_custom_interface/first_custom_interface/srv/detail/analyze_number__type_support.h
[3.679s] -- Up-to-date: /home/paakwasi/ros2_ws/install/first_custom_interface/include/first_custom_interface/first_custom_interface/srv/analyze_number.h
[3.679s] -- Up-to-date: /home/paakwasi/ros2_ws/install/first_custom_interface/share/first_custom_interface/environment/library_path.sh
[3.679s] -- Up-to-date: /home/paakwasi/ros2_ws/install/first_custom_interface/share/first_custom_interface/environment/library_path.dsv
[3.679s] -- Up-to-date: /home/paakwasi/ros2_ws/install/first_custom_interface/lib/libfirst_custom_interface__rosidl_generator_c.so
[3.679s] -- Up-to-date: /home/paakwasi/ros2_ws/install/first_custom_interface/include/first_custom_interface/first_custom_interface
[3.690s] -- Up-to-date: /home/paakwasi/ros2_ws/install/first_custom_interface/include/first_custom_interface/first_custom_interface/msg
[3.691s] -- Up-to-date: /home/paakwasi/ros2_ws/install/first_custom_interface/include/first_custom_interface/first_custom_interface/msg/rosidl_typesupport_fastrtps_c__visibility_control.h
[3.691s] -- Up-to-date: /home/paakwasi/ros2_ws/install/first_custom_interface/include/first_custom_interface/first_custom_interface/srv
[3.691s] -- Up-to-date: /home/paakwasi/ros2_ws/install/first_custom_interface/include/first_custom_interface/first_custom_interface/srv/detail
[3.691s] -- Up-to-date: /home/paakwasi/ros2_ws/install/first_custom_interface/include/first_custom_interface/first_custom_interface/srv/detail/analyze_number__rosidl_typesupport_fastrtps_c.h
[3.693s] -- Up-to-date: /home/paakwasi/ros2_ws/install/first_custom_interface/lib/libfirst_custom_interface__rosidl_typesupport_fastrtps_c.so
[3.693s] -- Up-to-date: /home/paakwasi/ros2_ws/install/first_custom_interface/include/first_custom_interface/first_custom_interface
[3.695s] -- Up-to-date: /home/paakwasi/ros2_ws/install/first_custom_interface/include/first_custom_interface/first_custom_interface/msg
[3.702s] -- Up-to-date: /home/paakwasi/ros2_ws/install/first_custom_interface/include/first_custom_interface/first_custom_interface/msg/rosidl_typesupport_introspection_c__visibility_control.h
[3.702s] -- Up-to-date: /home/paakwasi/ros2_ws/install/first_custom_interface/include/first_custom_interface/first_custom_interface/srv
[3.704s] -- Up-to-date: /home/paakwasi/ros2_ws/install/first_custom_interface/include/first_custom_interface/first_custom_interface/srv/detail
[3.708s] -- Up-to-date: /home/paakwasi/ros2_ws/install/first_custom_interface/include/first_custom_interface/first_custom_interface/srv/detail/analyze_number__rosidl_typesupport_introspection_c.h
[3.708s] -- Up-to-date: /home/paakwasi/ros2_ws/install/first_custom_interface/include/first_custom_interface/first_custom_interface/srv/detail/analyze_number__type_support.c
[3.708s] -- Up-to-date: /home/paakwasi/ros2_ws/install/first_custom_interface/lib/libfirst_custom_interface__rosidl_typesupport_introspection_c.so
[3.708s] -- Up-to-date: /home/paakwasi/ros2_ws/install/first_custom_interface/lib/libfirst_custom_interface__rosidl_typesupport_c.so
[3.709s] -- Up-to-date: /home/paakwasi/ros2_ws/install/first_custom_interface/include/first_custom_interface/first_custom_interface
[3.709s] -- Up-to-date: /home/paakwasi/ros2_ws/install/first_custom_interface/include/first_custom_interface/first_custom_interface/msg
[3.714s] -- Up-to-date: /home/paakwasi/ros2_ws/install/first_custom_interface/include/first_custom_interface/first_custom_interface/msg/rosidl_generator_cpp__visibility_control.hpp
[3.714s] -- Up-to-date: /home/paakwasi/ros2_ws/install/first_custom_interface/include/first_custom_interface/first_custom_interface/srv
[3.720s] -- Up-to-date: /home/paakwasi/ros2_ws/install/first_custom_interface/include/first_custom_interface/first_custom_interface/srv/detail
[3.720s] -- Up-to-date: /home/paakwasi/ros2_ws/install/first_custom_interface/include/first_custom_interface/first_custom_interface/srv/detail/analyze_number__traits.hpp
[3.720s] -- Up-to-date: /home/paakwasi/ros2_ws/install/first_custom_interface/include/first_custom_interface/first_custom_interface/srv/detail/analyze_number__struct.hpp
[3.721s] -- Up-to-date: /home/paakwasi/ros2_ws/install/first_custom_interface/include/first_custom_interface/first_custom_interface/srv/detail/analyze_number__type_support.hpp
[3.721s] -- Up-to-date: /home/paakwasi/ros2_ws/install/first_custom_interface/include/first_custom_interface/first_custom_interface/srv/detail/analyze_number__builder.hpp
[3.721s] -- Up-to-date: /home/paakwasi/ros2_ws/install/first_custom_interface/include/first_custom_interface/first_custom_interface/srv/analyze_number.hpp
[3.721s] -- Up-to-date: /home/paakwasi/ros2_ws/install/first_custom_interface/include/first_custom_interface/first_custom_interface
[3.721s] -- Up-to-date: /home/paakwasi/ros2_ws/install/first_custom_interface/include/first_custom_interface/first_custom_interface/msg
[3.721s] -- Up-to-date: /home/paakwasi/ros2_ws/install/first_custom_interface/include/first_custom_interface/first_custom_interface/msg/rosidl_typesupport_fastrtps_cpp__visibility_control.h
[3.721s] -- Up-to-date: /home/paakwasi/ros2_ws/install/first_custom_interface/include/first_custom_interface/first_custom_interface/srv
[3.721s] -- Up-to-date: /home/paakwasi/ros2_ws/install/first_custom_interface/include/first_custom_interface/first_custom_interface/srv/detail
[3.721s] -- Up-to-date: /home/paakwasi/ros2_ws/install/first_custom_interface/include/first_custom_interface/first_custom_interface/srv/detail/analyze_number__rosidl_typesupport_fastrtps_cpp.hpp
[3.721s] -- Up-to-date: /home/paakwasi/ros2_ws/install/first_custom_interface/include/first_custom_interface/first_custom_interface/srv/detail/dds_fastrtps
[3.722s] -- Up-to-date: /home/paakwasi/ros2_ws/install/first_custom_interface/lib/libfirst_custom_interface__rosidl_typesupport_fastrtps_cpp.so
[3.723s] -- Up-to-date: /home/paakwasi/ros2_ws/install/first_custom_interface/include/first_custom_interface/first_custom_interface
[3.723s] -- Up-to-date: /home/paakwasi/ros2_ws/install/first_custom_interface/include/first_custom_interface/first_custom_interface/srv
[3.723s] -- Up-to-date: /home/paakwasi/ros2_ws/install/first_custom_interface/include/first_custom_interface/first_custom_interface/srv/detail
[3.723s] -- Up-to-date: /home/paakwasi/ros2_ws/install/first_custom_interface/include/first_custom_interface/first_custom_interface/srv/detail/analyze_number__rosidl_typesupport_introspection_cpp.hpp
[3.723s] -- Up-to-date: /home/paakwasi/ros2_ws/install/first_custom_interface/include/first_custom_interface/first_custom_interface/srv/detail/analyze_number__type_support.cpp
[3.727s] -- Up-to-date: /home/paakwasi/ros2_ws/install/first_custom_interface/lib/libfirst_custom_interface__rosidl_typesupport_introspection_cpp.so
[3.728s] -- Up-to-date: /home/paakwasi/ros2_ws/install/first_custom_interface/lib/libfirst_custom_interface__rosidl_typesupport_cpp.so
[3.728s] -- Up-to-date: /home/paakwasi/ros2_ws/install/first_custom_interface/share/first_custom_interface/environment/pythonpath.sh
[3.728s] -- Up-to-date: /home/paakwasi/ros2_ws/install/first_custom_interface/share/first_custom_interface/environment/pythonpath.dsv
[3.749s] -- Up-to-date: /home/paakwasi/ros2_ws/install/first_custom_interface/local/lib/python3.10/dist-packages/first_custom_interface-0.0.0-py3.10.egg-info
[3.749s] -- Installing: /home/paakwasi/ros2_ws/install/first_custom_interface/local/lib/python3.10/dist-packages/first_custom_interface-0.0.0-py3.10.egg-info/top_level.txt
[3.749s] -- Installing: /home/paakwasi/ros2_ws/install/first_custom_interface/local/lib/python3.10/dist-packages/first_custom_interface-0.0.0-py3.10.egg-info/SOURCES.txt
[3.749s] -- Installing: /home/paakwasi/ros2_ws/install/first_custom_interface/local/lib/python3.10/dist-packages/first_custom_interface-0.0.0-py3.10.egg-info/dependency_links.txt
[3.749s] -- Installing: /home/paakwasi/ros2_ws/install/first_custom_interface/local/lib/python3.10/dist-packages/first_custom_interface-0.0.0-py3.10.egg-info/PKG-INFO
[3.749s] -- Up-to-date: /home/paakwasi/ros2_ws/install/first_custom_interface/local/lib/python3.10/dist-packages/first_custom_interface
[3.749s] -- Up-to-date: /home/paakwasi/ros2_ws/install/first_custom_interface/local/lib/python3.10/dist-packages/first_custom_interface/__init__.py
[3.749s] -- Up-to-date: /home/paakwasi/ros2_ws/install/first_custom_interface/local/lib/python3.10/dist-packages/first_custom_interface/_first_custom_interface_s.ep.rosidl_typesupport_introspection_c.c
[3.749s] -- Up-to-date: /home/paakwasi/ros2_ws/install/first_custom_interface/local/lib/python3.10/dist-packages/first_custom_interface/first_custom_interface_s__rosidl_typesupport_fastrtps_c.cpython-310-x86_64-linux-gnu.so
[3.749s] -- Up-to-date: /home/paakwasi/ros2_ws/install/first_custom_interface/local/lib/python3.10/dist-packages/first_custom_interface/first_custom_interface_s__rosidl_typesupport_introspection_c.cpython-310-x86_64-linux-gnu.so
[3.749s] -- Up-to-date: /home/paakwasi/ros2_ws/install/first_custom_interface/local/lib/python3.10/dist-packages/first_custom_interface/first_custom_interface_s__rosidl_typesupport_c.cpython-310-x86_64-linux-gnu.so
[3.749s] -- Up-to-date: /home/paakwasi/ros2_ws/install/first_custom_interface/local/lib/python3.10/dist-packages/first_custom_interface/_first_custom_interface_s.ep.rosidl_typesupport_fastrtps_c.c
[3.749s] -- Up-to-date: /home/paakwasi/ros2_ws/install/first_custom_interface/local/lib/python3.10/dist-packages/first_custom_interface/_first_custom_interface_s.ep.rosidl_typesupport_c.c
[3.749s] -- Up-to-date: /home/paakwasi/ros2_ws/install/first_custom_interface/local/lib/python3.10/dist-packages/first_custom_interface/libfirst_custom_interface__rosidl_generator_py.so
[3.749s] -- Up-to-date: /home/paakwasi/ros2_ws/install/first_custom_interface/local/lib/python3.10/dist-packages/first_custom_interface/srv
[3.749s] -- Up-to-date: /home/paakwasi/ros2_ws/install/first_custom_interface/local/lib/python3.10/dist-packages/first_custom_interface/srv/__init__.py
[3.749s] -- Up-to-date: /home/paakwasi/ros2_ws/install/first_custom_interface/local/lib/python3.10/dist-packages/first_custom_interface/srv/_analyze_number_s.c
[3.750s] -- Up-to-date: /home/paakwasi/ros2_ws/install/first_custom_interface/local/lib/python3.10/dist-packages/first_custom_interface/srv/_analyze_number.py
[3.895s] Listing '/home/paakwasi/ros2_ws/install/first_custom_interface/local/lib/python3.10/dist-packages/first_custom_interface'...
[3.895s] Listing '/home/paakwasi/ros2_ws/install/first_custom_interface/local/lib/python3.10/dist-packages/first_custom_interface/srv'...
[3.914s] -- Up-to-date: /home/paakwasi/ros2_ws/install/first_custom_interface/local/lib/python3.10/dist-packages/first_custom_interface/first_custom_interface_s__rosidl_typesupport_fastrtps_c.cpython-310-x86_64-linux-gnu.so
[3.914s] -- Up-to-date: /home/paakwasi/ros2_ws/install/first_custom_interface/local/lib/python3.10/dist-packages/first_custom_interface/first_custom_interface_s__rosidl_typesupport_introspection_c.cpython-310-x86_64-linux-gnu.so
[3.914s] -- Up-to-date: /home/paakwasi/ros2_ws/install/first_custom_interface/local/lib/python3.10/dist-packages/first_custom_interface/first_custom_interface_s__rosidl_typesupport_c.cpython-310-x86_64-linux-gnu.so
[3.914s] -- Up-to-date: /home/paakwasi/ros2_ws/install/first_custom_interface/lib/libfirst_custom_interface__rosidl_generator_py.so
[3.914s] -- Up-to-date: /home/paakwasi/ros2_ws/install/first_custom_interface/share/first_custom_interface/srv/AnalyzeNumber.idl
[3.921s] -- Up-to-date: /home/paakwasi/ros2_ws/install/first_custom_interface/share/first_custom_interface/srv/AnalyzeNumber.srv
[3.921s] -- Up-to-date: /home/paakwasi/ros2_ws/install/first_custom_interface/share/first_custom_interface/srv/AnalyzeNumber_Request.msg
[3.921s] -- Up-to-date: /home/paakwasi/ros2_ws/install/first_custom_interface/share/first_custom_interface/srv/AnalyzeNumber_Response.msg
[3.921s] -- Up-to-date: /home/paakwasi/ros2_ws/install/first_custom_interface/share/ament_index/resource_index/package_run_dependencies/first_custom_interface
[3.921s] -- Up-to-date: /home/paakwasi/ros2_ws/install/first_custom_interface/share/ament_index/resource_index/parent_prefix_path/first_custom_interface
[3.939s] -- Up-to-date: /home/paakwasi/ros2_ws/install/first_custom_interface/share/first_custom_interface/environment/ament_prefix_path.sh
[3.939s] -- Up-to-date: /home/paakwasi/ros2_ws/install/first_custom_interface/share/first_custom_interface/environment/ament_prefix_path.dsv
[3.939s] -- Up-to-date: /home/paakwasi/ros2_ws/install/first_custom_interface/share/first_custom_interface/environment/path.sh
[3.939s] -- Up-to-date: /home/paakwasi/ros2_ws/install/first_custom_interface/share/first_custom_interface/environment/path.dsv
[3.942s] -- Up-to-date: /home/paakwasi/ros2_ws/install/first_custom_interface/share/first_custom_interface/local_setup.bash
[3.947s] -- Up-to-date: /home/paakwasi/ros2_ws/install/first_custom_interface/share/first_custom_interface/local_setup.sh
[3.947s] -- Up-to-date: /home/paakwasi/ros2_ws/install/first_custom_interface/share/first_custom_interface/local_setup.zsh
[3.947s] -- Up-to-date: /home/paakwasi/ros2_ws/install/first_custom_interface/share/first_custom_interface/local_setup.dsv
[3.947s] -- Installing: /home/paakwasi/ros2_ws/install/first_custom_interface/share/first_custom_interface/package.dsv
[3.947s] -- Up-to-date: /home/paakwasi/ros2_ws/install/first_custom_interface/share/ament_index/resource_index/packages/first_custom_interface
[3.947s] -- Up-to-date: /home/paakwasi/ros2_ws/install/first_custom_interface/share/first_custom_interface/cmake/export_first_custom_interface__rosidl_generator_cExport.cmake
[3.947s] -- Up-to-date: /home/paakwasi/ros2_ws/install/first_custom_interface/share/first_custom_interface/cmake/export_first_custom_interface__rosidl_generator_cExport-noconfig.cmake
[3.947s] -- Up-to-date: /home/paakwasi/ros2_ws/install/first_custom_interface/share/first_custom_interface/cmake/export_first_custom_interface__rosidl_typesupport_fastrtps_cExport.cmake
[3.947s] -- Up-to-date: /home/paakwasi/ros2_ws/install/first_custom_interface/share/first_custom_interface/cmake/export_first_custom_interface__rosidl_typesupport_fastrtps_cExport-noconfig.cmake
[3.947s] -- Up-to-date: /home/paakwasi/ros2_ws/install/first_custom_interface/share/first_custom_interface/cmake/first_custom_interface__rosidl_typesupport_introspection_cExport.cmake
[3.947s] -- Up-to-date: /home/paakwasi/ros2_ws/install/first_custom_interface/share/first_custom_interface/cmake/first_custom_interface__rosidl_typesupport_introspection_cExport-noconfig.cmake
[3.947s] -- Up-to-date: /home/paakwasi/ros2_ws/install/first_custom_interface/share/first_custom_interface/cmake/first_custom_interface__rosidl_typesupport_cExport.cmake
[3.947s] -- Up-to-date: /home/paakwasi/ros2_ws/install/first_custom_interface/share/first_custom_interface/cmake/first_custom_interface__rosidl_typesupport_cExport-noconfig.cmake
[3.947s] -- Up-to-date: /home/paakwasi/ros2_ws/install/first_custom_interface/share/first_custom_interface/cmake/export_first_custom_interface__rosidl_generator_cppExport.cmake
[3.956s] -- Up-to-date: /home/paakwasi/ros2_ws/install/first_custom_interface/share/first_custom_interface/cmake/export_first_custom_interface__rosidl_typesupport_fastrtps_cppExport.cmake
[3.956s] -- Up-to-date: /home/paakwasi/ros2_ws/install/first_custom_interface/share/first_custom_interface/cmake/export_first_custom_interface__rosidl_typesupport_fastrtps_cppExport-noconfig.cmake
[3.956s] -- Up-to-date: /home/paakwasi/ros2_ws/install/first_custom_interface/share/first_custom_interface/cmake/first_custom_interface__rosidl_typesupport_introspection_cppExport.cmake
[3.956s] -- Up-to-date: /home/paakwasi/ros2_ws/install/first_custom_interface/share/first_custom_interface/cmake/first_custom_interface__rosidl_typesupport_introspection_cppExport-noconfig.cmake
[3.958s] -- Up-to-date: /home/paakwasi/ros2_ws/install/first_custom_interface/share/first_custom_interface/cmake/first_custom_interface__rosidl_typesupport_cppExport.cmake
[3.958s] -- Up-to-date: /home/paakwasi/ros2_ws/install/first_custom_interface/share/first_custom_interface/cmake/first_custom_interface__rosidl_typesupport_cppExport-noconfig.cmake
[3.958s] -- Up-to-date: /home/paakwasi/ros2_ws/install/first_custom_interface/share/first_custom_interface/cmake/export_first_custom_interface__rosidl_generator_pyExport.cmake
[3.988s] -- Up-to-date: /home/paakwasi/ros2_ws/install/first_custom_interface/share/first_custom_interface/cmake/export_first_custom_interface__rosidl_generator_pyExport-noconfig.cmake
[3.989s] -- Up-to-date: /home/paakwasi/ros2_ws/install/first_custom_interface/share/first_custom_interface/cmake/rosidl_cmake-extras.cmake
[3.989s] -- Up-to-date: /home/paakwasi/ros2_ws/install/first_custom_interface/share/first_custom_interface/cmake/ament_cmake_export_include_directories-extras.cmake
[3.989s] -- Up-to-date: /home/paakwasi/ros2_ws/install/first_custom_interface/share/first_custom_interface/cmake/ament_cmake_export_libraries-extras.cmake
[3.989s] -- Up-to-date: /home/paakwasi/ros2_ws/install/first_custom_interface/share/first_custom_interface/cmake/ament_cmake_export_targets-extras.cmake
[3.991s] -- Up-to-date: /home/paakwasi/ros2_ws/install/first_custom_interface/share/first_custom_interface/cmake/rosidl_cmake_export_typesupport_targets-extras.cmake
[3.992s] -- Up-to-date: /home/paakwasi/ros2_ws/install/first_custom_interface/share/first_custom_interface/cmake/ament_cmake_export_dependencies-extras.cmake
[3.992s] -- Up-to-date: /home/paakwasi/ros2_ws/install/first_custom_interface/share/first_custom_interface/cmake/rosidl_cmake_export_typesupport_libraries-extras.cmake
[3.992s] -- Up-to-date: /home/paakwasi/ros2_ws/install/first_custom_interface/share/first_custom_interface/cmake/first_custom_interfaceConfig.cmake
[3.992s] -- Up-to-date: /home/paakwasi/ros2_ws/install/first_custom_interface/share/first_custom_interface/cmake/first_custom_interfaceConfig-version.cmake
[4.014s] -- Up-to-date: /home/paakwasi/ros2_ws/install/first_custom_interface/share/first_custom_interface/package.xml
[4.096s] Invoked command in '/home/paakwasi/ros2_ws/build/first_custom_interface' returned '0': CMAKE_PREFIX_PATH=${CMAKE_PREFIX_PATH}:/home/paakwasi/ros2_ws/install/number_analyzer:/home/paakwasi/ros2_ws/install/temp_monitoring:/home/paakwasi/ros2_ws/install/my_robot_controller:/opt/ros/humble /usr/bin/cmake --install /home/paakwasi/ros2_ws/build/first_custom_interface
