[0.093s] DEBUG:colcon:Command line arguments: ['/usr/bin/colcon', 'build']
[0.094s] DEBUG:colcon:Parsed command line arguments: Namespace(log_base=None, log_level=None, verb_name='build', build_base='build', install_base='install', merge_install=False, symlink_install=False, test_result_base=None, continue_on_error=False, executor='parallel', parallel_workers=10, event_handlers=None, ignore_user_meta=False, metas=['./colcon.meta'], base_paths=['.'], packages_ignore=None, packages_ignore_regex=None, paths=None, packages_up_to=None, packages_up_to_regex=None, packages_above=None, packages_above_and_dependencies=None, packages_above_depth=None, packages_select_by_dep=None, packages_skip_by_dep=None, packages_skip_up_to=None, packages_select_build_failed=False, packages_skip_build_finished=False, packages_select_test_failures=False, packages_skip_test_passed=False, packages_select=None, packages_skip=None, packages_select_regex=None, packages_skip_regex=None, packages_start=None, packages_end=None, allow_overriding=[], cmake_args=None, cmake_target=None, cmake_target_skip_unavailable=False, cmake_clean_cache=False, cmake_clean_first=False, cmake_force_configure=False, ament_cmake_args=None, catkin_cmake_args=None, catkin_skip_building_tests=False, mixin_files=None, mixin=None, verb_parser=<colcon_mixin.mixin.mixin_argument.MixinArgumentDecorator object at 0x7e41a4d5ec20>, verb_extension=<colcon_core.verb.build.BuildVerb object at 0x7e41a4d5e740>, main=<bound method BuildVerb.main of <colcon_core.verb.build.BuildVerb object at 0x7e41a4d5e740>>, mixin_verb=('build',))
[0.213s] Level 1:colcon.colcon_core.package_discovery:discover_packages(colcon_meta) check parameters
[0.213s] Level 1:colcon.colcon_core.package_discovery:discover_packages(recursive) check parameters
[0.214s] Level 1:colcon.colcon_core.package_discovery:discover_packages(ignore) check parameters
[0.214s] Level 1:colcon.colcon_core.package_discovery:discover_packages(path) check parameters
[0.214s] Level 1:colcon.colcon_core.package_discovery:discover_packages(colcon_meta) discover
[0.214s] Level 1:colcon.colcon_core.package_discovery:discover_packages(recursive) discover
[0.214s] INFO:colcon.colcon_core.package_discovery:Crawling recursively for packages in '/home/paakwasi/ros2_ws'
[0.214s] Level 1:colcon.colcon_core.package_identification:_identify(.) by extensions ['ignore', 'ignore_ament_install']
[0.214s] Level 1:colcon.colcon_core.package_identification:_identify(.) by extension 'ignore'
[0.214s] Level 1:colcon.colcon_core.package_identification:_identify(.) by extension 'ignore_ament_install'
[0.214s] Level 1:colcon.colcon_core.package_identification:_identify(.) by extensions ['colcon_pkg']
[0.214s] Level 1:colcon.colcon_core.package_identification:_identify(.) by extension 'colcon_pkg'
[0.214s] Level 1:colcon.colcon_core.package_identification:_identify(.) by extensions ['colcon_meta']
[0.214s] Level 1:colcon.colcon_core.package_identification:_identify(.) by extension 'colcon_meta'
[0.214s] Level 1:colcon.colcon_core.package_identification:_identify(.) by extensions ['ros']
[0.214s] Level 1:colcon.colcon_core.package_identification:_identify(.) by extension 'ros'
[0.222s] Level 1:colcon.colcon_core.package_identification:_identify(.) by extensions ['cmake', 'python']
[0.223s] Level 1:colcon.colcon_core.package_identification:_identify(.) by extension 'cmake'
[0.223s] Level 1:colcon.colcon_core.package_identification:_identify(.) by extension 'python'
[0.223s] Level 1:colcon.colcon_core.package_identification:_identify(.) by extensions ['python_setup_py']
[0.223s] Level 1:colcon.colcon_core.package_identification:_identify(.) by extension 'python_setup_py'
[0.223s] Level 1:colcon.colcon_core.package_identification:_identify(build) by extensions ['ignore', 'ignore_ament_install']
[0.223s] Level 1:colcon.colcon_core.package_identification:_identify(build) by extension 'ignore'
[0.223s] Level 1:colcon.colcon_core.package_identification:_identify(build) ignored
[0.224s] Level 1:colcon.colcon_core.package_identification:_identify(install) by extensions ['ignore', 'ignore_ament_install']
[0.224s] Level 1:colcon.colcon_core.package_identification:_identify(install) by extension 'ignore'
[0.224s] Level 1:colcon.colcon_core.package_identification:_identify(install) ignored
[0.224s] Level 1:colcon.colcon_core.package_identification:_identify(log) by extensions ['ignore', 'ignore_ament_install']
[0.224s] Level 1:colcon.colcon_core.package_identification:_identify(log) by extension 'ignore'
[0.225s] Level 1:colcon.colcon_core.package_identification:_identify(log) ignored
[0.225s] Level 1:colcon.colcon_core.package_identification:_identify(src) by extensions ['ignore', 'ignore_ament_install']
[0.225s] Level 1:colcon.colcon_core.package_identification:_identify(src) by extension 'ignore'
[0.225s] Level 1:colcon.colcon_core.package_identification:_identify(src) by extension 'ignore_ament_install'
[0.225s] Level 1:colcon.colcon_core.package_identification:_identify(src) by extensions ['colcon_pkg']
[0.225s] Level 1:colcon.colcon_core.package_identification:_identify(src) by extension 'colcon_pkg'
[0.225s] Level 1:colcon.colcon_core.package_identification:_identify(src) by extensions ['colcon_meta']
[0.225s] Level 1:colcon.colcon_core.package_identification:_identify(src) by extension 'colcon_meta'
[0.225s] Level 1:colcon.colcon_core.package_identification:_identify(src) by extensions ['ros']
[0.225s] Level 1:colcon.colcon_core.package_identification:_identify(src) by extension 'ros'
[0.225s] Level 1:colcon.colcon_core.package_identification:_identify(src) by extensions ['cmake', 'python']
[0.225s] Level 1:colcon.colcon_core.package_identification:_identify(src) by extension 'cmake'
[0.225s] Level 1:colcon.colcon_core.package_identification:_identify(src) by extension 'python'
[0.225s] Level 1:colcon.colcon_core.package_identification:_identify(src) by extensions ['python_setup_py']
[0.225s] Level 1:colcon.colcon_core.package_identification:_identify(src) by extension 'python_setup_py'
[0.225s] Level 1:colcon.colcon_core.package_identification:_identify(src/first_custom_interface) by extensions ['ignore', 'ignore_ament_install']
[0.225s] Level 1:colcon.colcon_core.package_identification:_identify(src/first_custom_interface) by extension 'ignore'
[0.226s] Level 1:colcon.colcon_core.package_identification:_identify(src/first_custom_interface) by extension 'ignore_ament_install'
[0.226s] Level 1:colcon.colcon_core.package_identification:_identify(src/first_custom_interface) by extensions ['colcon_pkg']
[0.226s] Level 1:colcon.colcon_core.package_identification:_identify(src/first_custom_interface) by extension 'colcon_pkg'
[0.226s] Level 1:colcon.colcon_core.package_identification:_identify(src/first_custom_interface) by extensions ['colcon_meta']
[0.226s] Level 1:colcon.colcon_core.package_identification:_identify(src/first_custom_interface) by extension 'colcon_meta'
[0.226s] Level 1:colcon.colcon_core.package_identification:_identify(src/first_custom_interface) by extensions ['ros']
[0.226s] Level 1:colcon.colcon_core.package_identification:_identify(src/first_custom_interface) by extension 'ros'
[0.228s] DEBUG:colcon.colcon_core.package_identification:Package 'src/first_custom_interface' with type 'ros.ament_cmake' and name 'first_custom_interface'
[0.228s] Level 1:colcon.colcon_core.package_identification:_identify(src/my_robot_controller) by extensions ['ignore', 'ignore_ament_install']
[0.228s] Level 1:colcon.colcon_core.package_identification:_identify(src/my_robot_controller) by extension 'ignore'
[0.228s] Level 1:colcon.colcon_core.package_identification:_identify(src/my_robot_controller) by extension 'ignore_ament_install'
[0.228s] Level 1:colcon.colcon_core.package_identification:_identify(src/my_robot_controller) by extensions ['colcon_pkg']
[0.228s] Level 1:colcon.colcon_core.package_identification:_identify(src/my_robot_controller) by extension 'colcon_pkg'
[0.228s] Level 1:colcon.colcon_core.package_identification:_identify(src/my_robot_controller) by extensions ['colcon_meta']
[0.228s] Level 1:colcon.colcon_core.package_identification:_identify(src/my_robot_controller) by extension 'colcon_meta'
[0.228s] Level 1:colcon.colcon_core.package_identification:_identify(src/my_robot_controller) by extensions ['ros']
[0.228s] Level 1:colcon.colcon_core.package_identification:_identify(src/my_robot_controller) by extension 'ros'
[0.230s] DEBUG:colcon.colcon_core.package_identification:Package 'src/my_robot_controller' with type 'ros.ament_python' and name 'my_robot_controller'
[0.230s] Level 1:colcon.colcon_core.package_identification:_identify(src/number_analyzer) by extensions ['ignore', 'ignore_ament_install']
[0.230s] Level 1:colcon.colcon_core.package_identification:_identify(src/number_analyzer) by extension 'ignore'
[0.230s] Level 1:colcon.colcon_core.package_identification:_identify(src/number_analyzer) by extension 'ignore_ament_install'
[0.230s] Level 1:colcon.colcon_core.package_identification:_identify(src/number_analyzer) by extensions ['colcon_pkg']
[0.230s] Level 1:colcon.colcon_core.package_identification:_identify(src/number_analyzer) by extension 'colcon_pkg'
[0.230s] Level 1:colcon.colcon_core.package_identification:_identify(src/number_analyzer) by extensions ['colcon_meta']
[0.230s] Level 1:colcon.colcon_core.package_identification:_identify(src/number_analyzer) by extension 'colcon_meta'
[0.230s] Level 1:colcon.colcon_core.package_identification:_identify(src/number_analyzer) by extensions ['ros']
[0.230s] Level 1:colcon.colcon_core.package_identification:_identify(src/number_analyzer) by extension 'ros'
[0.231s] DEBUG:colcon.colcon_core.package_identification:Package 'src/number_analyzer' with type 'ros.ament_python' and name 'number_analyzer'
[0.231s] Level 1:colcon.colcon_core.package_identification:_identify(src/temp_monitoring) by extensions ['ignore', 'ignore_ament_install']
[0.231s] Level 1:colcon.colcon_core.package_identification:_identify(src/temp_monitoring) by extension 'ignore'
[0.231s] Level 1:colcon.colcon_core.package_identification:_identify(src/temp_monitoring) by extension 'ignore_ament_install'
[0.231s] Level 1:colcon.colcon_core.package_identification:_identify(src/temp_monitoring) by extensions ['colcon_pkg']
[0.231s] Level 1:colcon.colcon_core.package_identification:_identify(src/temp_monitoring) by extension 'colcon_pkg'
[0.231s] Level 1:colcon.colcon_core.package_identification:_identify(src/temp_monitoring) by extensions ['colcon_meta']
[0.231s] Level 1:colcon.colcon_core.package_identification:_identify(src/temp_monitoring) by extension 'colcon_meta'
[0.231s] Level 1:colcon.colcon_core.package_identification:_identify(src/temp_monitoring) by extensions ['ros']
[0.231s] Level 1:colcon.colcon_core.package_identification:_identify(src/temp_monitoring) by extension 'ros'
[0.232s] DEBUG:colcon.colcon_core.package_identification:Package 'src/temp_monitoring' with type 'ros.ament_python' and name 'temp_monitoring'
[0.232s] Level 1:colcon.colcon_core.package_discovery:discover_packages(recursive) using defaults
[0.232s] Level 1:colcon.colcon_core.package_discovery:discover_packages(ignore) discover
[0.232s] Level 1:colcon.colcon_core.package_discovery:discover_packages(ignore) using defaults
[0.232s] Level 1:colcon.colcon_core.package_discovery:discover_packages(path) discover
[0.232s] Level 1:colcon.colcon_core.package_discovery:discover_packages(path) using defaults
[0.257s] Level 1:colcon.colcon_core.package_discovery:discover_packages(prefix_path) check parameters
[0.257s] Level 1:colcon.colcon_core.package_discovery:discover_packages(prefix_path) discover
[0.259s] DEBUG:colcon.colcon_installed_package_information.package_discovery:Found 5 installed packages in /home/paakwasi/ros2_ws/install
[0.261s] DEBUG:colcon.colcon_installed_package_information.package_discovery:Found 271 installed packages in /opt/ros/humble
[0.263s] Level 1:colcon.colcon_core.package_discovery:discover_packages(prefix_path) using defaults
[0.290s] Level 5:colcon.colcon_core.verb:set package 'first_custom_interface' build argument 'cmake_args' from command line to 'None'
[0.290s] Level 5:colcon.colcon_core.verb:set package 'first_custom_interface' build argument 'cmake_target' from command line to 'None'
[0.291s] Level 5:colcon.colcon_core.verb:set package 'first_custom_interface' build argument 'cmake_target_skip_unavailable' from command line to 'False'
[0.291s] Level 5:colcon.colcon_core.verb:set package 'first_custom_interface' build argument 'cmake_clean_cache' from command line to 'False'
[0.291s] Level 5:colcon.colcon_core.verb:set package 'first_custom_interface' build argument 'cmake_clean_first' from command line to 'False'
[0.291s] Level 5:colcon.colcon_core.verb:set package 'first_custom_interface' build argument 'cmake_force_configure' from command line to 'False'
[0.291s] Level 5:colcon.colcon_core.verb:set package 'first_custom_interface' build argument 'ament_cmake_args' from command line to 'None'
[0.291s] Level 5:colcon.colcon_core.verb:set package 'first_custom_interface' build argument 'catkin_cmake_args' from command line to 'None'
[0.291s] Level 5:colcon.colcon_core.verb:set package 'first_custom_interface' build argument 'catkin_skip_building_tests' from command line to 'False'
[0.291s] DEBUG:colcon.colcon_core.verb:Building package 'first_custom_interface' with the following arguments: {'ament_cmake_args': None, 'build_base': '/home/paakwasi/ros2_ws/build/first_custom_interface', 'catkin_cmake_args': None, 'catkin_skip_building_tests': False, 'cmake_args': None, 'cmake_clean_cache': False, 'cmake_clean_first': False, 'cmake_force_configure': False, 'cmake_target': None, 'cmake_target_skip_unavailable': False, 'install_base': '/home/paakwasi/ros2_ws/install/first_custom_interface', 'merge_install': False, 'path': '/home/paakwasi/ros2_ws/src/first_custom_interface', 'symlink_install': False, 'test_result_base': None}
[0.292s] Level 5:colcon.colcon_core.verb:set package 'my_robot_controller' build argument 'cmake_args' from command line to 'None'
[0.292s] Level 5:colcon.colcon_core.verb:set package 'my_robot_controller' build argument 'cmake_target' from command line to 'None'
[0.292s] Level 5:colcon.colcon_core.verb:set package 'my_robot_controller' build argument 'cmake_target_skip_unavailable' from command line to 'False'
[0.292s] Level 5:colcon.colcon_core.verb:set package 'my_robot_controller' build argument 'cmake_clean_cache' from command line to 'False'
[0.292s] Level 5:colcon.colcon_core.verb:set package 'my_robot_controller' build argument 'cmake_clean_first' from command line to 'False'
[0.292s] Level 5:colcon.colcon_core.verb:set package 'my_robot_controller' build argument 'cmake_force_configure' from command line to 'False'
[0.292s] Level 5:colcon.colcon_core.verb:set package 'my_robot_controller' build argument 'ament_cmake_args' from command line to 'None'
[0.292s] Level 5:colcon.colcon_core.verb:set package 'my_robot_controller' build argument 'catkin_cmake_args' from command line to 'None'
[0.292s] Level 5:colcon.colcon_core.verb:set package 'my_robot_controller' build argument 'catkin_skip_building_tests' from command line to 'False'
[0.292s] DEBUG:colcon.colcon_core.verb:Building package 'my_robot_controller' with the following arguments: {'ament_cmake_args': None, 'build_base': '/home/paakwasi/ros2_ws/build/my_robot_controller', 'catkin_cmake_args': None, 'catkin_skip_building_tests': False, 'cmake_args': None, 'cmake_clean_cache': False, 'cmake_clean_first': False, 'cmake_force_configure': False, 'cmake_target': None, 'cmake_target_skip_unavailable': False, 'install_base': '/home/paakwasi/ros2_ws/install/my_robot_controller', 'merge_install': False, 'path': '/home/paakwasi/ros2_ws/src/my_robot_controller', 'symlink_install': False, 'test_result_base': None}
[0.292s] Level 5:colcon.colcon_core.verb:set package 'temp_monitoring' build argument 'cmake_args' from command line to 'None'
[0.292s] Level 5:colcon.colcon_core.verb:set package 'temp_monitoring' build argument 'cmake_target' from command line to 'None'
[0.292s] Level 5:colcon.colcon_core.verb:set package 'temp_monitoring' build argument 'cmake_target_skip_unavailable' from command line to 'False'
[0.293s] Level 5:colcon.colcon_core.verb:set package 'temp_monitoring' build argument 'cmake_clean_cache' from command line to 'False'
[0.293s] Level 5:colcon.colcon_core.verb:set package 'temp_monitoring' build argument 'cmake_clean_first' from command line to 'False'
[0.293s] Level 5:colcon.colcon_core.verb:set package 'temp_monitoring' build argument 'cmake_force_configure' from command line to 'False'
[0.293s] Level 5:colcon.colcon_core.verb:set package 'temp_monitoring' build argument 'ament_cmake_args' from command line to 'None'
[0.293s] Level 5:colcon.colcon_core.verb:set package 'temp_monitoring' build argument 'catkin_cmake_args' from command line to 'None'
[0.293s] Level 5:colcon.colcon_core.verb:set package 'temp_monitoring' build argument 'catkin_skip_building_tests' from command line to 'False'
[0.293s] DEBUG:colcon.colcon_core.verb:Building package 'temp_monitoring' with the following arguments: {'ament_cmake_args': None, 'build_base': '/home/paakwasi/ros2_ws/build/temp_monitoring', 'catkin_cmake_args': None, 'catkin_skip_building_tests': False, 'cmake_args': None, 'cmake_clean_cache': False, 'cmake_clean_first': False, 'cmake_force_configure': False, 'cmake_target': None, 'cmake_target_skip_unavailable': False, 'install_base': '/home/paakwasi/ros2_ws/install/temp_monitoring', 'merge_install': False, 'path': '/home/paakwasi/ros2_ws/src/temp_monitoring', 'symlink_install': False, 'test_result_base': None}
[0.293s] Level 5:colcon.colcon_core.verb:set package 'number_analyzer' build argument 'cmake_args' from command line to 'None'
[0.293s] Level 5:colcon.colcon_core.verb:set package 'number_analyzer' build argument 'cmake_target' from command line to 'None'
[0.293s] Level 5:colcon.colcon_core.verb:set package 'number_analyzer' build argument 'cmake_target_skip_unavailable' from command line to 'False'
[0.293s] Level 5:colcon.colcon_core.verb:set package 'number_analyzer' build argument 'cmake_clean_cache' from command line to 'False'
[0.293s] Level 5:colcon.colcon_core.verb:set package 'number_analyzer' build argument 'cmake_clean_first' from command line to 'False'
[0.293s] Level 5:colcon.colcon_core.verb:set package 'number_analyzer' build argument 'cmake_force_configure' from command line to 'False'
[0.293s] Level 5:colcon.colcon_core.verb:set package 'number_analyzer' build argument 'ament_cmake_args' from command line to 'None'
[0.293s] Level 5:colcon.colcon_core.verb:set package 'number_analyzer' build argument 'catkin_cmake_args' from command line to 'None'
[0.293s] Level 5:colcon.colcon_core.verb:set package 'number_analyzer' build argument 'catkin_skip_building_tests' from command line to 'False'
[0.293s] DEBUG:colcon.colcon_core.verb:Building package 'number_analyzer' with the following arguments: {'ament_cmake_args': None, 'build_base': '/home/paakwasi/ros2_ws/build/number_analyzer', 'catkin_cmake_args': None, 'catkin_skip_building_tests': False, 'cmake_args': None, 'cmake_clean_cache': False, 'cmake_clean_first': False, 'cmake_force_configure': False, 'cmake_target': None, 'cmake_target_skip_unavailable': False, 'install_base': '/home/paakwasi/ros2_ws/install/number_analyzer', 'merge_install': False, 'path': '/home/paakwasi/ros2_ws/src/number_analyzer', 'symlink_install': False, 'test_result_base': None}
[0.293s] INFO:colcon.colcon_core.executor:Executing jobs using 'parallel' executor
[0.295s] DEBUG:colcon.colcon_parallel_executor.executor.parallel:run_until_complete
[0.295s] INFO:colcon.colcon_ros.task.ament_cmake.build:Building ROS package in '/home/paakwasi/ros2_ws/src/first_custom_interface' with build type 'ament_cmake'
[0.295s] INFO:colcon.colcon_cmake.task.cmake.build:Building CMake package in '/home/paakwasi/ros2_ws/src/first_custom_interface'
[0.298s] INFO:colcon.colcon_core.plugin_system:Skipping extension 'colcon_core.shell.bat': Not used on non-Windows systems
[0.298s] INFO:colcon.colcon_core.shell:Skip shell extension 'powershell' for command environment: Not usable outside of PowerShell
[0.298s] DEBUG:colcon.colcon_core.shell:Skip shell extension 'dsv' for command environment
[0.304s] INFO:colcon.colcon_ros.task.ament_python.build:Building ROS package in '/home/paakwasi/ros2_ws/src/my_robot_controller' with build type 'ament_python'
[0.305s] Level 1:colcon.colcon_core.shell:create_environment_hook('my_robot_controller', 'ament_prefix_path')
[0.306s] INFO:colcon.colcon_core.shell:Creating environment hook '/home/paakwasi/ros2_ws/install/my_robot_controller/share/my_robot_controller/hook/ament_prefix_path.ps1'
[0.308s] INFO:colcon.colcon_core.shell:Creating environment descriptor '/home/paakwasi/ros2_ws/install/my_robot_controller/share/my_robot_controller/hook/ament_prefix_path.dsv'
[0.309s] INFO:colcon.colcon_core.shell:Creating environment hook '/home/paakwasi/ros2_ws/install/my_robot_controller/share/my_robot_controller/hook/ament_prefix_path.sh'
[0.315s] INFO:colcon.colcon_core.shell:Skip shell extension 'powershell' for command environment: Not usable outside of PowerShell
[0.338s] DEBUG:colcon.colcon_core.shell:Skip shell extension 'dsv' for command environment
[0.366s] INFO:colcon.colcon_ros.task.ament_python.build:Building ROS package in '/home/paakwasi/ros2_ws/src/temp_monitoring' with build type 'ament_python'
[0.367s] Level 1:colcon.colcon_core.shell:create_environment_hook('temp_monitoring', 'ament_prefix_path')
[0.367s] INFO:colcon.colcon_core.shell:Creating environment hook '/home/paakwasi/ros2_ws/install/temp_monitoring/share/temp_monitoring/hook/ament_prefix_path.ps1'
[0.369s] INFO:colcon.colcon_core.shell:Creating environment descriptor '/home/paakwasi/ros2_ws/install/temp_monitoring/share/temp_monitoring/hook/ament_prefix_path.dsv'
[0.374s] INFO:colcon.colcon_core.shell:Creating environment hook '/home/paakwasi/ros2_ws/install/temp_monitoring/share/temp_monitoring/hook/ament_prefix_path.sh'
[0.375s] INFO:colcon.colcon_core.shell:Skip shell extension 'powershell' for command environment: Not usable outside of PowerShell
[0.377s] DEBUG:colcon.colcon_core.shell:Skip shell extension 'dsv' for command environment
[0.430s] DEBUG:colcon.colcon_core.event_handler.log_command:Invoking command in '/home/paakwasi/ros2_ws/build/first_custom_interface': CMAKE_PREFIX_PATH=${CMAKE_PREFIX_PATH}:/home/paakwasi/ros2_ws/install/temp_monitoring:/home/paakwasi/ros2_ws/install/number_analyzer:/home/paakwasi/ros2_ws/install/my_robot_controller:/opt/ros/humble /usr/bin/cmake --build /home/paakwasi/ros2_ws/build/first_custom_interface -- -j10 -l10
[1.757s] INFO:colcon.colcon_core.task.python.build:Building Python package in '/home/paakwasi/ros2_ws/src/my_robot_controller'
[1.757s] INFO:colcon.colcon_core.shell:Skip shell extension 'powershell' for command environment: Not usable outside of PowerShell
[1.758s] DEBUG:colcon.colcon_core.shell:Skip shell extension 'dsv' for command environment
[2.419s] INFO:colcon.colcon_core.task.python.build:Building Python package in '/home/paakwasi/ros2_ws/src/temp_monitoring'
[2.420s] INFO:colcon.colcon_core.shell:Skip shell extension 'powershell' for command environment: Not usable outside of PowerShell
[2.420s] DEBUG:colcon.colcon_core.shell:Skip shell extension 'dsv' for command environment
[2.446s] DEBUG:colcon.colcon_core.event_handler.log_command:Invoked command in '/home/paakwasi/ros2_ws/build/first_custom_interface' returned '0': CMAKE_PREFIX_PATH=${CMAKE_PREFIX_PATH}:/home/paakwasi/ros2_ws/install/temp_monitoring:/home/paakwasi/ros2_ws/install/number_analyzer:/home/paakwasi/ros2_ws/install/my_robot_controller:/opt/ros/humble /usr/bin/cmake --build /home/paakwasi/ros2_ws/build/first_custom_interface -- -j10 -l10
[2.479s] DEBUG:colcon.colcon_core.event_handler.log_command:Invoking command in '/home/paakwasi/ros2_ws/build/first_custom_interface': CMAKE_PREFIX_PATH=${CMAKE_PREFIX_PATH}:/home/paakwasi/ros2_ws/install/temp_monitoring:/home/paakwasi/ros2_ws/install/number_analyzer:/home/paakwasi/ros2_ws/install/my_robot_controller:/opt/ros/humble /usr/bin/cmake --install /home/paakwasi/ros2_ws/build/first_custom_interface
[2.667s] Level 1:colcon.colcon_core.environment:create_environment_scripts_only(first_custom_interface)
[2.690s] DEBUG:colcon.colcon_core.event_handler.log_command:Invoked command in '/home/paakwasi/ros2_ws/build/first_custom_interface' returned '0': CMAKE_PREFIX_PATH=${CMAKE_PREFIX_PATH}:/home/paakwasi/ros2_ws/install/temp_monitoring:/home/paakwasi/ros2_ws/install/number_analyzer:/home/paakwasi/ros2_ws/install/my_robot_controller:/opt/ros/humble /usr/bin/cmake --install /home/paakwasi/ros2_ws/build/first_custom_interface
[2.702s] Level 1:colcon.colcon_core.environment:checking '/home/paakwasi/ros2_ws/install/first_custom_interface' for CMake module files
[2.702s] Level 1:colcon.colcon_core.environment:checking '/home/paakwasi/ros2_ws/install/first_custom_interface' for CMake config files
[2.703s] Level 1:colcon.colcon_core.shell:create_environment_hook('first_custom_interface', 'cmake_prefix_path')
[2.703s] INFO:colcon.colcon_core.shell:Creating environment hook '/home/paakwasi/ros2_ws/install/first_custom_interface/share/first_custom_interface/hook/cmake_prefix_path.ps1'
[2.704s] INFO:colcon.colcon_core.shell:Creating environment descriptor '/home/paakwasi/ros2_ws/install/first_custom_interface/share/first_custom_interface/hook/cmake_prefix_path.dsv'
[2.704s] INFO:colcon.colcon_core.shell:Creating environment hook '/home/paakwasi/ros2_ws/install/first_custom_interface/share/first_custom_interface/hook/cmake_prefix_path.sh'
[2.705s] Level 1:colcon.colcon_core.environment:checking '/home/paakwasi/ros2_ws/install/first_custom_interface/lib'
[2.706s] Level 1:colcon.colcon_core.shell:create_environment_hook('first_custom_interface', 'ld_library_path_lib')
[2.706s] INFO:colcon.colcon_core.shell:Creating environment hook '/home/paakwasi/ros2_ws/install/first_custom_interface/share/first_custom_interface/hook/ld_library_path_lib.ps1'
[2.706s] INFO:colcon.colcon_core.shell:Creating environment descriptor '/home/paakwasi/ros2_ws/install/first_custom_interface/share/first_custom_interface/hook/ld_library_path_lib.dsv'
[2.707s] INFO:colcon.colcon_core.shell:Creating environment hook '/home/paakwasi/ros2_ws/install/first_custom_interface/share/first_custom_interface/hook/ld_library_path_lib.sh'
[2.710s] Level 1:colcon.colcon_core.environment:checking '/home/paakwasi/ros2_ws/install/first_custom_interface/bin'
[2.710s] Level 1:colcon.colcon_core.environment:checking '/home/paakwasi/ros2_ws/install/first_custom_interface/lib/pkgconfig/first_custom_interface.pc'
[2.711s] Level 1:colcon.colcon_core.environment:checking '/home/paakwasi/ros2_ws/install/first_custom_interface/lib/python3.10/site-packages'
[2.711s] Level 1:colcon.colcon_core.environment:checking '/home/paakwasi/ros2_ws/install/first_custom_interface/bin'
[2.711s] INFO:colcon.colcon_core.shell:Creating package script '/home/paakwasi/ros2_ws/install/first_custom_interface/share/first_custom_interface/package.ps1'
[2.712s] INFO:colcon.colcon_core.shell:Creating package descriptor '/home/paakwasi/ros2_ws/install/first_custom_interface/share/first_custom_interface/package.dsv'
[2.713s] INFO:colcon.colcon_core.shell:Creating package script '/home/paakwasi/ros2_ws/install/first_custom_interface/share/first_custom_interface/package.sh'
[2.714s] INFO:colcon.colcon_core.shell:Creating package script '/home/paakwasi/ros2_ws/install/first_custom_interface/share/first_custom_interface/package.bash'
[2.715s] INFO:colcon.colcon_core.shell:Creating package script '/home/paakwasi/ros2_ws/install/first_custom_interface/share/first_custom_interface/package.zsh'
[2.716s] Level 1:colcon.colcon_core.environment:create_file_with_runtime_dependencies(/home/paakwasi/ros2_ws/install/first_custom_interface/share/colcon-core/packages/first_custom_interface)
[2.717s] Level 1:colcon.colcon_core.environment:create_environment_scripts_only(first_custom_interface)
[2.717s] Level 1:colcon.colcon_core.environment:checking '/home/paakwasi/ros2_ws/install/first_custom_interface' for CMake module files
[2.718s] Level 1:colcon.colcon_core.environment:checking '/home/paakwasi/ros2_ws/install/first_custom_interface' for CMake config files
[2.718s] Level 1:colcon.colcon_core.shell:create_environment_hook('first_custom_interface', 'cmake_prefix_path')
[2.718s] INFO:colcon.colcon_core.shell:Creating environment hook '/home/paakwasi/ros2_ws/install/first_custom_interface/share/first_custom_interface/hook/cmake_prefix_path.ps1'
[2.723s] INFO:colcon.colcon_core.shell:Creating environment descriptor '/home/paakwasi/ros2_ws/install/first_custom_interface/share/first_custom_interface/hook/cmake_prefix_path.dsv'
[2.724s] INFO:colcon.colcon_core.shell:Creating environment hook '/home/paakwasi/ros2_ws/install/first_custom_interface/share/first_custom_interface/hook/cmake_prefix_path.sh'
[2.724s] Level 1:colcon.colcon_core.environment:checking '/home/paakwasi/ros2_ws/install/first_custom_interface/lib'
[2.725s] Level 1:colcon.colcon_core.shell:create_environment_hook('first_custom_interface', 'ld_library_path_lib')
[2.725s] INFO:colcon.colcon_core.shell:Creating environment hook '/home/paakwasi/ros2_ws/install/first_custom_interface/share/first_custom_interface/hook/ld_library_path_lib.ps1'
[2.726s] INFO:colcon.colcon_core.shell:Creating environment descriptor '/home/paakwasi/ros2_ws/install/first_custom_interface/share/first_custom_interface/hook/ld_library_path_lib.dsv'
[2.741s] INFO:colcon.colcon_core.shell:Creating environment hook '/home/paakwasi/ros2_ws/install/first_custom_interface/share/first_custom_interface/hook/ld_library_path_lib.sh'
[2.742s] Level 1:colcon.colcon_core.environment:checking '/home/paakwasi/ros2_ws/install/first_custom_interface/bin'
[2.742s] Level 1:colcon.colcon_core.environment:checking '/home/paakwasi/ros2_ws/install/first_custom_interface/lib/pkgconfig/first_custom_interface.pc'
[2.742s] Level 1:colcon.colcon_core.environment:checking '/home/paakwasi/ros2_ws/install/first_custom_interface/lib/python3.10/site-packages'
[2.743s] Level 1:colcon.colcon_core.environment:checking '/home/paakwasi/ros2_ws/install/first_custom_interface/bin'
[2.743s] INFO:colcon.colcon_core.shell:Creating package script '/home/paakwasi/ros2_ws/install/first_custom_interface/share/first_custom_interface/package.ps1'
[2.744s] INFO:colcon.colcon_core.shell:Creating package descriptor '/home/paakwasi/ros2_ws/install/first_custom_interface/share/first_custom_interface/package.dsv'
[2.764s] INFO:colcon.colcon_core.shell:Creating package script '/home/paakwasi/ros2_ws/install/first_custom_interface/share/first_custom_interface/package.sh'
[2.771s] INFO:colcon.colcon_core.shell:Creating package script '/home/paakwasi/ros2_ws/install/first_custom_interface/share/first_custom_interface/package.bash'
[2.781s] INFO:colcon.colcon_core.shell:Creating package script '/home/paakwasi/ros2_ws/install/first_custom_interface/share/first_custom_interface/package.zsh'
[2.782s] Level 1:colcon.colcon_core.environment:create_file_with_runtime_dependencies(/home/paakwasi/ros2_ws/install/first_custom_interface/share/colcon-core/packages/first_custom_interface)
[2.783s] INFO:colcon.colcon_ros.task.ament_python.build:Building ROS package in '/home/paakwasi/ros2_ws/src/number_analyzer' with build type 'ament_python'
[2.783s] Level 1:colcon.colcon_core.shell:create_environment_hook('number_analyzer', 'ament_prefix_path')
[2.784s] INFO:colcon.colcon_core.shell:Creating environment hook '/home/paakwasi/ros2_ws/install/number_analyzer/share/number_analyzer/hook/ament_prefix_path.ps1'
[2.799s] INFO:colcon.colcon_core.shell:Creating environment descriptor '/home/paakwasi/ros2_ws/install/number_analyzer/share/number_analyzer/hook/ament_prefix_path.dsv'
[2.803s] INFO:colcon.colcon_core.shell:Creating environment hook '/home/paakwasi/ros2_ws/install/number_analyzer/share/number_analyzer/hook/ament_prefix_path.sh'
[2.810s] INFO:colcon.colcon_core.shell:Skip shell extension 'powershell' for command environment: Not usable outside of PowerShell
[2.810s] DEBUG:colcon.colcon_core.shell:Skip shell extension 'dsv' for command environment
[3.303s] INFO:colcon.colcon_core.task.python.build:Building Python package in '/home/paakwasi/ros2_ws/src/number_analyzer'
[3.304s] INFO:colcon.colcon_core.shell:Skip shell extension 'powershell' for command environment: Not usable outside of PowerShell
[3.304s] DEBUG:colcon.colcon_core.shell:Skip shell extension 'dsv' for command environment
[3.448s] DEBUG:colcon.colcon_core.event_handler.log_command:Invoking command in '/home/paakwasi/ros2_ws/src/temp_monitoring': PYTHONPATH=/home/paakwasi/ros2_ws/build/temp_monitoring/prefix_override:/usr/lib/python3/dist-packages/colcon_core/task/python/colcon_distutils_commands:/home/paakwasi/ros2_ws/install/temp_monitoring/lib/python3.10/site-packages:${PYTHONPATH} /usr/bin/python3 -W ignore:setup.py install is deprecated -W ignore:easy_install command is deprecated setup.py egg_info --egg-base ../../build/temp_monitoring build --build-base /home/paakwasi/ros2_ws/build/temp_monitoring/build install --record /home/paakwasi/ros2_ws/build/temp_monitoring/install.log --single-version-externally-managed install_data
[3.457s] DEBUG:colcon.colcon_core.event_handler.log_command:Invoking command in '/home/paakwasi/ros2_ws/src/my_robot_controller': PYTHONPATH=/home/paakwasi/ros2_ws/build/my_robot_controller/prefix_override:/usr/lib/python3/dist-packages/colcon_core/task/python/colcon_distutils_commands:/home/paakwasi/ros2_ws/install/my_robot_controller/lib/python3.10/site-packages:${PYTHONPATH} /usr/bin/python3 -W ignore:setup.py install is deprecated -W ignore:easy_install command is deprecated setup.py egg_info --egg-base ../../build/my_robot_controller build --build-base /home/paakwasi/ros2_ws/build/my_robot_controller/build install --record /home/paakwasi/ros2_ws/build/my_robot_controller/install.log --single-version-externally-managed install_data
[3.888s] Level 1:colcon.colcon_core.environment:checking '/home/paakwasi/ros2_ws/install/my_robot_controller' for CMake module files
[3.890s] Level 1:colcon.colcon_core.environment:checking '/home/paakwasi/ros2_ws/install/my_robot_controller' for CMake config files
[3.892s] DEBUG:colcon.colcon_core.event_handler.log_command:Invoked command in '/home/paakwasi/ros2_ws/src/my_robot_controller' returned '0': PYTHONPATH=/home/paakwasi/ros2_ws/build/my_robot_controller/prefix_override:/usr/lib/python3/dist-packages/colcon_core/task/python/colcon_distutils_commands:/home/paakwasi/ros2_ws/install/my_robot_controller/lib/python3.10/site-packages:${PYTHONPATH} /usr/bin/python3 -W ignore:setup.py install is deprecated -W ignore:easy_install command is deprecated setup.py egg_info --egg-base ../../build/my_robot_controller build --build-base /home/paakwasi/ros2_ws/build/my_robot_controller/build install --record /home/paakwasi/ros2_ws/build/my_robot_controller/install.log --single-version-externally-managed install_data
[3.895s] Level 1:colcon.colcon_core.environment:checking '/home/paakwasi/ros2_ws/install/my_robot_controller/lib'
[3.895s] Level 1:colcon.colcon_core.environment:checking '/home/paakwasi/ros2_ws/install/my_robot_controller/bin'
[3.896s] Level 1:colcon.colcon_core.environment:checking '/home/paakwasi/ros2_ws/install/my_robot_controller/lib/pkgconfig/my_robot_controller.pc'
[3.896s] Level 1:colcon.colcon_core.environment:checking '/home/paakwasi/ros2_ws/install/my_robot_controller/lib/python3.10/site-packages'
[3.897s] Level 1:colcon.colcon_core.shell:create_environment_hook('my_robot_controller', 'pythonpath')
[3.897s] INFO:colcon.colcon_core.shell:Creating environment hook '/home/paakwasi/ros2_ws/install/my_robot_controller/share/my_robot_controller/hook/pythonpath.ps1'
[3.900s] INFO:colcon.colcon_core.shell:Creating environment descriptor '/home/paakwasi/ros2_ws/install/my_robot_controller/share/my_robot_controller/hook/pythonpath.dsv'
[3.906s] INFO:colcon.colcon_core.shell:Creating environment hook '/home/paakwasi/ros2_ws/install/my_robot_controller/share/my_robot_controller/hook/pythonpath.sh'
[3.910s] Level 1:colcon.colcon_core.environment:checking '/home/paakwasi/ros2_ws/install/my_robot_controller/bin'
[3.910s] Level 1:colcon.colcon_core.environment:create_environment_scripts_only(my_robot_controller)
[3.910s] INFO:colcon.colcon_core.shell:Creating package script '/home/paakwasi/ros2_ws/install/my_robot_controller/share/my_robot_controller/package.ps1'
[3.911s] INFO:colcon.colcon_core.shell:Creating package descriptor '/home/paakwasi/ros2_ws/install/my_robot_controller/share/my_robot_controller/package.dsv'
[3.912s] INFO:colcon.colcon_core.shell:Creating package script '/home/paakwasi/ros2_ws/install/my_robot_controller/share/my_robot_controller/package.sh'
[3.913s] INFO:colcon.colcon_core.shell:Creating package script '/home/paakwasi/ros2_ws/install/my_robot_controller/share/my_robot_controller/package.bash'
[3.913s] INFO:colcon.colcon_core.shell:Creating package script '/home/paakwasi/ros2_ws/install/my_robot_controller/share/my_robot_controller/package.zsh'
[3.914s] Level 1:colcon.colcon_core.environment:create_file_with_runtime_dependencies(/home/paakwasi/ros2_ws/install/my_robot_controller/share/colcon-core/packages/my_robot_controller)
[3.958s] Level 1:colcon.colcon_core.environment:checking '/home/paakwasi/ros2_ws/install/temp_monitoring' for CMake module files
[3.958s] Level 1:colcon.colcon_core.environment:checking '/home/paakwasi/ros2_ws/install/temp_monitoring' for CMake config files
[3.962s] Level 1:colcon.colcon_core.environment:checking '/home/paakwasi/ros2_ws/install/temp_monitoring/lib'
[3.964s] Level 1:colcon.colcon_core.environment:checking '/home/paakwasi/ros2_ws/install/temp_monitoring/bin'
[3.964s] Level 1:colcon.colcon_core.environment:checking '/home/paakwasi/ros2_ws/install/temp_monitoring/lib/pkgconfig/temp_monitoring.pc'
[3.966s] Level 1:colcon.colcon_core.environment:checking '/home/paakwasi/ros2_ws/install/temp_monitoring/lib/python3.10/site-packages'
[3.972s] Level 1:colcon.colcon_core.shell:create_environment_hook('temp_monitoring', 'pythonpath')
[3.974s] INFO:colcon.colcon_core.shell:Creating environment hook '/home/paakwasi/ros2_ws/install/temp_monitoring/share/temp_monitoring/hook/pythonpath.ps1'
[3.975s] INFO:colcon.colcon_core.shell:Creating environment descriptor '/home/paakwasi/ros2_ws/install/temp_monitoring/share/temp_monitoring/hook/pythonpath.dsv'
[3.976s] INFO:colcon.colcon_core.shell:Creating environment hook '/home/paakwasi/ros2_ws/install/temp_monitoring/share/temp_monitoring/hook/pythonpath.sh'
[3.976s] DEBUG:colcon.colcon_core.event_handler.log_command:Invoking command in '/home/paakwasi/ros2_ws/src/number_analyzer': CMAKE_PREFIX_PATH=/home/paakwasi/ros2_ws/install/first_custom_interface:/home/paakwasi/ros2_ws/install/firt_custom_interface LD_LIBRARY_PATH=/home/paakwasi/ros2_ws/install/first_custom_interface/lib:/home/paakwasi/ros2_ws/install/firt_custom_interface/lib:/opt/ros/humble/opt/rviz_ogre_vendor/lib:/opt/ros/humble/lib/x86_64-linux-gnu:/opt/ros/humble/lib PYTHONPATH=/home/paakwasi/ros2_ws/build/number_analyzer/prefix_override:/usr/lib/python3/dist-packages/colcon_core/task/python/colcon_distutils_commands:/home/paakwasi/ros2_ws/install/number_analyzer/lib/python3.10/site-packages:${PYTHONPATH} /usr/bin/python3 -W ignore:setup.py install is deprecated -W ignore:easy_install command is deprecated setup.py egg_info --egg-base ../../build/number_analyzer build --build-base /home/paakwasi/ros2_ws/build/number_analyzer/build install --record /home/paakwasi/ros2_ws/build/number_analyzer/install.log --single-version-externally-managed install_data
[3.978s] DEBUG:colcon.colcon_core.event_handler.log_command:Invoked command in '/home/paakwasi/ros2_ws/src/temp_monitoring' returned '0': PYTHONPATH=/home/paakwasi/ros2_ws/build/temp_monitoring/prefix_override:/usr/lib/python3/dist-packages/colcon_core/task/python/colcon_distutils_commands:/home/paakwasi/ros2_ws/install/temp_monitoring/lib/python3.10/site-packages:${PYTHONPATH} /usr/bin/python3 -W ignore:setup.py install is deprecated -W ignore:easy_install command is deprecated setup.py egg_info --egg-base ../../build/temp_monitoring build --build-base /home/paakwasi/ros2_ws/build/temp_monitoring/build install --record /home/paakwasi/ros2_ws/build/temp_monitoring/install.log --single-version-externally-managed install_data
[3.978s] Level 1:colcon.colcon_core.environment:checking '/home/paakwasi/ros2_ws/install/temp_monitoring/bin'
[3.979s] Level 1:colcon.colcon_core.environment:create_environment_scripts_only(temp_monitoring)
[3.979s] INFO:colcon.colcon_core.shell:Creating package script '/home/paakwasi/ros2_ws/install/temp_monitoring/share/temp_monitoring/package.ps1'
[3.980s] INFO:colcon.colcon_core.shell:Creating package descriptor '/home/paakwasi/ros2_ws/install/temp_monitoring/share/temp_monitoring/package.dsv'
[3.980s] INFO:colcon.colcon_core.shell:Creating package script '/home/paakwasi/ros2_ws/install/temp_monitoring/share/temp_monitoring/package.sh'
[3.981s] INFO:colcon.colcon_core.shell:Creating package script '/home/paakwasi/ros2_ws/install/temp_monitoring/share/temp_monitoring/package.bash'
[3.981s] INFO:colcon.colcon_core.shell:Creating package script '/home/paakwasi/ros2_ws/install/temp_monitoring/share/temp_monitoring/package.zsh'
[3.982s] Level 1:colcon.colcon_core.environment:create_file_with_runtime_dependencies(/home/paakwasi/ros2_ws/install/temp_monitoring/share/colcon-core/packages/temp_monitoring)
[4.255s] Level 1:colcon.colcon_core.environment:checking '/home/paakwasi/ros2_ws/install/number_analyzer' for CMake module files
[4.256s] DEBUG:colcon.colcon_core.event_handler.log_command:Invoked command in '/home/paakwasi/ros2_ws/src/number_analyzer' returned '0': CMAKE_PREFIX_PATH=/home/paakwasi/ros2_ws/install/first_custom_interface:/home/paakwasi/ros2_ws/install/firt_custom_interface LD_LIBRARY_PATH=/home/paakwasi/ros2_ws/install/first_custom_interface/lib:/home/paakwasi/ros2_ws/install/firt_custom_interface/lib:/opt/ros/humble/opt/rviz_ogre_vendor/lib:/opt/ros/humble/lib/x86_64-linux-gnu:/opt/ros/humble/lib PYTHONPATH=/home/paakwasi/ros2_ws/build/number_analyzer/prefix_override:/usr/lib/python3/dist-packages/colcon_core/task/python/colcon_distutils_commands:/home/paakwasi/ros2_ws/install/number_analyzer/lib/python3.10/site-packages:${PYTHONPATH} /usr/bin/python3 -W ignore:setup.py install is deprecated -W ignore:easy_install command is deprecated setup.py egg_info --egg-base ../../build/number_analyzer build --build-base /home/paakwasi/ros2_ws/build/number_analyzer/build install --record /home/paakwasi/ros2_ws/build/number_analyzer/install.log --single-version-externally-managed install_data
[4.256s] Level 1:colcon.colcon_core.environment:checking '/home/paakwasi/ros2_ws/install/number_analyzer' for CMake config files
[4.257s] Level 1:colcon.colcon_core.environment:checking '/home/paakwasi/ros2_ws/install/number_analyzer/lib'
[4.257s] Level 1:colcon.colcon_core.environment:checking '/home/paakwasi/ros2_ws/install/number_analyzer/bin'
[4.257s] Level 1:colcon.colcon_core.environment:checking '/home/paakwasi/ros2_ws/install/number_analyzer/lib/pkgconfig/number_analyzer.pc'
[4.257s] Level 1:colcon.colcon_core.environment:checking '/home/paakwasi/ros2_ws/install/number_analyzer/lib/python3.10/site-packages'
[4.257s] Level 1:colcon.colcon_core.shell:create_environment_hook('number_analyzer', 'pythonpath')
[4.257s] INFO:colcon.colcon_core.shell:Creating environment hook '/home/paakwasi/ros2_ws/install/number_analyzer/share/number_analyzer/hook/pythonpath.ps1'
[4.258s] INFO:colcon.colcon_core.shell:Creating environment descriptor '/home/paakwasi/ros2_ws/install/number_analyzer/share/number_analyzer/hook/pythonpath.dsv'
[4.259s] INFO:colcon.colcon_core.shell:Creating environment hook '/home/paakwasi/ros2_ws/install/number_analyzer/share/number_analyzer/hook/pythonpath.sh'
[4.260s] Level 1:colcon.colcon_core.environment:checking '/home/paakwasi/ros2_ws/install/number_analyzer/bin'
[4.260s] Level 1:colcon.colcon_core.environment:create_environment_scripts_only(number_analyzer)
[4.260s] INFO:colcon.colcon_core.shell:Creating package script '/home/paakwasi/ros2_ws/install/number_analyzer/share/number_analyzer/package.ps1'
[4.261s] INFO:colcon.colcon_core.shell:Creating package descriptor '/home/paakwasi/ros2_ws/install/number_analyzer/share/number_analyzer/package.dsv'
[4.262s] INFO:colcon.colcon_core.shell:Creating package script '/home/paakwasi/ros2_ws/install/number_analyzer/share/number_analyzer/package.sh'
[4.262s] INFO:colcon.colcon_core.shell:Creating package script '/home/paakwasi/ros2_ws/install/number_analyzer/share/number_analyzer/package.bash'
[4.263s] INFO:colcon.colcon_core.shell:Creating package script '/home/paakwasi/ros2_ws/install/number_analyzer/share/number_analyzer/package.zsh'
[4.264s] Level 1:colcon.colcon_core.environment:create_file_with_runtime_dependencies(/home/paakwasi/ros2_ws/install/number_analyzer/share/colcon-core/packages/number_analyzer)
[4.265s] DEBUG:colcon.colcon_parallel_executor.executor.parallel:closing loop
[4.266s] DEBUG:colcon.colcon_parallel_executor.executor.parallel:loop closed
[4.270s] DEBUG:colcon.colcon_parallel_executor.executor.parallel:run_until_complete finished with '0'
[4.270s] DEBUG:colcon.colcon_core.event_reactor:joining thread
[4.278s] INFO:colcon.colcon_core.plugin_system:Skipping extension 'colcon_notification.desktop_notification.terminal_notifier': Not used on non-Darwin systems
[4.278s] INFO:colcon.colcon_core.plugin_system:Skipping extension 'colcon_notification.desktop_notification.win32': Not used on non-Windows systems
[4.278s] INFO:colcon.colcon_notification.desktop_notification:Sending desktop notification using 'notify2'
[4.300s] DEBUG:colcon.colcon_core.event_reactor:joined thread
[4.301s] INFO:colcon.colcon_core.shell:Creating prefix script '/home/paakwasi/ros2_ws/install/local_setup.ps1'
[4.303s] INFO:colcon.colcon_core.shell:Creating prefix util module '/home/paakwasi/ros2_ws/install/_local_setup_util_ps1.py'
[4.306s] INFO:colcon.colcon_core.shell:Creating prefix chain script '/home/paakwasi/ros2_ws/install/setup.ps1'
[4.307s] INFO:colcon.colcon_core.shell:Creating prefix script '/home/paakwasi/ros2_ws/install/local_setup.sh'
[4.311s] INFO:colcon.colcon_core.shell:Creating prefix util module '/home/paakwasi/ros2_ws/install/_local_setup_util_sh.py'
[4.312s] INFO:colcon.colcon_core.shell:Creating prefix chain script '/home/paakwasi/ros2_ws/install/setup.sh'
[4.318s] INFO:colcon.colcon_core.shell:Creating prefix script '/home/paakwasi/ros2_ws/install/local_setup.bash'
[4.323s] INFO:colcon.colcon_core.shell:Creating prefix chain script '/home/paakwasi/ros2_ws/install/setup.bash'
[4.326s] INFO:colcon.colcon_core.shell:Creating prefix script '/home/paakwasi/ros2_ws/install/local_setup.zsh'
[4.326s] INFO:colcon.colcon_core.shell:Creating prefix chain script '/home/paakwasi/ros2_ws/install/setup.zsh'
