[1.015s] Invoking command in '/home/paakwasi/ros2_ws/src/my_robot_controller': PYTHONPATH=/home/paakwasi/ros2_ws/build/my_robot_controller/prefix_override:/usr/lib/python3/dist-packages/colcon_core/task/python/colcon_distutils_commands:/home/paakwasi/ros2_ws/install/my_robot_controller/lib/python3.10/site-packages:${PYTHONPATH} /usr/bin/python3 -W ignore:setup.py install is deprecated -W ignore:easy_install command is deprecated setup.py egg_info --egg-base ../../build/my_robot_controller build --build-base /home/paakwasi/ros2_ws/build/my_robot_controller/build install --record /home/paakwasi/ros2_ws/build/my_robot_controller/install.log --single-version-externally-managed install_data
[1.344s] running egg_info
[1.344s] writing ../../build/my_robot_controller/my_robot_controller.egg-info/PKG-INFO
[1.350s] writing dependency_links to ../../build/my_robot_controller/my_robot_controller.egg-info/dependency_links.txt
[1.351s] writing entry points to ../../build/my_robot_controller/my_robot_controller.egg-info/entry_points.txt
[1.351s] writing requirements to ../../build/my_robot_controller/my_robot_controller.egg-info/requires.txt
[1.351s] writing top-level names to ../../build/my_robot_controller/my_robot_controller.egg-info/top_level.txt
[1.351s] reading manifest file '../../build/my_robot_controller/my_robot_controller.egg-info/SOURCES.txt'
[1.354s] writing manifest file '../../build/my_robot_controller/my_robot_controller.egg-info/SOURCES.txt'
[1.355s] running build
[1.355s] running build_py
[1.358s] copying my_robot_controller/my_first_node.py -> /home/paakwasi/ros2_ws/build/my_robot_controller/build/lib/my_robot_controller
[1.359s] running install
[1.360s] running install_lib
[1.365s] copying /home/paakwasi/ros2_ws/build/my_robot_controller/build/lib/my_robot_controller/my_first_node.py -> /home/paakwasi/ros2_ws/install/my_robot_controller/lib/python3.10/site-packages/my_robot_controller
[1.366s] byte-compiling /home/paakwasi/ros2_ws/install/my_robot_controller/lib/python3.10/site-packages/my_robot_controller/my_first_node.py to my_first_node.cpython-310.pyc
[1.366s] running install_data
[1.366s] running install_egg_info
[1.384s] removing '/home/paakwasi/ros2_ws/install/my_robot_controller/lib/python3.10/site-packages/my_robot_controller-0.0.0-py3.10.egg-info' (and everything under it)
[1.398s] Copying ../../build/my_robot_controller/my_robot_controller.egg-info to /home/paakwasi/ros2_ws/install/my_robot_controller/lib/python3.10/site-packages/my_robot_controller-0.0.0-py3.10.egg-info
[1.403s] running install_scripts
[1.442s] Installing test_node script to /home/paakwasi/ros2_ws/install/my_robot_controller/lib/my_robot_controller
[1.443s] writing list of installed files to '/home/paakwasi/ros2_ws/build/my_robot_controller/install.log'
[1.502s] Invoked command in '/home/paakwasi/ros2_ws/src/my_robot_controller' returned '0': PYTHONPATH=/home/paakwasi/ros2_ws/build/my_robot_controller/prefix_override:/usr/lib/python3/dist-packages/colcon_core/task/python/colcon_distutils_commands:/home/paakwasi/ros2_ws/install/my_robot_controller/lib/python3.10/site-packages:${PYTHONPATH} /usr/bin/python3 -W ignore:setup.py install is deprecated -W ignore:easy_install command is deprecated setup.py egg_info --egg-base ../../build/my_robot_controller build --build-base /home/paakwasi/ros2_ws/build/my_robot_controller/build install --record /home/paakwasi/ros2_ws/build/my_robot_controller/install.log --single-version-externally-managed install_data
