[0.126s] Invoking command in '/home/paakwasi/ros2_ws/build/first_custom_interface': CMAKE_PREFIX_PATH=${CMAKE_PREFIX_PATH}:/home/paakwasi/ros2_ws/install/turtle_robot:/home/paakwasi/ros2_ws/install/temp_monitoring:/home/paakwasi/ros2_ws/install/number_analyzer:/home/paakwasi/ros2_ws/install/my_robot_controller:/opt/ros/humble /usr/bin/cmake --build /home/paakwasi/ros2_ws/build/first_custom_interface -- -j10 -l10
[0.434s] -- Found rosidl_default_generators: 1.2.0 (/opt/ros/humble/share/rosidl_default_generators/cmake)
[0.478s] -- Found ament_cmake_core: 1.3.11 (/opt/ros/humble/share/ament_cmake_core/cmake)
[1.872s] -- Using all available rosidl_typesupport_c: rosidl_typesupport_fastrtps_c;rosidl_typesupport_introspection_c
[2.010s] -- Found rosidl_adapter: 3.1.6 (/opt/ros/humble/share/rosidl_adapter/cmake)
[3.472s] -- Using all available rosidl_typesupport_cpp: rosidl_typesupport_fastrtps_cpp;rosidl_typesupport_introspection_cpp
[5.797s] -- Found ament_cmake_ros: 0.10.0 (/opt/ros/humble/share/ament_cmake_ros/cmake)
[7.448s] -- Using all available rosidl_typesupport_c: rosidl_typesupport_fastrtps_c;rosidl_typesupport_introspection_c
[8.860s] -- Using all available rosidl_typesupport_cpp: rosidl_typesupport_fastrtps_cpp;rosidl_typesupport_introspection_cpp
[9.052s] -- Found python_cmake_module: 0.10.0 (/opt/ros/humble/share/python_cmake_module/cmake)
[9.210s] -- Using PYTHON_EXECUTABLE: /usr/bin/python3
[9.210s] -- Using PYTHON_INCLUDE_DIRS: /usr/include/python3.10
[9.210s] -- Using PYTHON_LIBRARIES: /usr/lib/x86_64-linux-gnu/libpython3.10.so
[9.365s] -- Found ament_lint_auto: 0.12.12 (/opt/ros/humble/share/ament_lint_auto/cmake)
[9.947s] -- Added test 'lint_cmake' to check CMake code style
[9.981s] -- Added test 'xmllint' to check XML markup files
[10.102s] -- Configuring done
[10.868s] -- Generating done
[11.168s] -- Build files have been written to: /home/paakwasi/ros2_ws/build/first_custom_interface
[11.431s] [  2%] [34m[1mGenerating C code for ROS interfaces[0m
[11.568s] [  5%] [34m[1mGenerating C++ code for ROS interfaces[0m
[11.750s] [  5%] Built target ament_cmake_python_copy_first_custom_interface
[13.533s] [35m[1mConsolidate compiler generated dependencies of target first_custom_interface__rosidl_generator_c[0m
[13.754s] [  7%] [32mBuilding C object CMakeFiles/first_custom_interface__rosidl_generator_c.dir/rosidl_generator_c/first_custom_interface/srv/detail/return_to_base__functions.c.o[0m
[13.816s] [ 10%] [32mBuilding C object CMakeFiles/first_custom_interface__rosidl_generator_c.dir/rosidl_generator_c/first_custom_interface/srv/detail/analyze_number__functions.c.o[0m
[14.181s] [ 10%] Built target first_custom_interface__cpp
[14.341s] [ 12%] [34m[1mGenerating C++ type support dispatch for ROS interfaces[0m
[14.396s] [ 17%] [34m[1mGenerating C++ type support for eProsima Fast-RTPS[0m
[14.422s] [ 15%] [34m[1mGenerating C++ introspection for ROS interfaces[0m
[15.166s] running egg_info
[15.166s] writing first_custom_interface.egg-info/PKG-INFO
[15.175s] writing dependency_links to first_custom_interface.egg-info/dependency_links.txt
[15.190s] writing top-level names to first_custom_interface.egg-info/top_level.txt
[15.211s] reading manifest file 'first_custom_interface.egg-info/SOURCES.txt'
[15.227s] writing manifest file 'first_custom_interface.egg-info/SOURCES.txt'
[15.545s] [ 17%] Built target ament_cmake_python_build_first_custom_interface_egg
[16.520s] [35m[1mConsolidate compiler generated dependencies of target first_custom_interface__rosidl_typesupport_cpp[0m
[16.816s] [35m[1mConsolidate compiler generated dependencies of target first_custom_interface__rosidl_typesupport_introspection_cpp[0m
[16.890s] [ 20%] [32mBuilding CXX object CMakeFiles/first_custom_interface__rosidl_typesupport_cpp.dir/rosidl_typesupport_cpp/first_custom_interface/srv/analyze_number__type_support.cpp.o[0m
[16.916s] [35m[1mConsolidate compiler generated dependencies of target first_custom_interface__rosidl_typesupport_fastrtps_cpp[0m
[16.952s] [ 23%] [32mBuilding CXX object CMakeFiles/first_custom_interface__rosidl_typesupport_cpp.dir/rosidl_typesupport_cpp/first_custom_interface/srv/return_to_base__type_support.cpp.o[0m
[17.059s] [ 25%] [32mBuilding CXX object CMakeFiles/first_custom_interface__rosidl_typesupport_introspection_cpp.dir/rosidl_typesupport_introspection_cpp/first_custom_interface/srv/detail/analyze_number__type_support.cpp.o[0m
[17.060s] [ 28%] [32mBuilding CXX object CMakeFiles/first_custom_interface__rosidl_typesupport_introspection_cpp.dir/rosidl_typesupport_introspection_cpp/first_custom_interface/srv/detail/return_to_base__type_support.cpp.o[0m
[17.171s] [ 30%] [32m[1mLinking C shared library libfirst_custom_interface__rosidl_generator_c.so[0m
[17.201s] [ 33%] [32mBuilding CXX object CMakeFiles/first_custom_interface__rosidl_typesupport_fastrtps_cpp.dir/rosidl_typesupport_fastrtps_cpp/first_custom_interface/srv/detail/dds_fastrtps/analyze_number__type_support.cpp.o[0m
[17.308s] [ 35%] [32mBuilding CXX object CMakeFiles/first_custom_interface__rosidl_typesupport_fastrtps_cpp.dir/rosidl_typesupport_fastrtps_cpp/first_custom_interface/srv/detail/dds_fastrtps/return_to_base__type_support.cpp.o[0m
[18.236s] [ 35%] Built target first_custom_interface__rosidl_generator_c
[18.418s] [ 38%] [34m[1mGenerating C type support for eProsima Fast-RTPS[0m
[18.450s] [ 41%] [34m[1mGenerating C type support dispatch for ROS interfaces[0m
[18.587s] [ 43%] [34m[1mGenerating C introspection for ROS interfaces[0m
[21.593s] [35m[1mConsolidate compiler generated dependencies of target first_custom_interface__rosidl_typesupport_c[0m
[21.627s] [35m[1mConsolidate compiler generated dependencies of target first_custom_interface__rosidl_typesupport_introspection_c[0m
[21.670s] [ 46%] [32mBuilding CXX object CMakeFiles/first_custom_interface__rosidl_typesupport_c.dir/rosidl_typesupport_c/first_custom_interface/srv/analyze_number__type_support.cpp.o[0m
[21.746s] [ 48%] [32mBuilding CXX object CMakeFiles/first_custom_interface__rosidl_typesupport_c.dir/rosidl_typesupport_c/first_custom_interface/srv/return_to_base__type_support.cpp.o[0m
[21.918s] [35m[1mConsolidate compiler generated dependencies of target first_custom_interface__rosidl_typesupport_fastrtps_c[0m
[21.971s] [ 51%] [32mBuilding C object CMakeFiles/first_custom_interface__rosidl_typesupport_introspection_c.dir/rosidl_typesupport_introspection_c/first_custom_interface/srv/detail/analyze_number__type_support.c.o[0m
[22.186s] [ 53%] [32mBuilding CXX object CMakeFiles/first_custom_interface__rosidl_typesupport_fastrtps_c.dir/rosidl_typesupport_fastrtps_c/first_custom_interface/srv/detail/analyze_number__type_support_c.cpp.o[0m
[22.375s] [ 56%] [32mBuilding C object CMakeFiles/first_custom_interface__rosidl_typesupport_introspection_c.dir/rosidl_typesupport_introspection_c/first_custom_interface/srv/detail/return_to_base__type_support.c.o[0m
[22.389s] [ 58%] [32mBuilding CXX object CMakeFiles/first_custom_interface__rosidl_typesupport_fastrtps_c.dir/rosidl_typesupport_fastrtps_c/first_custom_interface/srv/detail/return_to_base__type_support_c.cpp.o[0m
[22.591s] [ 61%] [32m[1mLinking CXX shared library libfirst_custom_interface__rosidl_typesupport_c.so[0m
[23.315s] [ 64%] [32m[1mLinking CXX shared library libfirst_custom_interface__rosidl_typesupport_cpp.so[0m
[23.440s] [ 64%] Built target first_custom_interface__rosidl_typesupport_c
[23.751s] [ 66%] [32m[1mLinking C shared library libfirst_custom_interface__rosidl_typesupport_introspection_c.so[0m
[24.384s] [ 66%] Built target first_custom_interface__rosidl_typesupport_cpp
[24.438s] [ 66%] Built target first_custom_interface__rosidl_typesupport_introspection_c
[25.313s] [ 69%] [32m[1mLinking CXX shared library libfirst_custom_interface__rosidl_typesupport_introspection_cpp.so[0m
[25.563s] [ 71%] [32m[1mLinking CXX shared library libfirst_custom_interface__rosidl_typesupport_fastrtps_cpp.so[0m
[25.832s] [ 74%] [32m[1mLinking CXX shared library libfirst_custom_interface__rosidl_typesupport_fastrtps_c.so[0m
[25.971s] [ 74%] Built target first_custom_interface__rosidl_typesupport_introspection_cpp
[26.362s] [ 74%] Built target first_custom_interface__rosidl_typesupport_fastrtps_cpp
[26.521s] [ 74%] Built target first_custom_interface__rosidl_typesupport_fastrtps_c
[26.765s] [ 74%] Built target first_custom_interface
[26.925s] [ 76%] [34m[1mGenerating Python code for ROS interfaces[0m
[30.332s] [ 76%] Built target first_custom_interface__py
[30.504s] [35m[1mConsolidate compiler generated dependencies of target first_custom_interface__rosidl_generator_py[0m
[30.734s] [ 79%] [32mBuilding C object CMakeFiles/first_custom_interface__rosidl_generator_py.dir/rosidl_generator_py/first_custom_interface/srv/_analyze_number_s.c.o[0m
[30.734s] [ 82%] [32mBuilding C object CMakeFiles/first_custom_interface__rosidl_generator_py.dir/rosidl_generator_py/first_custom_interface/srv/_return_to_base_s.c.o[0m
[33.528s] [ 84%] [32m[1mLinking C shared library rosidl_generator_py/first_custom_interface/libfirst_custom_interface__rosidl_generator_py.so[0m
[33.836s] [ 84%] Built target first_custom_interface__rosidl_generator_py
[33.983s] [35m[1mConsolidate compiler generated dependencies of target first_custom_interface__rosidl_typesupport_fastrtps_c__pyext[0m
[34.027s] [35m[1mConsolidate compiler generated dependencies of target first_custom_interface__rosidl_typesupport_c__pyext[0m
[34.050s] [35m[1mConsolidate compiler generated dependencies of target first_custom_interface__rosidl_typesupport_introspection_c__pyext[0m
[34.160s] [ 87%] [32mBuilding C object CMakeFiles/first_custom_interface__rosidl_typesupport_fastrtps_c__pyext.dir/rosidl_generator_py/first_custom_interface/_first_custom_interface_s.ep.rosidl_typesupport_fastrtps_c.c.o[0m
[34.216s] [ 89%] [32mBuilding C object CMakeFiles/first_custom_interface__rosidl_typesupport_c__pyext.dir/rosidl_generator_py/first_custom_interface/_first_custom_interface_s.ep.rosidl_typesupport_c.c.o[0m
[34.297s] [ 92%] [32mBuilding C object CMakeFiles/first_custom_interface__rosidl_typesupport_introspection_c__pyext.dir/rosidl_generator_py/first_custom_interface/_first_custom_interface_s.ep.rosidl_typesupport_introspection_c.c.o[0m
[34.946s] [ 94%] [32m[1mLinking C shared library rosidl_generator_py/first_custom_interface/first_custom_interface_s__rosidl_typesupport_c.cpython-310-x86_64-linux-gnu.so[0m
[35.034s] [ 97%] [32m[1mLinking C shared library rosidl_generator_py/first_custom_interface/first_custom_interface_s__rosidl_typesupport_introspection_c.cpython-310-x86_64-linux-gnu.so[0m
[35.044s] [100%] [32m[1mLinking C shared library rosidl_generator_py/first_custom_interface/first_custom_interface_s__rosidl_typesupport_fastrtps_c.cpython-310-x86_64-linux-gnu.so[0m
[35.389s] [100%] Built target first_custom_interface__rosidl_typesupport_introspection_c__pyext
[35.399s] [100%] Built target first_custom_interface__rosidl_typesupport_c__pyext
[35.526s] [100%] Built target first_custom_interface__rosidl_typesupport_fastrtps_c__pyext
[35.783s] Invoked command in '/home/paakwasi/ros2_ws/build/first_custom_interface' returned '0': CMAKE_PREFIX_PATH=${CMAKE_PREFIX_PATH}:/home/paakwasi/ros2_ws/install/turtle_robot:/home/paakwasi/ros2_ws/install/temp_monitoring:/home/paakwasi/ros2_ws/install/number_analyzer:/home/paakwasi/ros2_ws/install/my_robot_controller:/opt/ros/humble /usr/bin/cmake --build /home/paakwasi/ros2_ws/build/first_custom_interface -- -j10 -l10
[35.985s] Invoking command in '/home/paakwasi/ros2_ws/build/first_custom_interface': CMAKE_PREFIX_PATH=${CMAKE_PREFIX_PATH}:/home/paakwasi/ros2_ws/install/turtle_robot:/home/paakwasi/ros2_ws/install/temp_monitoring:/home/paakwasi/ros2_ws/install/number_analyzer:/home/paakwasi/ros2_ws/install/my_robot_controller:/opt/ros/humble /usr/bin/cmake --install /home/paakwasi/ros2_ws/build/first_custom_interface
[36.085s] -- Install configuration: ""
[36.089s] -- Installing: /home/paakwasi/ros2_ws/install/first_custom_interface/share/ament_index/resource_index/rosidl_interfaces/first_custom_interface
[36.089s] -- Up-to-date: /home/paakwasi/ros2_ws/install/first_custom_interface/include/first_custom_interface/first_custom_interface
[36.089s] -- Up-to-date: /home/paakwasi/ros2_ws/install/first_custom_interface/include/first_custom_interface/first_custom_interface/msg
[36.089s] -- Up-to-date: /home/paakwasi/ros2_ws/install/first_custom_interface/include/first_custom_interface/first_custom_interface/msg/rosidl_generator_c__visibility_control.h
[36.091s] -- Up-to-date: /home/paakwasi/ros2_ws/install/first_custom_interface/include/first_custom_interface/first_custom_interface/srv
[36.091s] -- Up-to-date: /home/paakwasi/ros2_ws/install/first_custom_interface/include/first_custom_interface/first_custom_interface/srv/detail
[36.091s] -- Installing: /home/paakwasi/ros2_ws/install/first_custom_interface/include/first_custom_interface/first_custom_interface/srv/detail/return_to_base__struct.h
[36.091s] -- Installing: /home/paakwasi/ros2_ws/install/first_custom_interface/include/first_custom_interface/first_custom_interface/srv/detail/return_to_base__functions.h
[36.092s] -- Installing: /home/paakwasi/ros2_ws/install/first_custom_interface/include/first_custom_interface/first_custom_interface/srv/detail/analyze_number__struct.h
[36.092s] -- Installing: /home/paakwasi/ros2_ws/install/first_custom_interface/include/first_custom_interface/first_custom_interface/srv/detail/analyze_number__functions.c
[36.092s] -- Installing: /home/paakwasi/ros2_ws/install/first_custom_interface/include/first_custom_interface/first_custom_interface/srv/detail/analyze_number__functions.h
[36.092s] -- Installing: /home/paakwasi/ros2_ws/install/first_custom_interface/include/first_custom_interface/first_custom_interface/srv/detail/analyze_number__type_support.h
[36.092s] -- Installing: /home/paakwasi/ros2_ws/install/first_custom_interface/include/first_custom_interface/first_custom_interface/srv/detail/return_to_base__functions.c
[36.092s] -- Installing: /home/paakwasi/ros2_ws/install/first_custom_interface/include/first_custom_interface/first_custom_interface/srv/detail/return_to_base__type_support.h
[36.092s] -- Installing: /home/paakwasi/ros2_ws/install/first_custom_interface/include/first_custom_interface/first_custom_interface/srv/analyze_number.h
[36.098s] -- Installing: /home/paakwasi/ros2_ws/install/first_custom_interface/include/first_custom_interface/first_custom_interface/srv/return_to_base.h
[36.135s] -- Up-to-date: /home/paakwasi/ros2_ws/install/first_custom_interface/share/first_custom_interface/environment/library_path.sh
[36.135s] -- Installing: /home/paakwasi/ros2_ws/install/first_custom_interface/share/first_custom_interface/environment/library_path.dsv
[36.135s] -- Installing: /home/paakwasi/ros2_ws/install/first_custom_interface/lib/libfirst_custom_interface__rosidl_generator_c.so
[36.135s] -- Set runtime path of "/home/paakwasi/ros2_ws/install/first_custom_interface/lib/libfirst_custom_interface__rosidl_generator_c.so" to ""
[36.135s] -- Up-to-date: /home/paakwasi/ros2_ws/install/first_custom_interface/include/first_custom_interface/first_custom_interface
[36.135s] -- Up-to-date: /home/paakwasi/ros2_ws/install/first_custom_interface/include/first_custom_interface/first_custom_interface/msg
[36.136s] -- Up-to-date: /home/paakwasi/ros2_ws/install/first_custom_interface/include/first_custom_interface/first_custom_interface/msg/rosidl_typesupport_fastrtps_c__visibility_control.h
[36.136s] -- Up-to-date: /home/paakwasi/ros2_ws/install/first_custom_interface/include/first_custom_interface/first_custom_interface/srv
[36.136s] -- Up-to-date: /home/paakwasi/ros2_ws/install/first_custom_interface/include/first_custom_interface/first_custom_interface/srv/detail
[36.136s] -- Installing: /home/paakwasi/ros2_ws/install/first_custom_interface/include/first_custom_interface/first_custom_interface/srv/detail/analyze_number__rosidl_typesupport_fastrtps_c.h
[36.136s] -- Installing: /home/paakwasi/ros2_ws/install/first_custom_interface/include/first_custom_interface/first_custom_interface/srv/detail/return_to_base__rosidl_typesupport_fastrtps_c.h
[36.136s] -- Installing: /home/paakwasi/ros2_ws/install/first_custom_interface/lib/libfirst_custom_interface__rosidl_typesupport_fastrtps_c.so
[36.136s] -- Set runtime path of "/home/paakwasi/ros2_ws/install/first_custom_interface/lib/libfirst_custom_interface__rosidl_typesupport_fastrtps_c.so" to ""
[36.136s] -- Up-to-date: /home/paakwasi/ros2_ws/install/first_custom_interface/include/first_custom_interface/first_custom_interface
[36.136s] -- Up-to-date: /home/paakwasi/ros2_ws/install/first_custom_interface/include/first_custom_interface/first_custom_interface/msg
[36.136s] -- Up-to-date: /home/paakwasi/ros2_ws/install/first_custom_interface/include/first_custom_interface/first_custom_interface/msg/rosidl_typesupport_introspection_c__visibility_control.h
[36.136s] -- Up-to-date: /home/paakwasi/ros2_ws/install/first_custom_interface/include/first_custom_interface/first_custom_interface/srv
[36.136s] -- Up-to-date: /home/paakwasi/ros2_ws/install/first_custom_interface/include/first_custom_interface/first_custom_interface/srv/detail
[36.136s] -- Installing: /home/paakwasi/ros2_ws/install/first_custom_interface/include/first_custom_interface/first_custom_interface/srv/detail/analyze_number__rosidl_typesupport_introspection_c.h
[36.140s] -- Installing: /home/paakwasi/ros2_ws/install/first_custom_interface/include/first_custom_interface/first_custom_interface/srv/detail/analyze_number__type_support.c
[36.142s] -- Installing: /home/paakwasi/ros2_ws/install/first_custom_interface/include/first_custom_interface/first_custom_interface/srv/detail/return_to_base__rosidl_typesupport_introspection_c.h
[36.155s] -- Installing: /home/paakwasi/ros2_ws/install/first_custom_interface/include/first_custom_interface/first_custom_interface/srv/detail/return_to_base__type_support.c
[36.155s] -- Installing: /home/paakwasi/ros2_ws/install/first_custom_interface/lib/libfirst_custom_interface__rosidl_typesupport_introspection_c.so
[36.155s] -- Set runtime path of "/home/paakwasi/ros2_ws/install/first_custom_interface/lib/libfirst_custom_interface__rosidl_typesupport_introspection_c.so" to ""
[36.155s] -- Installing: /home/paakwasi/ros2_ws/install/first_custom_interface/lib/libfirst_custom_interface__rosidl_typesupport_c.so
[36.155s] -- Set runtime path of "/home/paakwasi/ros2_ws/install/first_custom_interface/lib/libfirst_custom_interface__rosidl_typesupport_c.so" to ""
[36.155s] -- Up-to-date: /home/paakwasi/ros2_ws/install/first_custom_interface/include/first_custom_interface/first_custom_interface
[36.161s] -- Up-to-date: /home/paakwasi/ros2_ws/install/first_custom_interface/include/first_custom_interface/first_custom_interface/msg
[36.162s] -- Up-to-date: /home/paakwasi/ros2_ws/install/first_custom_interface/include/first_custom_interface/first_custom_interface/msg/rosidl_generator_cpp__visibility_control.hpp
[36.162s] -- Up-to-date: /home/paakwasi/ros2_ws/install/first_custom_interface/include/first_custom_interface/first_custom_interface/srv
[36.162s] -- Installing: /home/paakwasi/ros2_ws/install/first_custom_interface/include/first_custom_interface/first_custom_interface/srv/return_to_base.hpp
[36.162s] -- Up-to-date: /home/paakwasi/ros2_ws/install/first_custom_interface/include/first_custom_interface/first_custom_interface/srv/detail
[36.162s] -- Installing: /home/paakwasi/ros2_ws/install/first_custom_interface/include/first_custom_interface/first_custom_interface/srv/detail/analyze_number__traits.hpp
[36.162s] -- Installing: /home/paakwasi/ros2_ws/install/first_custom_interface/include/first_custom_interface/first_custom_interface/srv/detail/return_to_base__type_support.hpp
[36.162s] -- Installing: /home/paakwasi/ros2_ws/install/first_custom_interface/include/first_custom_interface/first_custom_interface/srv/detail/analyze_number__struct.hpp
[36.162s] -- Installing: /home/paakwasi/ros2_ws/install/first_custom_interface/include/first_custom_interface/first_custom_interface/srv/detail/return_to_base__builder.hpp
[36.162s] -- Installing: /home/paakwasi/ros2_ws/install/first_custom_interface/include/first_custom_interface/first_custom_interface/srv/detail/return_to_base__struct.hpp
[36.162s] -- Installing: /home/paakwasi/ros2_ws/install/first_custom_interface/include/first_custom_interface/first_custom_interface/srv/detail/analyze_number__type_support.hpp
[36.162s] -- Installing: /home/paakwasi/ros2_ws/install/first_custom_interface/include/first_custom_interface/first_custom_interface/srv/detail/analyze_number__builder.hpp
[36.166s] -- Installing: /home/paakwasi/ros2_ws/install/first_custom_interface/include/first_custom_interface/first_custom_interface/srv/detail/return_to_base__traits.hpp
[36.166s] -- Installing: /home/paakwasi/ros2_ws/install/first_custom_interface/include/first_custom_interface/first_custom_interface/srv/analyze_number.hpp
[36.166s] -- Up-to-date: /home/paakwasi/ros2_ws/install/first_custom_interface/include/first_custom_interface/first_custom_interface
[36.166s] -- Up-to-date: /home/paakwasi/ros2_ws/install/first_custom_interface/include/first_custom_interface/first_custom_interface/msg
[36.172s] -- Up-to-date: /home/paakwasi/ros2_ws/install/first_custom_interface/include/first_custom_interface/first_custom_interface/msg/rosidl_typesupport_fastrtps_cpp__visibility_control.h
[36.172s] -- Up-to-date: /home/paakwasi/ros2_ws/install/first_custom_interface/include/first_custom_interface/first_custom_interface/srv
[36.172s] -- Up-to-date: /home/paakwasi/ros2_ws/install/first_custom_interface/include/first_custom_interface/first_custom_interface/srv/detail
[36.172s] -- Installing: /home/paakwasi/ros2_ws/install/first_custom_interface/include/first_custom_interface/first_custom_interface/srv/detail/analyze_number__rosidl_typesupport_fastrtps_cpp.hpp
[36.172s] -- Up-to-date: /home/paakwasi/ros2_ws/install/first_custom_interface/include/first_custom_interface/first_custom_interface/srv/detail/dds_fastrtps
[36.172s] -- Installing: /home/paakwasi/ros2_ws/install/first_custom_interface/include/first_custom_interface/first_custom_interface/srv/detail/return_to_base__rosidl_typesupport_fastrtps_cpp.hpp
[36.172s] -- Installing: /home/paakwasi/ros2_ws/install/first_custom_interface/lib/libfirst_custom_interface__rosidl_typesupport_fastrtps_cpp.so
[36.173s] -- Set runtime path of "/home/paakwasi/ros2_ws/install/first_custom_interface/lib/libfirst_custom_interface__rosidl_typesupport_fastrtps_cpp.so" to ""
[36.181s] -- Up-to-date: /home/paakwasi/ros2_ws/install/first_custom_interface/include/first_custom_interface/first_custom_interface
[36.181s] -- Up-to-date: /home/paakwasi/ros2_ws/install/first_custom_interface/include/first_custom_interface/first_custom_interface/srv
[36.181s] -- Up-to-date: /home/paakwasi/ros2_ws/install/first_custom_interface/include/first_custom_interface/first_custom_interface/srv/detail
[36.181s] -- Installing: /home/paakwasi/ros2_ws/install/first_custom_interface/include/first_custom_interface/first_custom_interface/srv/detail/analyze_number__rosidl_typesupport_introspection_cpp.hpp
[36.182s] -- Installing: /home/paakwasi/ros2_ws/install/first_custom_interface/include/first_custom_interface/first_custom_interface/srv/detail/analyze_number__type_support.cpp
[36.182s] -- Installing: /home/paakwasi/ros2_ws/install/first_custom_interface/include/first_custom_interface/first_custom_interface/srv/detail/return_to_base__rosidl_typesupport_introspection_cpp.hpp
[36.182s] -- Installing: /home/paakwasi/ros2_ws/install/first_custom_interface/include/first_custom_interface/first_custom_interface/srv/detail/return_to_base__type_support.cpp
[36.182s] -- Installing: /home/paakwasi/ros2_ws/install/first_custom_interface/lib/libfirst_custom_interface__rosidl_typesupport_introspection_cpp.so
[36.183s] -- Set runtime path of "/home/paakwasi/ros2_ws/install/first_custom_interface/lib/libfirst_custom_interface__rosidl_typesupport_introspection_cpp.so" to ""
[36.183s] -- Installing: /home/paakwasi/ros2_ws/install/first_custom_interface/lib/libfirst_custom_interface__rosidl_typesupport_cpp.so
[36.183s] -- Set runtime path of "/home/paakwasi/ros2_ws/install/first_custom_interface/lib/libfirst_custom_interface__rosidl_typesupport_cpp.so" to ""
[36.183s] -- Up-to-date: /home/paakwasi/ros2_ws/install/first_custom_interface/share/first_custom_interface/environment/pythonpath.sh
[36.183s] -- Installing: /home/paakwasi/ros2_ws/install/first_custom_interface/share/first_custom_interface/environment/pythonpath.dsv
[36.183s] -- Up-to-date: /home/paakwasi/ros2_ws/install/first_custom_interface/local/lib/python3.10/dist-packages/first_custom_interface-0.0.0-py3.10.egg-info
[36.183s] -- Installing: /home/paakwasi/ros2_ws/install/first_custom_interface/local/lib/python3.10/dist-packages/first_custom_interface-0.0.0-py3.10.egg-info/top_level.txt
[36.184s] -- Installing: /home/paakwasi/ros2_ws/install/first_custom_interface/local/lib/python3.10/dist-packages/first_custom_interface-0.0.0-py3.10.egg-info/SOURCES.txt
[36.184s] -- Installing: /home/paakwasi/ros2_ws/install/first_custom_interface/local/lib/python3.10/dist-packages/first_custom_interface-0.0.0-py3.10.egg-info/dependency_links.txt
[36.184s] -- Installing: /home/paakwasi/ros2_ws/install/first_custom_interface/local/lib/python3.10/dist-packages/first_custom_interface-0.0.0-py3.10.egg-info/PKG-INFO
[36.184s] -- Up-to-date: /home/paakwasi/ros2_ws/install/first_custom_interface/local/lib/python3.10/dist-packages/first_custom_interface
[36.184s] -- Installing: /home/paakwasi/ros2_ws/install/first_custom_interface/local/lib/python3.10/dist-packages/first_custom_interface/__init__.py
[36.184s] -- Installing: /home/paakwasi/ros2_ws/install/first_custom_interface/local/lib/python3.10/dist-packages/first_custom_interface/_first_custom_interface_s.ep.rosidl_typesupport_introspection_c.c
[36.184s] -- Installing: /home/paakwasi/ros2_ws/install/first_custom_interface/local/lib/python3.10/dist-packages/first_custom_interface/first_custom_interface_s__rosidl_typesupport_fastrtps_c.cpython-310-x86_64-linux-gnu.so
[36.184s] -- Installing: /home/paakwasi/ros2_ws/install/first_custom_interface/local/lib/python3.10/dist-packages/first_custom_interface/first_custom_interface_s__rosidl_typesupport_introspection_c.cpython-310-x86_64-linux-gnu.so
[36.184s] -- Installing: /home/paakwasi/ros2_ws/install/first_custom_interface/local/lib/python3.10/dist-packages/first_custom_interface/first_custom_interface_s__rosidl_typesupport_c.cpython-310-x86_64-linux-gnu.so
[36.184s] -- Installing: /home/paakwasi/ros2_ws/install/first_custom_interface/local/lib/python3.10/dist-packages/first_custom_interface/_first_custom_interface_s.ep.rosidl_typesupport_fastrtps_c.c
[36.184s] -- Installing: /home/paakwasi/ros2_ws/install/first_custom_interface/local/lib/python3.10/dist-packages/first_custom_interface/_first_custom_interface_s.ep.rosidl_typesupport_c.c
[36.184s] -- Installing: /home/paakwasi/ros2_ws/install/first_custom_interface/local/lib/python3.10/dist-packages/first_custom_interface/libfirst_custom_interface__rosidl_generator_py.so
[36.184s] -- Up-to-date: /home/paakwasi/ros2_ws/install/first_custom_interface/local/lib/python3.10/dist-packages/first_custom_interface/srv
[36.184s] -- Installing: /home/paakwasi/ros2_ws/install/first_custom_interface/local/lib/python3.10/dist-packages/first_custom_interface/srv/__init__.py
[36.184s] -- Installing: /home/paakwasi/ros2_ws/install/first_custom_interface/local/lib/python3.10/dist-packages/first_custom_interface/srv/_analyze_number_s.c
[36.184s] -- Installing: /home/paakwasi/ros2_ws/install/first_custom_interface/local/lib/python3.10/dist-packages/first_custom_interface/srv/_return_to_base_s.c
[36.184s] -- Installing: /home/paakwasi/ros2_ws/install/first_custom_interface/local/lib/python3.10/dist-packages/first_custom_interface/srv/_analyze_number.py
[36.184s] -- Installing: /home/paakwasi/ros2_ws/install/first_custom_interface/local/lib/python3.10/dist-packages/first_custom_interface/srv/_return_to_base.py
[36.335s] Listing '/home/paakwasi/ros2_ws/install/first_custom_interface/local/lib/python3.10/dist-packages/first_custom_interface'...
[36.336s] Compiling '/home/paakwasi/ros2_ws/install/first_custom_interface/local/lib/python3.10/dist-packages/first_custom_interface/__init__.py'...
[36.336s] Listing '/home/paakwasi/ros2_ws/install/first_custom_interface/local/lib/python3.10/dist-packages/first_custom_interface/srv'...
[36.336s] Compiling '/home/paakwasi/ros2_ws/install/first_custom_interface/local/lib/python3.10/dist-packages/first_custom_interface/srv/__init__.py'...
[36.344s] Compiling '/home/paakwasi/ros2_ws/install/first_custom_interface/local/lib/python3.10/dist-packages/first_custom_interface/srv/_analyze_number.py'...
[36.344s] Compiling '/home/paakwasi/ros2_ws/install/first_custom_interface/local/lib/python3.10/dist-packages/first_custom_interface/srv/_return_to_base.py'...
[36.379s] -- Installing: /home/paakwasi/ros2_ws/install/first_custom_interface/local/lib/python3.10/dist-packages/first_custom_interface/first_custom_interface_s__rosidl_typesupport_fastrtps_c.cpython-310-x86_64-linux-gnu.so
[36.379s] -- Set runtime path of "/home/paakwasi/ros2_ws/install/first_custom_interface/local/lib/python3.10/dist-packages/first_custom_interface/first_custom_interface_s__rosidl_typesupport_fastrtps_c.cpython-310-x86_64-linux-gnu.so" to ""
[36.389s] -- Installing: /home/paakwasi/ros2_ws/install/first_custom_interface/local/lib/python3.10/dist-packages/first_custom_interface/first_custom_interface_s__rosidl_typesupport_introspection_c.cpython-310-x86_64-linux-gnu.so
[36.389s] -- Set runtime path of "/home/paakwasi/ros2_ws/install/first_custom_interface/local/lib/python3.10/dist-packages/first_custom_interface/first_custom_interface_s__rosidl_typesupport_introspection_c.cpython-310-x86_64-linux-gnu.so" to ""
[36.389s] -- Installing: /home/paakwasi/ros2_ws/install/first_custom_interface/local/lib/python3.10/dist-packages/first_custom_interface/first_custom_interface_s__rosidl_typesupport_c.cpython-310-x86_64-linux-gnu.so
[36.415s] -- Set runtime path of "/home/paakwasi/ros2_ws/install/first_custom_interface/local/lib/python3.10/dist-packages/first_custom_interface/first_custom_interface_s__rosidl_typesupport_c.cpython-310-x86_64-linux-gnu.so" to ""
[36.415s] -- Installing: /home/paakwasi/ros2_ws/install/first_custom_interface/lib/libfirst_custom_interface__rosidl_generator_py.so
[36.415s] -- Set runtime path of "/home/paakwasi/ros2_ws/install/first_custom_interface/lib/libfirst_custom_interface__rosidl_generator_py.so" to ""
[36.417s] -- Up-to-date: /home/paakwasi/ros2_ws/install/first_custom_interface/share/first_custom_interface/srv/AnalyzeNumber.idl
[36.417s] -- Installing: /home/paakwasi/ros2_ws/install/first_custom_interface/share/first_custom_interface/srv/ReturnToBase.idl
[36.417s] -- Up-to-date: /home/paakwasi/ros2_ws/install/first_custom_interface/share/first_custom_interface/srv/AnalyzeNumber.srv
[36.417s] -- Up-to-date: /home/paakwasi/ros2_ws/install/first_custom_interface/share/first_custom_interface/srv/AnalyzeNumber_Request.msg
[36.434s] -- Up-to-date: /home/paakwasi/ros2_ws/install/first_custom_interface/share/first_custom_interface/srv/AnalyzeNumber_Response.msg
[36.438s] -- Installing: /home/paakwasi/ros2_ws/install/first_custom_interface/share/first_custom_interface/srv/ReturnToBase.srv
[36.438s] -- Installing: /home/paakwasi/ros2_ws/install/first_custom_interface/share/first_custom_interface/srv/ReturnToBase_Request.msg
[36.438s] -- Installing: /home/paakwasi/ros2_ws/install/first_custom_interface/share/first_custom_interface/srv/ReturnToBase_Response.msg
[36.438s] -- Up-to-date: /home/paakwasi/ros2_ws/install/first_custom_interface/share/ament_index/resource_index/package_run_dependencies/first_custom_interface
[36.438s] -- Installing: /home/paakwasi/ros2_ws/install/first_custom_interface/share/ament_index/resource_index/parent_prefix_path/first_custom_interface
[36.438s] -- Up-to-date: /home/paakwasi/ros2_ws/install/first_custom_interface/share/first_custom_interface/environment/ament_prefix_path.sh
[36.438s] -- Installing: /home/paakwasi/ros2_ws/install/first_custom_interface/share/first_custom_interface/environment/ament_prefix_path.dsv
[36.438s] -- Up-to-date: /home/paakwasi/ros2_ws/install/first_custom_interface/share/first_custom_interface/environment/path.sh
[36.438s] -- Installing: /home/paakwasi/ros2_ws/install/first_custom_interface/share/first_custom_interface/environment/path.dsv
[36.438s] -- Up-to-date: /home/paakwasi/ros2_ws/install/first_custom_interface/share/first_custom_interface/local_setup.bash
[36.438s] -- Up-to-date: /home/paakwasi/ros2_ws/install/first_custom_interface/share/first_custom_interface/local_setup.sh
[36.438s] -- Up-to-date: /home/paakwasi/ros2_ws/install/first_custom_interface/share/first_custom_interface/local_setup.zsh
[36.438s] -- Installing: /home/paakwasi/ros2_ws/install/first_custom_interface/share/first_custom_interface/local_setup.dsv
[36.438s] -- Installing: /home/paakwasi/ros2_ws/install/first_custom_interface/share/first_custom_interface/package.dsv
[36.451s] -- Up-to-date: /home/paakwasi/ros2_ws/install/first_custom_interface/share/ament_index/resource_index/packages/first_custom_interface
[36.451s] -- Up-to-date: /home/paakwasi/ros2_ws/install/first_custom_interface/share/first_custom_interface/cmake/export_first_custom_interface__rosidl_generator_cExport.cmake
[36.451s] -- Up-to-date: /home/paakwasi/ros2_ws/install/first_custom_interface/share/first_custom_interface/cmake/export_first_custom_interface__rosidl_generator_cExport-noconfig.cmake
[36.451s] -- Up-to-date: /home/paakwasi/ros2_ws/install/first_custom_interface/share/first_custom_interface/cmake/export_first_custom_interface__rosidl_typesupport_fastrtps_cExport.cmake
[36.451s] -- Up-to-date: /home/paakwasi/ros2_ws/install/first_custom_interface/share/first_custom_interface/cmake/export_first_custom_interface__rosidl_typesupport_fastrtps_cExport-noconfig.cmake
[36.451s] -- Up-to-date: /home/paakwasi/ros2_ws/install/first_custom_interface/share/first_custom_interface/cmake/first_custom_interface__rosidl_typesupport_introspection_cExport.cmake
[36.451s] -- Up-to-date: /home/paakwasi/ros2_ws/install/first_custom_interface/share/first_custom_interface/cmake/first_custom_interface__rosidl_typesupport_introspection_cExport-noconfig.cmake
[36.451s] -- Up-to-date: /home/paakwasi/ros2_ws/install/first_custom_interface/share/first_custom_interface/cmake/first_custom_interface__rosidl_typesupport_cExport.cmake
[36.451s] -- Up-to-date: /home/paakwasi/ros2_ws/install/first_custom_interface/share/first_custom_interface/cmake/first_custom_interface__rosidl_typesupport_cExport-noconfig.cmake
[36.451s] -- Up-to-date: /home/paakwasi/ros2_ws/install/first_custom_interface/share/first_custom_interface/cmake/export_first_custom_interface__rosidl_generator_cppExport.cmake
[36.451s] -- Up-to-date: /home/paakwasi/ros2_ws/install/first_custom_interface/share/first_custom_interface/cmake/export_first_custom_interface__rosidl_typesupport_fastrtps_cppExport.cmake
[36.451s] -- Up-to-date: /home/paakwasi/ros2_ws/install/first_custom_interface/share/first_custom_interface/cmake/export_first_custom_interface__rosidl_typesupport_fastrtps_cppExport-noconfig.cmake
[36.451s] -- Up-to-date: /home/paakwasi/ros2_ws/install/first_custom_interface/share/first_custom_interface/cmake/first_custom_interface__rosidl_typesupport_introspection_cppExport.cmake
[36.451s] -- Up-to-date: /home/paakwasi/ros2_ws/install/first_custom_interface/share/first_custom_interface/cmake/first_custom_interface__rosidl_typesupport_introspection_cppExport-noconfig.cmake
[36.451s] -- Up-to-date: /home/paakwasi/ros2_ws/install/first_custom_interface/share/first_custom_interface/cmake/first_custom_interface__rosidl_typesupport_cppExport.cmake
[36.451s] -- Up-to-date: /home/paakwasi/ros2_ws/install/first_custom_interface/share/first_custom_interface/cmake/first_custom_interface__rosidl_typesupport_cppExport-noconfig.cmake
[36.451s] -- Up-to-date: /home/paakwasi/ros2_ws/install/first_custom_interface/share/first_custom_interface/cmake/export_first_custom_interface__rosidl_generator_pyExport.cmake
[36.451s] -- Up-to-date: /home/paakwasi/ros2_ws/install/first_custom_interface/share/first_custom_interface/cmake/export_first_custom_interface__rosidl_generator_pyExport-noconfig.cmake
[36.451s] -- Installing: /home/paakwasi/ros2_ws/install/first_custom_interface/share/first_custom_interface/cmake/rosidl_cmake-extras.cmake
[36.451s] -- Up-to-date: /home/paakwasi/ros2_ws/install/first_custom_interface/share/first_custom_interface/cmake/ament_cmake_export_include_directories-extras.cmake
[36.451s] -- Up-to-date: /home/paakwasi/ros2_ws/install/first_custom_interface/share/first_custom_interface/cmake/ament_cmake_export_libraries-extras.cmake
[36.451s] -- Up-to-date: /home/paakwasi/ros2_ws/install/first_custom_interface/share/first_custom_interface/cmake/ament_cmake_export_targets-extras.cmake
[36.451s] -- Up-to-date: /home/paakwasi/ros2_ws/install/first_custom_interface/share/first_custom_interface/cmake/rosidl_cmake_export_typesupport_targets-extras.cmake
[36.451s] -- Up-to-date: /home/paakwasi/ros2_ws/install/first_custom_interface/share/first_custom_interface/cmake/ament_cmake_export_dependencies-extras.cmake
[36.451s] -- Up-to-date: /home/paakwasi/ros2_ws/install/first_custom_interface/share/first_custom_interface/cmake/rosidl_cmake_export_typesupport_libraries-extras.cmake
[36.452s] -- Up-to-date: /home/paakwasi/ros2_ws/install/first_custom_interface/share/first_custom_interface/cmake/first_custom_interfaceConfig.cmake
[36.452s] -- Up-to-date: /home/paakwasi/ros2_ws/install/first_custom_interface/share/first_custom_interface/cmake/first_custom_interfaceConfig-version.cmake
[36.452s] -- Up-to-date: /home/paakwasi/ros2_ws/install/first_custom_interface/share/first_custom_interface/package.xml
[36.535s] Invoked command in '/home/paakwasi/ros2_ws/build/first_custom_interface' returned '0': CMAKE_PREFIX_PATH=${CMAKE_PREFIX_PATH}:/home/paakwasi/ros2_ws/install/turtle_robot:/home/paakwasi/ros2_ws/install/temp_monitoring:/home/paakwasi/ros2_ws/install/number_analyzer:/home/paakwasi/ros2_ws/install/my_robot_controller:/opt/ros/humble /usr/bin/cmake --install /home/paakwasi/ros2_ws/build/first_custom_interface
