[0.125s] DEBUG:colcon:Command line arguments: ['/usr/bin/colcon', 'build']
[0.125s] DEBUG:colcon:Parsed command line arguments: Namespace(log_base=None, log_level=None, verb_name='build', build_base='build', install_base='install', merge_install=False, symlink_install=False, test_result_base=None, continue_on_error=False, executor='parallel', parallel_workers=10, event_handlers=None, ignore_user_meta=False, metas=['./colcon.meta'], base_paths=['.'], packages_ignore=None, packages_ignore_regex=None, paths=None, packages_up_to=None, packages_up_to_regex=None, packages_above=None, packages_above_and_dependencies=None, packages_above_depth=None, packages_select_by_dep=None, packages_skip_by_dep=None, packages_skip_up_to=None, packages_select_build_failed=False, packages_skip_build_finished=False, packages_select_test_failures=False, packages_skip_test_passed=False, packages_select=None, packages_skip=None, packages_select_regex=None, packages_skip_regex=None, packages_start=None, packages_end=None, allow_overriding=[], cmake_args=None, cmake_target=None, cmake_target_skip_unavailable=False, cmake_clean_cache=False, cmake_clean_first=False, cmake_force_configure=False, ament_cmake_args=None, catkin_cmake_args=None, catkin_skip_building_tests=False, mixin_files=None, mixin=None, verb_parser=<colcon_mixin.mixin.mixin_argument.MixinArgumentDecorator object at 0x71efcdc3ef20>, verb_extension=<colcon_core.verb.build.BuildVerb object at 0x71efcdc3ea40>, main=<bound method BuildVerb.main of <colcon_core.verb.build.BuildVerb object at 0x71efcdc3ea40>>, mixin_verb=('build',))
[0.219s] Level 1:colcon.colcon_core.package_discovery:discover_packages(colcon_meta) check parameters
[0.219s] Level 1:colcon.colcon_core.package_discovery:discover_packages(recursive) check parameters
[0.219s] Level 1:colcon.colcon_core.package_discovery:discover_packages(ignore) check parameters
[0.219s] Level 1:colcon.colcon_core.package_discovery:discover_packages(path) check parameters
[0.219s] Level 1:colcon.colcon_core.package_discovery:discover_packages(colcon_meta) discover
[0.219s] Level 1:colcon.colcon_core.package_discovery:discover_packages(recursive) discover
[0.219s] INFO:colcon.colcon_core.package_discovery:Crawling recursively for packages in '/home/paakwasi/ros2_ws'
[0.219s] Level 1:colcon.colcon_core.package_identification:_identify(.) by extensions ['ignore', 'ignore_ament_install']
[0.219s] Level 1:colcon.colcon_core.package_identification:_identify(.) by extension 'ignore'
[0.219s] Level 1:colcon.colcon_core.package_identification:_identify(.) by extension 'ignore_ament_install'
[0.219s] Level 1:colcon.colcon_core.package_identification:_identify(.) by extensions ['colcon_pkg']
[0.219s] Level 1:colcon.colcon_core.package_identification:_identify(.) by extension 'colcon_pkg'
[0.219s] Level 1:colcon.colcon_core.package_identification:_identify(.) by extensions ['colcon_meta']
[0.219s] Level 1:colcon.colcon_core.package_identification:_identify(.) by extension 'colcon_meta'
[0.219s] Level 1:colcon.colcon_core.package_identification:_identify(.) by extensions ['ros']
[0.219s] Level 1:colcon.colcon_core.package_identification:_identify(.) by extension 'ros'
[0.228s] Level 1:colcon.colcon_core.package_identification:_identify(.) by extensions ['cmake', 'python']
[0.228s] Level 1:colcon.colcon_core.package_identification:_identify(.) by extension 'cmake'
[0.228s] Level 1:colcon.colcon_core.package_identification:_identify(.) by extension 'python'
[0.228s] Level 1:colcon.colcon_core.package_identification:_identify(.) by extensions ['python_setup_py']
[0.228s] Level 1:colcon.colcon_core.package_identification:_identify(.) by extension 'python_setup_py'
[0.228s] Level 1:colcon.colcon_core.package_identification:_identify(build) by extensions ['ignore', 'ignore_ament_install']
[0.228s] Level 1:colcon.colcon_core.package_identification:_identify(build) by extension 'ignore'
[0.228s] Level 1:colcon.colcon_core.package_identification:_identify(build) ignored
[0.228s] Level 1:colcon.colcon_core.package_identification:_identify(install) by extensions ['ignore', 'ignore_ament_install']
[0.229s] Level 1:colcon.colcon_core.package_identification:_identify(install) by extension 'ignore'
[0.229s] Level 1:colcon.colcon_core.package_identification:_identify(install) ignored
[0.229s] Level 1:colcon.colcon_core.package_identification:_identify(log) by extensions ['ignore', 'ignore_ament_install']
[0.229s] Level 1:colcon.colcon_core.package_identification:_identify(log) by extension 'ignore'
[0.229s] Level 1:colcon.colcon_core.package_identification:_identify(log) ignored
[0.229s] Level 1:colcon.colcon_core.package_identification:_identify(src) by extensions ['ignore', 'ignore_ament_install']
[0.229s] Level 1:colcon.colcon_core.package_identification:_identify(src) by extension 'ignore'
[0.229s] Level 1:colcon.colcon_core.package_identification:_identify(src) by extension 'ignore_ament_install'
[0.229s] Level 1:colcon.colcon_core.package_identification:_identify(src) by extensions ['colcon_pkg']
[0.229s] Level 1:colcon.colcon_core.package_identification:_identify(src) by extension 'colcon_pkg'
[0.229s] Level 1:colcon.colcon_core.package_identification:_identify(src) by extensions ['colcon_meta']
[0.229s] Level 1:colcon.colcon_core.package_identification:_identify(src) by extension 'colcon_meta'
[0.229s] Level 1:colcon.colcon_core.package_identification:_identify(src) by extensions ['ros']
[0.229s] Level 1:colcon.colcon_core.package_identification:_identify(src) by extension 'ros'
[0.229s] Level 1:colcon.colcon_core.package_identification:_identify(src) by extensions ['cmake', 'python']
[0.229s] Level 1:colcon.colcon_core.package_identification:_identify(src) by extension 'cmake'
[0.229s] Level 1:colcon.colcon_core.package_identification:_identify(src) by extension 'python'
[0.229s] Level 1:colcon.colcon_core.package_identification:_identify(src) by extensions ['python_setup_py']
[0.229s] Level 1:colcon.colcon_core.package_identification:_identify(src) by extension 'python_setup_py'
[0.229s] Level 1:colcon.colcon_core.package_identification:_identify(src/first_custom_interface) by extensions ['ignore', 'ignore_ament_install']
[0.230s] Level 1:colcon.colcon_core.package_identification:_identify(src/first_custom_interface) by extension 'ignore'
[0.230s] Level 1:colcon.colcon_core.package_identification:_identify(src/first_custom_interface) by extension 'ignore_ament_install'
[0.230s] Level 1:colcon.colcon_core.package_identification:_identify(src/first_custom_interface) by extensions ['colcon_pkg']
[0.230s] Level 1:colcon.colcon_core.package_identification:_identify(src/first_custom_interface) by extension 'colcon_pkg'
[0.230s] Level 1:colcon.colcon_core.package_identification:_identify(src/first_custom_interface) by extensions ['colcon_meta']
[0.230s] Level 1:colcon.colcon_core.package_identification:_identify(src/first_custom_interface) by extension 'colcon_meta'
[0.230s] Level 1:colcon.colcon_core.package_identification:_identify(src/first_custom_interface) by extensions ['ros']
[0.230s] Level 1:colcon.colcon_core.package_identification:_identify(src/first_custom_interface) by extension 'ros'
[0.232s] DEBUG:colcon.colcon_core.package_identification:Package 'src/first_custom_interface' with type 'ros.ament_cmake' and name 'first_custom_interface'
[0.232s] Level 1:colcon.colcon_core.package_identification:_identify(src/my_robot_controller) by extensions ['ignore', 'ignore_ament_install']
[0.232s] Level 1:colcon.colcon_core.package_identification:_identify(src/my_robot_controller) by extension 'ignore'
[0.232s] Level 1:colcon.colcon_core.package_identification:_identify(src/my_robot_controller) by extension 'ignore_ament_install'
[0.232s] Level 1:colcon.colcon_core.package_identification:_identify(src/my_robot_controller) by extensions ['colcon_pkg']
[0.232s] Level 1:colcon.colcon_core.package_identification:_identify(src/my_robot_controller) by extension 'colcon_pkg'
[0.232s] Level 1:colcon.colcon_core.package_identification:_identify(src/my_robot_controller) by extensions ['colcon_meta']
[0.232s] Level 1:colcon.colcon_core.package_identification:_identify(src/my_robot_controller) by extension 'colcon_meta'
[0.232s] Level 1:colcon.colcon_core.package_identification:_identify(src/my_robot_controller) by extensions ['ros']
[0.232s] Level 1:colcon.colcon_core.package_identification:_identify(src/my_robot_controller) by extension 'ros'
[0.233s] DEBUG:colcon.colcon_core.package_identification:Package 'src/my_robot_controller' with type 'ros.ament_python' and name 'my_robot_controller'
[0.233s] Level 1:colcon.colcon_core.package_identification:_identify(src/number_analyzer) by extensions ['ignore', 'ignore_ament_install']
[0.233s] Level 1:colcon.colcon_core.package_identification:_identify(src/number_analyzer) by extension 'ignore'
[0.234s] Level 1:colcon.colcon_core.package_identification:_identify(src/number_analyzer) by extension 'ignore_ament_install'
[0.234s] Level 1:colcon.colcon_core.package_identification:_identify(src/number_analyzer) by extensions ['colcon_pkg']
[0.234s] Level 1:colcon.colcon_core.package_identification:_identify(src/number_analyzer) by extension 'colcon_pkg'
[0.234s] Level 1:colcon.colcon_core.package_identification:_identify(src/number_analyzer) by extensions ['colcon_meta']
[0.234s] Level 1:colcon.colcon_core.package_identification:_identify(src/number_analyzer) by extension 'colcon_meta'
[0.234s] Level 1:colcon.colcon_core.package_identification:_identify(src/number_analyzer) by extensions ['ros']
[0.234s] Level 1:colcon.colcon_core.package_identification:_identify(src/number_analyzer) by extension 'ros'
[0.234s] DEBUG:colcon.colcon_core.package_identification:Package 'src/number_analyzer' with type 'ros.ament_python' and name 'number_analyzer'
[0.235s] Level 1:colcon.colcon_core.package_identification:_identify(src/temp_monitoring) by extensions ['ignore', 'ignore_ament_install']
[0.235s] Level 1:colcon.colcon_core.package_identification:_identify(src/temp_monitoring) by extension 'ignore'
[0.235s] Level 1:colcon.colcon_core.package_identification:_identify(src/temp_monitoring) by extension 'ignore_ament_install'
[0.235s] Level 1:colcon.colcon_core.package_identification:_identify(src/temp_monitoring) by extensions ['colcon_pkg']
[0.235s] Level 1:colcon.colcon_core.package_identification:_identify(src/temp_monitoring) by extension 'colcon_pkg'
[0.235s] Level 1:colcon.colcon_core.package_identification:_identify(src/temp_monitoring) by extensions ['colcon_meta']
[0.235s] Level 1:colcon.colcon_core.package_identification:_identify(src/temp_monitoring) by extension 'colcon_meta'
[0.235s] Level 1:colcon.colcon_core.package_identification:_identify(src/temp_monitoring) by extensions ['ros']
[0.235s] Level 1:colcon.colcon_core.package_identification:_identify(src/temp_monitoring) by extension 'ros'
[0.235s] DEBUG:colcon.colcon_core.package_identification:Package 'src/temp_monitoring' with type 'ros.ament_python' and name 'temp_monitoring'
[0.235s] Level 1:colcon.colcon_core.package_discovery:discover_packages(recursive) using defaults
[0.236s] Level 1:colcon.colcon_core.package_discovery:discover_packages(ignore) discover
[0.236s] Level 1:colcon.colcon_core.package_discovery:discover_packages(ignore) using defaults
[0.236s] Level 1:colcon.colcon_core.package_discovery:discover_packages(path) discover
[0.236s] Level 1:colcon.colcon_core.package_discovery:discover_packages(path) using defaults
[0.264s] Level 1:colcon.colcon_core.package_discovery:discover_packages(prefix_path) check parameters
[0.264s] Level 1:colcon.colcon_core.package_discovery:discover_packages(prefix_path) discover
[0.266s] DEBUG:colcon.colcon_installed_package_information.package_discovery:Found 5 installed packages in /home/paakwasi/ros2_ws/install
[0.267s] DEBUG:colcon.colcon_installed_package_information.package_discovery:Found 271 installed packages in /opt/ros/humble
[0.268s] Level 1:colcon.colcon_core.package_discovery:discover_packages(prefix_path) using defaults
[0.293s] Level 5:colcon.colcon_core.verb:set package 'first_custom_interface' build argument 'cmake_args' from command line to 'None'
[0.293s] Level 5:colcon.colcon_core.verb:set package 'first_custom_interface' build argument 'cmake_target' from command line to 'None'
[0.293s] Level 5:colcon.colcon_core.verb:set package 'first_custom_interface' build argument 'cmake_target_skip_unavailable' from command line to 'False'
[0.293s] Level 5:colcon.colcon_core.verb:set package 'first_custom_interface' build argument 'cmake_clean_cache' from command line to 'False'
[0.293s] Level 5:colcon.colcon_core.verb:set package 'first_custom_interface' build argument 'cmake_clean_first' from command line to 'False'
[0.293s] Level 5:colcon.colcon_core.verb:set package 'first_custom_interface' build argument 'cmake_force_configure' from command line to 'False'
[0.293s] Level 5:colcon.colcon_core.verb:set package 'first_custom_interface' build argument 'ament_cmake_args' from command line to 'None'
[0.293s] Level 5:colcon.colcon_core.verb:set package 'first_custom_interface' build argument 'catkin_cmake_args' from command line to 'None'
[0.293s] Level 5:colcon.colcon_core.verb:set package 'first_custom_interface' build argument 'catkin_skip_building_tests' from command line to 'False'
[0.293s] DEBUG:colcon.colcon_core.verb:Building package 'first_custom_interface' with the following arguments: {'ament_cmake_args': None, 'build_base': '/home/paakwasi/ros2_ws/build/first_custom_interface', 'catkin_cmake_args': None, 'catkin_skip_building_tests': False, 'cmake_args': None, 'cmake_clean_cache': False, 'cmake_clean_first': False, 'cmake_force_configure': False, 'cmake_target': None, 'cmake_target_skip_unavailable': False, 'install_base': '/home/paakwasi/ros2_ws/install/first_custom_interface', 'merge_install': False, 'path': '/home/paakwasi/ros2_ws/src/first_custom_interface', 'symlink_install': False, 'test_result_base': None}
[0.293s] Level 5:colcon.colcon_core.verb:set package 'my_robot_controller' build argument 'cmake_args' from command line to 'None'
[0.293s] Level 5:colcon.colcon_core.verb:set package 'my_robot_controller' build argument 'cmake_target' from command line to 'None'
[0.293s] Level 5:colcon.colcon_core.verb:set package 'my_robot_controller' build argument 'cmake_target_skip_unavailable' from command line to 'False'
[0.293s] Level 5:colcon.colcon_core.verb:set package 'my_robot_controller' build argument 'cmake_clean_cache' from command line to 'False'
[0.293s] Level 5:colcon.colcon_core.verb:set package 'my_robot_controller' build argument 'cmake_clean_first' from command line to 'False'
[0.293s] Level 5:colcon.colcon_core.verb:set package 'my_robot_controller' build argument 'cmake_force_configure' from command line to 'False'
[0.293s] Level 5:colcon.colcon_core.verb:set package 'my_robot_controller' build argument 'ament_cmake_args' from command line to 'None'
[0.293s] Level 5:colcon.colcon_core.verb:set package 'my_robot_controller' build argument 'catkin_cmake_args' from command line to 'None'
[0.293s] Level 5:colcon.colcon_core.verb:set package 'my_robot_controller' build argument 'catkin_skip_building_tests' from command line to 'False'
[0.293s] DEBUG:colcon.colcon_core.verb:Building package 'my_robot_controller' with the following arguments: {'ament_cmake_args': None, 'build_base': '/home/paakwasi/ros2_ws/build/my_robot_controller', 'catkin_cmake_args': None, 'catkin_skip_building_tests': False, 'cmake_args': None, 'cmake_clean_cache': False, 'cmake_clean_first': False, 'cmake_force_configure': False, 'cmake_target': None, 'cmake_target_skip_unavailable': False, 'install_base': '/home/paakwasi/ros2_ws/install/my_robot_controller', 'merge_install': False, 'path': '/home/paakwasi/ros2_ws/src/my_robot_controller', 'symlink_install': False, 'test_result_base': None}
[0.294s] Level 5:colcon.colcon_core.verb:set package 'temp_monitoring' build argument 'cmake_args' from command line to 'None'
[0.294s] Level 5:colcon.colcon_core.verb:set package 'temp_monitoring' build argument 'cmake_target' from command line to 'None'
[0.294s] Level 5:colcon.colcon_core.verb:set package 'temp_monitoring' build argument 'cmake_target_skip_unavailable' from command line to 'False'
[0.294s] Level 5:colcon.colcon_core.verb:set package 'temp_monitoring' build argument 'cmake_clean_cache' from command line to 'False'
[0.294s] Level 5:colcon.colcon_core.verb:set package 'temp_monitoring' build argument 'cmake_clean_first' from command line to 'False'
[0.294s] Level 5:colcon.colcon_core.verb:set package 'temp_monitoring' build argument 'cmake_force_configure' from command line to 'False'
[0.294s] Level 5:colcon.colcon_core.verb:set package 'temp_monitoring' build argument 'ament_cmake_args' from command line to 'None'
[0.294s] Level 5:colcon.colcon_core.verb:set package 'temp_monitoring' build argument 'catkin_cmake_args' from command line to 'None'
[0.294s] Level 5:colcon.colcon_core.verb:set package 'temp_monitoring' build argument 'catkin_skip_building_tests' from command line to 'False'
[0.294s] DEBUG:colcon.colcon_core.verb:Building package 'temp_monitoring' with the following arguments: {'ament_cmake_args': None, 'build_base': '/home/paakwasi/ros2_ws/build/temp_monitoring', 'catkin_cmake_args': None, 'catkin_skip_building_tests': False, 'cmake_args': None, 'cmake_clean_cache': False, 'cmake_clean_first': False, 'cmake_force_configure': False, 'cmake_target': None, 'cmake_target_skip_unavailable': False, 'install_base': '/home/paakwasi/ros2_ws/install/temp_monitoring', 'merge_install': False, 'path': '/home/paakwasi/ros2_ws/src/temp_monitoring', 'symlink_install': False, 'test_result_base': None}
[0.294s] Level 5:colcon.colcon_core.verb:set package 'number_analyzer' build argument 'cmake_args' from command line to 'None'
[0.294s] Level 5:colcon.colcon_core.verb:set package 'number_analyzer' build argument 'cmake_target' from command line to 'None'
[0.294s] Level 5:colcon.colcon_core.verb:set package 'number_analyzer' build argument 'cmake_target_skip_unavailable' from command line to 'False'
[0.294s] Level 5:colcon.colcon_core.verb:set package 'number_analyzer' build argument 'cmake_clean_cache' from command line to 'False'
[0.294s] Level 5:colcon.colcon_core.verb:set package 'number_analyzer' build argument 'cmake_clean_first' from command line to 'False'
[0.294s] Level 5:colcon.colcon_core.verb:set package 'number_analyzer' build argument 'cmake_force_configure' from command line to 'False'
[0.294s] Level 5:colcon.colcon_core.verb:set package 'number_analyzer' build argument 'ament_cmake_args' from command line to 'None'
[0.294s] Level 5:colcon.colcon_core.verb:set package 'number_analyzer' build argument 'catkin_cmake_args' from command line to 'None'
[0.294s] Level 5:colcon.colcon_core.verb:set package 'number_analyzer' build argument 'catkin_skip_building_tests' from command line to 'False'
[0.294s] DEBUG:colcon.colcon_core.verb:Building package 'number_analyzer' with the following arguments: {'ament_cmake_args': None, 'build_base': '/home/paakwasi/ros2_ws/build/number_analyzer', 'catkin_cmake_args': None, 'catkin_skip_building_tests': False, 'cmake_args': None, 'cmake_clean_cache': False, 'cmake_clean_first': False, 'cmake_force_configure': False, 'cmake_target': None, 'cmake_target_skip_unavailable': False, 'install_base': '/home/paakwasi/ros2_ws/install/number_analyzer', 'merge_install': False, 'path': '/home/paakwasi/ros2_ws/src/number_analyzer', 'symlink_install': False, 'test_result_base': None}
[0.294s] INFO:colcon.colcon_core.executor:Executing jobs using 'parallel' executor
[0.296s] DEBUG:colcon.colcon_parallel_executor.executor.parallel:run_until_complete
[0.296s] INFO:colcon.colcon_ros.task.ament_cmake.build:Building ROS package in '/home/paakwasi/ros2_ws/src/first_custom_interface' with build type 'ament_cmake'
[0.296s] INFO:colcon.colcon_cmake.task.cmake.build:Building CMake package in '/home/paakwasi/ros2_ws/src/first_custom_interface'
[0.298s] INFO:colcon.colcon_core.plugin_system:Skipping extension 'colcon_core.shell.bat': Not used on non-Windows systems
[0.298s] INFO:colcon.colcon_core.shell:Skip shell extension 'powershell' for command environment: Not usable outside of PowerShell
[0.298s] DEBUG:colcon.colcon_core.shell:Skip shell extension 'dsv' for command environment
[0.312s] INFO:colcon.colcon_ros.task.ament_python.build:Building ROS package in '/home/paakwasi/ros2_ws/src/my_robot_controller' with build type 'ament_python'
[0.320s] Level 1:colcon.colcon_core.shell:create_environment_hook('my_robot_controller', 'ament_prefix_path')
[0.323s] INFO:colcon.colcon_core.shell:Creating environment hook '/home/paakwasi/ros2_ws/install/my_robot_controller/share/my_robot_controller/hook/ament_prefix_path.ps1'
[0.333s] INFO:colcon.colcon_core.shell:Creating environment descriptor '/home/paakwasi/ros2_ws/install/my_robot_controller/share/my_robot_controller/hook/ament_prefix_path.dsv'
[0.351s] INFO:colcon.colcon_core.shell:Creating environment hook '/home/paakwasi/ros2_ws/install/my_robot_controller/share/my_robot_controller/hook/ament_prefix_path.sh'
[0.352s] INFO:colcon.colcon_core.shell:Skip shell extension 'powershell' for command environment: Not usable outside of PowerShell
[0.352s] DEBUG:colcon.colcon_core.shell:Skip shell extension 'dsv' for command environment
[0.374s] INFO:colcon.colcon_ros.task.ament_python.build:Building ROS package in '/home/paakwasi/ros2_ws/src/temp_monitoring' with build type 'ament_python'
[0.379s] Level 1:colcon.colcon_core.shell:create_environment_hook('temp_monitoring', 'ament_prefix_path')
[0.379s] INFO:colcon.colcon_core.shell:Creating environment hook '/home/paakwasi/ros2_ws/install/temp_monitoring/share/temp_monitoring/hook/ament_prefix_path.ps1'
[0.393s] INFO:colcon.colcon_core.shell:Creating environment descriptor '/home/paakwasi/ros2_ws/install/temp_monitoring/share/temp_monitoring/hook/ament_prefix_path.dsv'
[0.412s] INFO:colcon.colcon_core.shell:Creating environment hook '/home/paakwasi/ros2_ws/install/temp_monitoring/share/temp_monitoring/hook/ament_prefix_path.sh'
[0.419s] INFO:colcon.colcon_core.shell:Skip shell extension 'powershell' for command environment: Not usable outside of PowerShell
[0.419s] DEBUG:colcon.colcon_core.shell:Skip shell extension 'dsv' for command environment
[0.504s] DEBUG:colcon.colcon_core.event_handler.log_command:Invoking command in '/home/paakwasi/ros2_ws/build/first_custom_interface': CMAKE_PREFIX_PATH=${CMAKE_PREFIX_PATH}:/home/paakwasi/ros2_ws/install/number_analyzer:/home/paakwasi/ros2_ws/install/temp_monitoring:/home/paakwasi/ros2_ws/install/my_robot_controller:/opt/ros/humble /usr/bin/cmake --build /home/paakwasi/ros2_ws/build/first_custom_interface -- -j10 -l10
[2.147s] INFO:colcon.colcon_core.task.python.build:Building Python package in '/home/paakwasi/ros2_ws/src/my_robot_controller'
[2.147s] INFO:colcon.colcon_core.shell:Skip shell extension 'powershell' for command environment: Not usable outside of PowerShell
[2.147s] DEBUG:colcon.colcon_core.shell:Skip shell extension 'dsv' for command environment
[3.532s] INFO:colcon.colcon_core.task.python.build:Building Python package in '/home/paakwasi/ros2_ws/src/temp_monitoring'
[3.533s] INFO:colcon.colcon_core.shell:Skip shell extension 'powershell' for command environment: Not usable outside of PowerShell
[3.533s] DEBUG:colcon.colcon_core.shell:Skip shell extension 'dsv' for command environment
[3.601s] DEBUG:colcon.colcon_core.event_handler.log_command:Invoked command in '/home/paakwasi/ros2_ws/build/first_custom_interface' returned '0': CMAKE_PREFIX_PATH=${CMAKE_PREFIX_PATH}:/home/paakwasi/ros2_ws/install/number_analyzer:/home/paakwasi/ros2_ws/install/temp_monitoring:/home/paakwasi/ros2_ws/install/my_robot_controller:/opt/ros/humble /usr/bin/cmake --build /home/paakwasi/ros2_ws/build/first_custom_interface -- -j10 -l10
[3.652s] DEBUG:colcon.colcon_core.event_handler.log_command:Invoking command in '/home/paakwasi/ros2_ws/build/first_custom_interface': CMAKE_PREFIX_PATH=${CMAKE_PREFIX_PATH}:/home/paakwasi/ros2_ws/install/number_analyzer:/home/paakwasi/ros2_ws/install/temp_monitoring:/home/paakwasi/ros2_ws/install/my_robot_controller:/opt/ros/humble /usr/bin/cmake --install /home/paakwasi/ros2_ws/build/first_custom_interface
[4.114s] Level 1:colcon.colcon_core.environment:create_environment_scripts_only(first_custom_interface)
[4.146s] Level 1:colcon.colcon_core.environment:checking '/home/paakwasi/ros2_ws/install/first_custom_interface' for CMake module files
[4.159s] DEBUG:colcon.colcon_core.event_handler.log_command:Invoked command in '/home/paakwasi/ros2_ws/build/first_custom_interface' returned '0': CMAKE_PREFIX_PATH=${CMAKE_PREFIX_PATH}:/home/paakwasi/ros2_ws/install/number_analyzer:/home/paakwasi/ros2_ws/install/temp_monitoring:/home/paakwasi/ros2_ws/install/my_robot_controller:/opt/ros/humble /usr/bin/cmake --install /home/paakwasi/ros2_ws/build/first_custom_interface
[4.175s] Level 1:colcon.colcon_core.environment:checking '/home/paakwasi/ros2_ws/install/first_custom_interface' for CMake config files
[4.184s] Level 1:colcon.colcon_core.shell:create_environment_hook('first_custom_interface', 'cmake_prefix_path')
[4.185s] INFO:colcon.colcon_core.shell:Creating environment hook '/home/paakwasi/ros2_ws/install/first_custom_interface/share/first_custom_interface/hook/cmake_prefix_path.ps1'
[4.196s] INFO:colcon.colcon_core.shell:Creating environment descriptor '/home/paakwasi/ros2_ws/install/first_custom_interface/share/first_custom_interface/hook/cmake_prefix_path.dsv'
[4.207s] INFO:colcon.colcon_core.shell:Creating environment hook '/home/paakwasi/ros2_ws/install/first_custom_interface/share/first_custom_interface/hook/cmake_prefix_path.sh'
[4.213s] Level 1:colcon.colcon_core.environment:checking '/home/paakwasi/ros2_ws/install/first_custom_interface/lib'
[4.214s] Level 1:colcon.colcon_core.shell:create_environment_hook('first_custom_interface', 'ld_library_path_lib')
[4.220s] INFO:colcon.colcon_core.shell:Creating environment hook '/home/paakwasi/ros2_ws/install/first_custom_interface/share/first_custom_interface/hook/ld_library_path_lib.ps1'
[4.235s] INFO:colcon.colcon_core.shell:Creating environment descriptor '/home/paakwasi/ros2_ws/install/first_custom_interface/share/first_custom_interface/hook/ld_library_path_lib.dsv'
[4.242s] INFO:colcon.colcon_core.shell:Creating environment hook '/home/paakwasi/ros2_ws/install/first_custom_interface/share/first_custom_interface/hook/ld_library_path_lib.sh'
[4.280s] Level 1:colcon.colcon_core.environment:checking '/home/paakwasi/ros2_ws/install/first_custom_interface/bin'
[4.280s] Level 1:colcon.colcon_core.environment:checking '/home/paakwasi/ros2_ws/install/first_custom_interface/lib/pkgconfig/first_custom_interface.pc'
[4.280s] Level 1:colcon.colcon_core.environment:checking '/home/paakwasi/ros2_ws/install/first_custom_interface/lib/python3.10/site-packages'
[4.281s] Level 1:colcon.colcon_core.environment:checking '/home/paakwasi/ros2_ws/install/first_custom_interface/bin'
[4.289s] INFO:colcon.colcon_core.shell:Creating package script '/home/paakwasi/ros2_ws/install/first_custom_interface/share/first_custom_interface/package.ps1'
[4.314s] INFO:colcon.colcon_core.shell:Creating package descriptor '/home/paakwasi/ros2_ws/install/first_custom_interface/share/first_custom_interface/package.dsv'
[4.317s] INFO:colcon.colcon_core.shell:Creating package script '/home/paakwasi/ros2_ws/install/first_custom_interface/share/first_custom_interface/package.sh'
[4.320s] INFO:colcon.colcon_core.shell:Creating package script '/home/paakwasi/ros2_ws/install/first_custom_interface/share/first_custom_interface/package.bash'
[4.339s] INFO:colcon.colcon_core.shell:Creating package script '/home/paakwasi/ros2_ws/install/first_custom_interface/share/first_custom_interface/package.zsh'
[4.343s] Level 1:colcon.colcon_core.environment:create_file_with_runtime_dependencies(/home/paakwasi/ros2_ws/install/first_custom_interface/share/colcon-core/packages/first_custom_interface)
[4.363s] Level 1:colcon.colcon_core.environment:create_environment_scripts_only(first_custom_interface)
[4.367s] Level 1:colcon.colcon_core.environment:checking '/home/paakwasi/ros2_ws/install/first_custom_interface' for CMake module files
[4.368s] Level 1:colcon.colcon_core.environment:checking '/home/paakwasi/ros2_ws/install/first_custom_interface' for CMake config files
[4.369s] Level 1:colcon.colcon_core.shell:create_environment_hook('first_custom_interface', 'cmake_prefix_path')
[4.369s] INFO:colcon.colcon_core.shell:Creating environment hook '/home/paakwasi/ros2_ws/install/first_custom_interface/share/first_custom_interface/hook/cmake_prefix_path.ps1'
[4.370s] INFO:colcon.colcon_core.shell:Creating environment descriptor '/home/paakwasi/ros2_ws/install/first_custom_interface/share/first_custom_interface/hook/cmake_prefix_path.dsv'
[4.370s] INFO:colcon.colcon_core.shell:Creating environment hook '/home/paakwasi/ros2_ws/install/first_custom_interface/share/first_custom_interface/hook/cmake_prefix_path.sh'
[4.375s] Level 1:colcon.colcon_core.environment:checking '/home/paakwasi/ros2_ws/install/first_custom_interface/lib'
[4.375s] Level 1:colcon.colcon_core.shell:create_environment_hook('first_custom_interface', 'ld_library_path_lib')
[4.376s] INFO:colcon.colcon_core.shell:Creating environment hook '/home/paakwasi/ros2_ws/install/first_custom_interface/share/first_custom_interface/hook/ld_library_path_lib.ps1'
[4.376s] INFO:colcon.colcon_core.shell:Creating environment descriptor '/home/paakwasi/ros2_ws/install/first_custom_interface/share/first_custom_interface/hook/ld_library_path_lib.dsv'
[4.377s] INFO:colcon.colcon_core.shell:Creating environment hook '/home/paakwasi/ros2_ws/install/first_custom_interface/share/first_custom_interface/hook/ld_library_path_lib.sh'
[4.379s] Level 1:colcon.colcon_core.environment:checking '/home/paakwasi/ros2_ws/install/first_custom_interface/bin'
[4.379s] Level 1:colcon.colcon_core.environment:checking '/home/paakwasi/ros2_ws/install/first_custom_interface/lib/pkgconfig/first_custom_interface.pc'
[4.380s] Level 1:colcon.colcon_core.environment:checking '/home/paakwasi/ros2_ws/install/first_custom_interface/lib/python3.10/site-packages'
[4.381s] Level 1:colcon.colcon_core.environment:checking '/home/paakwasi/ros2_ws/install/first_custom_interface/bin'
[4.381s] INFO:colcon.colcon_core.shell:Creating package script '/home/paakwasi/ros2_ws/install/first_custom_interface/share/first_custom_interface/package.ps1'
[4.382s] INFO:colcon.colcon_core.shell:Creating package descriptor '/home/paakwasi/ros2_ws/install/first_custom_interface/share/first_custom_interface/package.dsv'
[4.384s] INFO:colcon.colcon_core.shell:Creating package script '/home/paakwasi/ros2_ws/install/first_custom_interface/share/first_custom_interface/package.sh'
[4.400s] INFO:colcon.colcon_core.shell:Creating package script '/home/paakwasi/ros2_ws/install/first_custom_interface/share/first_custom_interface/package.bash'
[4.417s] INFO:colcon.colcon_core.shell:Creating package script '/home/paakwasi/ros2_ws/install/first_custom_interface/share/first_custom_interface/package.zsh'
[4.419s] Level 1:colcon.colcon_core.environment:create_file_with_runtime_dependencies(/home/paakwasi/ros2_ws/install/first_custom_interface/share/colcon-core/packages/first_custom_interface)
[4.426s] INFO:colcon.colcon_ros.task.ament_python.build:Building ROS package in '/home/paakwasi/ros2_ws/src/number_analyzer' with build type 'ament_python'
[4.432s] Level 1:colcon.colcon_core.shell:create_environment_hook('number_analyzer', 'ament_prefix_path')
[4.433s] INFO:colcon.colcon_core.shell:Creating environment hook '/home/paakwasi/ros2_ws/install/number_analyzer/share/number_analyzer/hook/ament_prefix_path.ps1'
[4.438s] INFO:colcon.colcon_core.shell:Creating environment descriptor '/home/paakwasi/ros2_ws/install/number_analyzer/share/number_analyzer/hook/ament_prefix_path.dsv'
[4.443s] INFO:colcon.colcon_core.shell:Creating environment hook '/home/paakwasi/ros2_ws/install/number_analyzer/share/number_analyzer/hook/ament_prefix_path.sh'
[4.458s] INFO:colcon.colcon_core.shell:Skip shell extension 'powershell' for command environment: Not usable outside of PowerShell
[4.458s] DEBUG:colcon.colcon_core.shell:Skip shell extension 'dsv' for command environment
[5.632s] INFO:colcon.colcon_core.task.python.build:Building Python package in '/home/paakwasi/ros2_ws/src/number_analyzer'
[5.633s] INFO:colcon.colcon_core.shell:Skip shell extension 'powershell' for command environment: Not usable outside of PowerShell
[5.634s] DEBUG:colcon.colcon_core.shell:Skip shell extension 'dsv' for command environment
[5.694s] DEBUG:colcon.colcon_core.event_handler.log_command:Invoking command in '/home/paakwasi/ros2_ws/src/temp_monitoring': PYTHONPATH=/home/paakwasi/ros2_ws/build/temp_monitoring/prefix_override:/usr/lib/python3/dist-packages/colcon_core/task/python/colcon_distutils_commands:/home/paakwasi/ros2_ws/install/temp_monitoring/lib/python3.10/site-packages:${PYTHONPATH} /usr/bin/python3 -W ignore:setup.py install is deprecated -W ignore:easy_install command is deprecated setup.py egg_info --egg-base ../../build/temp_monitoring build --build-base /home/paakwasi/ros2_ws/build/temp_monitoring/build install --record /home/paakwasi/ros2_ws/build/temp_monitoring/install.log --single-version-externally-managed install_data
[5.841s] DEBUG:colcon.colcon_core.event_handler.log_command:Invoking command in '/home/paakwasi/ros2_ws/src/my_robot_controller': PYTHONPATH=/home/paakwasi/ros2_ws/build/my_robot_controller/prefix_override:/usr/lib/python3/dist-packages/colcon_core/task/python/colcon_distutils_commands:/home/paakwasi/ros2_ws/install/my_robot_controller/lib/python3.10/site-packages:${PYTHONPATH} /usr/bin/python3 -W ignore:setup.py install is deprecated -W ignore:easy_install command is deprecated setup.py egg_info --egg-base ../../build/my_robot_controller build --build-base /home/paakwasi/ros2_ws/build/my_robot_controller/build install --record /home/paakwasi/ros2_ws/build/my_robot_controller/install.log --single-version-externally-managed install_data
[7.321s] Level 1:colcon.colcon_core.environment:checking '/home/paakwasi/ros2_ws/install/temp_monitoring' for CMake module files
[7.321s] Level 1:colcon.colcon_core.environment:checking '/home/paakwasi/ros2_ws/install/temp_monitoring' for CMake config files
[7.322s] Level 1:colcon.colcon_core.environment:checking '/home/paakwasi/ros2_ws/install/temp_monitoring/lib'
[7.322s] Level 1:colcon.colcon_core.environment:checking '/home/paakwasi/ros2_ws/install/temp_monitoring/bin'
[7.322s] Level 1:colcon.colcon_core.environment:checking '/home/paakwasi/ros2_ws/install/temp_monitoring/lib/pkgconfig/temp_monitoring.pc'
[7.322s] Level 1:colcon.colcon_core.environment:checking '/home/paakwasi/ros2_ws/install/temp_monitoring/lib/python3.10/site-packages'
[7.322s] Level 1:colcon.colcon_core.shell:create_environment_hook('temp_monitoring', 'pythonpath')
[7.324s] INFO:colcon.colcon_core.shell:Creating environment hook '/home/paakwasi/ros2_ws/install/temp_monitoring/share/temp_monitoring/hook/pythonpath.ps1'
[7.330s] DEBUG:colcon.colcon_core.event_handler.log_command:Invoked command in '/home/paakwasi/ros2_ws/src/temp_monitoring' returned '0': PYTHONPATH=/home/paakwasi/ros2_ws/build/temp_monitoring/prefix_override:/usr/lib/python3/dist-packages/colcon_core/task/python/colcon_distutils_commands:/home/paakwasi/ros2_ws/install/temp_monitoring/lib/python3.10/site-packages:${PYTHONPATH} /usr/bin/python3 -W ignore:setup.py install is deprecated -W ignore:easy_install command is deprecated setup.py egg_info --egg-base ../../build/temp_monitoring build --build-base /home/paakwasi/ros2_ws/build/temp_monitoring/build install --record /home/paakwasi/ros2_ws/build/temp_monitoring/install.log --single-version-externally-managed install_data
[7.331s] INFO:colcon.colcon_core.shell:Creating environment descriptor '/home/paakwasi/ros2_ws/install/temp_monitoring/share/temp_monitoring/hook/pythonpath.dsv'
[7.335s] INFO:colcon.colcon_core.shell:Creating environment hook '/home/paakwasi/ros2_ws/install/temp_monitoring/share/temp_monitoring/hook/pythonpath.sh'
[7.355s] Level 1:colcon.colcon_core.environment:checking '/home/paakwasi/ros2_ws/install/temp_monitoring/bin'
[7.358s] Level 1:colcon.colcon_core.environment:create_environment_scripts_only(temp_monitoring)
[7.360s] INFO:colcon.colcon_core.shell:Creating package script '/home/paakwasi/ros2_ws/install/temp_monitoring/share/temp_monitoring/package.ps1'
[7.372s] INFO:colcon.colcon_core.shell:Creating package descriptor '/home/paakwasi/ros2_ws/install/temp_monitoring/share/temp_monitoring/package.dsv'
[7.376s] INFO:colcon.colcon_core.shell:Creating package script '/home/paakwasi/ros2_ws/install/temp_monitoring/share/temp_monitoring/package.sh'
[7.388s] INFO:colcon.colcon_core.shell:Creating package script '/home/paakwasi/ros2_ws/install/temp_monitoring/share/temp_monitoring/package.bash'
[7.396s] INFO:colcon.colcon_core.shell:Creating package script '/home/paakwasi/ros2_ws/install/temp_monitoring/share/temp_monitoring/package.zsh'
[7.399s] Level 1:colcon.colcon_core.environment:create_file_with_runtime_dependencies(/home/paakwasi/ros2_ws/install/temp_monitoring/share/colcon-core/packages/temp_monitoring)
[7.552s] DEBUG:colcon.colcon_core.event_handler.log_command:Invoking command in '/home/paakwasi/ros2_ws/src/number_analyzer': CMAKE_PREFIX_PATH=/home/paakwasi/ros2_ws/install/first_custom_interface:/home/paakwasi/ros2_ws/install/firt_custom_interface LD_LIBRARY_PATH=/home/paakwasi/ros2_ws/install/first_custom_interface/lib:/home/paakwasi/ros2_ws/install/firt_custom_interface/lib:/opt/ros/humble/opt/rviz_ogre_vendor/lib:/opt/ros/humble/lib/x86_64-linux-gnu:/opt/ros/humble/lib PYTHONPATH=/home/paakwasi/ros2_ws/build/number_analyzer/prefix_override:/usr/lib/python3/dist-packages/colcon_core/task/python/colcon_distutils_commands:/home/paakwasi/ros2_ws/install/number_analyzer/lib/python3.10/site-packages:${PYTHONPATH} /usr/bin/python3 -W ignore:setup.py install is deprecated -W ignore:easy_install command is deprecated setup.py egg_info --egg-base ../../build/number_analyzer build --build-base /home/paakwasi/ros2_ws/build/number_analyzer/build install --record /home/paakwasi/ros2_ws/build/number_analyzer/install.log --single-version-externally-managed install_data
[7.579s] Level 1:colcon.colcon_core.environment:checking '/home/paakwasi/ros2_ws/install/my_robot_controller' for CMake module files
[7.597s] Level 1:colcon.colcon_core.environment:checking '/home/paakwasi/ros2_ws/install/my_robot_controller' for CMake config files
[7.601s] Level 1:colcon.colcon_core.environment:checking '/home/paakwasi/ros2_ws/install/my_robot_controller/lib'
[7.608s] DEBUG:colcon.colcon_core.event_handler.log_command:Invoked command in '/home/paakwasi/ros2_ws/src/my_robot_controller' returned '0': PYTHONPATH=/home/paakwasi/ros2_ws/build/my_robot_controller/prefix_override:/usr/lib/python3/dist-packages/colcon_core/task/python/colcon_distutils_commands:/home/paakwasi/ros2_ws/install/my_robot_controller/lib/python3.10/site-packages:${PYTHONPATH} /usr/bin/python3 -W ignore:setup.py install is deprecated -W ignore:easy_install command is deprecated setup.py egg_info --egg-base ../../build/my_robot_controller build --build-base /home/paakwasi/ros2_ws/build/my_robot_controller/build install --record /home/paakwasi/ros2_ws/build/my_robot_controller/install.log --single-version-externally-managed install_data
[7.609s] Level 1:colcon.colcon_core.environment:checking '/home/paakwasi/ros2_ws/install/my_robot_controller/bin'
[7.610s] Level 1:colcon.colcon_core.environment:checking '/home/paakwasi/ros2_ws/install/my_robot_controller/lib/pkgconfig/my_robot_controller.pc'
[7.610s] Level 1:colcon.colcon_core.environment:checking '/home/paakwasi/ros2_ws/install/my_robot_controller/lib/python3.10/site-packages'
[7.610s] Level 1:colcon.colcon_core.shell:create_environment_hook('my_robot_controller', 'pythonpath')
[7.611s] INFO:colcon.colcon_core.shell:Creating environment hook '/home/paakwasi/ros2_ws/install/my_robot_controller/share/my_robot_controller/hook/pythonpath.ps1'
[7.611s] INFO:colcon.colcon_core.shell:Creating environment descriptor '/home/paakwasi/ros2_ws/install/my_robot_controller/share/my_robot_controller/hook/pythonpath.dsv'
[7.612s] INFO:colcon.colcon_core.shell:Creating environment hook '/home/paakwasi/ros2_ws/install/my_robot_controller/share/my_robot_controller/hook/pythonpath.sh'
[7.627s] Level 1:colcon.colcon_core.environment:checking '/home/paakwasi/ros2_ws/install/my_robot_controller/bin'
[7.630s] Level 1:colcon.colcon_core.environment:create_environment_scripts_only(my_robot_controller)
[7.641s] INFO:colcon.colcon_core.shell:Creating package script '/home/paakwasi/ros2_ws/install/my_robot_controller/share/my_robot_controller/package.ps1'
[7.650s] INFO:colcon.colcon_core.shell:Creating package descriptor '/home/paakwasi/ros2_ws/install/my_robot_controller/share/my_robot_controller/package.dsv'
[7.664s] INFO:colcon.colcon_core.shell:Creating package script '/home/paakwasi/ros2_ws/install/my_robot_controller/share/my_robot_controller/package.sh'
[7.679s] INFO:colcon.colcon_core.shell:Creating package script '/home/paakwasi/ros2_ws/install/my_robot_controller/share/my_robot_controller/package.bash'
[7.694s] INFO:colcon.colcon_core.shell:Creating package script '/home/paakwasi/ros2_ws/install/my_robot_controller/share/my_robot_controller/package.zsh'
[7.705s] Level 1:colcon.colcon_core.environment:create_file_with_runtime_dependencies(/home/paakwasi/ros2_ws/install/my_robot_controller/share/colcon-core/packages/my_robot_controller)
[8.857s] Level 1:colcon.colcon_core.environment:checking '/home/paakwasi/ros2_ws/install/number_analyzer' for CMake module files
[8.858s] Level 1:colcon.colcon_core.environment:checking '/home/paakwasi/ros2_ws/install/number_analyzer' for CMake config files
[8.859s] DEBUG:colcon.colcon_core.event_handler.log_command:Invoked command in '/home/paakwasi/ros2_ws/src/number_analyzer' returned '0': CMAKE_PREFIX_PATH=/home/paakwasi/ros2_ws/install/first_custom_interface:/home/paakwasi/ros2_ws/install/firt_custom_interface LD_LIBRARY_PATH=/home/paakwasi/ros2_ws/install/first_custom_interface/lib:/home/paakwasi/ros2_ws/install/firt_custom_interface/lib:/opt/ros/humble/opt/rviz_ogre_vendor/lib:/opt/ros/humble/lib/x86_64-linux-gnu:/opt/ros/humble/lib PYTHONPATH=/home/paakwasi/ros2_ws/build/number_analyzer/prefix_override:/usr/lib/python3/dist-packages/colcon_core/task/python/colcon_distutils_commands:/home/paakwasi/ros2_ws/install/number_analyzer/lib/python3.10/site-packages:${PYTHONPATH} /usr/bin/python3 -W ignore:setup.py install is deprecated -W ignore:easy_install command is deprecated setup.py egg_info --egg-base ../../build/number_analyzer build --build-base /home/paakwasi/ros2_ws/build/number_analyzer/build install --record /home/paakwasi/ros2_ws/build/number_analyzer/install.log --single-version-externally-managed install_data
[8.860s] Level 1:colcon.colcon_core.environment:checking '/home/paakwasi/ros2_ws/install/number_analyzer/lib'
[8.860s] Level 1:colcon.colcon_core.environment:checking '/home/paakwasi/ros2_ws/install/number_analyzer/bin'
[8.860s] Level 1:colcon.colcon_core.environment:checking '/home/paakwasi/ros2_ws/install/number_analyzer/lib/pkgconfig/number_analyzer.pc'
[8.860s] Level 1:colcon.colcon_core.environment:checking '/home/paakwasi/ros2_ws/install/number_analyzer/lib/python3.10/site-packages'
[8.860s] Level 1:colcon.colcon_core.shell:create_environment_hook('number_analyzer', 'pythonpath')
[8.861s] INFO:colcon.colcon_core.shell:Creating environment hook '/home/paakwasi/ros2_ws/install/number_analyzer/share/number_analyzer/hook/pythonpath.ps1'
[8.862s] INFO:colcon.colcon_core.shell:Creating environment descriptor '/home/paakwasi/ros2_ws/install/number_analyzer/share/number_analyzer/hook/pythonpath.dsv'
[8.874s] INFO:colcon.colcon_core.shell:Creating environment hook '/home/paakwasi/ros2_ws/install/number_analyzer/share/number_analyzer/hook/pythonpath.sh'
[8.876s] Level 1:colcon.colcon_core.environment:checking '/home/paakwasi/ros2_ws/install/number_analyzer/bin'
[8.876s] Level 1:colcon.colcon_core.environment:create_environment_scripts_only(number_analyzer)
[8.886s] INFO:colcon.colcon_core.shell:Creating package script '/home/paakwasi/ros2_ws/install/number_analyzer/share/number_analyzer/package.ps1'
[8.894s] INFO:colcon.colcon_core.shell:Creating package descriptor '/home/paakwasi/ros2_ws/install/number_analyzer/share/number_analyzer/package.dsv'
[8.907s] INFO:colcon.colcon_core.shell:Creating package script '/home/paakwasi/ros2_ws/install/number_analyzer/share/number_analyzer/package.sh'
[8.922s] INFO:colcon.colcon_core.shell:Creating package script '/home/paakwasi/ros2_ws/install/number_analyzer/share/number_analyzer/package.bash'
[8.938s] INFO:colcon.colcon_core.shell:Creating package script '/home/paakwasi/ros2_ws/install/number_analyzer/share/number_analyzer/package.zsh'
[8.951s] Level 1:colcon.colcon_core.environment:create_file_with_runtime_dependencies(/home/paakwasi/ros2_ws/install/number_analyzer/share/colcon-core/packages/number_analyzer)
[8.953s] DEBUG:colcon.colcon_parallel_executor.executor.parallel:closing loop
[8.956s] DEBUG:colcon.colcon_parallel_executor.executor.parallel:loop closed
[8.956s] DEBUG:colcon.colcon_parallel_executor.executor.parallel:run_until_complete finished with '0'
[8.956s] DEBUG:colcon.colcon_core.event_reactor:joining thread
[9.055s] INFO:colcon.colcon_core.plugin_system:Skipping extension 'colcon_notification.desktop_notification.terminal_notifier': Not used on non-Darwin systems
[9.056s] INFO:colcon.colcon_core.plugin_system:Skipping extension 'colcon_notification.desktop_notification.win32': Not used on non-Windows systems
[9.059s] INFO:colcon.colcon_notification.desktop_notification:Sending desktop notification using 'notify2'
[9.248s] DEBUG:colcon.colcon_core.event_reactor:joined thread
[9.259s] INFO:colcon.colcon_core.shell:Creating prefix script '/home/paakwasi/ros2_ws/install/local_setup.ps1'
[9.273s] INFO:colcon.colcon_core.shell:Creating prefix util module '/home/paakwasi/ros2_ws/install/_local_setup_util_ps1.py'
[9.288s] INFO:colcon.colcon_core.shell:Creating prefix chain script '/home/paakwasi/ros2_ws/install/setup.ps1'
[9.297s] INFO:colcon.colcon_core.shell:Creating prefix script '/home/paakwasi/ros2_ws/install/local_setup.sh'
[9.298s] INFO:colcon.colcon_core.shell:Creating prefix util module '/home/paakwasi/ros2_ws/install/_local_setup_util_sh.py'
[9.304s] INFO:colcon.colcon_core.shell:Creating prefix chain script '/home/paakwasi/ros2_ws/install/setup.sh'
[9.318s] INFO:colcon.colcon_core.shell:Creating prefix script '/home/paakwasi/ros2_ws/install/local_setup.bash'
[9.331s] INFO:colcon.colcon_core.shell:Creating prefix chain script '/home/paakwasi/ros2_ws/install/setup.bash'
[9.344s] INFO:colcon.colcon_core.shell:Creating prefix script '/home/paakwasi/ros2_ws/install/local_setup.zsh'
[9.362s] INFO:colcon.colcon_core.shell:Creating prefix chain script '/home/paakwasi/ros2_ws/install/setup.zsh'
