/home/paakwasi/ros2_ws/install/number_analyzer/lib/python3.10/site-packages/number_analyzer/analysis_server_node.py
/home/paakwasi/ros2_ws/install/number_analyzer/lib/python3.10/site-packages/number_analyzer/number_publisher_node.py
/home/paakwasi/ros2_ws/install/number_analyzer/lib/python3.10/site-packages/number_analyzer/__init__.py
/home/paakwasi/ros2_ws/install/number_analyzer/lib/python3.10/site-packages/number_analyzer/analysis_client_node.py
/home/paakwasi/ros2_ws/install/number_analyzer/lib/python3.10/site-packages/number_analyzer/__pycache__/analysis_server_node.cpython-310.pyc
/home/paakwasi/ros2_ws/install/number_analyzer/lib/python3.10/site-packages/number_analyzer/__pycache__/number_publisher_node.cpython-310.pyc
/home/paakwasi/ros2_ws/install/number_analyzer/lib/python3.10/site-packages/number_analyzer/__pycache__/__init__.cpython-310.pyc
/home/paakwasi/ros2_ws/install/number_analyzer/lib/python3.10/site-packages/number_analyzer/__pycache__/analysis_client_node.cpython-310.pyc
/home/paakwasi/ros2_ws/install/number_analyzer/share/ament_index/resource_index/packages/number_analyzer
/home/paakwasi/ros2_ws/install/number_analyzer/share/number_analyzer/package.xml
/home/paakwasi/ros2_ws/install/number_analyzer/lib/python3.10/site-packages/number_analyzer-0.0.0-py3.10.egg-info/entry_points.txt
/home/paakwasi/ros2_ws/install/number_analyzer/lib/python3.10/site-packages/number_analyzer-0.0.0-py3.10.egg-info/requires.txt
/home/paakwasi/ros2_ws/install/number_analyzer/lib/python3.10/site-packages/number_analyzer-0.0.0-py3.10.egg-info/dependency_links.txt
/home/paakwasi/ros2_ws/install/number_analyzer/lib/python3.10/site-packages/number_analyzer-0.0.0-py3.10.egg-info/zip-safe
/home/paakwasi/ros2_ws/install/number_analyzer/lib/python3.10/site-packages/number_analyzer-0.0.0-py3.10.egg-info/PKG-INFO
/home/paakwasi/ros2_ws/install/number_analyzer/lib/python3.10/site-packages/number_analyzer-0.0.0-py3.10.egg-info/top_level.txt
/home/paakwasi/ros2_ws/install/number_analyzer/lib/python3.10/site-packages/number_analyzer-0.0.0-py3.10.egg-info/SOURCES.txt
/home/paakwasi/ros2_ws/install/number_analyzer/lib/number_analyzer/client
/home/paakwasi/ros2_ws/install/number_analyzer/lib/number_analyzer/publisher
/home/paakwasi/ros2_ws/install/number_analyzer/lib/number_analyzer/server
