[1.185s] Invoking command in '/home/paakwasi/ros2_ws/src/temp_sensor': PYTHONPATH=/home/paakwasi/ros2_ws/build/temp_sensor/prefix_override:/usr/lib/python3/dist-packages/colcon_core/task/python/colcon_distutils_commands:/home/paakwasi/ros2_ws/install/temp_sensor/lib/python3.10/site-packages:${PYTHONPATH} /usr/bin/python3 -W ignore:setup.py install is deprecated -W ignore:easy_install command is deprecated setup.py egg_info --egg-base ../../build/temp_sensor build --build-base /home/paakwasi/ros2_ws/build/temp_sensor/build install --record /home/paakwasi/ros2_ws/build/temp_sensor/install.log --single-version-externally-managed install_data
[1.497s] running egg_info
[1.498s] writing ../../build/temp_sensor/temp_sensor.egg-info/PKG-INFO
[1.498s] writing dependency_links to ../../build/temp_sensor/temp_sensor.egg-info/dependency_links.txt
[1.498s] writing entry points to ../../build/temp_sensor/temp_sensor.egg-info/entry_points.txt
[1.500s] writing requirements to ../../build/temp_sensor/temp_sensor.egg-info/requires.txt
[1.500s] writing top-level names to ../../build/temp_sensor/temp_sensor.egg-info/top_level.txt
[1.502s] reading manifest file '../../build/temp_sensor/temp_sensor.egg-info/SOURCES.txt'
[1.507s] writing manifest file '../../build/temp_sensor/temp_sensor.egg-info/SOURCES.txt'
[1.507s] running build
[1.507s] running build_py
[1.508s] copying temp_sensor/ATH10_temp_readings.py -> /home/paakwasi/ros2_ws/build/temp_sensor/build/lib/temp_sensor
[1.508s] running install
[1.508s] running install_lib
[1.508s] copying /home/paakwasi/ros2_ws/build/temp_sensor/build/lib/temp_sensor/ATH10_temp_readings.py -> /home/paakwasi/ros2_ws/install/temp_sensor/lib/python3.10/site-packages/temp_sensor
[1.508s] byte-compiling /home/paakwasi/ros2_ws/install/temp_sensor/lib/python3.10/site-packages/temp_sensor/ATH10_temp_readings.py to ATH10_temp_readings.cpython-310.pyc
[1.510s] running install_data
[1.510s] copying resource/temp_sensor -> /home/paakwasi/ros2_ws/install/temp_sensor/share/ament_index/resource_index/packages
[1.511s] running install_egg_info
[1.517s] removing '/home/paakwasi/ros2_ws/install/temp_sensor/lib/python3.10/site-packages/temp_sensor-0.0.0-py3.10.egg-info' (and everything under it)
[1.517s] Copying ../../build/temp_sensor/temp_sensor.egg-info to /home/paakwasi/ros2_ws/install/temp_sensor/lib/python3.10/site-packages/temp_sensor-0.0.0-py3.10.egg-info
[1.519s] running install_scripts
[1.551s] Installing Temp_reading script to /home/paakwasi/ros2_ws/install/temp_sensor/lib/temp_sensor
[1.551s] writing list of installed files to '/home/paakwasi/ros2_ws/build/temp_sensor/install.log'
[1.577s] Invoked command in '/home/paakwasi/ros2_ws/src/temp_sensor' returned '0': PYTHONPATH=/home/paakwasi/ros2_ws/build/temp_sensor/prefix_override:/usr/lib/python3/dist-packages/colcon_core/task/python/colcon_distutils_commands:/home/paakwasi/ros2_ws/install/temp_sensor/lib/python3.10/site-packages:${PYTHONPATH} /usr/bin/python3 -W ignore:setup.py install is deprecated -W ignore:easy_install command is deprecated setup.py egg_info --egg-base ../../build/temp_sensor build --build-base /home/paakwasi/ros2_ws/build/temp_sensor/build install --record /home/paakwasi/ros2_ws/build/temp_sensor/install.log --single-version-externally-managed install_data
