[0.525s] Invoking command in '/home/paakwasi/ros2_ws/src/number_analyzer': PYTHONPATH=/home/paakwasi/ros2_ws/build/number_analyzer/prefix_override:/usr/lib/python3/dist-packages/colcon_core/task/python/colcon_distutils_commands:/home/paakwasi/ros2_ws/install/number_analyzer/lib/python3.10/site-packages:${PYTHONPATH} /usr/bin/python3 -W ignore:setup.py install is deprecated -W ignore:easy_install command is deprecated setup.py egg_info --egg-base ../../build/number_analyzer build --build-base /home/paakwasi/ros2_ws/build/number_analyzer/build install --record /home/paakwasi/ros2_ws/build/number_analyzer/install.log --single-version-externally-managed install_data
[0.709s] running egg_info
[0.711s] writing ../../build/number_analyzer/number_analyzer.egg-info/PKG-INFO
[0.711s] writing dependency_links to ../../build/number_analyzer/number_analyzer.egg-info/dependency_links.txt
[0.711s] writing entry points to ../../build/number_analyzer/number_analyzer.egg-info/entry_points.txt
[0.711s] writing requirements to ../../build/number_analyzer/number_analyzer.egg-info/requires.txt
[0.711s] writing top-level names to ../../build/number_analyzer/number_analyzer.egg-info/top_level.txt
[0.712s] reading manifest file '../../build/number_analyzer/number_analyzer.egg-info/SOURCES.txt'
[0.712s] writing manifest file '../../build/number_analyzer/number_analyzer.egg-info/SOURCES.txt'
[0.713s] running build
[0.713s] running build_py
[0.713s] running install
[0.714s] running install_lib
[0.716s] running install_data
[0.716s] running install_egg_info
[0.717s] removing '/home/paakwasi/ros2_ws/install/number_analyzer/lib/python3.10/site-packages/number_analyzer-0.0.0-py3.10.egg-info' (and everything under it)
[0.717s] Copying ../../build/number_analyzer/number_analyzer.egg-info to /home/paakwasi/ros2_ws/install/number_analyzer/lib/python3.10/site-packages/number_analyzer-0.0.0-py3.10.egg-info
[0.718s] running install_scripts
[0.734s] writing list of installed files to '/home/paakwasi/ros2_ws/build/number_analyzer/install.log'
[0.754s] Invoked command in '/home/paakwasi/ros2_ws/src/number_analyzer' returned '0': PYTHONPATH=/home/paakwasi/ros2_ws/build/number_analyzer/prefix_override:/usr/lib/python3/dist-packages/colcon_core/task/python/colcon_distutils_commands:/home/paakwasi/ros2_ws/install/number_analyzer/lib/python3.10/site-packages:${PYTHONPATH} /usr/bin/python3 -W ignore:setup.py install is deprecated -W ignore:easy_install command is deprecated setup.py egg_info --egg-base ../../build/number_analyzer build --build-base /home/paakwasi/ros2_ws/build/number_analyzer/build install --record /home/paakwasi/ros2_ws/build/number_analyzer/install.log --single-version-externally-managed install_data
