[0.126s] Invoking command in '/home/paakwasi/ros2_ws/build/first_custom_interface': CMAKE_PREFIX_PATH=${CMAKE_PREFIX_PATH}:/home/paakwasi/ros2_ws/install/temp_monitoring:/home/paakwasi/ros2_ws/install/number_analyzer:/home/paakwasi/ros2_ws/install/my_robot_controller:/opt/ros/humble /usr/bin/cmake --build /home/paakwasi/ros2_ws/build/first_custom_interface -- -j10 -l10
[1.108s] [  3%] Built target first_custom_interface__cpp
[1.126s] [ 12%] Built target first_custom_interface__rosidl_generator_c
[1.261s] [ 12%] Built target ament_cmake_python_copy_first_custom_interface
[1.588s] [ 22%] Built target first_custom_interface__rosidl_typesupport_fastrtps_cpp
[1.687s] [ 32%] Built target first_custom_interface__rosidl_typesupport_introspection_cpp
[1.775s] [ 41%] Built target first_custom_interface__rosidl_typesupport_c
[1.775s] [ 51%] Built target first_custom_interface__rosidl_typesupport_cpp
[1.775s] [ 61%] Built target first_custom_interface__rosidl_typesupport_introspection_c
[1.871s] [ 70%] Built target first_custom_interface__rosidl_typesupport_fastrtps_c
[2.489s] [ 70%] Built target first_custom_interface
[2.924s] [ 74%] Built target first_custom_interface__py
[3.127s] [ 80%] Built target first_custom_interface__rosidl_generator_py
[3.170s] running egg_info
[3.181s] writing first_custom_interface.egg-info/PKG-INFO
[3.189s] writing dependency_links to first_custom_interface.egg-info/dependency_links.txt
[3.228s] writing top-level names to first_custom_interface.egg-info/top_level.txt
[3.299s] reading manifest file 'first_custom_interface.egg-info/SOURCES.txt'
[3.313s] writing manifest file 'first_custom_interface.egg-info/SOURCES.txt'
[3.674s] [ 90%] Built target first_custom_interface__rosidl_typesupport_fastrtps_c__pyext
[3.690s] [ 93%] Built target first_custom_interface__rosidl_typesupport_introspection_c__pyext
[3.690s] [ 93%] Built target ament_cmake_python_build_first_custom_interface_egg
[3.703s] [100%] Built target first_custom_interface__rosidl_typesupport_c__pyext
[3.854s] Invoked command in '/home/paakwasi/ros2_ws/build/first_custom_interface' returned '0': CMAKE_PREFIX_PATH=${CMAKE_PREFIX_PATH}:/home/paakwasi/ros2_ws/install/temp_monitoring:/home/paakwasi/ros2_ws/install/number_analyzer:/home/paakwasi/ros2_ws/install/my_robot_controller:/opt/ros/humble /usr/bin/cmake --build /home/paakwasi/ros2_ws/build/first_custom_interface -- -j10 -l10
[3.946s] Invoking command in '/home/paakwasi/ros2_ws/build/first_custom_interface': CMAKE_PREFIX_PATH=${CMAKE_PREFIX_PATH}:/home/paakwasi/ros2_ws/install/temp_monitoring:/home/paakwasi/ros2_ws/install/number_analyzer:/home/paakwasi/ros2_ws/install/my_robot_controller:/opt/ros/humble /usr/bin/cmake --install /home/paakwasi/ros2_ws/build/first_custom_interface
[3.972s] -- Install configuration: ""
[3.984s] -- Up-to-date: /home/paakwasi/ros2_ws/install/first_custom_interface/share/ament_index/resource_index/rosidl_interfaces/first_custom_interface
[3.984s] -- Up-to-date: /home/paakwasi/ros2_ws/install/first_custom_interface/include/first_custom_interface/first_custom_interface
[3.984s] -- Up-to-date: /home/paakwasi/ros2_ws/install/first_custom_interface/include/first_custom_interface/first_custom_interface/msg
[3.984s] -- Up-to-date: /home/paakwasi/ros2_ws/install/first_custom_interface/include/first_custom_interface/first_custom_interface/msg/rosidl_generator_c__visibility_control.h
[3.984s] -- Up-to-date: /home/paakwasi/ros2_ws/install/first_custom_interface/include/first_custom_interface/first_custom_interface/srv
[3.984s] -- Up-to-date: /home/paakwasi/ros2_ws/install/first_custom_interface/include/first_custom_interface/first_custom_interface/srv/detail
[3.984s] -- Up-to-date: /home/paakwasi/ros2_ws/install/first_custom_interface/include/first_custom_interface/first_custom_interface/srv/detail/analyze_number__struct.h
[3.984s] -- Up-to-date: /home/paakwasi/ros2_ws/install/first_custom_interface/include/first_custom_interface/first_custom_interface/srv/detail/analyze_number__functions.c
[3.984s] -- Up-to-date: /home/paakwasi/ros2_ws/install/first_custom_interface/include/first_custom_interface/first_custom_interface/srv/detail/analyze_number__functions.h
[3.984s] -- Up-to-date: /home/paakwasi/ros2_ws/install/first_custom_interface/include/first_custom_interface/first_custom_interface/srv/detail/analyze_number__type_support.h
[3.985s] -- Up-to-date: /home/paakwasi/ros2_ws/install/first_custom_interface/include/first_custom_interface/first_custom_interface/srv/analyze_number.h
[3.985s] -- Up-to-date: /home/paakwasi/ros2_ws/install/first_custom_interface/share/first_custom_interface/environment/library_path.sh
[3.985s] -- Up-to-date: /home/paakwasi/ros2_ws/install/first_custom_interface/share/first_custom_interface/environment/library_path.dsv
[3.985s] -- Up-to-date: /home/paakwasi/ros2_ws/install/first_custom_interface/lib/libfirst_custom_interface__rosidl_generator_c.so
[3.985s] -- Up-to-date: /home/paakwasi/ros2_ws/install/first_custom_interface/include/first_custom_interface/first_custom_interface
[3.986s] -- Up-to-date: /home/paakwasi/ros2_ws/install/first_custom_interface/include/first_custom_interface/first_custom_interface/msg
[3.986s] -- Up-to-date: /home/paakwasi/ros2_ws/install/first_custom_interface/include/first_custom_interface/first_custom_interface/msg/rosidl_typesupport_fastrtps_c__visibility_control.h
[3.987s] -- Up-to-date: /home/paakwasi/ros2_ws/install/first_custom_interface/include/first_custom_interface/first_custom_interface/srv
[3.987s] -- Up-to-date: /home/paakwasi/ros2_ws/install/first_custom_interface/include/first_custom_interface/first_custom_interface/srv/detail
[3.988s] -- Up-to-date: /home/paakwasi/ros2_ws/install/first_custom_interface/include/first_custom_interface/first_custom_interface/srv/detail/analyze_number__rosidl_typesupport_fastrtps_c.h
[3.989s] -- Up-to-date: /home/paakwasi/ros2_ws/install/first_custom_interface/lib/libfirst_custom_interface__rosidl_typesupport_fastrtps_c.so
[3.989s] -- Up-to-date: /home/paakwasi/ros2_ws/install/first_custom_interface/include/first_custom_interface/first_custom_interface
[3.990s] -- Up-to-date: /home/paakwasi/ros2_ws/install/first_custom_interface/include/first_custom_interface/first_custom_interface/msg
[3.990s] -- Up-to-date: /home/paakwasi/ros2_ws/install/first_custom_interface/include/first_custom_interface/first_custom_interface/msg/rosidl_typesupport_introspection_c__visibility_control.h
[3.991s] -- Up-to-date: /home/paakwasi/ros2_ws/install/first_custom_interface/include/first_custom_interface/first_custom_interface/srv
[3.991s] -- Up-to-date: /home/paakwasi/ros2_ws/install/first_custom_interface/include/first_custom_interface/first_custom_interface/srv/detail
[3.992s] -- Up-to-date: /home/paakwasi/ros2_ws/install/first_custom_interface/include/first_custom_interface/first_custom_interface/srv/detail/analyze_number__rosidl_typesupport_introspection_c.h
[3.992s] -- Up-to-date: /home/paakwasi/ros2_ws/install/first_custom_interface/include/first_custom_interface/first_custom_interface/srv/detail/analyze_number__type_support.c
[3.992s] -- Up-to-date: /home/paakwasi/ros2_ws/install/first_custom_interface/lib/libfirst_custom_interface__rosidl_typesupport_introspection_c.so
[3.993s] -- Up-to-date: /home/paakwasi/ros2_ws/install/first_custom_interface/lib/libfirst_custom_interface__rosidl_typesupport_c.so
[3.994s] -- Up-to-date: /home/paakwasi/ros2_ws/install/first_custom_interface/include/first_custom_interface/first_custom_interface
[3.994s] -- Up-to-date: /home/paakwasi/ros2_ws/install/first_custom_interface/include/first_custom_interface/first_custom_interface/msg
[3.994s] -- Up-to-date: /home/paakwasi/ros2_ws/install/first_custom_interface/include/first_custom_interface/first_custom_interface/msg/rosidl_generator_cpp__visibility_control.hpp
[3.994s] -- Up-to-date: /home/paakwasi/ros2_ws/install/first_custom_interface/include/first_custom_interface/first_custom_interface/srv
[3.994s] -- Up-to-date: /home/paakwasi/ros2_ws/install/first_custom_interface/include/first_custom_interface/first_custom_interface/srv/detail
[3.995s] -- Up-to-date: /home/paakwasi/ros2_ws/install/first_custom_interface/include/first_custom_interface/first_custom_interface/srv/detail/analyze_number__traits.hpp
[3.995s] -- Up-to-date: /home/paakwasi/ros2_ws/install/first_custom_interface/include/first_custom_interface/first_custom_interface/srv/detail/analyze_number__struct.hpp
[3.995s] -- Up-to-date: /home/paakwasi/ros2_ws/install/first_custom_interface/include/first_custom_interface/first_custom_interface/srv/detail/analyze_number__type_support.hpp
[3.995s] -- Up-to-date: /home/paakwasi/ros2_ws/install/first_custom_interface/include/first_custom_interface/first_custom_interface/srv/detail/analyze_number__builder.hpp
[3.996s] -- Up-to-date: /home/paakwasi/ros2_ws/install/first_custom_interface/include/first_custom_interface/first_custom_interface/srv/analyze_number.hpp
[3.996s] -- Up-to-date: /home/paakwasi/ros2_ws/install/first_custom_interface/include/first_custom_interface/first_custom_interface
[3.996s] -- Up-to-date: /home/paakwasi/ros2_ws/install/first_custom_interface/include/first_custom_interface/first_custom_interface/msg
[3.996s] -- Up-to-date: /home/paakwasi/ros2_ws/install/first_custom_interface/include/first_custom_interface/first_custom_interface/msg/rosidl_typesupport_fastrtps_cpp__visibility_control.h
[3.996s] -- Up-to-date: /home/paakwasi/ros2_ws/install/first_custom_interface/include/first_custom_interface/first_custom_interface/srv
[3.996s] -- Up-to-date: /home/paakwasi/ros2_ws/install/first_custom_interface/include/first_custom_interface/first_custom_interface/srv/detail
[3.996s] -- Up-to-date: /home/paakwasi/ros2_ws/install/first_custom_interface/include/first_custom_interface/first_custom_interface/srv/detail/analyze_number__rosidl_typesupport_fastrtps_cpp.hpp
[3.996s] -- Up-to-date: /home/paakwasi/ros2_ws/install/first_custom_interface/include/first_custom_interface/first_custom_interface/srv/detail/dds_fastrtps
[3.996s] -- Up-to-date: /home/paakwasi/ros2_ws/install/first_custom_interface/lib/libfirst_custom_interface__rosidl_typesupport_fastrtps_cpp.so
[3.996s] -- Up-to-date: /home/paakwasi/ros2_ws/install/first_custom_interface/include/first_custom_interface/first_custom_interface
[3.996s] -- Up-to-date: /home/paakwasi/ros2_ws/install/first_custom_interface/include/first_custom_interface/first_custom_interface/srv
[3.996s] -- Up-to-date: /home/paakwasi/ros2_ws/install/first_custom_interface/include/first_custom_interface/first_custom_interface/srv/detail
[3.997s] -- Up-to-date: /home/paakwasi/ros2_ws/install/first_custom_interface/include/first_custom_interface/first_custom_interface/srv/detail/analyze_number__rosidl_typesupport_introspection_cpp.hpp
[3.997s] -- Up-to-date: /home/paakwasi/ros2_ws/install/first_custom_interface/include/first_custom_interface/first_custom_interface/srv/detail/analyze_number__type_support.cpp
[3.997s] -- Up-to-date: /home/paakwasi/ros2_ws/install/first_custom_interface/lib/libfirst_custom_interface__rosidl_typesupport_introspection_cpp.so
[3.997s] -- Up-to-date: /home/paakwasi/ros2_ws/install/first_custom_interface/lib/libfirst_custom_interface__rosidl_typesupport_cpp.so
[3.997s] -- Up-to-date: /home/paakwasi/ros2_ws/install/first_custom_interface/share/first_custom_interface/environment/pythonpath.sh
[3.997s] -- Up-to-date: /home/paakwasi/ros2_ws/install/first_custom_interface/share/first_custom_interface/environment/pythonpath.dsv
[3.997s] -- Up-to-date: /home/paakwasi/ros2_ws/install/first_custom_interface/local/lib/python3.10/dist-packages/first_custom_interface-0.0.0-py3.10.egg-info
[3.997s] -- Installing: /home/paakwasi/ros2_ws/install/first_custom_interface/local/lib/python3.10/dist-packages/first_custom_interface-0.0.0-py3.10.egg-info/top_level.txt
[3.997s] -- Installing: /home/paakwasi/ros2_ws/install/first_custom_interface/local/lib/python3.10/dist-packages/first_custom_interface-0.0.0-py3.10.egg-info/SOURCES.txt
[3.997s] -- Installing: /home/paakwasi/ros2_ws/install/first_custom_interface/local/lib/python3.10/dist-packages/first_custom_interface-0.0.0-py3.10.egg-info/dependency_links.txt
[3.997s] -- Installing: /home/paakwasi/ros2_ws/install/first_custom_interface/local/lib/python3.10/dist-packages/first_custom_interface-0.0.0-py3.10.egg-info/PKG-INFO
[3.997s] -- Up-to-date: /home/paakwasi/ros2_ws/install/first_custom_interface/local/lib/python3.10/dist-packages/first_custom_interface
[3.997s] -- Up-to-date: /home/paakwasi/ros2_ws/install/first_custom_interface/local/lib/python3.10/dist-packages/first_custom_interface/__init__.py
[3.997s] -- Up-to-date: /home/paakwasi/ros2_ws/install/first_custom_interface/local/lib/python3.10/dist-packages/first_custom_interface/_first_custom_interface_s.ep.rosidl_typesupport_introspection_c.c
[3.997s] -- Up-to-date: /home/paakwasi/ros2_ws/install/first_custom_interface/local/lib/python3.10/dist-packages/first_custom_interface/first_custom_interface_s__rosidl_typesupport_fastrtps_c.cpython-310-x86_64-linux-gnu.so
[3.997s] -- Up-to-date: /home/paakwasi/ros2_ws/install/first_custom_interface/local/lib/python3.10/dist-packages/first_custom_interface/first_custom_interface_s__rosidl_typesupport_introspection_c.cpython-310-x86_64-linux-gnu.so
[3.997s] -- Up-to-date: /home/paakwasi/ros2_ws/install/first_custom_interface/local/lib/python3.10/dist-packages/first_custom_interface/first_custom_interface_s__rosidl_typesupport_c.cpython-310-x86_64-linux-gnu.so
[3.997s] -- Up-to-date: /home/paakwasi/ros2_ws/install/first_custom_interface/local/lib/python3.10/dist-packages/first_custom_interface/_first_custom_interface_s.ep.rosidl_typesupport_fastrtps_c.c
[3.997s] -- Up-to-date: /home/paakwasi/ros2_ws/install/first_custom_interface/local/lib/python3.10/dist-packages/first_custom_interface/_first_custom_interface_s.ep.rosidl_typesupport_c.c
[3.997s] -- Up-to-date: /home/paakwasi/ros2_ws/install/first_custom_interface/local/lib/python3.10/dist-packages/first_custom_interface/libfirst_custom_interface__rosidl_generator_py.so
[3.997s] -- Up-to-date: /home/paakwasi/ros2_ws/install/first_custom_interface/local/lib/python3.10/dist-packages/first_custom_interface/srv
[3.997s] -- Up-to-date: /home/paakwasi/ros2_ws/install/first_custom_interface/local/lib/python3.10/dist-packages/first_custom_interface/srv/__init__.py
[3.997s] -- Up-to-date: /home/paakwasi/ros2_ws/install/first_custom_interface/local/lib/python3.10/dist-packages/first_custom_interface/srv/_analyze_number_s.c
[3.997s] -- Up-to-date: /home/paakwasi/ros2_ws/install/first_custom_interface/local/lib/python3.10/dist-packages/first_custom_interface/srv/_analyze_number.py
[4.057s] Listing '/home/paakwasi/ros2_ws/install/first_custom_interface/local/lib/python3.10/dist-packages/first_custom_interface'...
[4.057s] Listing '/home/paakwasi/ros2_ws/install/first_custom_interface/local/lib/python3.10/dist-packages/first_custom_interface/srv'...
[4.063s] -- Up-to-date: /home/paakwasi/ros2_ws/install/first_custom_interface/local/lib/python3.10/dist-packages/first_custom_interface/first_custom_interface_s__rosidl_typesupport_fastrtps_c.cpython-310-x86_64-linux-gnu.so
[4.066s] -- Up-to-date: /home/paakwasi/ros2_ws/install/first_custom_interface/local/lib/python3.10/dist-packages/first_custom_interface/first_custom_interface_s__rosidl_typesupport_introspection_c.cpython-310-x86_64-linux-gnu.so
[4.066s] -- Up-to-date: /home/paakwasi/ros2_ws/install/first_custom_interface/local/lib/python3.10/dist-packages/first_custom_interface/first_custom_interface_s__rosidl_typesupport_c.cpython-310-x86_64-linux-gnu.so
[4.072s] -- Up-to-date: /home/paakwasi/ros2_ws/install/first_custom_interface/lib/libfirst_custom_interface__rosidl_generator_py.so
[4.076s] -- Up-to-date: /home/paakwasi/ros2_ws/install/first_custom_interface/share/first_custom_interface/srv/AnalyzeNumber.idl
[4.076s] -- Up-to-date: /home/paakwasi/ros2_ws/install/first_custom_interface/share/first_custom_interface/srv/AnalyzeNumber.srv
[4.076s] -- Up-to-date: /home/paakwasi/ros2_ws/install/first_custom_interface/share/first_custom_interface/srv/AnalyzeNumber_Request.msg
[4.085s] -- Up-to-date: /home/paakwasi/ros2_ws/install/first_custom_interface/share/first_custom_interface/srv/AnalyzeNumber_Response.msg
[4.085s] -- Up-to-date: /home/paakwasi/ros2_ws/install/first_custom_interface/share/ament_index/resource_index/package_run_dependencies/first_custom_interface
[4.086s] -- Up-to-date: /home/paakwasi/ros2_ws/install/first_custom_interface/share/ament_index/resource_index/parent_prefix_path/first_custom_interface
[4.086s] -- Up-to-date: /home/paakwasi/ros2_ws/install/first_custom_interface/share/first_custom_interface/environment/ament_prefix_path.sh
[4.089s] -- Up-to-date: /home/paakwasi/ros2_ws/install/first_custom_interface/share/first_custom_interface/environment/ament_prefix_path.dsv
[4.089s] -- Up-to-date: /home/paakwasi/ros2_ws/install/first_custom_interface/share/first_custom_interface/environment/path.sh
[4.089s] -- Up-to-date: /home/paakwasi/ros2_ws/install/first_custom_interface/share/first_custom_interface/environment/path.dsv
[4.089s] -- Up-to-date: /home/paakwasi/ros2_ws/install/first_custom_interface/share/first_custom_interface/local_setup.bash
[4.089s] -- Up-to-date: /home/paakwasi/ros2_ws/install/first_custom_interface/share/first_custom_interface/local_setup.sh
[4.089s] -- Up-to-date: /home/paakwasi/ros2_ws/install/first_custom_interface/share/first_custom_interface/local_setup.zsh
[4.089s] -- Up-to-date: /home/paakwasi/ros2_ws/install/first_custom_interface/share/first_custom_interface/local_setup.dsv
[4.089s] -- Installing: /home/paakwasi/ros2_ws/install/first_custom_interface/share/first_custom_interface/package.dsv
[4.089s] -- Up-to-date: /home/paakwasi/ros2_ws/install/first_custom_interface/share/ament_index/resource_index/packages/first_custom_interface
[4.099s] -- Up-to-date: /home/paakwasi/ros2_ws/install/first_custom_interface/share/first_custom_interface/cmake/export_first_custom_interface__rosidl_generator_cExport.cmake
[4.099s] -- Up-to-date: /home/paakwasi/ros2_ws/install/first_custom_interface/share/first_custom_interface/cmake/export_first_custom_interface__rosidl_generator_cExport-noconfig.cmake
[4.106s] -- Up-to-date: /home/paakwasi/ros2_ws/install/first_custom_interface/share/first_custom_interface/cmake/export_first_custom_interface__rosidl_typesupport_fastrtps_cExport.cmake
[4.107s] -- Up-to-date: /home/paakwasi/ros2_ws/install/first_custom_interface/share/first_custom_interface/cmake/export_first_custom_interface__rosidl_typesupport_fastrtps_cExport-noconfig.cmake
[4.108s] -- Up-to-date: /home/paakwasi/ros2_ws/install/first_custom_interface/share/first_custom_interface/cmake/first_custom_interface__rosidl_typesupport_introspection_cExport.cmake
[4.108s] -- Up-to-date: /home/paakwasi/ros2_ws/install/first_custom_interface/share/first_custom_interface/cmake/first_custom_interface__rosidl_typesupport_introspection_cExport-noconfig.cmake
[4.110s] -- Up-to-date: /home/paakwasi/ros2_ws/install/first_custom_interface/share/first_custom_interface/cmake/first_custom_interface__rosidl_typesupport_cExport.cmake
[4.111s] -- Up-to-date: /home/paakwasi/ros2_ws/install/first_custom_interface/share/first_custom_interface/cmake/first_custom_interface__rosidl_typesupport_cExport-noconfig.cmake
[4.112s] -- Up-to-date: /home/paakwasi/ros2_ws/install/first_custom_interface/share/first_custom_interface/cmake/export_first_custom_interface__rosidl_generator_cppExport.cmake
[4.113s] -- Up-to-date: /home/paakwasi/ros2_ws/install/first_custom_interface/share/first_custom_interface/cmake/export_first_custom_interface__rosidl_typesupport_fastrtps_cppExport.cmake
[4.114s] -- Up-to-date: /home/paakwasi/ros2_ws/install/first_custom_interface/share/first_custom_interface/cmake/export_first_custom_interface__rosidl_typesupport_fastrtps_cppExport-noconfig.cmake
[4.114s] -- Up-to-date: /home/paakwasi/ros2_ws/install/first_custom_interface/share/first_custom_interface/cmake/first_custom_interface__rosidl_typesupport_introspection_cppExport.cmake
[4.114s] -- Up-to-date: /home/paakwasi/ros2_ws/install/first_custom_interface/share/first_custom_interface/cmake/first_custom_interface__rosidl_typesupport_introspection_cppExport-noconfig.cmake
[4.116s] -- Up-to-date: /home/paakwasi/ros2_ws/install/first_custom_interface/share/first_custom_interface/cmake/first_custom_interface__rosidl_typesupport_cppExport.cmake
[4.116s] -- Up-to-date: /home/paakwasi/ros2_ws/install/first_custom_interface/share/first_custom_interface/cmake/first_custom_interface__rosidl_typesupport_cppExport-noconfig.cmake
[4.154s] -- Up-to-date: /home/paakwasi/ros2_ws/install/first_custom_interface/share/first_custom_interface/cmake/export_first_custom_interface__rosidl_generator_pyExport.cmake
[4.184s] -- Up-to-date: /home/paakwasi/ros2_ws/install/first_custom_interface/share/first_custom_interface/cmake/export_first_custom_interface__rosidl_generator_pyExport-noconfig.cmake
[4.221s] -- Up-to-date: /home/paakwasi/ros2_ws/install/first_custom_interface/share/first_custom_interface/cmake/rosidl_cmake-extras.cmake
[4.221s] -- Up-to-date: /home/paakwasi/ros2_ws/install/first_custom_interface/share/first_custom_interface/cmake/ament_cmake_export_include_directories-extras.cmake
[4.222s] -- Up-to-date: /home/paakwasi/ros2_ws/install/first_custom_interface/share/first_custom_interface/cmake/ament_cmake_export_libraries-extras.cmake
[4.222s] -- Up-to-date: /home/paakwasi/ros2_ws/install/first_custom_interface/share/first_custom_interface/cmake/ament_cmake_export_targets-extras.cmake
[4.222s] -- Up-to-date: /home/paakwasi/ros2_ws/install/first_custom_interface/share/first_custom_interface/cmake/rosidl_cmake_export_typesupport_targets-extras.cmake
[4.222s] -- Up-to-date: /home/paakwasi/ros2_ws/install/first_custom_interface/share/first_custom_interface/cmake/ament_cmake_export_dependencies-extras.cmake
[4.224s] -- Up-to-date: /home/paakwasi/ros2_ws/install/first_custom_interface/share/first_custom_interface/cmake/rosidl_cmake_export_typesupport_libraries-extras.cmake
[4.225s] -- Up-to-date: /home/paakwasi/ros2_ws/install/first_custom_interface/share/first_custom_interface/cmake/first_custom_interfaceConfig.cmake
[4.230s] -- Up-to-date: /home/paakwasi/ros2_ws/install/first_custom_interface/share/first_custom_interface/cmake/first_custom_interfaceConfig-version.cmake
[4.231s] -- Up-to-date: /home/paakwasi/ros2_ws/install/first_custom_interface/share/first_custom_interface/package.xml
[4.233s] Invoked command in '/home/paakwasi/ros2_ws/build/first_custom_interface' returned '0': CMAKE_PREFIX_PATH=${CMAKE_PREFIX_PATH}:/home/paakwasi/ros2_ws/install/temp_monitoring:/home/paakwasi/ros2_ws/install/number_analyzer:/home/paakwasi/ros2_ws/install/my_robot_controller:/opt/ros/humble /usr/bin/cmake --install /home/paakwasi/ros2_ws/build/first_custom_interface
