[0.022s] Invoking command in '/home/paakwasi/ros2_ws/build/first_custom_interface': CMAKE_PREFIX_PATH=/opt/ros/humble /usr/bin/cmake --build /home/paakwasi/ros2_ws/build/first_custom_interface -- -j12 -l12
[0.198s] [ 10%] Built target first_custom_interface__rosidl_generator_c
[0.199s] [ 12%] Built target first_custom_interface__cpp
[0.199s] [ 12%] Built target ament_cmake_python_copy_first_custom_interface
[0.199s] [ 23%] Built target first_custom_interface__rosidl_typesupport_introspection_c
[0.199s] [ 33%] Built target first_custom_interface__rosidl_typesupport_fastrtps_c
[0.199s] [ 43%] Built target first_custom_interface__rosidl_typesupport_c
[0.199s] [ 53%] Built target first_custom_interface__rosidl_typesupport_cpp
[0.200s] [ 64%] Built target first_custom_interface__rosidl_typesupport_fastrtps_cpp
[0.200s] [ 74%] Built target first_custom_interface__rosidl_typesupport_introspection_cpp
[0.200s] [ 74%] Built target first_custom_interface
[0.200s] [ 76%] Built target first_custom_interface__py
[0.200s] [ 84%] Built target first_custom_interface__rosidl_generator_py
[0.200s] [ 89%] Built target first_custom_interface__rosidl_typesupport_fastrtps_c__pyext
[0.200s] [ 94%] Built target first_custom_interface__rosidl_typesupport_introspection_c__pyext
[0.200s] [100%] Built target first_custom_interface__rosidl_typesupport_c__pyext
[0.280s] running egg_info
[0.280s] writing first_custom_interface.egg-info/PKG-INFO
[0.281s] writing dependency_links to first_custom_interface.egg-info/dependency_links.txt
[0.281s] writing top-level names to first_custom_interface.egg-info/top_level.txt
[0.282s] reading manifest file 'first_custom_interface.egg-info/SOURCES.txt'
[0.282s] writing manifest file 'first_custom_interface.egg-info/SOURCES.txt'
[0.302s] [100%] Built target ament_cmake_python_build_first_custom_interface_egg
[0.369s] Invoked command in '/home/paakwasi/ros2_ws/build/first_custom_interface' returned '0': CMAKE_PREFIX_PATH=/opt/ros/humble /usr/bin/cmake --build /home/paakwasi/ros2_ws/build/first_custom_interface -- -j12 -l12
[0.377s] Invoking command in '/home/paakwasi/ros2_ws/build/first_custom_interface': CMAKE_PREFIX_PATH=/opt/ros/humble /usr/bin/cmake --install /home/paakwasi/ros2_ws/build/first_custom_interface
[0.382s] -- Install configuration: ""
[0.382s] -- Up-to-date: /home/paakwasi/ros2_ws/install/first_custom_interface/share/ament_index/resource_index/rosidl_interfaces/first_custom_interface
[0.383s] -- Up-to-date: /home/paakwasi/ros2_ws/install/first_custom_interface/include/first_custom_interface/first_custom_interface
[0.383s] -- Up-to-date: /home/paakwasi/ros2_ws/install/first_custom_interface/include/first_custom_interface/first_custom_interface/msg
[0.383s] -- Up-to-date: /home/paakwasi/ros2_ws/install/first_custom_interface/include/first_custom_interface/first_custom_interface/msg/rosidl_generator_c__visibility_control.h
[0.383s] -- Up-to-date: /home/paakwasi/ros2_ws/install/first_custom_interface/include/first_custom_interface/first_custom_interface/srv
[0.383s] -- Up-to-date: /home/paakwasi/ros2_ws/install/first_custom_interface/include/first_custom_interface/first_custom_interface/srv/detail
[0.383s] -- Up-to-date: /home/paakwasi/ros2_ws/install/first_custom_interface/include/first_custom_interface/first_custom_interface/srv/detail/analyze_number__struct.h
[0.383s] -- Up-to-date: /home/paakwasi/ros2_ws/install/first_custom_interface/include/first_custom_interface/first_custom_interface/srv/detail/return_to_base__struct.h
[0.383s] -- Up-to-date: /home/paakwasi/ros2_ws/install/first_custom_interface/include/first_custom_interface/first_custom_interface/srv/detail/return_to_base__functions.h
[0.383s] -- Up-to-date: /home/paakwasi/ros2_ws/install/first_custom_interface/include/first_custom_interface/first_custom_interface/srv/detail/analyze_number__functions.h
[0.384s] -- Up-to-date: /home/paakwasi/ros2_ws/install/first_custom_interface/include/first_custom_interface/first_custom_interface/srv/detail/analyze_number__type_support.h
[0.384s] -- Up-to-date: /home/paakwasi/ros2_ws/install/first_custom_interface/include/first_custom_interface/first_custom_interface/srv/detail/return_to_base__functions.c
[0.384s] -- Up-to-date: /home/paakwasi/ros2_ws/install/first_custom_interface/include/first_custom_interface/first_custom_interface/srv/detail/return_to_base__type_support.h
[0.384s] -- Up-to-date: /home/paakwasi/ros2_ws/install/first_custom_interface/include/first_custom_interface/first_custom_interface/srv/detail/analyze_number__functions.c
[0.384s] -- Up-to-date: /home/paakwasi/ros2_ws/install/first_custom_interface/include/first_custom_interface/first_custom_interface/srv/analyze_number.h
[0.384s] -- Up-to-date: /home/paakwasi/ros2_ws/install/first_custom_interface/include/first_custom_interface/first_custom_interface/srv/return_to_base.h
[0.384s] -- Up-to-date: /home/paakwasi/ros2_ws/install/first_custom_interface/share/first_custom_interface/environment/library_path.sh
[0.384s] -- Up-to-date: /home/paakwasi/ros2_ws/install/first_custom_interface/share/first_custom_interface/environment/library_path.dsv
[0.384s] -- Up-to-date: /home/paakwasi/ros2_ws/install/first_custom_interface/lib/libfirst_custom_interface__rosidl_generator_c.so
[0.384s] -- Up-to-date: /home/paakwasi/ros2_ws/install/first_custom_interface/include/first_custom_interface/first_custom_interface
[0.384s] -- Up-to-date: /home/paakwasi/ros2_ws/install/first_custom_interface/include/first_custom_interface/first_custom_interface/msg
[0.385s] -- Up-to-date: /home/paakwasi/ros2_ws/install/first_custom_interface/include/first_custom_interface/first_custom_interface/msg/rosidl_typesupport_fastrtps_c__visibility_control.h
[0.385s] -- Up-to-date: /home/paakwasi/ros2_ws/install/first_custom_interface/include/first_custom_interface/first_custom_interface/srv
[0.385s] -- Up-to-date: /home/paakwasi/ros2_ws/install/first_custom_interface/include/first_custom_interface/first_custom_interface/srv/detail
[0.385s] -- Up-to-date: /home/paakwasi/ros2_ws/install/first_custom_interface/include/first_custom_interface/first_custom_interface/srv/detail/return_to_base__rosidl_typesupport_fastrtps_c.h
[0.385s] -- Up-to-date: /home/paakwasi/ros2_ws/install/first_custom_interface/include/first_custom_interface/first_custom_interface/srv/detail/analyze_number__rosidl_typesupport_fastrtps_c.h
[0.385s] -- Up-to-date: /home/paakwasi/ros2_ws/install/first_custom_interface/lib/libfirst_custom_interface__rosidl_typesupport_fastrtps_c.so
[0.385s] -- Up-to-date: /home/paakwasi/ros2_ws/install/first_custom_interface/include/first_custom_interface/first_custom_interface
[0.385s] -- Up-to-date: /home/paakwasi/ros2_ws/install/first_custom_interface/include/first_custom_interface/first_custom_interface/msg
[0.385s] -- Up-to-date: /home/paakwasi/ros2_ws/install/first_custom_interface/include/first_custom_interface/first_custom_interface/msg/rosidl_typesupport_introspection_c__visibility_control.h
[0.385s] -- Up-to-date: /home/paakwasi/ros2_ws/install/first_custom_interface/include/first_custom_interface/first_custom_interface/srv
[0.385s] -- Up-to-date: /home/paakwasi/ros2_ws/install/first_custom_interface/include/first_custom_interface/first_custom_interface/srv/detail
[0.386s] -- Up-to-date: /home/paakwasi/ros2_ws/install/first_custom_interface/include/first_custom_interface/first_custom_interface/srv/detail/analyze_number__type_support.c
[0.386s] -- Up-to-date: /home/paakwasi/ros2_ws/install/first_custom_interface/include/first_custom_interface/first_custom_interface/srv/detail/return_to_base__type_support.c
[0.386s] -- Up-to-date: /home/paakwasi/ros2_ws/install/first_custom_interface/include/first_custom_interface/first_custom_interface/srv/detail/return_to_base__rosidl_typesupport_introspection_c.h
[0.386s] -- Up-to-date: /home/paakwasi/ros2_ws/install/first_custom_interface/include/first_custom_interface/first_custom_interface/srv/detail/analyze_number__rosidl_typesupport_introspection_c.h
[0.386s] -- Up-to-date: /home/paakwasi/ros2_ws/install/first_custom_interface/lib/libfirst_custom_interface__rosidl_typesupport_introspection_c.so
[0.386s] -- Up-to-date: /home/paakwasi/ros2_ws/install/first_custom_interface/lib/libfirst_custom_interface__rosidl_typesupport_c.so
[0.386s] -- Up-to-date: /home/paakwasi/ros2_ws/install/first_custom_interface/include/first_custom_interface/first_custom_interface
[0.386s] -- Up-to-date: /home/paakwasi/ros2_ws/install/first_custom_interface/include/first_custom_interface/first_custom_interface/msg
[0.386s] -- Up-to-date: /home/paakwasi/ros2_ws/install/first_custom_interface/include/first_custom_interface/first_custom_interface/msg/rosidl_generator_cpp__visibility_control.hpp
[0.386s] -- Up-to-date: /home/paakwasi/ros2_ws/install/first_custom_interface/include/first_custom_interface/first_custom_interface/srv
[0.386s] -- Up-to-date: /home/paakwasi/ros2_ws/install/first_custom_interface/include/first_custom_interface/first_custom_interface/srv/analyze_number.hpp
[0.386s] -- Up-to-date: /home/paakwasi/ros2_ws/install/first_custom_interface/include/first_custom_interface/first_custom_interface/srv/return_to_base.hpp
[0.386s] -- Up-to-date: /home/paakwasi/ros2_ws/install/first_custom_interface/include/first_custom_interface/first_custom_interface/srv/detail
[0.386s] -- Up-to-date: /home/paakwasi/ros2_ws/install/first_custom_interface/include/first_custom_interface/first_custom_interface/srv/detail/return_to_base__struct.hpp
[0.387s] -- Up-to-date: /home/paakwasi/ros2_ws/install/first_custom_interface/include/first_custom_interface/first_custom_interface/srv/detail/return_to_base__traits.hpp
[0.387s] -- Up-to-date: /home/paakwasi/ros2_ws/install/first_custom_interface/include/first_custom_interface/first_custom_interface/srv/detail/analyze_number__builder.hpp
[0.387s] -- Up-to-date: /home/paakwasi/ros2_ws/install/first_custom_interface/include/first_custom_interface/first_custom_interface/srv/detail/analyze_number__struct.hpp
[0.387s] -- Up-to-date: /home/paakwasi/ros2_ws/install/first_custom_interface/include/first_custom_interface/first_custom_interface/srv/detail/analyze_number__type_support.hpp
[0.387s] -- Up-to-date: /home/paakwasi/ros2_ws/install/first_custom_interface/include/first_custom_interface/first_custom_interface/srv/detail/return_to_base__builder.hpp
[0.387s] -- Up-to-date: /home/paakwasi/ros2_ws/install/first_custom_interface/include/first_custom_interface/first_custom_interface/srv/detail/return_to_base__type_support.hpp
[0.387s] -- Up-to-date: /home/paakwasi/ros2_ws/install/first_custom_interface/include/first_custom_interface/first_custom_interface/srv/detail/analyze_number__traits.hpp
[0.387s] -- Up-to-date: /home/paakwasi/ros2_ws/install/first_custom_interface/include/first_custom_interface/first_custom_interface
[0.387s] -- Up-to-date: /home/paakwasi/ros2_ws/install/first_custom_interface/include/first_custom_interface/first_custom_interface/msg
[0.387s] -- Up-to-date: /home/paakwasi/ros2_ws/install/first_custom_interface/include/first_custom_interface/first_custom_interface/msg/rosidl_typesupport_fastrtps_cpp__visibility_control.h
[0.387s] -- Up-to-date: /home/paakwasi/ros2_ws/install/first_custom_interface/include/first_custom_interface/first_custom_interface/srv
[0.387s] -- Up-to-date: /home/paakwasi/ros2_ws/install/first_custom_interface/include/first_custom_interface/first_custom_interface/srv/detail
[0.387s] -- Up-to-date: /home/paakwasi/ros2_ws/install/first_custom_interface/include/first_custom_interface/first_custom_interface/srv/detail/return_to_base__rosidl_typesupport_fastrtps_cpp.hpp
[0.387s] -- Up-to-date: /home/paakwasi/ros2_ws/install/first_custom_interface/include/first_custom_interface/first_custom_interface/srv/detail/analyze_number__rosidl_typesupport_fastrtps_cpp.hpp
[0.387s] -- Up-to-date: /home/paakwasi/ros2_ws/install/first_custom_interface/include/first_custom_interface/first_custom_interface/srv/detail/dds_fastrtps
[0.388s] -- Up-to-date: /home/paakwasi/ros2_ws/install/first_custom_interface/lib/libfirst_custom_interface__rosidl_typesupport_fastrtps_cpp.so
[0.388s] -- Up-to-date: /home/paakwasi/ros2_ws/install/first_custom_interface/include/first_custom_interface/first_custom_interface
[0.388s] -- Up-to-date: /home/paakwasi/ros2_ws/install/first_custom_interface/include/first_custom_interface/first_custom_interface/srv
[0.388s] -- Up-to-date: /home/paakwasi/ros2_ws/install/first_custom_interface/include/first_custom_interface/first_custom_interface/srv/detail
[0.388s] -- Up-to-date: /home/paakwasi/ros2_ws/install/first_custom_interface/include/first_custom_interface/first_custom_interface/srv/detail/return_to_base__type_support.cpp
[0.388s] -- Up-to-date: /home/paakwasi/ros2_ws/install/first_custom_interface/include/first_custom_interface/first_custom_interface/srv/detail/analyze_number__type_support.cpp
[0.388s] -- Up-to-date: /home/paakwasi/ros2_ws/install/first_custom_interface/include/first_custom_interface/first_custom_interface/srv/detail/return_to_base__rosidl_typesupport_introspection_cpp.hpp
[0.388s] -- Up-to-date: /home/paakwasi/ros2_ws/install/first_custom_interface/include/first_custom_interface/first_custom_interface/srv/detail/analyze_number__rosidl_typesupport_introspection_cpp.hpp
[0.388s] -- Up-to-date: /home/paakwasi/ros2_ws/install/first_custom_interface/lib/libfirst_custom_interface__rosidl_typesupport_introspection_cpp.so
[0.388s] -- Up-to-date: /home/paakwasi/ros2_ws/install/first_custom_interface/lib/libfirst_custom_interface__rosidl_typesupport_cpp.so
[0.388s] -- Up-to-date: /home/paakwasi/ros2_ws/install/first_custom_interface/share/first_custom_interface/environment/pythonpath.sh
[0.388s] -- Up-to-date: /home/paakwasi/ros2_ws/install/first_custom_interface/share/first_custom_interface/environment/pythonpath.dsv
[0.388s] -- Up-to-date: /home/paakwasi/ros2_ws/install/first_custom_interface/local/lib/python3.10/dist-packages/first_custom_interface-0.0.0-py3.10.egg-info
[0.388s] -- Installing: /home/paakwasi/ros2_ws/install/first_custom_interface/local/lib/python3.10/dist-packages/first_custom_interface-0.0.0-py3.10.egg-info/dependency_links.txt
[0.388s] -- Installing: /home/paakwasi/ros2_ws/install/first_custom_interface/local/lib/python3.10/dist-packages/first_custom_interface-0.0.0-py3.10.egg-info/PKG-INFO
[0.389s] -- Installing: /home/paakwasi/ros2_ws/install/first_custom_interface/local/lib/python3.10/dist-packages/first_custom_interface-0.0.0-py3.10.egg-info/top_level.txt
[0.389s] -- Installing: /home/paakwasi/ros2_ws/install/first_custom_interface/local/lib/python3.10/dist-packages/first_custom_interface-0.0.0-py3.10.egg-info/SOURCES.txt
[0.389s] -- Up-to-date: /home/paakwasi/ros2_ws/install/first_custom_interface/local/lib/python3.10/dist-packages/first_custom_interface
[0.389s] -- Up-to-date: /home/paakwasi/ros2_ws/install/first_custom_interface/local/lib/python3.10/dist-packages/first_custom_interface/_first_custom_interface_s.ep.rosidl_typesupport_fastrtps_c.c
[0.389s] -- Up-to-date: /home/paakwasi/ros2_ws/install/first_custom_interface/local/lib/python3.10/dist-packages/first_custom_interface/first_custom_interface_s__rosidl_typesupport_introspection_c.cpython-310-x86_64-linux-gnu.so
[0.389s] -- Up-to-date: /home/paakwasi/ros2_ws/install/first_custom_interface/local/lib/python3.10/dist-packages/first_custom_interface/_first_custom_interface_s.ep.rosidl_typesupport_introspection_c.c
[0.389s] -- Up-to-date: /home/paakwasi/ros2_ws/install/first_custom_interface/local/lib/python3.10/dist-packages/first_custom_interface/srv
[0.389s] -- Up-to-date: /home/paakwasi/ros2_ws/install/first_custom_interface/local/lib/python3.10/dist-packages/first_custom_interface/srv/_return_to_base.py
[0.389s] -- Up-to-date: /home/paakwasi/ros2_ws/install/first_custom_interface/local/lib/python3.10/dist-packages/first_custom_interface/srv/_analyze_number.py
[0.389s] -- Up-to-date: /home/paakwasi/ros2_ws/install/first_custom_interface/local/lib/python3.10/dist-packages/first_custom_interface/srv/_return_to_base_s.c
[0.389s] -- Up-to-date: /home/paakwasi/ros2_ws/install/first_custom_interface/local/lib/python3.10/dist-packages/first_custom_interface/srv/__init__.py
[0.389s] -- Up-to-date: /home/paakwasi/ros2_ws/install/first_custom_interface/local/lib/python3.10/dist-packages/first_custom_interface/srv/_analyze_number_s.c
[0.389s] -- Up-to-date: /home/paakwasi/ros2_ws/install/first_custom_interface/local/lib/python3.10/dist-packages/first_custom_interface/first_custom_interface_s__rosidl_typesupport_c.cpython-310-x86_64-linux-gnu.so
[0.389s] -- Up-to-date: /home/paakwasi/ros2_ws/install/first_custom_interface/local/lib/python3.10/dist-packages/first_custom_interface/__init__.py
[0.389s] -- Up-to-date: /home/paakwasi/ros2_ws/install/first_custom_interface/local/lib/python3.10/dist-packages/first_custom_interface/libfirst_custom_interface__rosidl_generator_py.so
[0.389s] -- Up-to-date: /home/paakwasi/ros2_ws/install/first_custom_interface/local/lib/python3.10/dist-packages/first_custom_interface/_first_custom_interface_s.ep.rosidl_typesupport_c.c
[0.390s] -- Up-to-date: /home/paakwasi/ros2_ws/install/first_custom_interface/local/lib/python3.10/dist-packages/first_custom_interface/first_custom_interface_s__rosidl_typesupport_fastrtps_c.cpython-310-x86_64-linux-gnu.so
[0.415s] Listing '/home/paakwasi/ros2_ws/install/first_custom_interface/local/lib/python3.10/dist-packages/first_custom_interface'...
[0.415s] Listing '/home/paakwasi/ros2_ws/install/first_custom_interface/local/lib/python3.10/dist-packages/first_custom_interface/srv'...
[0.420s] -- Up-to-date: /home/paakwasi/ros2_ws/install/first_custom_interface/local/lib/python3.10/dist-packages/first_custom_interface/first_custom_interface_s__rosidl_typesupport_fastrtps_c.cpython-310-x86_64-linux-gnu.so
[0.421s] -- Up-to-date: /home/paakwasi/ros2_ws/install/first_custom_interface/local/lib/python3.10/dist-packages/first_custom_interface/first_custom_interface_s__rosidl_typesupport_introspection_c.cpython-310-x86_64-linux-gnu.so
[0.421s] -- Up-to-date: /home/paakwasi/ros2_ws/install/first_custom_interface/local/lib/python3.10/dist-packages/first_custom_interface/first_custom_interface_s__rosidl_typesupport_c.cpython-310-x86_64-linux-gnu.so
[0.421s] -- Up-to-date: /home/paakwasi/ros2_ws/install/first_custom_interface/lib/libfirst_custom_interface__rosidl_generator_py.so
[0.421s] -- Up-to-date: /home/paakwasi/ros2_ws/install/first_custom_interface/share/first_custom_interface/srv/AnalyzeNumber.idl
[0.422s] -- Up-to-date: /home/paakwasi/ros2_ws/install/first_custom_interface/share/first_custom_interface/srv/ReturnToBase.idl
[0.422s] -- Up-to-date: /home/paakwasi/ros2_ws/install/first_custom_interface/share/first_custom_interface/srv/AnalyzeNumber.srv
[0.422s] -- Up-to-date: /home/paakwasi/ros2_ws/install/first_custom_interface/share/first_custom_interface/srv/AnalyzeNumber_Request.msg
[0.422s] -- Up-to-date: /home/paakwasi/ros2_ws/install/first_custom_interface/share/first_custom_interface/srv/AnalyzeNumber_Response.msg
[0.422s] -- Up-to-date: /home/paakwasi/ros2_ws/install/first_custom_interface/share/first_custom_interface/srv/ReturnToBase.srv
[0.422s] -- Up-to-date: /home/paakwasi/ros2_ws/install/first_custom_interface/share/first_custom_interface/srv/ReturnToBase_Request.msg
[0.422s] -- Up-to-date: /home/paakwasi/ros2_ws/install/first_custom_interface/share/first_custom_interface/srv/ReturnToBase_Response.msg
[0.422s] -- Up-to-date: /home/paakwasi/ros2_ws/install/first_custom_interface/share/ament_index/resource_index/package_run_dependencies/first_custom_interface
[0.422s] -- Up-to-date: /home/paakwasi/ros2_ws/install/first_custom_interface/share/ament_index/resource_index/parent_prefix_path/first_custom_interface
[0.423s] -- Up-to-date: /home/paakwasi/ros2_ws/install/first_custom_interface/share/first_custom_interface/environment/ament_prefix_path.sh
[0.423s] -- Up-to-date: /home/paakwasi/ros2_ws/install/first_custom_interface/share/first_custom_interface/environment/ament_prefix_path.dsv
[0.423s] -- Up-to-date: /home/paakwasi/ros2_ws/install/first_custom_interface/share/first_custom_interface/environment/path.sh
[0.423s] -- Up-to-date: /home/paakwasi/ros2_ws/install/first_custom_interface/share/first_custom_interface/environment/path.dsv
[0.423s] -- Up-to-date: /home/paakwasi/ros2_ws/install/first_custom_interface/share/first_custom_interface/local_setup.bash
[0.423s] -- Up-to-date: /home/paakwasi/ros2_ws/install/first_custom_interface/share/first_custom_interface/local_setup.sh
[0.423s] -- Up-to-date: /home/paakwasi/ros2_ws/install/first_custom_interface/share/first_custom_interface/local_setup.zsh
[0.423s] -- Up-to-date: /home/paakwasi/ros2_ws/install/first_custom_interface/share/first_custom_interface/local_setup.dsv
[0.423s] -- Installing: /home/paakwasi/ros2_ws/install/first_custom_interface/share/first_custom_interface/package.dsv
[0.424s] -- Up-to-date: /home/paakwasi/ros2_ws/install/first_custom_interface/share/ament_index/resource_index/packages/first_custom_interface
[0.424s] -- Up-to-date: /home/paakwasi/ros2_ws/install/first_custom_interface/share/first_custom_interface/cmake/export_first_custom_interface__rosidl_generator_cExport.cmake
[0.424s] -- Up-to-date: /home/paakwasi/ros2_ws/install/first_custom_interface/share/first_custom_interface/cmake/export_first_custom_interface__rosidl_generator_cExport-noconfig.cmake
[0.424s] -- Up-to-date: /home/paakwasi/ros2_ws/install/first_custom_interface/share/first_custom_interface/cmake/export_first_custom_interface__rosidl_typesupport_fastrtps_cExport.cmake
[0.424s] -- Up-to-date: /home/paakwasi/ros2_ws/install/first_custom_interface/share/first_custom_interface/cmake/export_first_custom_interface__rosidl_typesupport_fastrtps_cExport-noconfig.cmake
[0.424s] -- Up-to-date: /home/paakwasi/ros2_ws/install/first_custom_interface/share/first_custom_interface/cmake/first_custom_interface__rosidl_typesupport_introspection_cExport.cmake
[0.424s] -- Up-to-date: /home/paakwasi/ros2_ws/install/first_custom_interface/share/first_custom_interface/cmake/first_custom_interface__rosidl_typesupport_introspection_cExport-noconfig.cmake
[0.424s] -- Up-to-date: /home/paakwasi/ros2_ws/install/first_custom_interface/share/first_custom_interface/cmake/first_custom_interface__rosidl_typesupport_cExport.cmake
[0.424s] -- Up-to-date: /home/paakwasi/ros2_ws/install/first_custom_interface/share/first_custom_interface/cmake/first_custom_interface__rosidl_typesupport_cExport-noconfig.cmake
[0.424s] -- Up-to-date: /home/paakwasi/ros2_ws/install/first_custom_interface/share/first_custom_interface/cmake/export_first_custom_interface__rosidl_generator_cppExport.cmake
[0.424s] -- Up-to-date: /home/paakwasi/ros2_ws/install/first_custom_interface/share/first_custom_interface/cmake/export_first_custom_interface__rosidl_typesupport_fastrtps_cppExport.cmake
[0.425s] -- Up-to-date: /home/paakwasi/ros2_ws/install/first_custom_interface/share/first_custom_interface/cmake/export_first_custom_interface__rosidl_typesupport_fastrtps_cppExport-noconfig.cmake
[0.425s] -- Up-to-date: /home/paakwasi/ros2_ws/install/first_custom_interface/share/first_custom_interface/cmake/first_custom_interface__rosidl_typesupport_introspection_cppExport.cmake
[0.425s] -- Up-to-date: /home/paakwasi/ros2_ws/install/first_custom_interface/share/first_custom_interface/cmake/first_custom_interface__rosidl_typesupport_introspection_cppExport-noconfig.cmake
[0.425s] -- Up-to-date: /home/paakwasi/ros2_ws/install/first_custom_interface/share/first_custom_interface/cmake/first_custom_interface__rosidl_typesupport_cppExport.cmake
[0.425s] -- Up-to-date: /home/paakwasi/ros2_ws/install/first_custom_interface/share/first_custom_interface/cmake/first_custom_interface__rosidl_typesupport_cppExport-noconfig.cmake
[0.425s] -- Up-to-date: /home/paakwasi/ros2_ws/install/first_custom_interface/share/first_custom_interface/cmake/export_first_custom_interface__rosidl_generator_pyExport.cmake
[0.425s] -- Up-to-date: /home/paakwasi/ros2_ws/install/first_custom_interface/share/first_custom_interface/cmake/export_first_custom_interface__rosidl_generator_pyExport-noconfig.cmake
[0.425s] -- Up-to-date: /home/paakwasi/ros2_ws/install/first_custom_interface/share/first_custom_interface/cmake/rosidl_cmake-extras.cmake
[0.425s] -- Up-to-date: /home/paakwasi/ros2_ws/install/first_custom_interface/share/first_custom_interface/cmake/ament_cmake_export_include_directories-extras.cmake
[0.425s] -- Up-to-date: /home/paakwasi/ros2_ws/install/first_custom_interface/share/first_custom_interface/cmake/ament_cmake_export_libraries-extras.cmake
[0.425s] -- Up-to-date: /home/paakwasi/ros2_ws/install/first_custom_interface/share/first_custom_interface/cmake/ament_cmake_export_targets-extras.cmake
[0.426s] -- Up-to-date: /home/paakwasi/ros2_ws/install/first_custom_interface/share/first_custom_interface/cmake/rosidl_cmake_export_typesupport_targets-extras.cmake
[0.426s] -- Up-to-date: /home/paakwasi/ros2_ws/install/first_custom_interface/share/first_custom_interface/cmake/ament_cmake_export_dependencies-extras.cmake
[0.426s] -- Up-to-date: /home/paakwasi/ros2_ws/install/first_custom_interface/share/first_custom_interface/cmake/rosidl_cmake_export_typesupport_libraries-extras.cmake
[0.426s] -- Up-to-date: /home/paakwasi/ros2_ws/install/first_custom_interface/share/first_custom_interface/cmake/first_custom_interfaceConfig.cmake
[0.426s] -- Up-to-date: /home/paakwasi/ros2_ws/install/first_custom_interface/share/first_custom_interface/cmake/first_custom_interfaceConfig-version.cmake
[0.426s] -- Up-to-date: /home/paakwasi/ros2_ws/install/first_custom_interface/share/first_custom_interface/package.xml
[0.428s] Invoked command in '/home/paakwasi/ros2_ws/build/first_custom_interface' returned '0': CMAKE_PREFIX_PATH=/opt/ros/humble /usr/bin/cmake --install /home/paakwasi/ros2_ws/build/first_custom_interface
