running egg_info
creating ../build/my_robot_controller/my_robot_controller.egg-info
writing ../build/my_robot_controller/my_robot_controller.egg-info/PKG-INFO
writing dependency_links to ../build/my_robot_controller/my_robot_controller.egg-info/dependency_links.txt
writing entry points to ../build/my_robot_controller/my_robot_controller.egg-info/entry_points.txt
writing requirements to ../build/my_robot_controller/my_robot_controller.egg-info/requires.txt
writing top-level names to ../build/my_robot_controller/my_robot_controller.egg-info/top_level.txt
writing manifest file '../build/my_robot_controller/my_robot_controller.egg-info/SOURCES.txt'
reading manifest file '../build/my_robot_controller/my_robot_controller.egg-info/SOURCES.txt'
writing manifest file '../build/my_robot_controller/my_robot_controller.egg-info/SOURCES.txt'
running build
running build_py
creating /home/paakwasi/ros2_ws/src/build/my_robot_controller/build
creating /home/paakwasi/ros2_ws/src/build/my_robot_controller/build/lib
creating /home/paakwasi/ros2_ws/src/build/my_robot_controller/build/lib/my_robot_controller
copying my_robot_controller/light_sensor_node.py -> /home/paakwasi/ros2_ws/src/build/my_robot_controller/build/lib/my_robot_controller
copying my_robot_controller/__init__.py -> /home/paakwasi/ros2_ws/src/build/my_robot_controller/build/lib/my_robot_controller
copying my_robot_controller/Service_client.py -> /home/paakwasi/ros2_ws/src/build/my_robot_controller/build/lib/my_robot_controller
copying my_robot_controller/draw_circle.py -> /home/paakwasi/ros2_ws/src/build/my_robot_controller/build/lib/my_robot_controller
copying my_robot_controller/my_first_node.py -> /home/paakwasi/ros2_ws/src/build/my_robot_controller/build/lib/my_robot_controller
copying my_robot_controller/turtle_position.py -> /home/paakwasi/ros2_ws/src/build/my_robot_controller/build/lib/my_robot_controller
copying my_robot_controller/Sub_Pub_Loop.py -> /home/paakwasi/ros2_ws/src/build/my_robot_controller/build/lib/my_robot_controller
copying my_robot_controller/turtle_joystick.py -> /home/paakwasi/ros2_ws/src/build/my_robot_controller/build/lib/my_robot_controller
copying my_robot_controller/dual_timer_logger.py -> /home/paakwasi/ros2_ws/src/build/my_robot_controller/build/lib/my_robot_controller
copying my_robot_controller/joy_stick.py -> /home/paakwasi/ros2_ws/src/build/my_robot_controller/build/lib/my_robot_controller
copying my_robot_controller/smart_light_node.py -> /home/paakwasi/ros2_ws/src/build/my_robot_controller/build/lib/my_robot_controller
running install
running install_lib
creating /home/paakwasi/ros2_ws/src/install/my_robot_controller/lib/python3.10/site-packages/my_robot_controller
copying /home/paakwasi/ros2_ws/src/build/my_robot_controller/build/lib/my_robot_controller/light_sensor_node.py -> /home/paakwasi/ros2_ws/src/install/my_robot_controller/lib/python3.10/site-packages/my_robot_controller
copying /home/paakwasi/ros2_ws/src/build/my_robot_controller/build/lib/my_robot_controller/__init__.py -> /home/paakwasi/ros2_ws/src/install/my_robot_controller/lib/python3.10/site-packages/my_robot_controller
copying /home/paakwasi/ros2_ws/src/build/my_robot_controller/build/lib/my_robot_controller/Service_client.py -> /home/paakwasi/ros2_ws/src/install/my_robot_controller/lib/python3.10/site-packages/my_robot_controller
copying /home/paakwasi/ros2_ws/src/build/my_robot_controller/build/lib/my_robot_controller/draw_circle.py -> /home/paakwasi/ros2_ws/src/install/my_robot_controller/lib/python3.10/site-packages/my_robot_controller
copying /home/paakwasi/ros2_ws/src/build/my_robot_controller/build/lib/my_robot_controller/my_first_node.py -> /home/paakwasi/ros2_ws/src/install/my_robot_controller/lib/python3.10/site-packages/my_robot_controller
copying /home/paakwasi/ros2_ws/src/build/my_robot_controller/build/lib/my_robot_controller/turtle_position.py -> /home/paakwasi/ros2_ws/src/install/my_robot_controller/lib/python3.10/site-packages/my_robot_controller
copying /home/paakwasi/ros2_ws/src/build/my_robot_controller/build/lib/my_robot_controller/Sub_Pub_Loop.py -> /home/paakwasi/ros2_ws/src/install/my_robot_controller/lib/python3.10/site-packages/my_robot_controller
copying /home/paakwasi/ros2_ws/src/build/my_robot_controller/build/lib/my_robot_controller/turtle_joystick.py -> /home/paakwasi/ros2_ws/src/install/my_robot_controller/lib/python3.10/site-packages/my_robot_controller
copying /home/paakwasi/ros2_ws/src/build/my_robot_controller/build/lib/my_robot_controller/dual_timer_logger.py -> /home/paakwasi/ros2_ws/src/install/my_robot_controller/lib/python3.10/site-packages/my_robot_controller
copying /home/paakwasi/ros2_ws/src/build/my_robot_controller/build/lib/my_robot_controller/joy_stick.py -> /home/paakwasi/ros2_ws/src/install/my_robot_controller/lib/python3.10/site-packages/my_robot_controller
copying /home/paakwasi/ros2_ws/src/build/my_robot_controller/build/lib/my_robot_controller/smart_light_node.py -> /home/paakwasi/ros2_ws/src/install/my_robot_controller/lib/python3.10/site-packages/my_robot_controller
byte-compiling /home/paakwasi/ros2_ws/src/install/my_robot_controller/lib/python3.10/site-packages/my_robot_controller/light_sensor_node.py to light_sensor_node.cpython-310.pyc
byte-compiling /home/paakwasi/ros2_ws/src/install/my_robot_controller/lib/python3.10/site-packages/my_robot_controller/__init__.py to __init__.cpython-310.pyc
byte-compiling /home/paakwasi/ros2_ws/src/install/my_robot_controller/lib/python3.10/site-packages/my_robot_controller/Service_client.py to Service_client.cpython-310.pyc
byte-compiling /home/paakwasi/ros2_ws/src/install/my_robot_controller/lib/python3.10/site-packages/my_robot_controller/draw_circle.py to draw_circle.cpython-310.pyc
byte-compiling /home/paakwasi/ros2_ws/src/install/my_robot_controller/lib/python3.10/site-packages/my_robot_controller/my_first_node.py to my_first_node.cpython-310.pyc
byte-compiling /home/paakwasi/ros2_ws/src/install/my_robot_controller/lib/python3.10/site-packages/my_robot_controller/turtle_position.py to turtle_position.cpython-310.pyc
byte-compiling /home/paakwasi/ros2_ws/src/install/my_robot_controller/lib/python3.10/site-packages/my_robot_controller/Sub_Pub_Loop.py to Sub_Pub_Loop.cpython-310.pyc
byte-compiling /home/paakwasi/ros2_ws/src/install/my_robot_controller/lib/python3.10/site-packages/my_robot_controller/turtle_joystick.py to turtle_joystick.cpython-310.pyc
byte-compiling /home/paakwasi/ros2_ws/src/install/my_robot_controller/lib/python3.10/site-packages/my_robot_controller/dual_timer_logger.py to dual_timer_logger.cpython-310.pyc
byte-compiling /home/paakwasi/ros2_ws/src/install/my_robot_controller/lib/python3.10/site-packages/my_robot_controller/joy_stick.py to joy_stick.cpython-310.pyc
byte-compiling /home/paakwasi/ros2_ws/src/install/my_robot_controller/lib/python3.10/site-packages/my_robot_controller/smart_light_node.py to smart_light_node.cpython-310.pyc
running install_data
creating /home/paakwasi/ros2_ws/src/install/my_robot_controller/share/ament_index
creating /home/paakwasi/ros2_ws/src/install/my_robot_controller/share/ament_index/resource_index
creating /home/paakwasi/ros2_ws/src/install/my_robot_controller/share/ament_index/resource_index/packages
copying resource/my_robot_controller -> /home/paakwasi/ros2_ws/src/install/my_robot_controller/share/ament_index/resource_index/packages
copying package.xml -> /home/paakwasi/ros2_ws/src/install/my_robot_controller/share/my_robot_controller
running install_egg_info
Copying ../build/my_robot_controller/my_robot_controller.egg-info to /home/paakwasi/ros2_ws/src/install/my_robot_controller/lib/python3.10/site-packages/my_robot_controller-0.0.0-py3.10.egg-info
running install_scripts
Installing circle script to /home/paakwasi/ros2_ws/src/install/my_robot_controller/lib/my_robot_controller
Installing dual_timer script to /home/paakwasi/ros2_ws/src/install/my_robot_controller/lib/my_robot_controller
Installing joy_stick script to /home/paakwasi/ros2_ws/src/install/my_robot_controller/lib/my_robot_controller
Installing light_sensor script to /home/paakwasi/ros2_ws/src/install/my_robot_controller/lib/my_robot_controller
Installing service_client script to /home/paakwasi/ros2_ws/src/install/my_robot_controller/lib/my_robot_controller
Installing smart_light script to /home/paakwasi/ros2_ws/src/install/my_robot_controller/lib/my_robot_controller
Installing test_node script to /home/paakwasi/ros2_ws/src/install/my_robot_controller/lib/my_robot_controller
Installing turtle_control script to /home/paakwasi/ros2_ws/src/install/my_robot_controller/lib/my_robot_controller
Installing turtle_joystick script to /home/paakwasi/ros2_ws/src/install/my_robot_controller/lib/my_robot_controller
Installing turtle_pos script to /home/paakwasi/ros2_ws/src/install/my_robot_controller/lib/my_robot_controller
writing list of installed files to '/home/paakwasi/ros2_ws/src/build/my_robot_controller/install.log'
