running egg_info
writing ../../build/turtle_robot/turtle_robot.egg-info/PKG-INFO
writing dependency_links to ../../build/turtle_robot/turtle_robot.egg-info/dependency_links.txt
writing entry points to ../../build/turtle_robot/turtle_robot.egg-info/entry_points.txt
writing requirements to ../../build/turtle_robot/turtle_robot.egg-info/requires.txt
writing top-level names to ../../build/turtle_robot/turtle_robot.egg-info/top_level.txt
reading manifest file '../../build/turtle_robot/turtle_robot.egg-info/SOURCES.txt'
writing manifest file '../../build/turtle_robot/turtle_robot.egg-info/SOURCES.txt'
running build
running build_py
running install
running install_lib
running install_data
copying package.xml -> /home/paakwasi/ros2_ws/install/turtle_robot/share/turtle_robot
creating /home/paakwasi/ros2_ws/install/turtle_robot/share/turtle_robot/launch
copying launch/turtle_robot_.launch.py -> /home/paakwasi/ros2_ws/install/turtle_robot/share/turtle_robot/launch
running install_egg_info
removing '/home/paakwasi/ros2_ws/install/turtle_robot/lib/python3.10/site-packages/turtle_robot-0.0.0-py3.10.egg-info' (and everything under it)
Copying ../../build/turtle_robot/turtle_robot.egg-info to /home/paakwasi/ros2_ws/install/turtle_robot/lib/python3.10/site-packages/turtle_robot-0.0.0-py3.10.egg-info
running install_scripts
Installing controller script to /home/paakwasi/ros2_ws/install/turtle_robot/lib/turtle_robot
Installing movement script to /home/paakwasi/ros2_ws/install/turtle_robot/lib/turtle_robot
Installing service script to /home/paakwasi/ros2_ws/install/turtle_robot/lib/turtle_robot
Installing status script to /home/paakwasi/ros2_ws/install/turtle_robot/lib/turtle_robot
writing list of installed files to '/home/paakwasi/ros2_ws/build/turtle_robot/install.log'
