[6.154s] Invoking command in '/home/paakwasi/ros2_ws/src/number_analyzer': PYTHONPATH=/home/paakwasi/ros2_ws/build/number_analyzer/prefix_override:/usr/lib/python3/dist-packages/colcon_core/task/python/colcon_distutils_commands:/home/paakwasi/ros2_ws/install/number_analyzer/lib/python3.10/site-packages:${PYTHONPATH} /usr/bin/python3 -W ignore:setup.py install is deprecated -W ignore:easy_install command is deprecated setup.py egg_info --egg-base ../../build/number_analyzer build --build-base /home/paakwasi/ros2_ws/build/number_analyzer/build install --record /home/paakwasi/ros2_ws/build/number_analyzer/install.log --single-version-externally-managed install_data
[7.596s] running egg_info
[7.596s] writing ../../build/number_analyzer/number_analyzer.egg-info/PKG-INFO
[7.597s] writing dependency_links to ../../build/number_analyzer/number_analyzer.egg-info/dependency_links.txt
[7.597s] writing entry points to ../../build/number_analyzer/number_analyzer.egg-info/entry_points.txt
[7.597s] writing requirements to ../../build/number_analyzer/number_analyzer.egg-info/requires.txt
[7.597s] writing top-level names to ../../build/number_analyzer/number_analyzer.egg-info/top_level.txt
[7.606s] reading manifest file '../../build/number_analyzer/number_analyzer.egg-info/SOURCES.txt'
[7.606s] writing manifest file '../../build/number_analyzer/number_analyzer.egg-info/SOURCES.txt'
[7.622s] running build
[7.622s] running build_py
[7.630s] copying number_analyzer/number_publisher_node.py -> /home/paakwasi/ros2_ws/build/number_analyzer/build/lib/number_analyzer
[7.646s] copying number_analyzer/analysis_client_node.py -> /home/paakwasi/ros2_ws/build/number_analyzer/build/lib/number_analyzer
[7.646s] copying number_analyzer/analysis_server_node.py -> /home/paakwasi/ros2_ws/build/number_analyzer/build/lib/number_analyzer
[7.646s] running install
[7.646s] running install_lib
[7.646s] copying /home/paakwasi/ros2_ws/build/number_analyzer/build/lib/number_analyzer/number_publisher_node.py -> /home/paakwasi/ros2_ws/install/number_analyzer/lib/python3.10/site-packages/number_analyzer
[7.646s] copying /home/paakwasi/ros2_ws/build/number_analyzer/build/lib/number_analyzer/analysis_client_node.py -> /home/paakwasi/ros2_ws/install/number_analyzer/lib/python3.10/site-packages/number_analyzer
[7.646s] copying /home/paakwasi/ros2_ws/build/number_analyzer/build/lib/number_analyzer/analysis_server_node.py -> /home/paakwasi/ros2_ws/install/number_analyzer/lib/python3.10/site-packages/number_analyzer
[7.655s] byte-compiling /home/paakwasi/ros2_ws/install/number_analyzer/lib/python3.10/site-packages/number_analyzer/number_publisher_node.py to number_publisher_node.cpython-310.pyc
[7.662s] byte-compiling /home/paakwasi/ros2_ws/install/number_analyzer/lib/python3.10/site-packages/number_analyzer/analysis_client_node.py to analysis_client_node.cpython-310.pyc
[7.674s] byte-compiling /home/paakwasi/ros2_ws/install/number_analyzer/lib/python3.10/site-packages/number_analyzer/analysis_server_node.py to analysis_server_node.cpython-310.pyc
[7.682s] running install_data
[7.682s] running install_egg_info
[7.699s] removing '/home/paakwasi/ros2_ws/install/number_analyzer/lib/python3.10/site-packages/number_analyzer-0.0.0-py3.10.egg-info' (and everything under it)
[7.709s] Copying ../../build/number_analyzer/number_analyzer.egg-info to /home/paakwasi/ros2_ws/install/number_analyzer/lib/python3.10/site-packages/number_analyzer-0.0.0-py3.10.egg-info
[7.721s] running install_scripts
[7.894s] writing list of installed files to '/home/paakwasi/ros2_ws/build/number_analyzer/install.log'
[8.725s] Invoked command in '/home/paakwasi/ros2_ws/src/number_analyzer' returned '0': PYTHONPATH=/home/paakwasi/ros2_ws/build/number_analyzer/prefix_override:/usr/lib/python3/dist-packages/colcon_core/task/python/colcon_distutils_commands:/home/paakwasi/ros2_ws/install/number_analyzer/lib/python3.10/site-packages:${PYTHONPATH} /usr/bin/python3 -W ignore:setup.py install is deprecated -W ignore:easy_install command is deprecated setup.py egg_info --egg-base ../../build/number_analyzer build --build-base /home/paakwasi/ros2_ws/build/number_analyzer/build install --record /home/paakwasi/ros2_ws/build/number_analyzer/install.log --single-version-externally-managed install_data
