running egg_info
creating ../../build/temp_sensor/temp_sensor.egg-info
writing ../../build/temp_sensor/temp_sensor.egg-info/PKG-INFO
writing dependency_links to ../../build/temp_sensor/temp_sensor.egg-info/dependency_links.txt
writing entry points to ../../build/temp_sensor/temp_sensor.egg-info/entry_points.txt
writing requirements to ../../build/temp_sensor/temp_sensor.egg-info/requires.txt
writing top-level names to ../../build/temp_sensor/temp_sensor.egg-info/top_level.txt
writing manifest file '../../build/temp_sensor/temp_sensor.egg-info/SOURCES.txt'
reading manifest file '../../build/temp_sensor/temp_sensor.egg-info/SOURCES.txt'
writing manifest file '../../build/temp_sensor/temp_sensor.egg-info/SOURCES.txt'
running build
running build_py
creating /home/paakwasi/ros2_ws/build/temp_sensor/build
creating /home/paakwasi/ros2_ws/build/temp_sensor/build/lib
creating /home/paakwasi/ros2_ws/build/temp_sensor/build/lib/temp_sensor
copying temp_sensor/__init__.py -> /home/paakwasi/ros2_ws/build/temp_sensor/build/lib/temp_sensor
copying temp_sensor/ATH10_temp_readings.py -> /home/paakwasi/ros2_ws/build/temp_sensor/build/lib/temp_sensor
running install
running install_lib
creating /home/paakwasi/ros2_ws/install/temp_sensor/lib/python3.10/site-packages/temp_sensor
copying /home/paakwasi/ros2_ws/build/temp_sensor/build/lib/temp_sensor/__init__.py -> /home/paakwasi/ros2_ws/install/temp_sensor/lib/python3.10/site-packages/temp_sensor
copying /home/paakwasi/ros2_ws/build/temp_sensor/build/lib/temp_sensor/ATH10_temp_readings.py -> /home/paakwasi/ros2_ws/install/temp_sensor/lib/python3.10/site-packages/temp_sensor
byte-compiling /home/paakwasi/ros2_ws/install/temp_sensor/lib/python3.10/site-packages/temp_sensor/__init__.py to __init__.cpython-310.pyc
byte-compiling /home/paakwasi/ros2_ws/install/temp_sensor/lib/python3.10/site-packages/temp_sensor/ATH10_temp_readings.py to ATH10_temp_readings.cpython-310.pyc
running install_data
creating /home/paakwasi/ros2_ws/install/temp_sensor/share/ament_index
creating /home/paakwasi/ros2_ws/install/temp_sensor/share/ament_index/resource_index
creating /home/paakwasi/ros2_ws/install/temp_sensor/share/ament_index/resource_index/packages
copying resource/temp_sensor -> /home/paakwasi/ros2_ws/install/temp_sensor/share/ament_index/resource_index/packages
copying package.xml -> /home/paakwasi/ros2_ws/install/temp_sensor/share/temp_sensor
running install_egg_info
Copying ../../build/temp_sensor/temp_sensor.egg-info to /home/paakwasi/ros2_ws/install/temp_sensor/lib/python3.10/site-packages/temp_sensor-0.0.0-py3.10.egg-info
running install_scripts
Installing Temp_reading script to /home/paakwasi/ros2_ws/install/temp_sensor/lib/temp_sensor
writing list of installed files to '/home/paakwasi/ros2_ws/build/temp_sensor/install.log'
