[6.732s] Invoking command in '/home/paakwasi/ros2_ws/src/temp_monitoring': PYTHONPATH=/home/paakwasi/ros2_ws/build/temp_monitoring/prefix_override:/usr/lib/python3/dist-packages/colcon_core/task/python/colcon_distutils_commands:/home/paakwasi/ros2_ws/install/temp_monitoring/lib/python3.10/site-packages:${PYTHONPATH} /usr/bin/python3 -W ignore:setup.py install is deprecated -W ignore:easy_install command is deprecated setup.py egg_info --egg-base ../../build/temp_monitoring build --build-base /home/paakwasi/ros2_ws/build/temp_monitoring/build install --record /home/paakwasi/ros2_ws/build/temp_monitoring/install.log --single-version-externally-managed install_data
[7.966s] running egg_info
[7.974s] writing ../../build/temp_monitoring/temp_monitoring.egg-info/PKG-INFO
[7.980s] writing dependency_links to ../../build/temp_monitoring/temp_monitoring.egg-info/dependency_links.txt
[7.981s] writing entry points to ../../build/temp_monitoring/temp_monitoring.egg-info/entry_points.txt
[7.984s] writing requirements to ../../build/temp_monitoring/temp_monitoring.egg-info/requires.txt
[8.010s] writing top-level names to ../../build/temp_monitoring/temp_monitoring.egg-info/top_level.txt
[8.066s] reading manifest file '../../build/temp_monitoring/temp_monitoring.egg-info/SOURCES.txt'
[8.066s] writing manifest file '../../build/temp_monitoring/temp_monitoring.egg-info/SOURCES.txt'
[8.088s] running build
[8.088s] running build_py
[8.088s] running install
[8.088s] running install_lib
[8.099s] running install_data
[8.099s] running install_egg_info
[8.116s] removing '/home/paakwasi/ros2_ws/install/temp_monitoring/lib/python3.10/site-packages/temp_monitoring-0.0.0-py3.10.egg-info' (and everything under it)
[8.136s] Copying ../../build/temp_monitoring/temp_monitoring.egg-info to /home/paakwasi/ros2_ws/install/temp_monitoring/lib/python3.10/site-packages/temp_monitoring-0.0.0-py3.10.egg-info
[8.136s] running install_scripts
[8.338s] Installing cooling_node script to /home/paakwasi/ros2_ws/install/temp_monitoring/lib/temp_monitoring
[8.381s] Installing monitor_node script to /home/paakwasi/ros2_ws/install/temp_monitoring/lib/temp_monitoring
[8.442s] Installing temp_sensor script to /home/paakwasi/ros2_ws/install/temp_monitoring/lib/temp_monitoring
[8.442s] writing list of installed files to '/home/paakwasi/ros2_ws/build/temp_monitoring/install.log'
[8.993s] Invoked command in '/home/paakwasi/ros2_ws/src/temp_monitoring' returned '0': PYTHONPATH=/home/paakwasi/ros2_ws/build/temp_monitoring/prefix_override:/usr/lib/python3/dist-packages/colcon_core/task/python/colcon_distutils_commands:/home/paakwasi/ros2_ws/install/temp_monitoring/lib/python3.10/site-packages:${PYTHONPATH} /usr/bin/python3 -W ignore:setup.py install is deprecated -W ignore:easy_install command is deprecated setup.py egg_info --egg-base ../../build/temp_monitoring build --build-base /home/paakwasi/ros2_ws/build/temp_monitoring/build install --record /home/paakwasi/ros2_ws/build/temp_monitoring/install.log --single-version-externally-managed install_data
