[0.660s] Invoking command in '/home/paakwasi/ros2_ws/build/my_robot_controller': PYTHONPATH=/home/paakwasi/ros2_ws/build/my_robot_controller/prefix_override:/usr/lib/python3/dist-packages/colcon_core/task/python/colcon_distutils_commands:/home/paakwasi/ros2_ws/install/my_robot_controller/lib/python3.10/site-packages:${PYTHONPATH} /usr/bin/python3 -W ignore:setup.py install is deprecated -W ignore:easy_install command is deprecated setup.py develop --editable --build-directory /home/paakwasi/ros2_ws/build/my_robot_controller/build --no-deps symlink_data --force
[0.942s] running develop
[1.056s] running egg_info
[1.056s] writing my_robot_controller.egg-info/PKG-INFO
[1.057s] writing dependency_links to my_robot_controller.egg-info/dependency_links.txt
[1.057s] writing entry points to my_robot_controller.egg-info/entry_points.txt
[1.059s] writing requirements to my_robot_controller.egg-info/requires.txt
[1.059s] writing top-level names to my_robot_controller.egg-info/top_level.txt
[1.062s] reading manifest file 'my_robot_controller.egg-info/SOURCES.txt'
[1.063s] writing manifest file 'my_robot_controller.egg-info/SOURCES.txt'
[1.066s] running build_ext
[1.066s] Creating /home/paakwasi/ros2_ws/install/my_robot_controller/lib/python3.10/site-packages/my-robot-controller.egg-link (link to .)
[1.066s] Installing circle script to /home/paakwasi/ros2_ws/install/my_robot_controller/lib/my_robot_controller
[1.067s] Installing dual_timer script to /home/paakwasi/ros2_ws/install/my_robot_controller/lib/my_robot_controller
[1.067s] Installing light_sensor script to /home/paakwasi/ros2_ws/install/my_robot_controller/lib/my_robot_controller
[1.067s] Installing smart_light script to /home/paakwasi/ros2_ws/install/my_robot_controller/lib/my_robot_controller
[1.068s] Installing test_node script to /home/paakwasi/ros2_ws/install/my_robot_controller/lib/my_robot_controller
[1.068s] Installing turtle_control script to /home/paakwasi/ros2_ws/install/my_robot_controller/lib/my_robot_controller
[1.068s] Installing turtle_pos script to /home/paakwasi/ros2_ws/install/my_robot_controller/lib/my_robot_controller
[1.068s] 
[1.069s] Installed /home/paakwasi/ros2_ws/build/my_robot_controller
[1.069s] running symlink_data
[1.069s] symbolically linking /home/paakwasi/ros2_ws/build/my_robot_controller/resource/my_robot_controller -> /home/paakwasi/ros2_ws/install/my_robot_controller/share/ament_index/resource_index/packages
[1.074s] symbolically linking /home/paakwasi/ros2_ws/build/my_robot_controller/package.xml -> /home/paakwasi/ros2_ws/install/my_robot_controller/share/my_robot_controller
[1.099s] Invoked command in '/home/paakwasi/ros2_ws/build/my_robot_controller' returned '0': PYTHONPATH=/home/paakwasi/ros2_ws/build/my_robot_controller/prefix_override:/usr/lib/python3/dist-packages/colcon_core/task/python/colcon_distutils_commands:/home/paakwasi/ros2_ws/install/my_robot_controller/lib/python3.10/site-packages:${PYTHONPATH} /usr/bin/python3 -W ignore:setup.py install is deprecated -W ignore:easy_install command is deprecated setup.py develop --editable --build-directory /home/paakwasi/ros2_ws/build/my_robot_controller/build --no-deps symlink_data --force
