[6.076s] Invoking command in '/home/paakwasi/ros2_ws/src/number_analyzer': CMAKE_PREFIX_PATH=/home/paakwasi/ros2_ws/install/first_custom_interface:/home/paakwasi/ros2_ws/install/firt_custom_interface LD_LIBRARY_PATH=/home/paakwasi/ros2_ws/install/first_custom_interface/lib:/home/paakwasi/ros2_ws/install/firt_custom_interface/lib:/opt/ros/humble/opt/rviz_ogre_vendor/lib:/opt/ros/humble/lib/x86_64-linux-gnu:/opt/ros/humble/lib PYTHONPATH=/home/paakwasi/ros2_ws/build/number_analyzer/prefix_override:/usr/lib/python3/dist-packages/colcon_core/task/python/colcon_distutils_commands:/home/paakwasi/ros2_ws/install/number_analyzer/lib/python3.10/site-packages:${PYTHONPATH} /usr/bin/python3 -W ignore:setup.py install is deprecated -W ignore:easy_install command is deprecated setup.py egg_info --egg-base ../../build/number_analyzer build --build-base /home/paakwasi/ros2_ws/build/number_analyzer/build install --record /home/paakwasi/ros2_ws/build/number_analyzer/install.log --single-version-externally-managed install_data
[6.933s] running egg_info
[6.933s] writing ../../build/number_analyzer/number_analyzer.egg-info/PKG-INFO
[6.956s] writing dependency_links to ../../build/number_analyzer/number_analyzer.egg-info/dependency_links.txt
[6.960s] writing entry points to ../../build/number_analyzer/number_analyzer.egg-info/entry_points.txt
[6.960s] writing requirements to ../../build/number_analyzer/number_analyzer.egg-info/requires.txt
[6.967s] writing top-level names to ../../build/number_analyzer/number_analyzer.egg-info/top_level.txt
[7.002s] reading manifest file '../../build/number_analyzer/number_analyzer.egg-info/SOURCES.txt'
[7.002s] writing manifest file '../../build/number_analyzer/number_analyzer.egg-info/SOURCES.txt'
[7.015s] running build
[7.020s] running build_py
[7.020s] copying number_analyzer/analysis_server_node.py -> /home/paakwasi/ros2_ws/build/number_analyzer/build/lib/number_analyzer
[7.020s] running install
[7.021s] running install_lib
[7.021s] copying /home/paakwasi/ros2_ws/build/number_analyzer/build/lib/number_analyzer/analysis_server_node.py -> /home/paakwasi/ros2_ws/install/number_analyzer/lib/python3.10/site-packages/number_analyzer
[7.021s] byte-compiling /home/paakwasi/ros2_ws/install/number_analyzer/lib/python3.10/site-packages/number_analyzer/analysis_server_node.py to analysis_server_node.cpython-310.pyc
[7.028s] running install_data
[7.032s] running install_egg_info
[7.044s] removing '/home/paakwasi/ros2_ws/install/number_analyzer/lib/python3.10/site-packages/number_analyzer-0.0.0-py3.10.egg-info' (and everything under it)
[7.069s] Copying ../../build/number_analyzer/number_analyzer.egg-info to /home/paakwasi/ros2_ws/install/number_analyzer/lib/python3.10/site-packages/number_analyzer-0.0.0-py3.10.egg-info
[7.072s] running install_scripts
[7.188s] Installing client script to /home/paakwasi/ros2_ws/install/number_analyzer/lib/number_analyzer
[7.188s] Installing publisher script to /home/paakwasi/ros2_ws/install/number_analyzer/lib/number_analyzer
[7.197s] Installing server script to /home/paakwasi/ros2_ws/install/number_analyzer/lib/number_analyzer
[7.197s] writing list of installed files to '/home/paakwasi/ros2_ws/build/number_analyzer/install.log'
[7.269s] Invoked command in '/home/paakwasi/ros2_ws/src/number_analyzer' returned '0': CMAKE_PREFIX_PATH=/home/paakwasi/ros2_ws/install/first_custom_interface:/home/paakwasi/ros2_ws/install/firt_custom_interface LD_LIBRARY_PATH=/home/paakwasi/ros2_ws/install/first_custom_interface/lib:/home/paakwasi/ros2_ws/install/firt_custom_interface/lib:/opt/ros/humble/opt/rviz_ogre_vendor/lib:/opt/ros/humble/lib/x86_64-linux-gnu:/opt/ros/humble/lib PYTHONPATH=/home/paakwasi/ros2_ws/build/number_analyzer/prefix_override:/usr/lib/python3/dist-packages/colcon_core/task/python/colcon_distutils_commands:/home/paakwasi/ros2_ws/install/number_analyzer/lib/python3.10/site-packages:${PYTHONPATH} /usr/bin/python3 -W ignore:setup.py install is deprecated -W ignore:easy_install command is deprecated setup.py egg_info --egg-base ../../build/number_analyzer build --build-base /home/paakwasi/ros2_ws/build/number_analyzer/build install --record /home/paakwasi/ros2_ws/build/number_analyzer/install.log --single-version-externally-managed install_data
