[3.711s] Invoking command in '/home/paakwasi/ros2_ws/src/turtle_robot': PYTHONPATH=/home/paakwasi/ros2_ws/src/build/turtle_robot/prefix_override:/usr/lib/python3/dist-packages/colcon_core/task/python/colcon_distutils_commands:/home/paakwasi/ros2_ws/src/install/turtle_robot/lib/python3.10/site-packages:${PYTHONPATH} /usr/bin/python3 -W ignore:setup.py install is deprecated -W ignore:easy_install command is deprecated setup.py egg_info --egg-base ../build/turtle_robot build --build-base /home/paakwasi/ros2_ws/src/build/turtle_robot/build install --record /home/paakwasi/ros2_ws/src/build/turtle_robot/install.log --single-version-externally-managed install_data
[4.394s] running egg_info
[4.396s] writing ../build/turtle_robot/turtle_robot.egg-info/PKG-INFO
[4.396s] writing dependency_links to ../build/turtle_robot/turtle_robot.egg-info/dependency_links.txt
[4.396s] writing entry points to ../build/turtle_robot/turtle_robot.egg-info/entry_points.txt
[4.397s] writing requirements to ../build/turtle_robot/turtle_robot.egg-info/requires.txt
[4.397s] writing top-level names to ../build/turtle_robot/turtle_robot.egg-info/top_level.txt
[4.401s] reading manifest file '../build/turtle_robot/turtle_robot.egg-info/SOURCES.txt'
[4.404s] writing manifest file '../build/turtle_robot/turtle_robot.egg-info/SOURCES.txt'
[4.404s] running build
[4.405s] running build_py
[4.405s] copying turtle_robot/navigation_service_node.py -> /home/paakwasi/ros2_ws/src/build/turtle_robot/build/lib/turtle_robot
[4.407s] running install
[4.408s] running install_lib
[4.410s] copying /home/paakwasi/ros2_ws/src/build/turtle_robot/build/lib/turtle_robot/navigation_service_node.py -> /home/paakwasi/ros2_ws/src/install/turtle_robot/lib/python3.10/site-packages/turtle_robot
[4.416s] byte-compiling /home/paakwasi/ros2_ws/src/install/turtle_robot/lib/python3.10/site-packages/turtle_robot/navigation_service_node.py to navigation_service_node.cpython-310.pyc
[4.418s] running install_data
[4.418s] running install_egg_info
[4.424s] removing '/home/paakwasi/ros2_ws/src/install/turtle_robot/lib/python3.10/site-packages/turtle_robot-0.0.0-py3.10.egg-info' (and everything under it)
[4.424s] Copying ../build/turtle_robot/turtle_robot.egg-info to /home/paakwasi/ros2_ws/src/install/turtle_robot/lib/python3.10/site-packages/turtle_robot-0.0.0-py3.10.egg-info
[4.427s] running install_scripts
[4.482s] Installing controller script to /home/paakwasi/ros2_ws/src/install/turtle_robot/lib/turtle_robot
[4.483s] Installing movement script to /home/paakwasi/ros2_ws/src/install/turtle_robot/lib/turtle_robot
[4.483s] Installing service script to /home/paakwasi/ros2_ws/src/install/turtle_robot/lib/turtle_robot
[4.483s] Installing status script to /home/paakwasi/ros2_ws/src/install/turtle_robot/lib/turtle_robot
[4.483s] writing list of installed files to '/home/paakwasi/ros2_ws/src/build/turtle_robot/install.log'
[4.552s] Invoked command in '/home/paakwasi/ros2_ws/src/turtle_robot' returned '0': PYTHONPATH=/home/paakwasi/ros2_ws/src/build/turtle_robot/prefix_override:/usr/lib/python3/dist-packages/colcon_core/task/python/colcon_distutils_commands:/home/paakwasi/ros2_ws/src/install/turtle_robot/lib/python3.10/site-packages:${PYTHONPATH} /usr/bin/python3 -W ignore:setup.py install is deprecated -W ignore:easy_install command is deprecated setup.py egg_info --egg-base ../build/turtle_robot build --build-base /home/paakwasi/ros2_ws/src/build/turtle_robot/build install --record /home/paakwasi/ros2_ws/src/build/turtle_robot/install.log --single-version-externally-managed install_data
