[0.578s] Invoking command in '/home/paakwasi/ros2_ws/src/my_robot_controller': PYTHONPATH=/home/paakwasi/ros2_ws/build/my_robot_controller/prefix_override:/usr/lib/python3/dist-packages/colcon_core/task/python/colcon_distutils_commands:/home/paakwasi/ros2_ws/install/my_robot_controller/lib/python3.10/site-packages:${PYTHONPATH} /usr/bin/python3 -W ignore:setup.py install is deprecated -W ignore:easy_install command is deprecated setup.py egg_info --egg-base ../../build/my_robot_controller build --build-base /home/paakwasi/ros2_ws/build/my_robot_controller/build install --record /home/paakwasi/ros2_ws/build/my_robot_controller/install.log --single-version-externally-managed install_data
[0.707s] running egg_info
[0.707s] writing ../../build/my_robot_controller/my_robot_controller.egg-info/PKG-INFO
[0.721s] writing dependency_links to ../../build/my_robot_controller/my_robot_controller.egg-info/dependency_links.txt
[0.721s] writing entry points to ../../build/my_robot_controller/my_robot_controller.egg-info/entry_points.txt
[0.723s] writing requirements to ../../build/my_robot_controller/my_robot_controller.egg-info/requires.txt
[0.723s] writing top-level names to ../../build/my_robot_controller/my_robot_controller.egg-info/top_level.txt
[0.726s] reading manifest file '../../build/my_robot_controller/my_robot_controller.egg-info/SOURCES.txt'
[0.726s] writing manifest file '../../build/my_robot_controller/my_robot_controller.egg-info/SOURCES.txt'
[0.727s] running build
[0.727s] running build_py
[0.727s] copying my_robot_controller/dynamic_message.py -> /home/paakwasi/ros2_ws/build/my_robot_controller/build/lib/my_robot_controller
[0.727s] running install
[0.728s] running install_lib
[0.729s] copying /home/paakwasi/ros2_ws/build/my_robot_controller/build/lib/my_robot_controller/dynamic_message.py -> /home/paakwasi/ros2_ws/install/my_robot_controller/lib/python3.10/site-packages/my_robot_controller
[0.729s] byte-compiling /home/paakwasi/ros2_ws/install/my_robot_controller/lib/python3.10/site-packages/my_robot_controller/dynamic_message.py to dynamic_message.cpython-310.pyc
[0.731s] running install_data
[0.731s] running install_egg_info
[0.734s] removing '/home/paakwasi/ros2_ws/install/my_robot_controller/lib/python3.10/site-packages/my_robot_controller-0.0.0-py3.10.egg-info' (and everything under it)
[0.734s] Copying ../../build/my_robot_controller/my_robot_controller.egg-info to /home/paakwasi/ros2_ws/install/my_robot_controller/lib/python3.10/site-packages/my_robot_controller-0.0.0-py3.10.egg-info
[0.735s] running install_scripts
[0.750s] Installing count_timer script to /home/paakwasi/ros2_ws/install/my_robot_controller/lib/my_robot_controller
[0.764s] Installing dual_timer script to /home/paakwasi/ros2_ws/install/my_robot_controller/lib/my_robot_controller
[0.764s] Installing dynamic_message script to /home/paakwasi/ros2_ws/install/my_robot_controller/lib/my_robot_controller
[0.764s] Installing name script to /home/paakwasi/ros2_ws/install/my_robot_controller/lib/my_robot_controller
[0.764s] Installing test_node script to /home/paakwasi/ros2_ws/install/my_robot_controller/lib/my_robot_controller
[0.764s] writing list of installed files to '/home/paakwasi/ros2_ws/build/my_robot_controller/install.log'
[0.787s] Invoked command in '/home/paakwasi/ros2_ws/src/my_robot_controller' returned '0': PYTHONPATH=/home/paakwasi/ros2_ws/build/my_robot_controller/prefix_override:/usr/lib/python3/dist-packages/colcon_core/task/python/colcon_distutils_commands:/home/paakwasi/ros2_ws/install/my_robot_controller/lib/python3.10/site-packages:${PYTHONPATH} /usr/bin/python3 -W ignore:setup.py install is deprecated -W ignore:easy_install command is deprecated setup.py egg_info --egg-base ../../build/my_robot_controller build --build-base /home/paakwasi/ros2_ws/build/my_robot_controller/build install --record /home/paakwasi/ros2_ws/build/my_robot_controller/install.log --single-version-externally-managed install_data
