[1.811s] Invoking command in '/home/paakwasi/ros2_ws/src/number_analyzer': PYTHONPATH=/home/paakwasi/ros2_ws/build/number_analyzer/prefix_override:/usr/lib/python3/dist-packages/colcon_core/task/python/colcon_distutils_commands:/home/paakwasi/ros2_ws/install/number_analyzer/lib/python3.10/site-packages:${PYTHONPATH} /usr/bin/python3 -W ignore:setup.py install is deprecated -W ignore:easy_install command is deprecated setup.py egg_info --egg-base ../../build/number_analyzer build --build-base /home/paakwasi/ros2_ws/build/number_analyzer/build install --record /home/paakwasi/ros2_ws/build/number_analyzer/install.log --single-version-externally-managed install_data
[2.095s] running egg_info
[2.101s] creating ../../build/number_analyzer/number_analyzer.egg-info
[2.101s] writing ../../build/number_analyzer/number_analyzer.egg-info/PKG-INFO
[2.101s] writing dependency_links to ../../build/number_analyzer/number_analyzer.egg-info/dependency_links.txt
[2.150s] writing entry points to ../../build/number_analyzer/number_analyzer.egg-info/entry_points.txt
[2.150s] writing requirements to ../../build/number_analyzer/number_analyzer.egg-info/requires.txt
[2.150s] writing top-level names to ../../build/number_analyzer/number_analyzer.egg-info/top_level.txt
[2.150s] writing manifest file '../../build/number_analyzer/number_analyzer.egg-info/SOURCES.txt'
[2.150s] reading manifest file '../../build/number_analyzer/number_analyzer.egg-info/SOURCES.txt'
[2.151s] writing manifest file '../../build/number_analyzer/number_analyzer.egg-info/SOURCES.txt'
[2.151s] running build
[2.151s] running build_py
[2.157s] creating /home/paakwasi/ros2_ws/build/number_analyzer/build
[2.165s] creating /home/paakwasi/ros2_ws/build/number_analyzer/build/lib
[2.165s] creating /home/paakwasi/ros2_ws/build/number_analyzer/build/lib/number_analyzer
[2.165s] copying number_analyzer/__init__.py -> /home/paakwasi/ros2_ws/build/number_analyzer/build/lib/number_analyzer
[2.165s] running install
[2.165s] running install_lib
[2.165s] creating /home/paakwasi/ros2_ws/install/number_analyzer/lib/python3.10/site-packages/number_analyzer
[2.172s] copying /home/paakwasi/ros2_ws/build/number_analyzer/build/lib/number_analyzer/__init__.py -> /home/paakwasi/ros2_ws/install/number_analyzer/lib/python3.10/site-packages/number_analyzer
[2.172s] byte-compiling /home/paakwasi/ros2_ws/install/number_analyzer/lib/python3.10/site-packages/number_analyzer/__init__.py to __init__.cpython-310.pyc
[2.172s] running install_data
[2.172s] creating /home/paakwasi/ros2_ws/install/number_analyzer/share/ament_index
[2.172s] creating /home/paakwasi/ros2_ws/install/number_analyzer/share/ament_index/resource_index
[2.173s] creating /home/paakwasi/ros2_ws/install/number_analyzer/share/ament_index/resource_index/packages
[2.176s] copying resource/number_analyzer -> /home/paakwasi/ros2_ws/install/number_analyzer/share/ament_index/resource_index/packages
[2.182s] copying package.xml -> /home/paakwasi/ros2_ws/install/number_analyzer/share/number_analyzer
[2.182s] running install_egg_info
[2.184s] Copying ../../build/number_analyzer/number_analyzer.egg-info to /home/paakwasi/ros2_ws/install/number_analyzer/lib/python3.10/site-packages/number_analyzer-0.0.0-py3.10.egg-info
[2.218s] running install_scripts
[2.339s] writing list of installed files to '/home/paakwasi/ros2_ws/build/number_analyzer/install.log'
[2.476s] Invoked command in '/home/paakwasi/ros2_ws/src/number_analyzer' returned '0': PYTHONPATH=/home/paakwasi/ros2_ws/build/number_analyzer/prefix_override:/usr/lib/python3/dist-packages/colcon_core/task/python/colcon_distutils_commands:/home/paakwasi/ros2_ws/install/number_analyzer/lib/python3.10/site-packages:${PYTHONPATH} /usr/bin/python3 -W ignore:setup.py install is deprecated -W ignore:easy_install command is deprecated setup.py egg_info --egg-base ../../build/number_analyzer build --build-base /home/paakwasi/ros2_ws/build/number_analyzer/build install --record /home/paakwasi/ros2_ws/build/number_analyzer/install.log --single-version-externally-managed install_data
