[0.370s] Invoking command in '/home/paakwasi/ros2_ws/src/temp_sensor': PYTHONPATH=/home/paakwasi/ros2_ws/build/temp_sensor/prefix_override:/usr/lib/python3/dist-packages/colcon_core/task/python/colcon_distutils_commands:/home/paakwasi/ros2_ws/install/temp_sensor/lib/python3.10/site-packages:${PYTHONPATH} /usr/bin/python3 -W ignore:setup.py install is deprecated -W ignore:easy_install command is deprecated setup.py egg_info --egg-base ../../build/temp_sensor build --build-base /home/paakwasi/ros2_ws/build/temp_sensor/build install --record /home/paakwasi/ros2_ws/build/temp_sensor/install.log --single-version-externally-managed install_data
[0.503s] running egg_info
[0.503s] writing ../../build/temp_sensor/temp_sensor.egg-info/PKG-INFO
[0.503s] writing dependency_links to ../../build/temp_sensor/temp_sensor.egg-info/dependency_links.txt
[0.503s] writing entry points to ../../build/temp_sensor/temp_sensor.egg-info/entry_points.txt
[0.504s] writing requirements to ../../build/temp_sensor/temp_sensor.egg-info/requires.txt
[0.504s] writing top-level names to ../../build/temp_sensor/temp_sensor.egg-info/top_level.txt
[0.504s] reading manifest file '../../build/temp_sensor/temp_sensor.egg-info/SOURCES.txt'
[0.505s] writing manifest file '../../build/temp_sensor/temp_sensor.egg-info/SOURCES.txt'
[0.505s] running build
[0.505s] running build_py
[0.505s] copying temp_sensor/ATH10_temp_readings.py -> /home/paakwasi/ros2_ws/build/temp_sensor/build/lib/temp_sensor
[0.505s] running install
[0.505s] running install_lib
[0.506s] copying /home/paakwasi/ros2_ws/build/temp_sensor/build/lib/temp_sensor/ATH10_temp_readings.py -> /home/paakwasi/ros2_ws/install/temp_sensor/lib/python3.10/site-packages/temp_sensor
[0.506s] byte-compiling /home/paakwasi/ros2_ws/install/temp_sensor/lib/python3.10/site-packages/temp_sensor/ATH10_temp_readings.py to ATH10_temp_readings.cpython-310.pyc
[0.507s] running install_data
[0.507s] running install_egg_info
[0.508s] removing '/home/paakwasi/ros2_ws/install/temp_sensor/lib/python3.10/site-packages/temp_sensor-0.0.0-py3.10.egg-info' (and everything under it)
[0.508s] Copying ../../build/temp_sensor/temp_sensor.egg-info to /home/paakwasi/ros2_ws/install/temp_sensor/lib/python3.10/site-packages/temp_sensor-0.0.0-py3.10.egg-info
[0.508s] running install_scripts
[0.527s] Installing Temp_reading script to /home/paakwasi/ros2_ws/install/temp_sensor/lib/temp_sensor
[0.527s] writing list of installed files to '/home/paakwasi/ros2_ws/build/temp_sensor/install.log'
[0.543s] Invoked command in '/home/paakwasi/ros2_ws/src/temp_sensor' returned '0': PYTHONPATH=/home/paakwasi/ros2_ws/build/temp_sensor/prefix_override:/usr/lib/python3/dist-packages/colcon_core/task/python/colcon_distutils_commands:/home/paakwasi/ros2_ws/install/temp_sensor/lib/python3.10/site-packages:${PYTHONPATH} /usr/bin/python3 -W ignore:setup.py install is deprecated -W ignore:easy_install command is deprecated setup.py egg_info --egg-base ../../build/temp_sensor build --build-base /home/paakwasi/ros2_ws/build/temp_sensor/build install --record /home/paakwasi/ros2_ws/build/temp_sensor/install.log --single-version-externally-managed install_data
