[0.069s] Invoking command in '/home/paakwasi/ros2_ws/src/build/first_custom_interface': CMAKE_PREFIX_PATH=${CMAKE_PREFIX_PATH}:/home/paakwasi/ros2_ws/install/turtle_robot:/home/paakwasi/ros2_ws/install/temp_sensor:/home/paakwasi/ros2_ws/install/temp_monitoring:/home/paakwasi/ros2_ws/install/smart_home:/home/paakwasi/ros2_ws/install/number_analyzer:/home/paakwasi/ros2_ws/install/my_robot_controller:/opt/ros/humble /usr/bin/cmake --build /home/paakwasi/ros2_ws/src/build/first_custom_interface -- -j12 -l12
[2.003s] -- Found rosidl_default_generators: 1.2.0 (/opt/ros/humble/share/rosidl_default_generators/cmake)
[2.004s] -- Found ament_cmake_core: 1.3.12 (/opt/ros/humble/share/ament_cmake_core/cmake)
[2.006s] -- Using all available rosidl_typesupport_c: rosidl_typesupport_fastrtps_c;rosidl_typesupport_introspection_c
[2.006s] -- Found rosidl_adapter: 3.1.7 (/opt/ros/humble/share/rosidl_adapter/cmake)
[2.006s] -- Using all available rosidl_typesupport_cpp: rosidl_typesupport_fastrtps_cpp;rosidl_typesupport_introspection_cpp
[2.006s] -- Found ament_cmake_ros: 0.10.0 (/opt/ros/humble/share/ament_cmake_ros/cmake)
[2.006s] -- Using all available rosidl_typesupport_c: rosidl_typesupport_fastrtps_c;rosidl_typesupport_introspection_c
[2.385s] -- Using all available rosidl_typesupport_cpp: rosidl_typesupport_fastrtps_cpp;rosidl_typesupport_introspection_cpp
[2.439s] -- Found python_cmake_module: 0.10.0 (/opt/ros/humble/share/python_cmake_module/cmake)
[2.497s] -- Using PYTHON_EXECUTABLE: /usr/bin/python3
[2.497s] -- Using PYTHON_INCLUDE_DIRS: /usr/include/python3.10
[2.497s] -- Using PYTHON_LIBRARIES: /usr/lib/x86_64-linux-gnu/libpython3.10.so
[2.517s] -- Found ament_lint_auto: 0.12.14 (/opt/ros/humble/share/ament_lint_auto/cmake)
[2.534s] -- Added test 'lint_cmake' to check CMake code style
[2.536s] -- Added test 'xmllint' to check XML markup files
[2.540s] -- Configuring done
[2.608s] -- Generating done
[2.639s] -- Build files have been written to: /home/paakwasi/ros2_ws/src/build/first_custom_interface
[2.709s] [35m[1mConsolidate compiler generated dependencies of target first_custom_interface__rosidl_generator_c[0m
[2.742s] [  2%] Built target first_custom_interface__cpp
[2.747s] [ 12%] Built target first_custom_interface__rosidl_generator_c
[2.787s] [35m[1mConsolidate compiler generated dependencies of target first_custom_interface__rosidl_typesupport_fastrtps_cpp[0m
[2.787s] [35m[1mConsolidate compiler generated dependencies of target first_custom_interface__rosidl_typesupport_introspection_cpp[0m
[2.788s] [35m[1mConsolidate compiler generated dependencies of target first_custom_interface__rosidl_typesupport_cpp[0m
[2.792s] [ 12%] Built target ament_cmake_python_copy_first_custom_interface
[2.830s] [ 33%] Built target first_custom_interface__rosidl_typesupport_introspection_cpp
[2.832s] [ 30%] Built target first_custom_interface__rosidl_typesupport_cpp
[2.832s] [35m[1mConsolidate compiler generated dependencies of target first_custom_interface__rosidl_typesupport_c[0m
[2.838s] [35m[1mConsolidate compiler generated dependencies of target first_custom_interface__rosidl_typesupport_fastrtps_c[0m
[2.840s] [ 43%] Built target first_custom_interface__rosidl_typesupport_fastrtps_cpp
[2.846s] [35m[1mConsolidate compiler generated dependencies of target first_custom_interface__rosidl_typesupport_introspection_c[0m
[2.868s] [ 53%] Built target first_custom_interface__rosidl_typesupport_c
[2.901s] [ 66%] Built target first_custom_interface__rosidl_typesupport_introspection_c
[2.902s] [ 74%] Built target first_custom_interface__rosidl_typesupport_fastrtps_c
[2.959s] [ 74%] Built target first_custom_interface
[3.043s] [ 76%] Built target first_custom_interface__py
[3.081s] [35m[1mConsolidate compiler generated dependencies of target first_custom_interface__rosidl_generator_py[0m
[3.124s] [ 84%] Built target first_custom_interface__rosidl_generator_py
[3.157s] [35m[1mConsolidate compiler generated dependencies of target first_custom_interface__rosidl_typesupport_fastrtps_c__pyext[0m
[3.161s] [35m[1mConsolidate compiler generated dependencies of target first_custom_interface__rosidl_typesupport_introspection_c__pyext[0m
[3.167s] [35m[1mConsolidate compiler generated dependencies of target first_custom_interface__rosidl_typesupport_c__pyext[0m
[3.197s] [ 89%] Built target first_custom_interface__rosidl_typesupport_introspection_c__pyext
[3.203s] [ 94%] Built target first_custom_interface__rosidl_typesupport_fastrtps_c__pyext
[3.216s] [100%] Built target first_custom_interface__rosidl_typesupport_c__pyext
[3.711s] running egg_info
[3.712s] writing first_custom_interface.egg-info/PKG-INFO
[3.712s] writing dependency_links to first_custom_interface.egg-info/dependency_links.txt
[3.712s] writing top-level names to first_custom_interface.egg-info/top_level.txt
[3.719s] reading manifest file 'first_custom_interface.egg-info/SOURCES.txt'
[3.721s] writing manifest file 'first_custom_interface.egg-info/SOURCES.txt'
[3.865s] [100%] Built target ament_cmake_python_build_first_custom_interface_egg
[3.893s] Invoked command in '/home/paakwasi/ros2_ws/src/build/first_custom_interface' returned '0': CMAKE_PREFIX_PATH=${CMAKE_PREFIX_PATH}:/home/paakwasi/ros2_ws/install/turtle_robot:/home/paakwasi/ros2_ws/install/temp_sensor:/home/paakwasi/ros2_ws/install/temp_monitoring:/home/paakwasi/ros2_ws/install/smart_home:/home/paakwasi/ros2_ws/install/number_analyzer:/home/paakwasi/ros2_ws/install/my_robot_controller:/opt/ros/humble /usr/bin/cmake --build /home/paakwasi/ros2_ws/src/build/first_custom_interface -- -j12 -l12
[3.922s] Invoking command in '/home/paakwasi/ros2_ws/src/build/first_custom_interface': CMAKE_PREFIX_PATH=${CMAKE_PREFIX_PATH}:/home/paakwasi/ros2_ws/install/turtle_robot:/home/paakwasi/ros2_ws/install/temp_sensor:/home/paakwasi/ros2_ws/install/temp_monitoring:/home/paakwasi/ros2_ws/install/smart_home:/home/paakwasi/ros2_ws/install/number_analyzer:/home/paakwasi/ros2_ws/install/my_robot_controller:/opt/ros/humble /usr/bin/cmake --install /home/paakwasi/ros2_ws/src/build/first_custom_interface
[3.949s] -- Install configuration: ""
[3.950s] -- Up-to-date: /home/paakwasi/ros2_ws/src/install/first_custom_interface/share/ament_index/resource_index/rosidl_interfaces/first_custom_interface
[3.950s] -- Up-to-date: /home/paakwasi/ros2_ws/src/install/first_custom_interface/include/first_custom_interface/first_custom_interface
[3.950s] -- Up-to-date: /home/paakwasi/ros2_ws/src/install/first_custom_interface/include/first_custom_interface/first_custom_interface/msg
[3.951s] -- Up-to-date: /home/paakwasi/ros2_ws/src/install/first_custom_interface/include/first_custom_interface/first_custom_interface/msg/rosidl_generator_c__visibility_control.h
[3.951s] -- Up-to-date: /home/paakwasi/ros2_ws/src/install/first_custom_interface/include/first_custom_interface/first_custom_interface/srv
[3.951s] -- Up-to-date: /home/paakwasi/ros2_ws/src/install/first_custom_interface/include/first_custom_interface/first_custom_interface/srv/detail
[3.951s] -- Up-to-date: /home/paakwasi/ros2_ws/src/install/first_custom_interface/include/first_custom_interface/first_custom_interface/srv/detail/analyze_number__struct.h
[3.952s] -- Up-to-date: /home/paakwasi/ros2_ws/src/install/first_custom_interface/include/first_custom_interface/first_custom_interface/srv/detail/return_to_base__struct.h
[3.952s] -- Up-to-date: /home/paakwasi/ros2_ws/src/install/first_custom_interface/include/first_custom_interface/first_custom_interface/srv/detail/return_to_base__functions.h
[3.952s] -- Up-to-date: /home/paakwasi/ros2_ws/src/install/first_custom_interface/include/first_custom_interface/first_custom_interface/srv/detail/analyze_number__functions.h
[3.952s] -- Up-to-date: /home/paakwasi/ros2_ws/src/install/first_custom_interface/include/first_custom_interface/first_custom_interface/srv/detail/analyze_number__type_support.h
[3.953s] -- Up-to-date: /home/paakwasi/ros2_ws/src/install/first_custom_interface/include/first_custom_interface/first_custom_interface/srv/detail/return_to_base__functions.c
[3.954s] -- Up-to-date: /home/paakwasi/ros2_ws/src/install/first_custom_interface/include/first_custom_interface/first_custom_interface/srv/detail/return_to_base__type_support.h
[3.954s] -- Up-to-date: /home/paakwasi/ros2_ws/src/install/first_custom_interface/include/first_custom_interface/first_custom_interface/srv/detail/analyze_number__functions.c
[3.954s] -- Up-to-date: /home/paakwasi/ros2_ws/src/install/first_custom_interface/include/first_custom_interface/first_custom_interface/srv/analyze_number.h
[3.954s] -- Up-to-date: /home/paakwasi/ros2_ws/src/install/first_custom_interface/include/first_custom_interface/first_custom_interface/srv/return_to_base.h
[3.954s] -- Up-to-date: /home/paakwasi/ros2_ws/src/install/first_custom_interface/share/first_custom_interface/environment/library_path.sh
[3.955s] -- Installing: /home/paakwasi/ros2_ws/src/install/first_custom_interface/share/first_custom_interface/environment/library_path.dsv
[3.957s] -- Up-to-date: /home/paakwasi/ros2_ws/src/install/first_custom_interface/lib/libfirst_custom_interface__rosidl_generator_c.so
[3.958s] -- Up-to-date: /home/paakwasi/ros2_ws/src/install/first_custom_interface/include/first_custom_interface/first_custom_interface
[3.958s] -- Up-to-date: /home/paakwasi/ros2_ws/src/install/first_custom_interface/include/first_custom_interface/first_custom_interface/msg
[3.958s] -- Up-to-date: /home/paakwasi/ros2_ws/src/install/first_custom_interface/include/first_custom_interface/first_custom_interface/msg/rosidl_typesupport_fastrtps_c__visibility_control.h
[3.958s] -- Up-to-date: /home/paakwasi/ros2_ws/src/install/first_custom_interface/include/first_custom_interface/first_custom_interface/srv
[3.960s] -- Up-to-date: /home/paakwasi/ros2_ws/src/install/first_custom_interface/include/first_custom_interface/first_custom_interface/srv/detail
[3.960s] -- Up-to-date: /home/paakwasi/ros2_ws/src/install/first_custom_interface/include/first_custom_interface/first_custom_interface/srv/detail/return_to_base__rosidl_typesupport_fastrtps_c.h
[3.960s] -- Up-to-date: /home/paakwasi/ros2_ws/src/install/first_custom_interface/include/first_custom_interface/first_custom_interface/srv/detail/analyze_number__rosidl_typesupport_fastrtps_c.h
[3.961s] -- Up-to-date: /home/paakwasi/ros2_ws/src/install/first_custom_interface/lib/libfirst_custom_interface__rosidl_typesupport_fastrtps_c.so
[3.961s] -- Up-to-date: /home/paakwasi/ros2_ws/src/install/first_custom_interface/include/first_custom_interface/first_custom_interface
[3.961s] -- Up-to-date: /home/paakwasi/ros2_ws/src/install/first_custom_interface/include/first_custom_interface/first_custom_interface/msg
[3.961s] -- Up-to-date: /home/paakwasi/ros2_ws/src/install/first_custom_interface/include/first_custom_interface/first_custom_interface/msg/rosidl_typesupport_introspection_c__visibility_control.h
[3.961s] -- Up-to-date: /home/paakwasi/ros2_ws/src/install/first_custom_interface/include/first_custom_interface/first_custom_interface/srv
[3.962s] -- Up-to-date: /home/paakwasi/ros2_ws/src/install/first_custom_interface/include/first_custom_interface/first_custom_interface/srv/detail
[3.962s] -- Up-to-date: /home/paakwasi/ros2_ws/src/install/first_custom_interface/include/first_custom_interface/first_custom_interface/srv/detail/analyze_number__type_support.c
[3.962s] -- Up-to-date: /home/paakwasi/ros2_ws/src/install/first_custom_interface/include/first_custom_interface/first_custom_interface/srv/detail/return_to_base__type_support.c
[3.962s] -- Up-to-date: /home/paakwasi/ros2_ws/src/install/first_custom_interface/include/first_custom_interface/first_custom_interface/srv/detail/return_to_base__rosidl_typesupport_introspection_c.h
[3.962s] -- Up-to-date: /home/paakwasi/ros2_ws/src/install/first_custom_interface/include/first_custom_interface/first_custom_interface/srv/detail/analyze_number__rosidl_typesupport_introspection_c.h
[3.963s] -- Up-to-date: /home/paakwasi/ros2_ws/src/install/first_custom_interface/lib/libfirst_custom_interface__rosidl_typesupport_introspection_c.so
[3.963s] -- Up-to-date: /home/paakwasi/ros2_ws/src/install/first_custom_interface/lib/libfirst_custom_interface__rosidl_typesupport_c.so
[3.963s] -- Up-to-date: /home/paakwasi/ros2_ws/src/install/first_custom_interface/include/first_custom_interface/first_custom_interface
[3.963s] -- Up-to-date: /home/paakwasi/ros2_ws/src/install/first_custom_interface/include/first_custom_interface/first_custom_interface/msg
[3.964s] -- Up-to-date: /home/paakwasi/ros2_ws/src/install/first_custom_interface/include/first_custom_interface/first_custom_interface/msg/rosidl_generator_cpp__visibility_control.hpp
[3.964s] -- Up-to-date: /home/paakwasi/ros2_ws/src/install/first_custom_interface/include/first_custom_interface/first_custom_interface/srv
[3.964s] -- Up-to-date: /home/paakwasi/ros2_ws/src/install/first_custom_interface/include/first_custom_interface/first_custom_interface/srv/analyze_number.hpp
[3.964s] -- Up-to-date: /home/paakwasi/ros2_ws/src/install/first_custom_interface/include/first_custom_interface/first_custom_interface/srv/return_to_base.hpp
[3.965s] -- Up-to-date: /home/paakwasi/ros2_ws/src/install/first_custom_interface/include/first_custom_interface/first_custom_interface/srv/detail
[3.966s] -- Up-to-date: /home/paakwasi/ros2_ws/src/install/first_custom_interface/include/first_custom_interface/first_custom_interface/srv/detail/return_to_base__struct.hpp
[3.966s] -- Up-to-date: /home/paakwasi/ros2_ws/src/install/first_custom_interface/include/first_custom_interface/first_custom_interface/srv/detail/return_to_base__traits.hpp
[3.966s] -- Up-to-date: /home/paakwasi/ros2_ws/src/install/first_custom_interface/include/first_custom_interface/first_custom_interface/srv/detail/analyze_number__builder.hpp
[3.967s] -- Up-to-date: /home/paakwasi/ros2_ws/src/install/first_custom_interface/include/first_custom_interface/first_custom_interface/srv/detail/analyze_number__struct.hpp
[3.967s] -- Up-to-date: /home/paakwasi/ros2_ws/src/install/first_custom_interface/include/first_custom_interface/first_custom_interface/srv/detail/analyze_number__type_support.hpp
[3.967s] -- Up-to-date: /home/paakwasi/ros2_ws/src/install/first_custom_interface/include/first_custom_interface/first_custom_interface/srv/detail/return_to_base__builder.hpp
[3.967s] -- Up-to-date: /home/paakwasi/ros2_ws/src/install/first_custom_interface/include/first_custom_interface/first_custom_interface/srv/detail/return_to_base__type_support.hpp
[3.967s] -- Up-to-date: /home/paakwasi/ros2_ws/src/install/first_custom_interface/include/first_custom_interface/first_custom_interface/srv/detail/analyze_number__traits.hpp
[3.968s] -- Up-to-date: /home/paakwasi/ros2_ws/src/install/first_custom_interface/include/first_custom_interface/first_custom_interface
[3.968s] -- Up-to-date: /home/paakwasi/ros2_ws/src/install/first_custom_interface/include/first_custom_interface/first_custom_interface/msg
[3.968s] -- Up-to-date: /home/paakwasi/ros2_ws/src/install/first_custom_interface/include/first_custom_interface/first_custom_interface/msg/rosidl_typesupport_fastrtps_cpp__visibility_control.h
[3.968s] -- Up-to-date: /home/paakwasi/ros2_ws/src/install/first_custom_interface/include/first_custom_interface/first_custom_interface/srv
[3.969s] -- Up-to-date: /home/paakwasi/ros2_ws/src/install/first_custom_interface/include/first_custom_interface/first_custom_interface/srv/detail
[3.969s] -- Up-to-date: /home/paakwasi/ros2_ws/src/install/first_custom_interface/include/first_custom_interface/first_custom_interface/srv/detail/return_to_base__rosidl_typesupport_fastrtps_cpp.hpp
[3.969s] -- Up-to-date: /home/paakwasi/ros2_ws/src/install/first_custom_interface/include/first_custom_interface/first_custom_interface/srv/detail/analyze_number__rosidl_typesupport_fastrtps_cpp.hpp
[3.969s] -- Up-to-date: /home/paakwasi/ros2_ws/src/install/first_custom_interface/include/first_custom_interface/first_custom_interface/srv/detail/dds_fastrtps
[3.969s] -- Up-to-date: /home/paakwasi/ros2_ws/src/install/first_custom_interface/lib/libfirst_custom_interface__rosidl_typesupport_fastrtps_cpp.so
[3.970s] -- Up-to-date: /home/paakwasi/ros2_ws/src/install/first_custom_interface/include/first_custom_interface/first_custom_interface
[3.970s] -- Up-to-date: /home/paakwasi/ros2_ws/src/install/first_custom_interface/include/first_custom_interface/first_custom_interface/srv
[3.971s] -- Up-to-date: /home/paakwasi/ros2_ws/src/install/first_custom_interface/include/first_custom_interface/first_custom_interface/srv/detail
[3.971s] -- Up-to-date: /home/paakwasi/ros2_ws/src/install/first_custom_interface/include/first_custom_interface/first_custom_interface/srv/detail/return_to_base__type_support.cpp
[3.971s] -- Up-to-date: /home/paakwasi/ros2_ws/src/install/first_custom_interface/include/first_custom_interface/first_custom_interface/srv/detail/analyze_number__type_support.cpp
[3.972s] -- Up-to-date: /home/paakwasi/ros2_ws/src/install/first_custom_interface/include/first_custom_interface/first_custom_interface/srv/detail/return_to_base__rosidl_typesupport_introspection_cpp.hpp
[3.972s] -- Up-to-date: /home/paakwasi/ros2_ws/src/install/first_custom_interface/include/first_custom_interface/first_custom_interface/srv/detail/analyze_number__rosidl_typesupport_introspection_cpp.hpp
[3.972s] -- Up-to-date: /home/paakwasi/ros2_ws/src/install/first_custom_interface/lib/libfirst_custom_interface__rosidl_typesupport_introspection_cpp.so
[3.972s] -- Up-to-date: /home/paakwasi/ros2_ws/src/install/first_custom_interface/lib/libfirst_custom_interface__rosidl_typesupport_cpp.so
[3.972s] -- Up-to-date: /home/paakwasi/ros2_ws/src/install/first_custom_interface/share/first_custom_interface/environment/pythonpath.sh
[3.973s] -- Installing: /home/paakwasi/ros2_ws/src/install/first_custom_interface/share/first_custom_interface/environment/pythonpath.dsv
[3.973s] -- Up-to-date: /home/paakwasi/ros2_ws/src/install/first_custom_interface/local/lib/python3.10/dist-packages/first_custom_interface-0.0.0-py3.10.egg-info
[3.973s] -- Installing: /home/paakwasi/ros2_ws/src/install/first_custom_interface/local/lib/python3.10/dist-packages/first_custom_interface-0.0.0-py3.10.egg-info/dependency_links.txt
[3.973s] -- Installing: /home/paakwasi/ros2_ws/src/install/first_custom_interface/local/lib/python3.10/dist-packages/first_custom_interface-0.0.0-py3.10.egg-info/PKG-INFO
[3.973s] -- Installing: /home/paakwasi/ros2_ws/src/install/first_custom_interface/local/lib/python3.10/dist-packages/first_custom_interface-0.0.0-py3.10.egg-info/top_level.txt
[3.974s] -- Installing: /home/paakwasi/ros2_ws/src/install/first_custom_interface/local/lib/python3.10/dist-packages/first_custom_interface-0.0.0-py3.10.egg-info/SOURCES.txt
[3.974s] -- Up-to-date: /home/paakwasi/ros2_ws/src/install/first_custom_interface/local/lib/python3.10/dist-packages/first_custom_interface
[3.974s] -- Up-to-date: /home/paakwasi/ros2_ws/src/install/first_custom_interface/local/lib/python3.10/dist-packages/first_custom_interface/_first_custom_interface_s.ep.rosidl_typesupport_fastrtps_c.c
[3.974s] -- Up-to-date: /home/paakwasi/ros2_ws/src/install/first_custom_interface/local/lib/python3.10/dist-packages/first_custom_interface/first_custom_interface_s__rosidl_typesupport_introspection_c.cpython-310-x86_64-linux-gnu.so
[3.974s] -- Up-to-date: /home/paakwasi/ros2_ws/src/install/first_custom_interface/local/lib/python3.10/dist-packages/first_custom_interface/_first_custom_interface_s.ep.rosidl_typesupport_introspection_c.c
[3.975s] -- Up-to-date: /home/paakwasi/ros2_ws/src/install/first_custom_interface/local/lib/python3.10/dist-packages/first_custom_interface/srv
[3.975s] -- Up-to-date: /home/paakwasi/ros2_ws/src/install/first_custom_interface/local/lib/python3.10/dist-packages/first_custom_interface/srv/_return_to_base.py
[3.975s] -- Up-to-date: /home/paakwasi/ros2_ws/src/install/first_custom_interface/local/lib/python3.10/dist-packages/first_custom_interface/srv/_analyze_number.py
[3.975s] -- Up-to-date: /home/paakwasi/ros2_ws/src/install/first_custom_interface/local/lib/python3.10/dist-packages/first_custom_interface/srv/_return_to_base_s.c
[3.975s] -- Up-to-date: /home/paakwasi/ros2_ws/src/install/first_custom_interface/local/lib/python3.10/dist-packages/first_custom_interface/srv/__init__.py
[3.976s] -- Up-to-date: /home/paakwasi/ros2_ws/src/install/first_custom_interface/local/lib/python3.10/dist-packages/first_custom_interface/srv/_analyze_number_s.c
[3.976s] -- Up-to-date: /home/paakwasi/ros2_ws/src/install/first_custom_interface/local/lib/python3.10/dist-packages/first_custom_interface/first_custom_interface_s__rosidl_typesupport_c.cpython-310-x86_64-linux-gnu.so
[3.976s] -- Installing: /home/paakwasi/ros2_ws/src/install/first_custom_interface/local/lib/python3.10/dist-packages/first_custom_interface/__init__.py
[3.976s] -- Up-to-date: /home/paakwasi/ros2_ws/src/install/first_custom_interface/local/lib/python3.10/dist-packages/first_custom_interface/libfirst_custom_interface__rosidl_generator_py.so
[3.976s] -- Up-to-date: /home/paakwasi/ros2_ws/src/install/first_custom_interface/local/lib/python3.10/dist-packages/first_custom_interface/_first_custom_interface_s.ep.rosidl_typesupport_c.c
[3.977s] -- Up-to-date: /home/paakwasi/ros2_ws/src/install/first_custom_interface/local/lib/python3.10/dist-packages/first_custom_interface/first_custom_interface_s__rosidl_typesupport_fastrtps_c.cpython-310-x86_64-linux-gnu.so
[4.072s] Listing '/home/paakwasi/ros2_ws/src/install/first_custom_interface/local/lib/python3.10/dist-packages/first_custom_interface'...
[4.073s] Compiling '/home/paakwasi/ros2_ws/src/install/first_custom_interface/local/lib/python3.10/dist-packages/first_custom_interface/__init__.py'...
[4.073s] Listing '/home/paakwasi/ros2_ws/src/install/first_custom_interface/local/lib/python3.10/dist-packages/first_custom_interface/srv'...
[4.087s] -- Up-to-date: /home/paakwasi/ros2_ws/src/install/first_custom_interface/local/lib/python3.10/dist-packages/first_custom_interface/first_custom_interface_s__rosidl_typesupport_fastrtps_c.cpython-310-x86_64-linux-gnu.so
[4.088s] -- Up-to-date: /home/paakwasi/ros2_ws/src/install/first_custom_interface/local/lib/python3.10/dist-packages/first_custom_interface/first_custom_interface_s__rosidl_typesupport_introspection_c.cpython-310-x86_64-linux-gnu.so
[4.088s] -- Up-to-date: /home/paakwasi/ros2_ws/src/install/first_custom_interface/local/lib/python3.10/dist-packages/first_custom_interface/first_custom_interface_s__rosidl_typesupport_c.cpython-310-x86_64-linux-gnu.so
[4.089s] -- Up-to-date: /home/paakwasi/ros2_ws/src/install/first_custom_interface/lib/libfirst_custom_interface__rosidl_generator_py.so
[4.090s] -- Up-to-date: /home/paakwasi/ros2_ws/src/install/first_custom_interface/share/first_custom_interface/srv/AnalyzeNumber.idl
[4.090s] -- Up-to-date: /home/paakwasi/ros2_ws/src/install/first_custom_interface/share/first_custom_interface/srv/ReturnToBase.idl
[4.090s] -- Up-to-date: /home/paakwasi/ros2_ws/src/install/first_custom_interface/share/first_custom_interface/srv/AnalyzeNumber.srv
[4.091s] -- Up-to-date: /home/paakwasi/ros2_ws/src/install/first_custom_interface/share/first_custom_interface/srv/AnalyzeNumber_Request.msg
[4.091s] -- Up-to-date: /home/paakwasi/ros2_ws/src/install/first_custom_interface/share/first_custom_interface/srv/AnalyzeNumber_Response.msg
[4.092s] -- Up-to-date: /home/paakwasi/ros2_ws/src/install/first_custom_interface/share/first_custom_interface/srv/ReturnToBase.srv
[4.092s] -- Up-to-date: /home/paakwasi/ros2_ws/src/install/first_custom_interface/share/first_custom_interface/srv/ReturnToBase_Request.msg
[4.092s] -- Up-to-date: /home/paakwasi/ros2_ws/src/install/first_custom_interface/share/first_custom_interface/srv/ReturnToBase_Response.msg
[4.092s] -- Up-to-date: /home/paakwasi/ros2_ws/src/install/first_custom_interface/share/ament_index/resource_index/package_run_dependencies/first_custom_interface
[4.093s] -- Installing: /home/paakwasi/ros2_ws/src/install/first_custom_interface/share/ament_index/resource_index/parent_prefix_path/first_custom_interface
[4.094s] -- Up-to-date: /home/paakwasi/ros2_ws/src/install/first_custom_interface/share/first_custom_interface/environment/ament_prefix_path.sh
[4.094s] -- Installing: /home/paakwasi/ros2_ws/src/install/first_custom_interface/share/first_custom_interface/environment/ament_prefix_path.dsv
[4.094s] -- Up-to-date: /home/paakwasi/ros2_ws/src/install/first_custom_interface/share/first_custom_interface/environment/path.sh
[4.094s] -- Installing: /home/paakwasi/ros2_ws/src/install/first_custom_interface/share/first_custom_interface/environment/path.dsv
[4.095s] -- Up-to-date: /home/paakwasi/ros2_ws/src/install/first_custom_interface/share/first_custom_interface/local_setup.bash
[4.095s] -- Up-to-date: /home/paakwasi/ros2_ws/src/install/first_custom_interface/share/first_custom_interface/local_setup.sh
[4.095s] -- Up-to-date: /home/paakwasi/ros2_ws/src/install/first_custom_interface/share/first_custom_interface/local_setup.zsh
[4.095s] -- Installing: /home/paakwasi/ros2_ws/src/install/first_custom_interface/share/first_custom_interface/local_setup.dsv
[4.096s] -- Installing: /home/paakwasi/ros2_ws/src/install/first_custom_interface/share/first_custom_interface/package.dsv
[4.096s] -- Up-to-date: /home/paakwasi/ros2_ws/src/install/first_custom_interface/share/ament_index/resource_index/packages/first_custom_interface
[4.097s] -- Up-to-date: /home/paakwasi/ros2_ws/src/install/first_custom_interface/share/first_custom_interface/cmake/export_first_custom_interface__rosidl_generator_cExport.cmake
[4.097s] -- Up-to-date: /home/paakwasi/ros2_ws/src/install/first_custom_interface/share/first_custom_interface/cmake/export_first_custom_interface__rosidl_generator_cExport-noconfig.cmake
[4.098s] -- Up-to-date: /home/paakwasi/ros2_ws/src/install/first_custom_interface/share/first_custom_interface/cmake/export_first_custom_interface__rosidl_typesupport_fastrtps_cExport.cmake
[4.098s] -- Up-to-date: /home/paakwasi/ros2_ws/src/install/first_custom_interface/share/first_custom_interface/cmake/export_first_custom_interface__rosidl_typesupport_fastrtps_cExport-noconfig.cmake
[4.098s] -- Up-to-date: /home/paakwasi/ros2_ws/src/install/first_custom_interface/share/first_custom_interface/cmake/first_custom_interface__rosidl_typesupport_introspection_cExport.cmake
[4.099s] -- Up-to-date: /home/paakwasi/ros2_ws/src/install/first_custom_interface/share/first_custom_interface/cmake/first_custom_interface__rosidl_typesupport_introspection_cExport-noconfig.cmake
[4.099s] -- Up-to-date: /home/paakwasi/ros2_ws/src/install/first_custom_interface/share/first_custom_interface/cmake/first_custom_interface__rosidl_typesupport_cExport.cmake
[4.099s] -- Up-to-date: /home/paakwasi/ros2_ws/src/install/first_custom_interface/share/first_custom_interface/cmake/first_custom_interface__rosidl_typesupport_cExport-noconfig.cmake
[4.100s] -- Up-to-date: /home/paakwasi/ros2_ws/src/install/first_custom_interface/share/first_custom_interface/cmake/export_first_custom_interface__rosidl_generator_cppExport.cmake
[4.101s] -- Up-to-date: /home/paakwasi/ros2_ws/src/install/first_custom_interface/share/first_custom_interface/cmake/export_first_custom_interface__rosidl_typesupport_fastrtps_cppExport.cmake
[4.101s] -- Up-to-date: /home/paakwasi/ros2_ws/src/install/first_custom_interface/share/first_custom_interface/cmake/export_first_custom_interface__rosidl_typesupport_fastrtps_cppExport-noconfig.cmake
[4.101s] -- Up-to-date: /home/paakwasi/ros2_ws/src/install/first_custom_interface/share/first_custom_interface/cmake/first_custom_interface__rosidl_typesupport_introspection_cppExport.cmake
[4.101s] -- Up-to-date: /home/paakwasi/ros2_ws/src/install/first_custom_interface/share/first_custom_interface/cmake/first_custom_interface__rosidl_typesupport_introspection_cppExport-noconfig.cmake
[4.101s] -- Up-to-date: /home/paakwasi/ros2_ws/src/install/first_custom_interface/share/first_custom_interface/cmake/first_custom_interface__rosidl_typesupport_cppExport.cmake
[4.102s] -- Up-to-date: /home/paakwasi/ros2_ws/src/install/first_custom_interface/share/first_custom_interface/cmake/first_custom_interface__rosidl_typesupport_cppExport-noconfig.cmake
[4.102s] -- Up-to-date: /home/paakwasi/ros2_ws/src/install/first_custom_interface/share/first_custom_interface/cmake/export_first_custom_interface__rosidl_generator_pyExport.cmake
[4.102s] -- Up-to-date: /home/paakwasi/ros2_ws/src/install/first_custom_interface/share/first_custom_interface/cmake/export_first_custom_interface__rosidl_generator_pyExport-noconfig.cmake
[4.102s] -- Up-to-date: /home/paakwasi/ros2_ws/src/install/first_custom_interface/share/first_custom_interface/cmake/rosidl_cmake-extras.cmake
[4.102s] -- Up-to-date: /home/paakwasi/ros2_ws/src/install/first_custom_interface/share/first_custom_interface/cmake/ament_cmake_export_include_directories-extras.cmake
[4.102s] -- Up-to-date: /home/paakwasi/ros2_ws/src/install/first_custom_interface/share/first_custom_interface/cmake/ament_cmake_export_libraries-extras.cmake
[4.102s] -- Up-to-date: /home/paakwasi/ros2_ws/src/install/first_custom_interface/share/first_custom_interface/cmake/ament_cmake_export_targets-extras.cmake
[4.102s] -- Up-to-date: /home/paakwasi/ros2_ws/src/install/first_custom_interface/share/first_custom_interface/cmake/rosidl_cmake_export_typesupport_targets-extras.cmake
[4.102s] -- Up-to-date: /home/paakwasi/ros2_ws/src/install/first_custom_interface/share/first_custom_interface/cmake/ament_cmake_export_dependencies-extras.cmake
[4.102s] -- Up-to-date: /home/paakwasi/ros2_ws/src/install/first_custom_interface/share/first_custom_interface/cmake/rosidl_cmake_export_typesupport_libraries-extras.cmake
[4.103s] -- Up-to-date: /home/paakwasi/ros2_ws/src/install/first_custom_interface/share/first_custom_interface/cmake/first_custom_interfaceConfig.cmake
[4.103s] -- Up-to-date: /home/paakwasi/ros2_ws/src/install/first_custom_interface/share/first_custom_interface/cmake/first_custom_interfaceConfig-version.cmake
[4.103s] -- Up-to-date: /home/paakwasi/ros2_ws/src/install/first_custom_interface/share/first_custom_interface/package.xml
[4.108s] Invoked command in '/home/paakwasi/ros2_ws/src/build/first_custom_interface' returned '0': CMAKE_PREFIX_PATH=${CMAKE_PREFIX_PATH}:/home/paakwasi/ros2_ws/install/turtle_robot:/home/paakwasi/ros2_ws/install/temp_sensor:/home/paakwasi/ros2_ws/install/temp_monitoring:/home/paakwasi/ros2_ws/install/smart_home:/home/paakwasi/ros2_ws/install/number_analyzer:/home/paakwasi/ros2_ws/install/my_robot_controller:/opt/ros/humble /usr/bin/cmake --install /home/paakwasi/ros2_ws/src/build/first_custom_interface
