[6.367s] Invoking command in '/home/paakwasi/ros2_ws/src/my_robot_controller': PYTHONPATH=/home/paakwasi/ros2_ws/build/my_robot_controller/prefix_override:/usr/lib/python3/dist-packages/colcon_core/task/python/colcon_distutils_commands:/home/paakwasi/ros2_ws/install/my_robot_controller/lib/python3.10/site-packages:${PYTHONPATH} /usr/bin/python3 -W ignore:setup.py install is deprecated -W ignore:easy_install command is deprecated setup.py egg_info --egg-base ../../build/my_robot_controller build --build-base /home/paakwasi/ros2_ws/build/my_robot_controller/build install --record /home/paakwasi/ros2_ws/build/my_robot_controller/install.log --single-version-externally-managed install_data
[7.909s] running egg_info
[7.909s] writing ../../build/my_robot_controller/my_robot_controller.egg-info/PKG-INFO
[7.909s] writing dependency_links to ../../build/my_robot_controller/my_robot_controller.egg-info/dependency_links.txt
[7.929s] writing entry points to ../../build/my_robot_controller/my_robot_controller.egg-info/entry_points.txt
[7.958s] writing requirements to ../../build/my_robot_controller/my_robot_controller.egg-info/requires.txt
[7.968s] writing top-level names to ../../build/my_robot_controller/my_robot_controller.egg-info/top_level.txt
[8.010s] reading manifest file '../../build/my_robot_controller/my_robot_controller.egg-info/SOURCES.txt'
[8.071s] writing manifest file '../../build/my_robot_controller/my_robot_controller.egg-info/SOURCES.txt'
[8.120s] running build
[8.120s] running build_py
[8.120s] running install
[8.120s] running install_lib
[8.120s] running install_data
[8.120s] running install_egg_info
[8.120s] removing '/home/paakwasi/ros2_ws/install/my_robot_controller/lib/python3.10/site-packages/my_robot_controller-0.0.0-py3.10.egg-info' (and everything under it)
[8.167s] Copying ../../build/my_robot_controller/my_robot_controller.egg-info to /home/paakwasi/ros2_ws/install/my_robot_controller/lib/python3.10/site-packages/my_robot_controller-0.0.0-py3.10.egg-info
[8.235s] running install_scripts
[8.389s] Installing circle script to /home/paakwasi/ros2_ws/install/my_robot_controller/lib/my_robot_controller
[8.389s] Installing dual_timer script to /home/paakwasi/ros2_ws/install/my_robot_controller/lib/my_robot_controller
[8.389s] Installing joy_stick script to /home/paakwasi/ros2_ws/install/my_robot_controller/lib/my_robot_controller
[8.391s] Installing light_sensor script to /home/paakwasi/ros2_ws/install/my_robot_controller/lib/my_robot_controller
[8.392s] Installing service_client script to /home/paakwasi/ros2_ws/install/my_robot_controller/lib/my_robot_controller
[8.394s] Installing smart_light script to /home/paakwasi/ros2_ws/install/my_robot_controller/lib/my_robot_controller
[8.395s] Installing test_node script to /home/paakwasi/ros2_ws/install/my_robot_controller/lib/my_robot_controller
[8.395s] Installing turtle_control script to /home/paakwasi/ros2_ws/install/my_robot_controller/lib/my_robot_controller
[8.408s] Installing turtle_joystick script to /home/paakwasi/ros2_ws/install/my_robot_controller/lib/my_robot_controller
[8.408s] Installing turtle_pos script to /home/paakwasi/ros2_ws/install/my_robot_controller/lib/my_robot_controller
[8.408s] writing list of installed files to '/home/paakwasi/ros2_ws/build/my_robot_controller/install.log'
[8.976s] Invoked command in '/home/paakwasi/ros2_ws/src/my_robot_controller' returned '0': PYTHONPATH=/home/paakwasi/ros2_ws/build/my_robot_controller/prefix_override:/usr/lib/python3/dist-packages/colcon_core/task/python/colcon_distutils_commands:/home/paakwasi/ros2_ws/install/my_robot_controller/lib/python3.10/site-packages:${PYTHONPATH} /usr/bin/python3 -W ignore:setup.py install is deprecated -W ignore:easy_install command is deprecated setup.py egg_info --egg-base ../../build/my_robot_controller build --build-base /home/paakwasi/ros2_ws/build/my_robot_controller/build install --record /home/paakwasi/ros2_ws/build/my_robot_controller/install.log --single-version-externally-managed install_data
