[0.141s] Invoking command in '/home/paakwasi/ros2_ws/build/firt_custom_interface': CMAKE_PREFIX_PATH=/home/paakwasi/ros2_ws/install/temp_monitoring:/home/paakwasi/ros2_ws/install/my_robot_controller:/opt/ros/humble /usr/bin/cmake /home/paakwasi/ros2_ws/src/firt_custom_interface -DCMAKE_INSTALL_PREFIX=/home/paakwasi/ros2_ws/install/firt_custom_interface
[0.854s] -- The C compiler identification is GNU 11.4.0
[0.854s] -- The CXX compiler identification is GNU 11.4.0
[0.854s] -- Detecting C compiler ABI info
[1.021s] -- Detecting C compiler ABI info - done
[1.023s] -- Check for working C compiler: /usr/bin/cc - skipped
[1.025s] -- Detecting C compile features
[1.027s] -- Detecting C compile features - done
[1.048s] -- Detecting CXX compiler ABI info
[1.199s] -- Detecting CXX compiler ABI info - done
[1.223s] -- Check for working CXX compiler: /usr/bin/c++ - skipped
[1.223s] -- Detecting CXX compile features
[1.223s] -- Detecting CXX compile features - done
[1.248s] -- Found ament_cmake: 1.3.11 (/opt/ros/humble/share/ament_cmake/cmake)
[1.547s] -- Found Python3: /usr/bin/python3 (found version "3.10.12") found components: Interpreter 
[1.902s] -- Found ament_lint_auto: 0.12.12 (/opt/ros/humble/share/ament_lint_auto/cmake)
[2.058s] -- Added test 'lint_cmake' to check CMake code style
[2.062s] -- Added test 'xmllint' to check XML markup files
[2.068s] -- Configuring done
[2.073s] -- Generating done
[2.074s] -- Build files have been written to: /home/paakwasi/ros2_ws/build/firt_custom_interface
[2.173s] Invoked command in '/home/paakwasi/ros2_ws/build/firt_custom_interface' returned '0': CMAKE_PREFIX_PATH=/home/paakwasi/ros2_ws/install/temp_monitoring:/home/paakwasi/ros2_ws/install/my_robot_controller:/opt/ros/humble /usr/bin/cmake /home/paakwasi/ros2_ws/src/firt_custom_interface -DCMAKE_INSTALL_PREFIX=/home/paakwasi/ros2_ws/install/firt_custom_interface
[2.224s] Invoking command in '/home/paakwasi/ros2_ws/build/firt_custom_interface': CMAKE_PREFIX_PATH=/home/paakwasi/ros2_ws/install/temp_monitoring:/home/paakwasi/ros2_ws/install/my_robot_controller:/opt/ros/humble /usr/bin/cmake --build /home/paakwasi/ros2_ws/build/firt_custom_interface -- -j10 -l10
[2.587s] Invoked command in '/home/paakwasi/ros2_ws/build/firt_custom_interface' returned '0': CMAKE_PREFIX_PATH=/home/paakwasi/ros2_ws/install/temp_monitoring:/home/paakwasi/ros2_ws/install/my_robot_controller:/opt/ros/humble /usr/bin/cmake --build /home/paakwasi/ros2_ws/build/firt_custom_interface -- -j10 -l10
[2.622s] Invoking command in '/home/paakwasi/ros2_ws/build/firt_custom_interface': CMAKE_PREFIX_PATH=/home/paakwasi/ros2_ws/install/temp_monitoring:/home/paakwasi/ros2_ws/install/my_robot_controller:/opt/ros/humble /usr/bin/cmake --install /home/paakwasi/ros2_ws/build/firt_custom_interface
[2.641s] -- Install configuration: ""
[2.642s] -- Installing: /home/paakwasi/ros2_ws/install/firt_custom_interface/share/ament_index/resource_index/package_run_dependencies/firt_custom_interface
[2.642s] -- Installing: /home/paakwasi/ros2_ws/install/firt_custom_interface/share/ament_index/resource_index/parent_prefix_path/firt_custom_interface
[2.642s] -- Installing: /home/paakwasi/ros2_ws/install/firt_custom_interface/share/firt_custom_interface/environment/ament_prefix_path.sh
[2.642s] -- Installing: /home/paakwasi/ros2_ws/install/firt_custom_interface/share/firt_custom_interface/environment/ament_prefix_path.dsv
[2.642s] -- Installing: /home/paakwasi/ros2_ws/install/firt_custom_interface/share/firt_custom_interface/environment/path.sh
[2.642s] -- Installing: /home/paakwasi/ros2_ws/install/firt_custom_interface/share/firt_custom_interface/environment/path.dsv
[2.642s] -- Installing: /home/paakwasi/ros2_ws/install/firt_custom_interface/share/firt_custom_interface/local_setup.bash
[2.642s] -- Installing: /home/paakwasi/ros2_ws/install/firt_custom_interface/share/firt_custom_interface/local_setup.sh
[2.643s] -- Installing: /home/paakwasi/ros2_ws/install/firt_custom_interface/share/firt_custom_interface/local_setup.zsh
[2.643s] -- Installing: /home/paakwasi/ros2_ws/install/firt_custom_interface/share/firt_custom_interface/local_setup.dsv
[2.648s] -- Installing: /home/paakwasi/ros2_ws/install/firt_custom_interface/share/firt_custom_interface/package.dsv
[2.649s] -- Installing: /home/paakwasi/ros2_ws/install/firt_custom_interface/share/ament_index/resource_index/packages/firt_custom_interface
[2.649s] -- Installing: /home/paakwasi/ros2_ws/install/firt_custom_interface/share/firt_custom_interface/cmake/firt_custom_interfaceConfig.cmake
[2.651s] -- Installing: /home/paakwasi/ros2_ws/install/firt_custom_interface/share/firt_custom_interface/cmake/firt_custom_interfaceConfig-version.cmake
[2.651s] -- Installing: /home/paakwasi/ros2_ws/install/firt_custom_interface/share/firt_custom_interface/package.xml
[2.652s] Invoked command in '/home/paakwasi/ros2_ws/build/firt_custom_interface' returned '0': CMAKE_PREFIX_PATH=/home/paakwasi/ros2_ws/install/temp_monitoring:/home/paakwasi/ros2_ws/install/my_robot_controller:/opt/ros/humble /usr/bin/cmake --install /home/paakwasi/ros2_ws/build/firt_custom_interface
