[0.012s] Invoking command in '/home/paakwasi/ros2_ws/build/first_custom_interface': CMAKE_PREFIX_PATH=/opt/ros/humble /usr/bin/cmake --build /home/paakwasi/ros2_ws/build/first_custom_interface -- -j12 -l12
[0.171s] -- Found rosidl_default_generators: 1.2.0 (/opt/ros/humble/share/rosidl_default_generators/cmake)
[0.171s] -- Found ament_cmake_core: 1.3.11 (/opt/ros/humble/share/ament_cmake_core/cmake)
[0.171s] -- Using all available rosidl_typesupport_c: rosidl_typesupport_fastrtps_c;rosidl_typesupport_introspection_c
[0.174s] -- Found rosidl_adapter: 3.1.6 (/opt/ros/humble/share/rosidl_adapter/cmake)
[0.224s] -- Using all available rosidl_typesupport_cpp: rosidl_typesupport_fastrtps_cpp;rosidl_typesupport_introspection_cpp
[0.488s] -- Found ament_cmake_ros: 0.10.0 (/opt/ros/humble/share/ament_cmake_ros/cmake)
[0.657s] -- Using all available rosidl_typesupport_c: rosidl_typesupport_fastrtps_c;rosidl_typesupport_introspection_c
[0.882s] -- Using all available rosidl_typesupport_cpp: rosidl_typesupport_fastrtps_cpp;rosidl_typesupport_introspection_cpp
[0.902s] -- Found python_cmake_module: 0.10.0 (/opt/ros/humble/share/python_cmake_module/cmake)
[0.926s] -- Using PYTHON_EXECUTABLE: /usr/bin/python3
[0.926s] -- Using PYTHON_INCLUDE_DIRS: /usr/include/python3.10
[0.926s] -- Using PYTHON_LIBRARIES: /usr/lib/x86_64-linux-gnu/libpython3.10.so
[0.939s] -- Found ament_lint_auto: 0.12.12 (/opt/ros/humble/share/ament_lint_auto/cmake)
[0.952s] -- Added test 'lint_cmake' to check CMake code style
[0.953s] -- Added test 'xmllint' to check XML markup files
[0.955s] -- Configuring done
[0.980s] -- Generating done
[0.989s] -- Build files have been written to: /home/paakwasi/ros2_ws/build/first_custom_interface
[1.011s] [35m[1mConsolidate compiler generated dependencies of target first_custom_interface__rosidl_generator_c[0m
[1.025s] [  2%] [32mBuilding C object CMakeFiles/first_custom_interface__rosidl_generator_c.dir/rosidl_generator_c/first_custom_interface/srv/detail/analyze_number__functions.c.o[0m
[1.025s] [  5%] [32mBuilding C object CMakeFiles/first_custom_interface__rosidl_generator_c.dir/rosidl_generator_c/first_custom_interface/srv/detail/return_to_base__functions.c.o[0m
[1.027s] [  7%] Built target first_custom_interface__cpp
[1.035s] [  7%] Built target ament_cmake_python_copy_first_custom_interface
[1.036s] [35m[1mConsolidate compiler generated dependencies of target first_custom_interface__rosidl_typesupport_fastrtps_cpp[0m
[1.036s] [35m[1mConsolidate compiler generated dependencies of target first_custom_interface__rosidl_typesupport_cpp[0m
[1.038s] [35m[1mConsolidate compiler generated dependencies of target first_custom_interface__rosidl_typesupport_introspection_cpp[0m
[1.048s] [ 10%] [32mBuilding CXX object CMakeFiles/first_custom_interface__rosidl_typesupport_cpp.dir/rosidl_typesupport_cpp/first_custom_interface/srv/analyze_number__type_support.cpp.o[0m
[1.048s] [ 12%] [32mBuilding CXX object CMakeFiles/first_custom_interface__rosidl_typesupport_fastrtps_cpp.dir/rosidl_typesupport_fastrtps_cpp/first_custom_interface/srv/detail/dds_fastrtps/return_to_base__type_support.cpp.o[0m
[1.049s] [ 15%] [32mBuilding CXX object CMakeFiles/first_custom_interface__rosidl_typesupport_fastrtps_cpp.dir/rosidl_typesupport_fastrtps_cpp/first_custom_interface/srv/detail/dds_fastrtps/analyze_number__type_support.cpp.o[0m
[1.050s] [ 17%] [32mBuilding CXX object CMakeFiles/first_custom_interface__rosidl_typesupport_cpp.dir/rosidl_typesupport_cpp/first_custom_interface/srv/return_to_base__type_support.cpp.o[0m
[1.051s] [ 20%] [32mBuilding CXX object CMakeFiles/first_custom_interface__rosidl_typesupport_introspection_cpp.dir/rosidl_typesupport_introspection_cpp/first_custom_interface/srv/detail/return_to_base__type_support.cpp.o[0m
[1.053s] [ 23%] [32mBuilding CXX object CMakeFiles/first_custom_interface__rosidl_typesupport_introspection_cpp.dir/rosidl_typesupport_introspection_cpp/first_custom_interface/srv/detail/analyze_number__type_support.cpp.o[0m
[1.121s] [ 25%] [32m[1mLinking C shared library libfirst_custom_interface__rosidl_generator_c.so[0m
[1.175s] [ 28%] Built target first_custom_interface__rosidl_generator_c
[1.190s] [35m[1mConsolidate compiler generated dependencies of target first_custom_interface__rosidl_typesupport_c[0m
[1.190s] [35m[1mConsolidate compiler generated dependencies of target first_custom_interface__rosidl_typesupport_introspection_c[0m
[1.190s] [35m[1mConsolidate compiler generated dependencies of target first_custom_interface__rosidl_typesupport_fastrtps_c[0m
[1.207s] [ 33%] [32mBuilding CXX object CMakeFiles/first_custom_interface__rosidl_typesupport_c.dir/rosidl_typesupport_c/first_custom_interface/srv/return_to_base__type_support.cpp.o[0m
[1.207s] [ 33%] [32mBuilding CXX object CMakeFiles/first_custom_interface__rosidl_typesupport_c.dir/rosidl_typesupport_c/first_custom_interface/srv/analyze_number__type_support.cpp.o[0m
[1.209s] [ 35%] [32mBuilding C object CMakeFiles/first_custom_interface__rosidl_typesupport_introspection_c.dir/rosidl_typesupport_introspection_c/first_custom_interface/srv/detail/return_to_base__type_support.c.o[0m
[1.217s] [ 38%] [32mBuilding C object CMakeFiles/first_custom_interface__rosidl_typesupport_introspection_c.dir/rosidl_typesupport_introspection_c/first_custom_interface/srv/detail/analyze_number__type_support.c.o[0m
[1.217s] [ 41%] [32mBuilding CXX object CMakeFiles/first_custom_interface__rosidl_typesupport_fastrtps_c.dir/rosidl_typesupport_fastrtps_c/first_custom_interface/srv/detail/analyze_number__type_support_c.cpp.o[0m
[1.268s] [ 43%] [32mBuilding CXX object CMakeFiles/first_custom_interface__rosidl_typesupport_fastrtps_c.dir/rosidl_typesupport_fastrtps_c/first_custom_interface/srv/detail/return_to_base__type_support_c.cpp.o[0m
[1.274s] [ 46%] [32m[1mLinking C shared library libfirst_custom_interface__rosidl_typesupport_introspection_c.so[0m
[1.292s] [ 48%] [32m[1mLinking CXX shared library libfirst_custom_interface__rosidl_typesupport_c.so[0m
[1.297s] running egg_info
[1.298s] writing first_custom_interface.egg-info/PKG-INFO
[1.302s] writing dependency_links to first_custom_interface.egg-info/dependency_links.txt
[1.302s] writing top-level names to first_custom_interface.egg-info/top_level.txt
[1.304s] reading manifest file 'first_custom_interface.egg-info/SOURCES.txt'
[1.306s] writing manifest file 'first_custom_interface.egg-info/SOURCES.txt'
[1.326s] [ 51%] Built target first_custom_interface__rosidl_typesupport_introspection_c
[1.380s] [ 53%] Built target first_custom_interface__rosidl_typesupport_c
[1.383s] [ 53%] Built target ament_cmake_python_build_first_custom_interface_egg
[1.479s] [ 56%] [32m[1mLinking CXX shared library libfirst_custom_interface__rosidl_typesupport_cpp.so[0m
[1.539s] [ 58%] Built target first_custom_interface__rosidl_typesupport_cpp
[1.615s] [ 61%] [32m[1mLinking CXX shared library libfirst_custom_interface__rosidl_typesupport_introspection_cpp.so[0m
[1.647s] [ 64%] [32m[1mLinking CXX shared library libfirst_custom_interface__rosidl_typesupport_fastrtps_cpp.so[0m
[1.671s] [ 66%] Built target first_custom_interface__rosidl_typesupport_introspection_cpp
[1.674s] [ 69%] [32m[1mLinking CXX shared library libfirst_custom_interface__rosidl_typesupport_fastrtps_c.so[0m
[1.706s] [ 71%] Built target first_custom_interface__rosidl_typesupport_fastrtps_cpp
[1.731s] [ 74%] Built target first_custom_interface__rosidl_typesupport_fastrtps_c
[1.748s] [ 74%] Built target first_custom_interface
[1.764s] [ 76%] Built target first_custom_interface__py
[1.773s] [35m[1mConsolidate compiler generated dependencies of target first_custom_interface__rosidl_generator_py[0m
[1.784s] [ 79%] [32mBuilding C object CMakeFiles/first_custom_interface__rosidl_generator_py.dir/rosidl_generator_py/first_custom_interface/srv/_return_to_base_s.c.o[0m
[1.784s] [ 82%] [32mBuilding C object CMakeFiles/first_custom_interface__rosidl_generator_py.dir/rosidl_generator_py/first_custom_interface/srv/_analyze_number_s.c.o[0m
[1.870s] [ 84%] [32m[1mLinking C shared library rosidl_generator_py/first_custom_interface/libfirst_custom_interface__rosidl_generator_py.so[0m
[1.901s] [ 84%] Built target first_custom_interface__rosidl_generator_py
[1.909s] [35m[1mConsolidate compiler generated dependencies of target first_custom_interface__rosidl_typesupport_c__pyext[0m
[1.910s] [35m[1mConsolidate compiler generated dependencies of target first_custom_interface__rosidl_typesupport_fastrtps_c__pyext[0m
[1.911s] [35m[1mConsolidate compiler generated dependencies of target first_custom_interface__rosidl_typesupport_introspection_c__pyext[0m
[1.920s] [ 87%] [32mBuilding C object CMakeFiles/first_custom_interface__rosidl_typesupport_c__pyext.dir/rosidl_generator_py/first_custom_interface/_first_custom_interface_s.ep.rosidl_typesupport_c.c.o[0m
[1.925s] [ 89%] [32mBuilding C object CMakeFiles/first_custom_interface__rosidl_typesupport_introspection_c__pyext.dir/rosidl_generator_py/first_custom_interface/_first_custom_interface_s.ep.rosidl_typesupport_introspection_c.c.o[0m
[1.928s] [ 92%] [32mBuilding C object CMakeFiles/first_custom_interface__rosidl_typesupport_fastrtps_c__pyext.dir/rosidl_generator_py/first_custom_interface/_first_custom_interface_s.ep.rosidl_typesupport_fastrtps_c.c.o[0m
[1.987s] [ 94%] [32m[1mLinking C shared library rosidl_generator_py/first_custom_interface/first_custom_interface_s__rosidl_typesupport_c.cpython-310-x86_64-linux-gnu.so[0m
[1.998s] [ 97%] [32m[1mLinking C shared library rosidl_generator_py/first_custom_interface/first_custom_interface_s__rosidl_typesupport_fastrtps_c.cpython-310-x86_64-linux-gnu.so[0m
[2.017s] [ 97%] Built target first_custom_interface__rosidl_typesupport_c__pyext
[2.027s] [100%] [32m[1mLinking C shared library rosidl_generator_py/first_custom_interface/first_custom_interface_s__rosidl_typesupport_introspection_c.cpython-310-x86_64-linux-gnu.so[0m
[2.034s] [100%] Built target first_custom_interface__rosidl_typesupport_fastrtps_c__pyext
[2.059s] [100%] Built target first_custom_interface__rosidl_typesupport_introspection_c__pyext
[2.069s] Invoked command in '/home/paakwasi/ros2_ws/build/first_custom_interface' returned '0': CMAKE_PREFIX_PATH=/opt/ros/humble /usr/bin/cmake --build /home/paakwasi/ros2_ws/build/first_custom_interface -- -j12 -l12
[2.078s] Invoking command in '/home/paakwasi/ros2_ws/build/first_custom_interface': CMAKE_PREFIX_PATH=/opt/ros/humble /usr/bin/cmake --install /home/paakwasi/ros2_ws/build/first_custom_interface
[2.084s] -- Install configuration: ""
[2.084s] -- Up-to-date: /home/paakwasi/ros2_ws/install/first_custom_interface/share/ament_index/resource_index/rosidl_interfaces/first_custom_interface
[2.085s] -- Up-to-date: /home/paakwasi/ros2_ws/install/first_custom_interface/include/first_custom_interface/first_custom_interface
[2.085s] -- Up-to-date: /home/paakwasi/ros2_ws/install/first_custom_interface/include/first_custom_interface/first_custom_interface/msg
[2.085s] -- Up-to-date: /home/paakwasi/ros2_ws/install/first_custom_interface/include/first_custom_interface/first_custom_interface/msg/rosidl_generator_c__visibility_control.h
[2.085s] -- Up-to-date: /home/paakwasi/ros2_ws/install/first_custom_interface/include/first_custom_interface/first_custom_interface/srv
[2.085s] -- Up-to-date: /home/paakwasi/ros2_ws/install/first_custom_interface/include/first_custom_interface/first_custom_interface/srv/detail
[2.085s] -- Up-to-date: /home/paakwasi/ros2_ws/install/first_custom_interface/include/first_custom_interface/first_custom_interface/srv/detail/analyze_number__struct.h
[2.085s] -- Up-to-date: /home/paakwasi/ros2_ws/install/first_custom_interface/include/first_custom_interface/first_custom_interface/srv/detail/return_to_base__struct.h
[2.085s] -- Up-to-date: /home/paakwasi/ros2_ws/install/first_custom_interface/include/first_custom_interface/first_custom_interface/srv/detail/return_to_base__functions.h
[2.085s] -- Up-to-date: /home/paakwasi/ros2_ws/install/first_custom_interface/include/first_custom_interface/first_custom_interface/srv/detail/analyze_number__functions.h
[2.085s] -- Up-to-date: /home/paakwasi/ros2_ws/install/first_custom_interface/include/first_custom_interface/first_custom_interface/srv/detail/analyze_number__type_support.h
[2.085s] -- Up-to-date: /home/paakwasi/ros2_ws/install/first_custom_interface/include/first_custom_interface/first_custom_interface/srv/detail/return_to_base__functions.c
[2.085s] -- Up-to-date: /home/paakwasi/ros2_ws/install/first_custom_interface/include/first_custom_interface/first_custom_interface/srv/detail/return_to_base__type_support.h
[2.085s] -- Up-to-date: /home/paakwasi/ros2_ws/install/first_custom_interface/include/first_custom_interface/first_custom_interface/srv/detail/analyze_number__functions.c
[2.085s] -- Up-to-date: /home/paakwasi/ros2_ws/install/first_custom_interface/include/first_custom_interface/first_custom_interface/srv/analyze_number.h
[2.086s] -- Up-to-date: /home/paakwasi/ros2_ws/install/first_custom_interface/include/first_custom_interface/first_custom_interface/srv/return_to_base.h
[2.086s] -- Installing: /home/paakwasi/ros2_ws/install/first_custom_interface/share/first_custom_interface/environment/library_path.sh
[2.086s] -- Installing: /home/paakwasi/ros2_ws/install/first_custom_interface/share/first_custom_interface/environment/library_path.dsv
[2.086s] -- Installing: /home/paakwasi/ros2_ws/install/first_custom_interface/lib/libfirst_custom_interface__rosidl_generator_c.so
[2.086s] -- Set runtime path of "/home/paakwasi/ros2_ws/install/first_custom_interface/lib/libfirst_custom_interface__rosidl_generator_c.so" to ""
[2.086s] -- Up-to-date: /home/paakwasi/ros2_ws/install/first_custom_interface/include/first_custom_interface/first_custom_interface
[2.086s] -- Up-to-date: /home/paakwasi/ros2_ws/install/first_custom_interface/include/first_custom_interface/first_custom_interface/msg
[2.086s] -- Up-to-date: /home/paakwasi/ros2_ws/install/first_custom_interface/include/first_custom_interface/first_custom_interface/msg/rosidl_typesupport_fastrtps_c__visibility_control.h
[2.086s] -- Up-to-date: /home/paakwasi/ros2_ws/install/first_custom_interface/include/first_custom_interface/first_custom_interface/srv
[2.086s] -- Up-to-date: /home/paakwasi/ros2_ws/install/first_custom_interface/include/first_custom_interface/first_custom_interface/srv/detail
[2.086s] -- Up-to-date: /home/paakwasi/ros2_ws/install/first_custom_interface/include/first_custom_interface/first_custom_interface/srv/detail/return_to_base__rosidl_typesupport_fastrtps_c.h
[2.086s] -- Up-to-date: /home/paakwasi/ros2_ws/install/first_custom_interface/include/first_custom_interface/first_custom_interface/srv/detail/analyze_number__rosidl_typesupport_fastrtps_c.h
[2.087s] -- Installing: /home/paakwasi/ros2_ws/install/first_custom_interface/lib/libfirst_custom_interface__rosidl_typesupport_fastrtps_c.so
[2.087s] -- Set runtime path of "/home/paakwasi/ros2_ws/install/first_custom_interface/lib/libfirst_custom_interface__rosidl_typesupport_fastrtps_c.so" to ""
[2.087s] -- Up-to-date: /home/paakwasi/ros2_ws/install/first_custom_interface/include/first_custom_interface/first_custom_interface
[2.087s] -- Up-to-date: /home/paakwasi/ros2_ws/install/first_custom_interface/include/first_custom_interface/first_custom_interface/msg
[2.087s] -- Up-to-date: /home/paakwasi/ros2_ws/install/first_custom_interface/include/first_custom_interface/first_custom_interface/msg/rosidl_typesupport_introspection_c__visibility_control.h
[2.087s] -- Up-to-date: /home/paakwasi/ros2_ws/install/first_custom_interface/include/first_custom_interface/first_custom_interface/srv
[2.087s] -- Up-to-date: /home/paakwasi/ros2_ws/install/first_custom_interface/include/first_custom_interface/first_custom_interface/srv/detail
[2.087s] -- Up-to-date: /home/paakwasi/ros2_ws/install/first_custom_interface/include/first_custom_interface/first_custom_interface/srv/detail/analyze_number__type_support.c
[2.087s] -- Up-to-date: /home/paakwasi/ros2_ws/install/first_custom_interface/include/first_custom_interface/first_custom_interface/srv/detail/return_to_base__type_support.c
[2.087s] -- Up-to-date: /home/paakwasi/ros2_ws/install/first_custom_interface/include/first_custom_interface/first_custom_interface/srv/detail/return_to_base__rosidl_typesupport_introspection_c.h
[2.088s] -- Up-to-date: /home/paakwasi/ros2_ws/install/first_custom_interface/include/first_custom_interface/first_custom_interface/srv/detail/analyze_number__rosidl_typesupport_introspection_c.h
[2.088s] -- Installing: /home/paakwasi/ros2_ws/install/first_custom_interface/lib/libfirst_custom_interface__rosidl_typesupport_introspection_c.so
[2.088s] -- Set runtime path of "/home/paakwasi/ros2_ws/install/first_custom_interface/lib/libfirst_custom_interface__rosidl_typesupport_introspection_c.so" to ""
[2.088s] -- Installing: /home/paakwasi/ros2_ws/install/first_custom_interface/lib/libfirst_custom_interface__rosidl_typesupport_c.so
[2.089s] -- Set runtime path of "/home/paakwasi/ros2_ws/install/first_custom_interface/lib/libfirst_custom_interface__rosidl_typesupport_c.so" to ""
[2.089s] -- Up-to-date: /home/paakwasi/ros2_ws/install/first_custom_interface/include/first_custom_interface/first_custom_interface
[2.089s] -- Up-to-date: /home/paakwasi/ros2_ws/install/first_custom_interface/include/first_custom_interface/first_custom_interface/msg
[2.089s] -- Up-to-date: /home/paakwasi/ros2_ws/install/first_custom_interface/include/first_custom_interface/first_custom_interface/msg/rosidl_generator_cpp__visibility_control.hpp
[2.089s] -- Up-to-date: /home/paakwasi/ros2_ws/install/first_custom_interface/include/first_custom_interface/first_custom_interface/srv
[2.089s] -- Up-to-date: /home/paakwasi/ros2_ws/install/first_custom_interface/include/first_custom_interface/first_custom_interface/srv/analyze_number.hpp
[2.089s] -- Up-to-date: /home/paakwasi/ros2_ws/install/first_custom_interface/include/first_custom_interface/first_custom_interface/srv/return_to_base.hpp
[2.089s] -- Up-to-date: /home/paakwasi/ros2_ws/install/first_custom_interface/include/first_custom_interface/first_custom_interface/srv/detail
[2.089s] -- Up-to-date: /home/paakwasi/ros2_ws/install/first_custom_interface/include/first_custom_interface/first_custom_interface/srv/detail/return_to_base__struct.hpp
[2.089s] -- Up-to-date: /home/paakwasi/ros2_ws/install/first_custom_interface/include/first_custom_interface/first_custom_interface/srv/detail/return_to_base__traits.hpp
[2.089s] -- Up-to-date: /home/paakwasi/ros2_ws/install/first_custom_interface/include/first_custom_interface/first_custom_interface/srv/detail/analyze_number__builder.hpp
[2.089s] -- Up-to-date: /home/paakwasi/ros2_ws/install/first_custom_interface/include/first_custom_interface/first_custom_interface/srv/detail/analyze_number__struct.hpp
[2.089s] -- Up-to-date: /home/paakwasi/ros2_ws/install/first_custom_interface/include/first_custom_interface/first_custom_interface/srv/detail/analyze_number__type_support.hpp
[2.090s] -- Up-to-date: /home/paakwasi/ros2_ws/install/first_custom_interface/include/first_custom_interface/first_custom_interface/srv/detail/return_to_base__builder.hpp
[2.090s] -- Up-to-date: /home/paakwasi/ros2_ws/install/first_custom_interface/include/first_custom_interface/first_custom_interface/srv/detail/return_to_base__type_support.hpp
[2.090s] -- Up-to-date: /home/paakwasi/ros2_ws/install/first_custom_interface/include/first_custom_interface/first_custom_interface/srv/detail/analyze_number__traits.hpp
[2.090s] -- Up-to-date: /home/paakwasi/ros2_ws/install/first_custom_interface/include/first_custom_interface/first_custom_interface
[2.090s] -- Up-to-date: /home/paakwasi/ros2_ws/install/first_custom_interface/include/first_custom_interface/first_custom_interface/msg
[2.090s] -- Up-to-date: /home/paakwasi/ros2_ws/install/first_custom_interface/include/first_custom_interface/first_custom_interface/msg/rosidl_typesupport_fastrtps_cpp__visibility_control.h
[2.090s] -- Up-to-date: /home/paakwasi/ros2_ws/install/first_custom_interface/include/first_custom_interface/first_custom_interface/srv
[2.090s] -- Up-to-date: /home/paakwasi/ros2_ws/install/first_custom_interface/include/first_custom_interface/first_custom_interface/srv/detail
[2.090s] -- Up-to-date: /home/paakwasi/ros2_ws/install/first_custom_interface/include/first_custom_interface/first_custom_interface/srv/detail/return_to_base__rosidl_typesupport_fastrtps_cpp.hpp
[2.090s] -- Up-to-date: /home/paakwasi/ros2_ws/install/first_custom_interface/include/first_custom_interface/first_custom_interface/srv/detail/analyze_number__rosidl_typesupport_fastrtps_cpp.hpp
[2.090s] -- Installing: /home/paakwasi/ros2_ws/install/first_custom_interface/include/first_custom_interface/first_custom_interface/srv/detail/dds_fastrtps
[2.090s] -- Installing: /home/paakwasi/ros2_ws/install/first_custom_interface/lib/libfirst_custom_interface__rosidl_typesupport_fastrtps_cpp.so
[2.090s] -- Set runtime path of "/home/paakwasi/ros2_ws/install/first_custom_interface/lib/libfirst_custom_interface__rosidl_typesupport_fastrtps_cpp.so" to ""
[2.090s] -- Up-to-date: /home/paakwasi/ros2_ws/install/first_custom_interface/include/first_custom_interface/first_custom_interface
[2.090s] -- Up-to-date: /home/paakwasi/ros2_ws/install/first_custom_interface/include/first_custom_interface/first_custom_interface/srv
[2.090s] -- Up-to-date: /home/paakwasi/ros2_ws/install/first_custom_interface/include/first_custom_interface/first_custom_interface/srv/detail
[2.091s] -- Up-to-date: /home/paakwasi/ros2_ws/install/first_custom_interface/include/first_custom_interface/first_custom_interface/srv/detail/return_to_base__type_support.cpp
[2.091s] -- Up-to-date: /home/paakwasi/ros2_ws/install/first_custom_interface/include/first_custom_interface/first_custom_interface/srv/detail/analyze_number__type_support.cpp
[2.091s] -- Up-to-date: /home/paakwasi/ros2_ws/install/first_custom_interface/include/first_custom_interface/first_custom_interface/srv/detail/return_to_base__rosidl_typesupport_introspection_cpp.hpp
[2.091s] -- Up-to-date: /home/paakwasi/ros2_ws/install/first_custom_interface/include/first_custom_interface/first_custom_interface/srv/detail/analyze_number__rosidl_typesupport_introspection_cpp.hpp
[2.091s] -- Installing: /home/paakwasi/ros2_ws/install/first_custom_interface/lib/libfirst_custom_interface__rosidl_typesupport_introspection_cpp.so
[2.091s] -- Set runtime path of "/home/paakwasi/ros2_ws/install/first_custom_interface/lib/libfirst_custom_interface__rosidl_typesupport_introspection_cpp.so" to ""
[2.092s] -- Installing: /home/paakwasi/ros2_ws/install/first_custom_interface/lib/libfirst_custom_interface__rosidl_typesupport_cpp.so
[2.092s] -- Set runtime path of "/home/paakwasi/ros2_ws/install/first_custom_interface/lib/libfirst_custom_interface__rosidl_typesupport_cpp.so" to ""
[2.092s] -- Up-to-date: /home/paakwasi/ros2_ws/install/first_custom_interface/share/first_custom_interface/environment/pythonpath.sh
[2.092s] -- Installing: /home/paakwasi/ros2_ws/install/first_custom_interface/share/first_custom_interface/environment/pythonpath.dsv
[2.092s] -- Up-to-date: /home/paakwasi/ros2_ws/install/first_custom_interface/local/lib/python3.10/dist-packages/first_custom_interface-0.0.0-py3.10.egg-info
[2.092s] -- Installing: /home/paakwasi/ros2_ws/install/first_custom_interface/local/lib/python3.10/dist-packages/first_custom_interface-0.0.0-py3.10.egg-info/dependency_links.txt
[2.092s] -- Installing: /home/paakwasi/ros2_ws/install/first_custom_interface/local/lib/python3.10/dist-packages/first_custom_interface-0.0.0-py3.10.egg-info/PKG-INFO
[2.093s] -- Installing: /home/paakwasi/ros2_ws/install/first_custom_interface/local/lib/python3.10/dist-packages/first_custom_interface-0.0.0-py3.10.egg-info/top_level.txt
[2.093s] -- Installing: /home/paakwasi/ros2_ws/install/first_custom_interface/local/lib/python3.10/dist-packages/first_custom_interface-0.0.0-py3.10.egg-info/SOURCES.txt
[2.093s] -- Up-to-date: /home/paakwasi/ros2_ws/install/first_custom_interface/local/lib/python3.10/dist-packages/first_custom_interface
[2.093s] -- Up-to-date: /home/paakwasi/ros2_ws/install/first_custom_interface/local/lib/python3.10/dist-packages/first_custom_interface/_first_custom_interface_s.ep.rosidl_typesupport_fastrtps_c.c
[2.093s] -- Installing: /home/paakwasi/ros2_ws/install/first_custom_interface/local/lib/python3.10/dist-packages/first_custom_interface/first_custom_interface_s__rosidl_typesupport_introspection_c.cpython-310-x86_64-linux-gnu.so
[2.093s] -- Up-to-date: /home/paakwasi/ros2_ws/install/first_custom_interface/local/lib/python3.10/dist-packages/first_custom_interface/_first_custom_interface_s.ep.rosidl_typesupport_introspection_c.c
[2.093s] -- Up-to-date: /home/paakwasi/ros2_ws/install/first_custom_interface/local/lib/python3.10/dist-packages/first_custom_interface/srv
[2.093s] -- Up-to-date: /home/paakwasi/ros2_ws/install/first_custom_interface/local/lib/python3.10/dist-packages/first_custom_interface/srv/_return_to_base.py
[2.093s] -- Up-to-date: /home/paakwasi/ros2_ws/install/first_custom_interface/local/lib/python3.10/dist-packages/first_custom_interface/srv/_analyze_number.py
[2.093s] -- Up-to-date: /home/paakwasi/ros2_ws/install/first_custom_interface/local/lib/python3.10/dist-packages/first_custom_interface/srv/_return_to_base_s.c
[2.093s] -- Up-to-date: /home/paakwasi/ros2_ws/install/first_custom_interface/local/lib/python3.10/dist-packages/first_custom_interface/srv/__init__.py
[2.094s] -- Up-to-date: /home/paakwasi/ros2_ws/install/first_custom_interface/local/lib/python3.10/dist-packages/first_custom_interface/srv/_analyze_number_s.c
[2.094s] -- Installing: /home/paakwasi/ros2_ws/install/first_custom_interface/local/lib/python3.10/dist-packages/first_custom_interface/first_custom_interface_s__rosidl_typesupport_c.cpython-310-x86_64-linux-gnu.so
[2.094s] -- Installing: /home/paakwasi/ros2_ws/install/first_custom_interface/local/lib/python3.10/dist-packages/first_custom_interface/__init__.py
[2.094s] -- Installing: /home/paakwasi/ros2_ws/install/first_custom_interface/local/lib/python3.10/dist-packages/first_custom_interface/libfirst_custom_interface__rosidl_generator_py.so
[2.094s] -- Up-to-date: /home/paakwasi/ros2_ws/install/first_custom_interface/local/lib/python3.10/dist-packages/first_custom_interface/_first_custom_interface_s.ep.rosidl_typesupport_c.c
[2.094s] -- Installing: /home/paakwasi/ros2_ws/install/first_custom_interface/local/lib/python3.10/dist-packages/first_custom_interface/first_custom_interface_s__rosidl_typesupport_fastrtps_c.cpython-310-x86_64-linux-gnu.so
[2.133s] Listing '/home/paakwasi/ros2_ws/install/first_custom_interface/local/lib/python3.10/dist-packages/first_custom_interface'...
[2.133s] Compiling '/home/paakwasi/ros2_ws/install/first_custom_interface/local/lib/python3.10/dist-packages/first_custom_interface/__init__.py'...
[2.133s] Listing '/home/paakwasi/ros2_ws/install/first_custom_interface/local/lib/python3.10/dist-packages/first_custom_interface/srv'...
[2.133s] Compiling '/home/paakwasi/ros2_ws/install/first_custom_interface/local/lib/python3.10/dist-packages/first_custom_interface/srv/__init__.py'...
[2.133s] Compiling '/home/paakwasi/ros2_ws/install/first_custom_interface/local/lib/python3.10/dist-packages/first_custom_interface/srv/_analyze_number.py'...
[2.133s] Compiling '/home/paakwasi/ros2_ws/install/first_custom_interface/local/lib/python3.10/dist-packages/first_custom_interface/srv/_return_to_base.py'...
[2.139s] -- Installing: /home/paakwasi/ros2_ws/install/first_custom_interface/local/lib/python3.10/dist-packages/first_custom_interface/first_custom_interface_s__rosidl_typesupport_fastrtps_c.cpython-310-x86_64-linux-gnu.so
[2.139s] -- Set runtime path of "/home/paakwasi/ros2_ws/install/first_custom_interface/local/lib/python3.10/dist-packages/first_custom_interface/first_custom_interface_s__rosidl_typesupport_fastrtps_c.cpython-310-x86_64-linux-gnu.so" to ""
[2.139s] -- Installing: /home/paakwasi/ros2_ws/install/first_custom_interface/local/lib/python3.10/dist-packages/first_custom_interface/first_custom_interface_s__rosidl_typesupport_introspection_c.cpython-310-x86_64-linux-gnu.so
[2.140s] -- Set runtime path of "/home/paakwasi/ros2_ws/install/first_custom_interface/local/lib/python3.10/dist-packages/first_custom_interface/first_custom_interface_s__rosidl_typesupport_introspection_c.cpython-310-x86_64-linux-gnu.so" to ""
[2.140s] -- Installing: /home/paakwasi/ros2_ws/install/first_custom_interface/local/lib/python3.10/dist-packages/first_custom_interface/first_custom_interface_s__rosidl_typesupport_c.cpython-310-x86_64-linux-gnu.so
[2.140s] -- Set runtime path of "/home/paakwasi/ros2_ws/install/first_custom_interface/local/lib/python3.10/dist-packages/first_custom_interface/first_custom_interface_s__rosidl_typesupport_c.cpython-310-x86_64-linux-gnu.so" to ""
[2.141s] -- Installing: /home/paakwasi/ros2_ws/install/first_custom_interface/lib/libfirst_custom_interface__rosidl_generator_py.so
[2.141s] -- Set runtime path of "/home/paakwasi/ros2_ws/install/first_custom_interface/lib/libfirst_custom_interface__rosidl_generator_py.so" to ""
[2.141s] -- Up-to-date: /home/paakwasi/ros2_ws/install/first_custom_interface/share/first_custom_interface/srv/AnalyzeNumber.idl
[2.141s] -- Up-to-date: /home/paakwasi/ros2_ws/install/first_custom_interface/share/first_custom_interface/srv/ReturnToBase.idl
[2.141s] -- Up-to-date: /home/paakwasi/ros2_ws/install/first_custom_interface/share/first_custom_interface/srv/AnalyzeNumber.srv
[2.142s] -- Up-to-date: /home/paakwasi/ros2_ws/install/first_custom_interface/share/first_custom_interface/srv/AnalyzeNumber_Request.msg
[2.142s] -- Up-to-date: /home/paakwasi/ros2_ws/install/first_custom_interface/share/first_custom_interface/srv/AnalyzeNumber_Response.msg
[2.142s] -- Up-to-date: /home/paakwasi/ros2_ws/install/first_custom_interface/share/first_custom_interface/srv/ReturnToBase.srv
[2.142s] -- Up-to-date: /home/paakwasi/ros2_ws/install/first_custom_interface/share/first_custom_interface/srv/ReturnToBase_Request.msg
[2.142s] -- Up-to-date: /home/paakwasi/ros2_ws/install/first_custom_interface/share/first_custom_interface/srv/ReturnToBase_Response.msg
[2.142s] -- Up-to-date: /home/paakwasi/ros2_ws/install/first_custom_interface/share/ament_index/resource_index/package_run_dependencies/first_custom_interface
[2.142s] -- Installing: /home/paakwasi/ros2_ws/install/first_custom_interface/share/ament_index/resource_index/parent_prefix_path/first_custom_interface
[2.142s] -- Installing: /home/paakwasi/ros2_ws/install/first_custom_interface/share/first_custom_interface/environment/ament_prefix_path.sh
[2.142s] -- Installing: /home/paakwasi/ros2_ws/install/first_custom_interface/share/first_custom_interface/environment/ament_prefix_path.dsv
[2.142s] -- Installing: /home/paakwasi/ros2_ws/install/first_custom_interface/share/first_custom_interface/environment/path.sh
[2.142s] -- Installing: /home/paakwasi/ros2_ws/install/first_custom_interface/share/first_custom_interface/environment/path.dsv
[2.142s] -- Up-to-date: /home/paakwasi/ros2_ws/install/first_custom_interface/share/first_custom_interface/local_setup.bash
[2.142s] -- Up-to-date: /home/paakwasi/ros2_ws/install/first_custom_interface/share/first_custom_interface/local_setup.sh
[2.143s] -- Up-to-date: /home/paakwasi/ros2_ws/install/first_custom_interface/share/first_custom_interface/local_setup.zsh
[2.143s] -- Installing: /home/paakwasi/ros2_ws/install/first_custom_interface/share/first_custom_interface/local_setup.dsv
[2.143s] -- Installing: /home/paakwasi/ros2_ws/install/first_custom_interface/share/first_custom_interface/package.dsv
[2.143s] -- Up-to-date: /home/paakwasi/ros2_ws/install/first_custom_interface/share/ament_index/resource_index/packages/first_custom_interface
[2.143s] -- Up-to-date: /home/paakwasi/ros2_ws/install/first_custom_interface/share/first_custom_interface/cmake/export_first_custom_interface__rosidl_generator_cExport.cmake
[2.143s] -- Up-to-date: /home/paakwasi/ros2_ws/install/first_custom_interface/share/first_custom_interface/cmake/export_first_custom_interface__rosidl_generator_cExport-noconfig.cmake
[2.143s] -- Up-to-date: /home/paakwasi/ros2_ws/install/first_custom_interface/share/first_custom_interface/cmake/export_first_custom_interface__rosidl_typesupport_fastrtps_cExport.cmake
[2.143s] -- Up-to-date: /home/paakwasi/ros2_ws/install/first_custom_interface/share/first_custom_interface/cmake/export_first_custom_interface__rosidl_typesupport_fastrtps_cExport-noconfig.cmake
[2.144s] -- Up-to-date: /home/paakwasi/ros2_ws/install/first_custom_interface/share/first_custom_interface/cmake/first_custom_interface__rosidl_typesupport_introspection_cExport.cmake
[2.144s] -- Up-to-date: /home/paakwasi/ros2_ws/install/first_custom_interface/share/first_custom_interface/cmake/first_custom_interface__rosidl_typesupport_introspection_cExport-noconfig.cmake
[2.144s] -- Up-to-date: /home/paakwasi/ros2_ws/install/first_custom_interface/share/first_custom_interface/cmake/first_custom_interface__rosidl_typesupport_cExport.cmake
[2.144s] -- Up-to-date: /home/paakwasi/ros2_ws/install/first_custom_interface/share/first_custom_interface/cmake/first_custom_interface__rosidl_typesupport_cExport-noconfig.cmake
[2.144s] -- Up-to-date: /home/paakwasi/ros2_ws/install/first_custom_interface/share/first_custom_interface/cmake/export_first_custom_interface__rosidl_generator_cppExport.cmake
[2.145s] -- Up-to-date: /home/paakwasi/ros2_ws/install/first_custom_interface/share/first_custom_interface/cmake/export_first_custom_interface__rosidl_typesupport_fastrtps_cppExport.cmake
[2.145s] -- Up-to-date: /home/paakwasi/ros2_ws/install/first_custom_interface/share/first_custom_interface/cmake/export_first_custom_interface__rosidl_typesupport_fastrtps_cppExport-noconfig.cmake
[2.145s] -- Up-to-date: /home/paakwasi/ros2_ws/install/first_custom_interface/share/first_custom_interface/cmake/first_custom_interface__rosidl_typesupport_introspection_cppExport.cmake
[2.145s] -- Up-to-date: /home/paakwasi/ros2_ws/install/first_custom_interface/share/first_custom_interface/cmake/first_custom_interface__rosidl_typesupport_introspection_cppExport-noconfig.cmake
[2.145s] -- Up-to-date: /home/paakwasi/ros2_ws/install/first_custom_interface/share/first_custom_interface/cmake/first_custom_interface__rosidl_typesupport_cppExport.cmake
[2.145s] -- Up-to-date: /home/paakwasi/ros2_ws/install/first_custom_interface/share/first_custom_interface/cmake/first_custom_interface__rosidl_typesupport_cppExport-noconfig.cmake
[2.145s] -- Up-to-date: /home/paakwasi/ros2_ws/install/first_custom_interface/share/first_custom_interface/cmake/export_first_custom_interface__rosidl_generator_pyExport.cmake
[2.146s] -- Up-to-date: /home/paakwasi/ros2_ws/install/first_custom_interface/share/first_custom_interface/cmake/export_first_custom_interface__rosidl_generator_pyExport-noconfig.cmake
[2.146s] -- Up-to-date: /home/paakwasi/ros2_ws/install/first_custom_interface/share/first_custom_interface/cmake/rosidl_cmake-extras.cmake
[2.146s] -- Up-to-date: /home/paakwasi/ros2_ws/install/first_custom_interface/share/first_custom_interface/cmake/ament_cmake_export_include_directories-extras.cmake
[2.146s] -- Up-to-date: /home/paakwasi/ros2_ws/install/first_custom_interface/share/first_custom_interface/cmake/ament_cmake_export_libraries-extras.cmake
[2.146s] -- Up-to-date: /home/paakwasi/ros2_ws/install/first_custom_interface/share/first_custom_interface/cmake/ament_cmake_export_targets-extras.cmake
[2.146s] -- Up-to-date: /home/paakwasi/ros2_ws/install/first_custom_interface/share/first_custom_interface/cmake/rosidl_cmake_export_typesupport_targets-extras.cmake
[2.146s] -- Up-to-date: /home/paakwasi/ros2_ws/install/first_custom_interface/share/first_custom_interface/cmake/ament_cmake_export_dependencies-extras.cmake
[2.146s] -- Up-to-date: /home/paakwasi/ros2_ws/install/first_custom_interface/share/first_custom_interface/cmake/rosidl_cmake_export_typesupport_libraries-extras.cmake
[2.146s] -- Up-to-date: /home/paakwasi/ros2_ws/install/first_custom_interface/share/first_custom_interface/cmake/first_custom_interfaceConfig.cmake
[2.146s] -- Up-to-date: /home/paakwasi/ros2_ws/install/first_custom_interface/share/first_custom_interface/cmake/first_custom_interfaceConfig-version.cmake
[2.146s] -- Up-to-date: /home/paakwasi/ros2_ws/install/first_custom_interface/share/first_custom_interface/package.xml
[2.149s] Invoked command in '/home/paakwasi/ros2_ws/build/first_custom_interface' returned '0': CMAKE_PREFIX_PATH=/opt/ros/humble /usr/bin/cmake --install /home/paakwasi/ros2_ws/build/first_custom_interface
