running egg_info
writing ../build/temp_monitoring/temp_monitoring.egg-info/PKG-INFO
writing dependency_links to ../build/temp_monitoring/temp_monitoring.egg-info/dependency_links.txt
writing entry points to ../build/temp_monitoring/temp_monitoring.egg-info/entry_points.txt
writing requirements to ../build/temp_monitoring/temp_monitoring.egg-info/requires.txt
writing top-level names to ../build/temp_monitoring/temp_monitoring.egg-info/top_level.txt
reading manifest file '../build/temp_monitoring/temp_monitoring.egg-info/SOURCES.txt'
writing manifest file '../build/temp_monitoring/temp_monitoring.egg-info/SOURCES.txt'
running build
running build_py
running install
running install_lib
running install_data
running install_egg_info
removing '/home/paakwasi/ros2_ws/src/install/temp_monitoring/lib/python3.10/site-packages/temp_monitoring-0.0.0-py3.10.egg-info' (and everything under it)
Copying ../build/temp_monitoring/temp_monitoring.egg-info to /home/paakwasi/ros2_ws/src/install/temp_monitoring/lib/python3.10/site-packages/temp_monitoring-0.0.0-py3.10.egg-info
running install_scripts
Installing cooling_node script to /home/paakwasi/ros2_ws/src/install/temp_monitoring/lib/temp_monitoring
Installing monitor_node script to /home/paakwasi/ros2_ws/src/install/temp_monitoring/lib/temp_monitoring
Installing temp_sensor script to /home/paakwasi/ros2_ws/src/install/temp_monitoring/lib/temp_monitoring
writing list of installed files to '/home/paakwasi/ros2_ws/src/build/temp_monitoring/install.log'
