[3.686s] Invoking command in '/home/paakwasi/ros2_ws/src/temp_monitoring': PYTHONPATH=/home/paakwasi/ros2_ws/src/build/temp_monitoring/prefix_override:/usr/lib/python3/dist-packages/colcon_core/task/python/colcon_distutils_commands:/home/paakwasi/ros2_ws/src/install/temp_monitoring/lib/python3.10/site-packages:${PYTHONPATH} /usr/bin/python3 -W ignore:setup.py install is deprecated -W ignore:easy_install command is deprecated setup.py egg_info --egg-base ../build/temp_monitoring build --build-base /home/paakwasi/ros2_ws/src/build/temp_monitoring/build install --record /home/paakwasi/ros2_ws/src/build/temp_monitoring/install.log --single-version-externally-managed install_data
[4.465s] running egg_info
[4.467s] writing ../build/temp_monitoring/temp_monitoring.egg-info/PKG-INFO
[4.467s] writing dependency_links to ../build/temp_monitoring/temp_monitoring.egg-info/dependency_links.txt
[4.467s] writing entry points to ../build/temp_monitoring/temp_monitoring.egg-info/entry_points.txt
[4.468s] writing requirements to ../build/temp_monitoring/temp_monitoring.egg-info/requires.txt
[4.468s] writing top-level names to ../build/temp_monitoring/temp_monitoring.egg-info/top_level.txt
[4.472s] reading manifest file '../build/temp_monitoring/temp_monitoring.egg-info/SOURCES.txt'
[4.474s] writing manifest file '../build/temp_monitoring/temp_monitoring.egg-info/SOURCES.txt'
[4.474s] running build
[4.474s] running build_py
[4.475s] running install
[4.476s] running install_lib
[4.479s] running install_data
[4.479s] running install_egg_info
[4.485s] removing '/home/paakwasi/ros2_ws/src/install/temp_monitoring/lib/python3.10/site-packages/temp_monitoring-0.0.0-py3.10.egg-info' (and everything under it)
[4.486s] Copying ../build/temp_monitoring/temp_monitoring.egg-info to /home/paakwasi/ros2_ws/src/install/temp_monitoring/lib/python3.10/site-packages/temp_monitoring-0.0.0-py3.10.egg-info
[4.487s] running install_scripts
[4.537s] Installing cooling_node script to /home/paakwasi/ros2_ws/src/install/temp_monitoring/lib/temp_monitoring
[4.543s] Installing monitor_node script to /home/paakwasi/ros2_ws/src/install/temp_monitoring/lib/temp_monitoring
[4.543s] Installing temp_sensor script to /home/paakwasi/ros2_ws/src/install/temp_monitoring/lib/temp_monitoring
[4.544s] writing list of installed files to '/home/paakwasi/ros2_ws/src/build/temp_monitoring/install.log'
[4.608s] Invoked command in '/home/paakwasi/ros2_ws/src/temp_monitoring' returned '0': PYTHONPATH=/home/paakwasi/ros2_ws/src/build/temp_monitoring/prefix_override:/usr/lib/python3/dist-packages/colcon_core/task/python/colcon_distutils_commands:/home/paakwasi/ros2_ws/src/install/temp_monitoring/lib/python3.10/site-packages:${PYTHONPATH} /usr/bin/python3 -W ignore:setup.py install is deprecated -W ignore:easy_install command is deprecated setup.py egg_info --egg-base ../build/temp_monitoring build --build-base /home/paakwasi/ros2_ws/src/build/temp_monitoring/build install --record /home/paakwasi/ros2_ws/src/build/temp_monitoring/install.log --single-version-externally-managed install_data
