[3.869s] Invoking command in '/home/paakwasi/ros2_ws/src/my_robot_controller': PYTHONPATH=/home/paakwasi/ros2_ws/src/build/my_robot_controller/prefix_override:/usr/lib/python3/dist-packages/colcon_core/task/python/colcon_distutils_commands:/home/paakwasi/ros2_ws/src/install/my_robot_controller/lib/python3.10/site-packages:${PYTHONPATH} /usr/bin/python3 -W ignore:setup.py install is deprecated -W ignore:easy_install command is deprecated setup.py egg_info --egg-base ../build/my_robot_controller build --build-base /home/paakwasi/ros2_ws/src/build/my_robot_controller/build install --record /home/paakwasi/ros2_ws/src/build/my_robot_controller/install.log --single-version-externally-managed install_data
[4.680s] running egg_info
[4.682s] writing ../build/my_robot_controller/my_robot_controller.egg-info/PKG-INFO
[4.682s] writing dependency_links to ../build/my_robot_controller/my_robot_controller.egg-info/dependency_links.txt
[4.683s] writing entry points to ../build/my_robot_controller/my_robot_controller.egg-info/entry_points.txt
[4.684s] writing requirements to ../build/my_robot_controller/my_robot_controller.egg-info/requires.txt
[4.684s] writing top-level names to ../build/my_robot_controller/my_robot_controller.egg-info/top_level.txt
[4.687s] reading manifest file '../build/my_robot_controller/my_robot_controller.egg-info/SOURCES.txt'
[4.689s] writing manifest file '../build/my_robot_controller/my_robot_controller.egg-info/SOURCES.txt'
[4.690s] running build
[4.690s] running build_py
[4.691s] running install
[4.692s] running install_lib
[4.699s] running install_data
[4.699s] running install_egg_info
[4.706s] removing '/home/paakwasi/ros2_ws/src/install/my_robot_controller/lib/python3.10/site-packages/my_robot_controller-0.0.0-py3.10.egg-info' (and everything under it)
[4.707s] Copying ../build/my_robot_controller/my_robot_controller.egg-info to /home/paakwasi/ros2_ws/src/install/my_robot_controller/lib/python3.10/site-packages/my_robot_controller-0.0.0-py3.10.egg-info
[4.710s] running install_scripts
[4.781s] Installing circle script to /home/paakwasi/ros2_ws/src/install/my_robot_controller/lib/my_robot_controller
[4.782s] Installing dual_timer script to /home/paakwasi/ros2_ws/src/install/my_robot_controller/lib/my_robot_controller
[4.782s] Installing joy_stick script to /home/paakwasi/ros2_ws/src/install/my_robot_controller/lib/my_robot_controller
[4.783s] Installing light_sensor script to /home/paakwasi/ros2_ws/src/install/my_robot_controller/lib/my_robot_controller
[4.783s] Installing service_client script to /home/paakwasi/ros2_ws/src/install/my_robot_controller/lib/my_robot_controller
[4.783s] Installing smart_light script to /home/paakwasi/ros2_ws/src/install/my_robot_controller/lib/my_robot_controller
[4.783s] Installing test_node script to /home/paakwasi/ros2_ws/src/install/my_robot_controller/lib/my_robot_controller
[4.784s] Installing turtle_control script to /home/paakwasi/ros2_ws/src/install/my_robot_controller/lib/my_robot_controller
[4.784s] Installing turtle_joystick script to /home/paakwasi/ros2_ws/src/install/my_robot_controller/lib/my_robot_controller
[4.784s] Installing turtle_pos script to /home/paakwasi/ros2_ws/src/install/my_robot_controller/lib/my_robot_controller
[4.785s] writing list of installed files to '/home/paakwasi/ros2_ws/src/build/my_robot_controller/install.log'
[4.899s] Invoked command in '/home/paakwasi/ros2_ws/src/my_robot_controller' returned '0': PYTHONPATH=/home/paakwasi/ros2_ws/src/build/my_robot_controller/prefix_override:/usr/lib/python3/dist-packages/colcon_core/task/python/colcon_distutils_commands:/home/paakwasi/ros2_ws/src/install/my_robot_controller/lib/python3.10/site-packages:${PYTHONPATH} /usr/bin/python3 -W ignore:setup.py install is deprecated -W ignore:easy_install command is deprecated setup.py egg_info --egg-base ../build/my_robot_controller build --build-base /home/paakwasi/ros2_ws/src/build/my_robot_controller/build install --record /home/paakwasi/ros2_ws/src/build/my_robot_controller/install.log --single-version-externally-managed install_data
