/home/paakwasi/ros2_ws/install/turtle_robot/lib/python3.10/site-packages/turtle_robot/navigation_service_node.py
/home/paakwasi/ros2_ws/install/turtle_robot/lib/python3.10/site-packages/turtle_robot/status_publisher_node.py
/home/paakwasi/ros2_ws/install/turtle_robot/lib/python3.10/site-packages/turtle_robot/turtle_moving.py
/home/paakwasi/ros2_ws/install/turtle_robot/lib/python3.10/site-packages/turtle_robot/__init__.py
/home/paakwasi/ros2_ws/install/turtle_robot/lib/python3.10/site-packages/turtle_robot/mission_control_node.py
/home/paakwasi/ros2_ws/install/turtle_robot/lib/python3.10/site-packages/turtle_robot/__pycache__/navigation_service_node.cpython-310.pyc
/home/paakwasi/ros2_ws/install/turtle_robot/lib/python3.10/site-packages/turtle_robot/__pycache__/status_publisher_node.cpython-310.pyc
/home/paakwasi/ros2_ws/install/turtle_robot/lib/python3.10/site-packages/turtle_robot/__pycache__/turtle_moving.cpython-310.pyc
/home/paakwasi/ros2_ws/install/turtle_robot/lib/python3.10/site-packages/turtle_robot/__pycache__/__init__.cpython-310.pyc
/home/paakwasi/ros2_ws/install/turtle_robot/lib/python3.10/site-packages/turtle_robot/__pycache__/mission_control_node.cpython-310.pyc
/home/paakwasi/ros2_ws/install/turtle_robot/share/ament_index/resource_index/packages/turtle_robot
/home/paakwasi/ros2_ws/install/turtle_robot/share/turtle_robot/package.xml
/home/paakwasi/ros2_ws/install/turtle_robot/lib/python3.10/site-packages/turtle_robot-0.0.0-py3.10.egg-info/entry_points.txt
/home/paakwasi/ros2_ws/install/turtle_robot/lib/python3.10/site-packages/turtle_robot-0.0.0-py3.10.egg-info/requires.txt
/home/paakwasi/ros2_ws/install/turtle_robot/lib/python3.10/site-packages/turtle_robot-0.0.0-py3.10.egg-info/dependency_links.txt
/home/paakwasi/ros2_ws/install/turtle_robot/lib/python3.10/site-packages/turtle_robot-0.0.0-py3.10.egg-info/zip-safe
/home/paakwasi/ros2_ws/install/turtle_robot/lib/python3.10/site-packages/turtle_robot-0.0.0-py3.10.egg-info/PKG-INFO
/home/paakwasi/ros2_ws/install/turtle_robot/lib/python3.10/site-packages/turtle_robot-0.0.0-py3.10.egg-info/top_level.txt
/home/paakwasi/ros2_ws/install/turtle_robot/lib/python3.10/site-packages/turtle_robot-0.0.0-py3.10.egg-info/SOURCES.txt
/home/paakwasi/ros2_ws/install/turtle_robot/lib/turtle_robot/controller
/home/paakwasi/ros2_ws/install/turtle_robot/lib/turtle_robot/movement
/home/paakwasi/ros2_ws/install/turtle_robot/lib/turtle_robot/service
/home/paakwasi/ros2_ws/install/turtle_robot/lib/turtle_robot/status
