[10.268s] Invoking command in '/home/paakwasi/ros2_ws/src/turtle_robot': PYTHONPATH=/home/paakwasi/ros2_ws/build/turtle_robot/prefix_override:/usr/lib/python3/dist-packages/colcon_core/task/python/colcon_distutils_commands:/home/paakwasi/ros2_ws/install/turtle_robot/lib/python3.10/site-packages:${PYTHONPATH} /usr/bin/python3 -W ignore:setup.py install is deprecated -W ignore:easy_install command is deprecated setup.py egg_info --egg-base ../../build/turtle_robot build --build-base /home/paakwasi/ros2_ws/build/turtle_robot/build install --record /home/paakwasi/ros2_ws/build/turtle_robot/install.log --single-version-externally-managed install_data
[11.557s] running egg_info
[11.557s] writing ../../build/turtle_robot/turtle_robot.egg-info/PKG-INFO
[11.557s] writing dependency_links to ../../build/turtle_robot/turtle_robot.egg-info/dependency_links.txt
[11.557s] writing entry points to ../../build/turtle_robot/turtle_robot.egg-info/entry_points.txt
[11.557s] writing requirements to ../../build/turtle_robot/turtle_robot.egg-info/requires.txt
[11.557s] writing top-level names to ../../build/turtle_robot/turtle_robot.egg-info/top_level.txt
[11.557s] reading manifest file '../../build/turtle_robot/turtle_robot.egg-info/SOURCES.txt'
[11.566s] writing manifest file '../../build/turtle_robot/turtle_robot.egg-info/SOURCES.txt'
[11.614s] running build
[11.615s] running build_py
[11.674s] Sorry: IndentationError: expected an indented block after function definition on line 16 (navigation_service_node.py, line 36)
[11.684s] copying turtle_robot/navigation_service_node.py -> /home/paakwasi/ros2_ws/build/turtle_robot/build/lib/turtle_robot
[11.690s] copying turtle_robot/status_publisher_node.py -> /home/paakwasi/ros2_ws/build/turtle_robot/build/lib/turtle_robot
[11.690s] copying turtle_robot/turtle_moving.py -> /home/paakwasi/ros2_ws/build/turtle_robot/build/lib/turtle_robot
[11.690s] copying turtle_robot/mission_control_node.py -> /home/paakwasi/ros2_ws/build/turtle_robot/build/lib/turtle_robot
[11.690s] running install
[11.690s] running install_lib
[11.690s] copying /home/paakwasi/ros2_ws/build/turtle_robot/build/lib/turtle_robot/navigation_service_node.py -> /home/paakwasi/ros2_ws/install/turtle_robot/lib/python3.10/site-packages/turtle_robot
[11.691s] copying /home/paakwasi/ros2_ws/build/turtle_robot/build/lib/turtle_robot/status_publisher_node.py -> /home/paakwasi/ros2_ws/install/turtle_robot/lib/python3.10/site-packages/turtle_robot
[11.693s] copying /home/paakwasi/ros2_ws/build/turtle_robot/build/lib/turtle_robot/turtle_moving.py -> /home/paakwasi/ros2_ws/install/turtle_robot/lib/python3.10/site-packages/turtle_robot
[11.693s] copying /home/paakwasi/ros2_ws/build/turtle_robot/build/lib/turtle_robot/mission_control_node.py -> /home/paakwasi/ros2_ws/install/turtle_robot/lib/python3.10/site-packages/turtle_robot
[11.693s] byte-compiling /home/paakwasi/ros2_ws/install/turtle_robot/lib/python3.10/site-packages/turtle_robot/navigation_service_node.py to navigation_service_node.cpython-310.pyc
[11.693s] byte-compiling /home/paakwasi/ros2_ws/install/turtle_robot/lib/python3.10/site-packages/turtle_robot/status_publisher_node.py to status_publisher_node.cpython-310.pyc
[11.693s] byte-compiling /home/paakwasi/ros2_ws/install/turtle_robot/lib/python3.10/site-packages/turtle_robot/turtle_moving.py to turtle_moving.cpython-310.pyc
[11.693s] byte-compiling /home/paakwasi/ros2_ws/install/turtle_robot/lib/python3.10/site-packages/turtle_robot/mission_control_node.py to mission_control_node.cpython-310.pyc
[11.693s] running install_data
[11.693s] running install_egg_info
[11.751s] removing '/home/paakwasi/ros2_ws/install/turtle_robot/lib/python3.10/site-packages/turtle_robot-0.0.0-py3.10.egg-info' (and everything under it)
[11.751s] Copying ../../build/turtle_robot/turtle_robot.egg-info to /home/paakwasi/ros2_ws/install/turtle_robot/lib/python3.10/site-packages/turtle_robot-0.0.0-py3.10.egg-info
[11.828s] running install_scripts
[12.142s] writing list of installed files to '/home/paakwasi/ros2_ws/build/turtle_robot/install.log'
[12.799s] Invoked command in '/home/paakwasi/ros2_ws/src/turtle_robot' returned '0': PYTHONPATH=/home/paakwasi/ros2_ws/build/turtle_robot/prefix_override:/usr/lib/python3/dist-packages/colcon_core/task/python/colcon_distutils_commands:/home/paakwasi/ros2_ws/install/turtle_robot/lib/python3.10/site-packages:${PYTHONPATH} /usr/bin/python3 -W ignore:setup.py install is deprecated -W ignore:easy_install command is deprecated setup.py egg_info --egg-base ../../build/turtle_robot build --build-base /home/paakwasi/ros2_ws/build/turtle_robot/build install --record /home/paakwasi/ros2_ws/build/turtle_robot/install.log --single-version-externally-managed install_data
