running egg_info
writing ../../build/number_analyzer/number_analyzer.egg-info/PKG-INFO
writing dependency_links to ../../build/number_analyzer/number_analyzer.egg-info/dependency_links.txt
writing entry points to ../../build/number_analyzer/number_analyzer.egg-info/entry_points.txt
writing requirements to ../../build/number_analyzer/number_analyzer.egg-info/requires.txt
writing top-level names to ../../build/number_analyzer/number_analyzer.egg-info/top_level.txt
reading manifest file '../../build/number_analyzer/number_analyzer.egg-info/SOURCES.txt'
writing manifest file '../../build/number_analyzer/number_analyzer.egg-info/SOURCES.txt'
running build
running build_py
copying number_analyzer/analysis_server_node.py -> /home/paakwasi/ros2_ws/build/number_analyzer/build/lib/number_analyzer
running install
running install_lib
copying /home/paakwasi/ros2_ws/build/number_analyzer/build/lib/number_analyzer/analysis_server_node.py -> /home/paakwasi/ros2_ws/install/number_analyzer/lib/python3.10/site-packages/number_analyzer
byte-compiling /home/paakwasi/ros2_ws/install/number_analyzer/lib/python3.10/site-packages/number_analyzer/analysis_server_node.py to analysis_server_node.cpython-310.pyc
running install_data
running install_egg_info
removing '/home/paakwasi/ros2_ws/install/number_analyzer/lib/python3.10/site-packages/number_analyzer-0.0.0-py3.10.egg-info' (and everything under it)
Copying ../../build/number_analyzer/number_analyzer.egg-info to /home/paakwasi/ros2_ws/install/number_analyzer/lib/python3.10/site-packages/number_analyzer-0.0.0-py3.10.egg-info
running install_scripts
writing list of installed files to '/home/paakwasi/ros2_ws/build/number_analyzer/install.log'
