[6.192s] Invoking command in '/home/paakwasi/ros2_ws/src/number_analyzer': PYTHONPATH=/home/paakwasi/ros2_ws/build/number_analyzer/prefix_override:/usr/lib/python3/dist-packages/colcon_core/task/python/colcon_distutils_commands:/home/paakwasi/ros2_ws/install/number_analyzer/lib/python3.10/site-packages:${PYTHONPATH} /usr/bin/python3 -W ignore:setup.py install is deprecated -W ignore:easy_install command is deprecated setup.py egg_info --egg-base ../../build/number_analyzer build --build-base /home/paakwasi/ros2_ws/build/number_analyzer/build install --record /home/paakwasi/ros2_ws/build/number_analyzer/install.log --single-version-externally-managed install_data
[7.568s] running egg_info
[7.578s] writing ../../build/number_analyzer/number_analyzer.egg-info/PKG-INFO
[7.578s] writing dependency_links to ../../build/number_analyzer/number_analyzer.egg-info/dependency_links.txt
[7.626s] writing entry points to ../../build/number_analyzer/number_analyzer.egg-info/entry_points.txt
[7.626s] writing requirements to ../../build/number_analyzer/number_analyzer.egg-info/requires.txt
[7.641s] writing top-level names to ../../build/number_analyzer/number_analyzer.egg-info/top_level.txt
[7.662s] reading manifest file '../../build/number_analyzer/number_analyzer.egg-info/SOURCES.txt'
[7.666s] writing manifest file '../../build/number_analyzer/number_analyzer.egg-info/SOURCES.txt'
[7.670s] running build
[7.670s] running build_py
[7.698s] copying number_analyzer/analysis_server_node.py -> /home/paakwasi/ros2_ws/build/number_analyzer/build/lib/number_analyzer
[7.698s] running install
[7.710s] running install_lib
[7.728s] copying /home/paakwasi/ros2_ws/build/number_analyzer/build/lib/number_analyzer/analysis_server_node.py -> /home/paakwasi/ros2_ws/install/number_analyzer/lib/python3.10/site-packages/number_analyzer
[7.728s] byte-compiling /home/paakwasi/ros2_ws/install/number_analyzer/lib/python3.10/site-packages/number_analyzer/analysis_server_node.py to analysis_server_node.cpython-310.pyc
[7.728s] running install_data
[7.728s] running install_egg_info
[7.731s] removing '/home/paakwasi/ros2_ws/install/number_analyzer/lib/python3.10/site-packages/number_analyzer-0.0.0-py3.10.egg-info' (and everything under it)
[7.766s] Copying ../../build/number_analyzer/number_analyzer.egg-info to /home/paakwasi/ros2_ws/install/number_analyzer/lib/python3.10/site-packages/number_analyzer-0.0.0-py3.10.egg-info
[7.776s] running install_scripts
[7.907s] writing list of installed files to '/home/paakwasi/ros2_ws/build/number_analyzer/install.log'
[8.286s] Invoked command in '/home/paakwasi/ros2_ws/src/number_analyzer' returned '0': PYTHONPATH=/home/paakwasi/ros2_ws/build/number_analyzer/prefix_override:/usr/lib/python3/dist-packages/colcon_core/task/python/colcon_distutils_commands:/home/paakwasi/ros2_ws/install/number_analyzer/lib/python3.10/site-packages:${PYTHONPATH} /usr/bin/python3 -W ignore:setup.py install is deprecated -W ignore:easy_install command is deprecated setup.py egg_info --egg-base ../../build/number_analyzer build --build-base /home/paakwasi/ros2_ws/build/number_analyzer/build install --record /home/paakwasi/ros2_ws/build/number_analyzer/install.log --single-version-externally-managed install_data
