[3.368s] Invoking command in '/home/paakwasi/ros2_ws/src/turtle_robot': PYTHONPATH=/home/paakwasi/ros2_ws/build/turtle_robot/prefix_override:/usr/lib/python3/dist-packages/colcon_core/task/python/colcon_distutils_commands:/home/paakwasi/ros2_ws/install/turtle_robot/lib/python3.10/site-packages:${PYTHONPATH} /usr/bin/python3 -W ignore:setup.py install is deprecated -W ignore:easy_install command is deprecated setup.py egg_info --egg-base ../../build/turtle_robot build --build-base /home/paakwasi/ros2_ws/build/turtle_robot/build install --record /home/paakwasi/ros2_ws/build/turtle_robot/install.log --single-version-externally-managed install_data
[3.601s] running egg_info
[3.602s] creating ../../build/turtle_robot/turtle_robot.egg-info
[3.603s] writing ../../build/turtle_robot/turtle_robot.egg-info/PKG-INFO
[3.603s] writing dependency_links to ../../build/turtle_robot/turtle_robot.egg-info/dependency_links.txt
[3.603s] writing entry points to ../../build/turtle_robot/turtle_robot.egg-info/entry_points.txt
[3.603s] writing requirements to ../../build/turtle_robot/turtle_robot.egg-info/requires.txt
[3.603s] writing top-level names to ../../build/turtle_robot/turtle_robot.egg-info/top_level.txt
[3.603s] writing manifest file '../../build/turtle_robot/turtle_robot.egg-info/SOURCES.txt'
[3.604s] reading manifest file '../../build/turtle_robot/turtle_robot.egg-info/SOURCES.txt'
[3.605s] writing manifest file '../../build/turtle_robot/turtle_robot.egg-info/SOURCES.txt'
[3.605s] running build
[3.605s] running build_py
[3.606s] creating /home/paakwasi/ros2_ws/build/turtle_robot/build
[3.606s] creating /home/paakwasi/ros2_ws/build/turtle_robot/build/lib
[3.606s] creating /home/paakwasi/ros2_ws/build/turtle_robot/build/lib/turtle_robot
[3.606s] copying turtle_robot/__init__.py -> /home/paakwasi/ros2_ws/build/turtle_robot/build/lib/turtle_robot
[3.606s] running install
[3.606s] running install_lib
[3.606s] creating /home/paakwasi/ros2_ws/install/turtle_robot/lib/python3.10/site-packages/turtle_robot
[3.606s] copying /home/paakwasi/ros2_ws/build/turtle_robot/build/lib/turtle_robot/__init__.py -> /home/paakwasi/ros2_ws/install/turtle_robot/lib/python3.10/site-packages/turtle_robot
[3.607s] byte-compiling /home/paakwasi/ros2_ws/install/turtle_robot/lib/python3.10/site-packages/turtle_robot/__init__.py to __init__.cpython-310.pyc
[3.607s] running install_data
[3.607s] creating /home/paakwasi/ros2_ws/install/turtle_robot/share/ament_index
[3.607s] creating /home/paakwasi/ros2_ws/install/turtle_robot/share/ament_index/resource_index
[3.607s] creating /home/paakwasi/ros2_ws/install/turtle_robot/share/ament_index/resource_index/packages
[3.607s] copying resource/turtle_robot -> /home/paakwasi/ros2_ws/install/turtle_robot/share/ament_index/resource_index/packages
[3.607s] copying package.xml -> /home/paakwasi/ros2_ws/install/turtle_robot/share/turtle_robot
[3.607s] running install_egg_info
[3.609s] Copying ../../build/turtle_robot/turtle_robot.egg-info to /home/paakwasi/ros2_ws/install/turtle_robot/lib/python3.10/site-packages/turtle_robot-0.0.0-py3.10.egg-info
[3.610s] running install_scripts
[3.632s] writing list of installed files to '/home/paakwasi/ros2_ws/build/turtle_robot/install.log'
[3.675s] Invoked command in '/home/paakwasi/ros2_ws/src/turtle_robot' returned '0': PYTHONPATH=/home/paakwasi/ros2_ws/build/turtle_robot/prefix_override:/usr/lib/python3/dist-packages/colcon_core/task/python/colcon_distutils_commands:/home/paakwasi/ros2_ws/install/turtle_robot/lib/python3.10/site-packages:${PYTHONPATH} /usr/bin/python3 -W ignore:setup.py install is deprecated -W ignore:easy_install command is deprecated setup.py egg_info --egg-base ../../build/turtle_robot build --build-base /home/paakwasi/ros2_ws/build/turtle_robot/build install --record /home/paakwasi/ros2_ws/build/turtle_robot/install.log --single-version-externally-managed install_data
