[0.685s] Invoking command in '/home/paakwasi/ros2_ws/src/turtle_robot': CMAKE_PREFIX_PATH=/home/paakwasi/ros2_ws/install/first_custom_interface:/home/paakwasi/ros2_ws/install/firt_custom_interface LD_LIBRARY_PATH=/home/paakwasi/ros2_ws/install/first_custom_interface/lib:/home/paakwasi/ros2_ws/install/firt_custom_interface/lib:/opt/ros/humble/opt/rviz_ogre_vendor/lib:/opt/ros/humble/lib/x86_64-linux-gnu:/opt/ros/humble/lib PYTHONPATH=/home/paakwasi/ros2_ws/build/turtle_robot/prefix_override:/usr/lib/python3/dist-packages/colcon_core/task/python/colcon_distutils_commands:/home/paakwasi/ros2_ws/install/turtle_robot/lib/python3.10/site-packages:${PYTHONPATH} /usr/bin/python3 -W ignore:setup.py install is deprecated -W ignore:easy_install command is deprecated setup.py egg_info --egg-base ../../build/turtle_robot build --build-base /home/paakwasi/ros2_ws/build/turtle_robot/build install --record /home/paakwasi/ros2_ws/build/turtle_robot/install.log --single-version-externally-managed install_data
[0.823s] running egg_info
[0.824s] writing ../../build/turtle_robot/turtle_robot.egg-info/PKG-INFO
[0.824s] writing dependency_links to ../../build/turtle_robot/turtle_robot.egg-info/dependency_links.txt
[0.824s] writing entry points to ../../build/turtle_robot/turtle_robot.egg-info/entry_points.txt
[0.824s] writing requirements to ../../build/turtle_robot/turtle_robot.egg-info/requires.txt
[0.824s] writing top-level names to ../../build/turtle_robot/turtle_robot.egg-info/top_level.txt
[0.825s] reading manifest file '../../build/turtle_robot/turtle_robot.egg-info/SOURCES.txt'
[0.825s] writing manifest file '../../build/turtle_robot/turtle_robot.egg-info/SOURCES.txt'
[0.825s] running build
[0.825s] running build_py
[0.826s] running install
[0.826s] running install_lib
[0.827s] running install_data
[0.827s] running install_egg_info
[0.828s] removing '/home/paakwasi/ros2_ws/install/turtle_robot/lib/python3.10/site-packages/turtle_robot-0.0.0-py3.10.egg-info' (and everything under it)
[0.828s] Copying ../../build/turtle_robot/turtle_robot.egg-info to /home/paakwasi/ros2_ws/install/turtle_robot/lib/python3.10/site-packages/turtle_robot-0.0.0-py3.10.egg-info
[0.828s] running install_scripts
[0.842s] Installing controller script to /home/paakwasi/ros2_ws/install/turtle_robot/lib/turtle_robot
[0.842s] Installing movement script to /home/paakwasi/ros2_ws/install/turtle_robot/lib/turtle_robot
[0.843s] Installing service script to /home/paakwasi/ros2_ws/install/turtle_robot/lib/turtle_robot
[0.843s] Installing status script to /home/paakwasi/ros2_ws/install/turtle_robot/lib/turtle_robot
[0.843s] writing list of installed files to '/home/paakwasi/ros2_ws/build/turtle_robot/install.log'
[0.861s] Invoked command in '/home/paakwasi/ros2_ws/src/turtle_robot' returned '0': CMAKE_PREFIX_PATH=/home/paakwasi/ros2_ws/install/first_custom_interface:/home/paakwasi/ros2_ws/install/firt_custom_interface LD_LIBRARY_PATH=/home/paakwasi/ros2_ws/install/first_custom_interface/lib:/home/paakwasi/ros2_ws/install/firt_custom_interface/lib:/opt/ros/humble/opt/rviz_ogre_vendor/lib:/opt/ros/humble/lib/x86_64-linux-gnu:/opt/ros/humble/lib PYTHONPATH=/home/paakwasi/ros2_ws/build/turtle_robot/prefix_override:/usr/lib/python3/dist-packages/colcon_core/task/python/colcon_distutils_commands:/home/paakwasi/ros2_ws/install/turtle_robot/lib/python3.10/site-packages:${PYTHONPATH} /usr/bin/python3 -W ignore:setup.py install is deprecated -W ignore:easy_install command is deprecated setup.py egg_info --egg-base ../../build/turtle_robot build --build-base /home/paakwasi/ros2_ws/build/turtle_robot/build install --record /home/paakwasi/ros2_ws/build/turtle_robot/install.log --single-version-externally-managed install_data
