[0.058s] DEBUG:colcon:Command line arguments: ['/usr/bin/colcon', 'build', '--packages-select', 'smart_home']
[0.058s] DEBUG:colcon:Parsed command line arguments: Namespace(log_base=None, log_level=None, verb_name='build', build_base='build', install_base='install', merge_install=False, symlink_install=False, test_result_base=None, continue_on_error=False, executor='parallel', parallel_workers=12, event_handlers=None, ignore_user_meta=False, metas=['./colcon.meta'], base_paths=['.'], packages_ignore=None, packages_ignore_regex=None, paths=None, packages_up_to=None, packages_up_to_regex=None, packages_above=None, packages_above_and_dependencies=None, packages_above_depth=None, packages_select_by_dep=None, packages_skip_by_dep=None, packages_skip_up_to=None, packages_select_build_failed=False, packages_skip_build_finished=False, packages_select_test_failures=False, packages_skip_test_passed=False, packages_select=['smart_home'], packages_skip=None, packages_select_regex=None, packages_skip_regex=None, packages_start=None, packages_end=None, allow_overriding=[], cmake_args=None, cmake_target=None, cmake_target_skip_unavailable=False, cmake_clean_cache=False, cmake_clean_first=False, cmake_force_configure=False, ament_cmake_args=None, catkin_cmake_args=None, catkin_skip_building_tests=False, verb_parser=<colcon_defaults.argument_parser.defaults.DefaultArgumentsDecorator object at 0x741cf6f4d090>, verb_extension=<colcon_core.verb.build.BuildVerb object at 0x741cf6f4cb80>, main=<bound method BuildVerb.main of <colcon_core.verb.build.BuildVerb object at 0x741cf6f4cb80>>)
[0.133s] Level 1:colcon.colcon_core.package_discovery:discover_packages(colcon_meta) check parameters
[0.133s] Level 1:colcon.colcon_core.package_discovery:discover_packages(recursive) check parameters
[0.133s] Level 1:colcon.colcon_core.package_discovery:discover_packages(ignore) check parameters
[0.133s] Level 1:colcon.colcon_core.package_discovery:discover_packages(path) check parameters
[0.133s] Level 1:colcon.colcon_core.package_discovery:discover_packages(colcon_meta) discover
[0.133s] Level 1:colcon.colcon_core.package_discovery:discover_packages(recursive) discover
[0.133s] INFO:colcon.colcon_core.package_discovery:Crawling recursively for packages in '/home/paakwasi/ros2_ws/src'
[0.133s] Level 1:colcon.colcon_core.package_identification:_identify(.) by extensions ['ignore', 'ignore_ament_install']
[0.133s] Level 1:colcon.colcon_core.package_identification:_identify(.) by extension 'ignore'
[0.133s] Level 1:colcon.colcon_core.package_identification:_identify(.) by extension 'ignore_ament_install'
[0.133s] Level 1:colcon.colcon_core.package_identification:_identify(.) by extensions ['colcon_pkg']
[0.133s] Level 1:colcon.colcon_core.package_identification:_identify(.) by extension 'colcon_pkg'
[0.133s] Level 1:colcon.colcon_core.package_identification:_identify(.) by extensions ['colcon_meta']
[0.133s] Level 1:colcon.colcon_core.package_identification:_identify(.) by extension 'colcon_meta'
[0.133s] Level 1:colcon.colcon_core.package_identification:_identify(.) by extensions ['ros']
[0.133s] Level 1:colcon.colcon_core.package_identification:_identify(.) by extension 'ros'
[0.140s] Level 1:colcon.colcon_core.package_identification:_identify(.) by extensions ['cmake', 'python']
[0.140s] Level 1:colcon.colcon_core.package_identification:_identify(.) by extension 'cmake'
[0.140s] Level 1:colcon.colcon_core.package_identification:_identify(.) by extension 'python'
[0.140s] Level 1:colcon.colcon_core.package_identification:_identify(.) by extensions ['python_setup_py']
[0.140s] Level 1:colcon.colcon_core.package_identification:_identify(.) by extension 'python_setup_py'
[0.140s] Level 1:colcon.colcon_core.package_identification:_identify(build) by extensions ['ignore', 'ignore_ament_install']
[0.140s] Level 1:colcon.colcon_core.package_identification:_identify(build) by extension 'ignore'
[0.140s] Level 1:colcon.colcon_core.package_identification:_identify(build) ignored
[0.140s] Level 1:colcon.colcon_core.package_identification:_identify(first_custom_interface) by extensions ['ignore', 'ignore_ament_install']
[0.140s] Level 1:colcon.colcon_core.package_identification:_identify(first_custom_interface) by extension 'ignore'
[0.140s] Level 1:colcon.colcon_core.package_identification:_identify(first_custom_interface) by extension 'ignore_ament_install'
[0.140s] Level 1:colcon.colcon_core.package_identification:_identify(first_custom_interface) by extensions ['colcon_pkg']
[0.141s] Level 1:colcon.colcon_core.package_identification:_identify(first_custom_interface) by extension 'colcon_pkg'
[0.141s] Level 1:colcon.colcon_core.package_identification:_identify(first_custom_interface) by extensions ['colcon_meta']
[0.141s] Level 1:colcon.colcon_core.package_identification:_identify(first_custom_interface) by extension 'colcon_meta'
[0.141s] Level 1:colcon.colcon_core.package_identification:_identify(first_custom_interface) by extensions ['ros']
[0.141s] Level 1:colcon.colcon_core.package_identification:_identify(first_custom_interface) by extension 'ros'
[0.142s] DEBUG:colcon.colcon_core.package_identification:Package 'first_custom_interface' with type 'ros.ament_cmake' and name 'first_custom_interface'
[0.142s] Level 1:colcon.colcon_core.package_identification:_identify(install) by extensions ['ignore', 'ignore_ament_install']
[0.142s] Level 1:colcon.colcon_core.package_identification:_identify(install) by extension 'ignore'
[0.142s] Level 1:colcon.colcon_core.package_identification:_identify(install) ignored
[0.142s] Level 1:colcon.colcon_core.package_identification:_identify(log) by extensions ['ignore', 'ignore_ament_install']
[0.142s] Level 1:colcon.colcon_core.package_identification:_identify(log) by extension 'ignore'
[0.142s] Level 1:colcon.colcon_core.package_identification:_identify(log) ignored
[0.142s] Level 1:colcon.colcon_core.package_identification:_identify(my_robot_controller) by extensions ['ignore', 'ignore_ament_install']
[0.142s] Level 1:colcon.colcon_core.package_identification:_identify(my_robot_controller) by extension 'ignore'
[0.142s] Level 1:colcon.colcon_core.package_identification:_identify(my_robot_controller) by extension 'ignore_ament_install'
[0.142s] Level 1:colcon.colcon_core.package_identification:_identify(my_robot_controller) by extensions ['colcon_pkg']
[0.142s] Level 1:colcon.colcon_core.package_identification:_identify(my_robot_controller) by extension 'colcon_pkg'
[0.142s] Level 1:colcon.colcon_core.package_identification:_identify(my_robot_controller) by extensions ['colcon_meta']
[0.142s] Level 1:colcon.colcon_core.package_identification:_identify(my_robot_controller) by extension 'colcon_meta'
[0.142s] Level 1:colcon.colcon_core.package_identification:_identify(my_robot_controller) by extensions ['ros']
[0.142s] Level 1:colcon.colcon_core.package_identification:_identify(my_robot_controller) by extension 'ros'
[0.143s] DEBUG:colcon.colcon_core.package_identification:Package 'my_robot_controller' with type 'ros.ament_python' and name 'my_robot_controller'
[0.143s] Level 1:colcon.colcon_core.package_identification:_identify(number_analyzer) by extensions ['ignore', 'ignore_ament_install']
[0.143s] Level 1:colcon.colcon_core.package_identification:_identify(number_analyzer) by extension 'ignore'
[0.143s] Level 1:colcon.colcon_core.package_identification:_identify(number_analyzer) by extension 'ignore_ament_install'
[0.143s] Level 1:colcon.colcon_core.package_identification:_identify(number_analyzer) by extensions ['colcon_pkg']
[0.143s] Level 1:colcon.colcon_core.package_identification:_identify(number_analyzer) by extension 'colcon_pkg'
[0.143s] Level 1:colcon.colcon_core.package_identification:_identify(number_analyzer) by extensions ['colcon_meta']
[0.143s] Level 1:colcon.colcon_core.package_identification:_identify(number_analyzer) by extension 'colcon_meta'
[0.143s] Level 1:colcon.colcon_core.package_identification:_identify(number_analyzer) by extensions ['ros']
[0.143s] Level 1:colcon.colcon_core.package_identification:_identify(number_analyzer) by extension 'ros'
[0.144s] DEBUG:colcon.colcon_core.package_identification:Package 'number_analyzer' with type 'ros.ament_python' and name 'number_analyzer'
[0.144s] Level 1:colcon.colcon_core.package_identification:_identify(smart_home) by extensions ['ignore', 'ignore_ament_install']
[0.144s] Level 1:colcon.colcon_core.package_identification:_identify(smart_home) by extension 'ignore'
[0.144s] Level 1:colcon.colcon_core.package_identification:_identify(smart_home) by extension 'ignore_ament_install'
[0.144s] Level 1:colcon.colcon_core.package_identification:_identify(smart_home) by extensions ['colcon_pkg']
[0.144s] Level 1:colcon.colcon_core.package_identification:_identify(smart_home) by extension 'colcon_pkg'
[0.144s] Level 1:colcon.colcon_core.package_identification:_identify(smart_home) by extensions ['colcon_meta']
[0.144s] Level 1:colcon.colcon_core.package_identification:_identify(smart_home) by extension 'colcon_meta'
[0.144s] Level 1:colcon.colcon_core.package_identification:_identify(smart_home) by extensions ['ros']
[0.144s] Level 1:colcon.colcon_core.package_identification:_identify(smart_home) by extension 'ros'
[0.144s] DEBUG:colcon.colcon_core.package_identification:Package 'smart_home' with type 'ros.ament_python' and name 'smart_home'
[0.144s] Level 1:colcon.colcon_core.package_identification:_identify(temp_monitoring) by extensions ['ignore', 'ignore_ament_install']
[0.144s] Level 1:colcon.colcon_core.package_identification:_identify(temp_monitoring) by extension 'ignore'
[0.144s] Level 1:colcon.colcon_core.package_identification:_identify(temp_monitoring) by extension 'ignore_ament_install'
[0.144s] Level 1:colcon.colcon_core.package_identification:_identify(temp_monitoring) by extensions ['colcon_pkg']
[0.144s] Level 1:colcon.colcon_core.package_identification:_identify(temp_monitoring) by extension 'colcon_pkg'
[0.144s] Level 1:colcon.colcon_core.package_identification:_identify(temp_monitoring) by extensions ['colcon_meta']
[0.144s] Level 1:colcon.colcon_core.package_identification:_identify(temp_monitoring) by extension 'colcon_meta'
[0.144s] Level 1:colcon.colcon_core.package_identification:_identify(temp_monitoring) by extensions ['ros']
[0.144s] Level 1:colcon.colcon_core.package_identification:_identify(temp_monitoring) by extension 'ros'
[0.145s] DEBUG:colcon.colcon_core.package_identification:Package 'temp_monitoring' with type 'ros.ament_python' and name 'temp_monitoring'
[0.145s] Level 1:colcon.colcon_core.package_identification:_identify(temp_sensor) by extensions ['ignore', 'ignore_ament_install']
[0.145s] Level 1:colcon.colcon_core.package_identification:_identify(temp_sensor) by extension 'ignore'
[0.145s] Level 1:colcon.colcon_core.package_identification:_identify(temp_sensor) by extension 'ignore_ament_install'
[0.145s] Level 1:colcon.colcon_core.package_identification:_identify(temp_sensor) by extensions ['colcon_pkg']
[0.145s] Level 1:colcon.colcon_core.package_identification:_identify(temp_sensor) by extension 'colcon_pkg'
[0.145s] Level 1:colcon.colcon_core.package_identification:_identify(temp_sensor) by extensions ['colcon_meta']
[0.145s] Level 1:colcon.colcon_core.package_identification:_identify(temp_sensor) by extension 'colcon_meta'
[0.145s] Level 1:colcon.colcon_core.package_identification:_identify(temp_sensor) by extensions ['ros']
[0.145s] Level 1:colcon.colcon_core.package_identification:_identify(temp_sensor) by extension 'ros'
[0.145s] DEBUG:colcon.colcon_core.package_identification:Package 'temp_sensor' with type 'ros.ament_python' and name 'temp_sensor'
[0.145s] Level 1:colcon.colcon_core.package_identification:_identify(turtle_robot) by extensions ['ignore', 'ignore_ament_install']
[0.145s] Level 1:colcon.colcon_core.package_identification:_identify(turtle_robot) by extension 'ignore'
[0.145s] Level 1:colcon.colcon_core.package_identification:_identify(turtle_robot) by extension 'ignore_ament_install'
[0.145s] Level 1:colcon.colcon_core.package_identification:_identify(turtle_robot) by extensions ['colcon_pkg']
[0.145s] Level 1:colcon.colcon_core.package_identification:_identify(turtle_robot) by extension 'colcon_pkg'
[0.145s] Level 1:colcon.colcon_core.package_identification:_identify(turtle_robot) by extensions ['colcon_meta']
[0.145s] Level 1:colcon.colcon_core.package_identification:_identify(turtle_robot) by extension 'colcon_meta'
[0.145s] Level 1:colcon.colcon_core.package_identification:_identify(turtle_robot) by extensions ['ros']
[0.145s] Level 1:colcon.colcon_core.package_identification:_identify(turtle_robot) by extension 'ros'
[0.146s] DEBUG:colcon.colcon_core.package_identification:Package 'turtle_robot' with type 'ros.ament_python' and name 'turtle_robot'
[0.146s] Level 1:colcon.colcon_core.package_discovery:discover_packages(recursive) using defaults
[0.146s] Level 1:colcon.colcon_core.package_discovery:discover_packages(ignore) discover
[0.146s] Level 1:colcon.colcon_core.package_discovery:discover_packages(ignore) using defaults
[0.146s] Level 1:colcon.colcon_core.package_discovery:discover_packages(path) discover
[0.146s] Level 1:colcon.colcon_core.package_discovery:discover_packages(path) using defaults
[0.158s] INFO:colcon.colcon_core.package_selection:Skipping not selected package 'first_custom_interface' in 'first_custom_interface'
[0.158s] INFO:colcon.colcon_core.package_selection:Skipping not selected package 'my_robot_controller' in 'my_robot_controller'
[0.158s] INFO:colcon.colcon_core.package_selection:Skipping not selected package 'temp_monitoring' in 'temp_monitoring'
[0.158s] INFO:colcon.colcon_core.package_selection:Skipping not selected package 'temp_sensor' in 'temp_sensor'
[0.158s] INFO:colcon.colcon_core.package_selection:Skipping not selected package 'number_analyzer' in 'number_analyzer'
[0.158s] INFO:colcon.colcon_core.package_selection:Skipping not selected package 'turtle_robot' in 'turtle_robot'
[0.158s] Level 1:colcon.colcon_core.package_discovery:discover_packages(prefix_path) check parameters
[0.158s] Level 1:colcon.colcon_core.package_discovery:discover_packages(prefix_path) discover
[0.159s] DEBUG:colcon.colcon_installed_package_information.package_discovery:Found 7 installed packages in /home/paakwasi/ros2_ws/install
[0.159s] DEBUG:colcon.colcon_installed_package_information.package_discovery:Found 271 installed packages in /opt/ros/humble
[0.165s] Level 1:colcon.colcon_core.package_discovery:discover_packages(prefix_path) using defaults
[0.182s] Level 5:colcon.colcon_core.verb:set package 'smart_home' build argument 'cmake_args' from command line to 'None'
[0.182s] Level 5:colcon.colcon_core.verb:set package 'smart_home' build argument 'cmake_target' from command line to 'None'
[0.182s] Level 5:colcon.colcon_core.verb:set package 'smart_home' build argument 'cmake_target_skip_unavailable' from command line to 'False'
[0.182s] Level 5:colcon.colcon_core.verb:set package 'smart_home' build argument 'cmake_clean_cache' from command line to 'False'
[0.183s] Level 5:colcon.colcon_core.verb:set package 'smart_home' build argument 'cmake_clean_first' from command line to 'False'
[0.183s] Level 5:colcon.colcon_core.verb:set package 'smart_home' build argument 'cmake_force_configure' from command line to 'False'
[0.183s] Level 5:colcon.colcon_core.verb:set package 'smart_home' build argument 'ament_cmake_args' from command line to 'None'
[0.183s] Level 5:colcon.colcon_core.verb:set package 'smart_home' build argument 'catkin_cmake_args' from command line to 'None'
[0.183s] Level 5:colcon.colcon_core.verb:set package 'smart_home' build argument 'catkin_skip_building_tests' from command line to 'False'
[0.183s] DEBUG:colcon.colcon_core.verb:Building package 'smart_home' with the following arguments: {'ament_cmake_args': None, 'build_base': '/home/paakwasi/ros2_ws/src/build/smart_home', 'catkin_cmake_args': None, 'catkin_skip_building_tests': False, 'cmake_args': None, 'cmake_clean_cache': False, 'cmake_clean_first': False, 'cmake_force_configure': False, 'cmake_target': None, 'cmake_target_skip_unavailable': False, 'install_base': '/home/paakwasi/ros2_ws/src/install/smart_home', 'merge_install': False, 'path': '/home/paakwasi/ros2_ws/src/smart_home', 'symlink_install': False, 'test_result_base': None}
[0.183s] INFO:colcon.colcon_core.executor:Executing jobs using 'parallel' executor
[0.183s] DEBUG:colcon.colcon_parallel_executor.executor.parallel:run_until_complete
[0.183s] INFO:colcon.colcon_ros.task.ament_python.build:Building ROS package in '/home/paakwasi/ros2_ws/src/smart_home' with build type 'ament_python'
[0.183s] Level 1:colcon.colcon_core.shell:create_environment_hook('smart_home', 'ament_prefix_path')
[0.185s] INFO:colcon.colcon_core.plugin_system:Skipping extension 'colcon_core.shell.bat': Not used on non-Windows systems
[0.185s] INFO:colcon.colcon_core.shell:Creating environment hook '/home/paakwasi/ros2_ws/src/install/smart_home/share/smart_home/hook/ament_prefix_path.ps1'
[0.185s] INFO:colcon.colcon_core.shell:Creating environment descriptor '/home/paakwasi/ros2_ws/src/install/smart_home/share/smart_home/hook/ament_prefix_path.dsv'
[0.185s] INFO:colcon.colcon_core.shell:Creating environment hook '/home/paakwasi/ros2_ws/src/install/smart_home/share/smart_home/hook/ament_prefix_path.sh'
[0.186s] INFO:colcon.colcon_core.shell:Skip shell extension 'powershell' for command environment: Not usable outside of PowerShell
[0.186s] DEBUG:colcon.colcon_core.shell:Skip shell extension 'dsv' for command environment
[0.330s] INFO:colcon.colcon_core.task.python.build:Building Python package in '/home/paakwasi/ros2_ws/src/smart_home'
[0.330s] INFO:colcon.colcon_core.shell:Skip shell extension 'powershell' for command environment: Not usable outside of PowerShell
[0.330s] DEBUG:colcon.colcon_core.shell:Skip shell extension 'dsv' for command environment
[0.501s] DEBUG:colcon.colcon_core.event_handler.log_command:Invoking command in '/home/paakwasi/ros2_ws/src/smart_home': PYTHONPATH=/home/paakwasi/ros2_ws/src/build/smart_home/prefix_override:/usr/lib/python3/dist-packages/colcon_core/task/python/colcon_distutils_commands:/home/paakwasi/ros2_ws/src/install/smart_home/lib/python3.10/site-packages:${PYTHONPATH} /usr/bin/python3 -W ignore:setup.py install is deprecated -W ignore:easy_install command is deprecated setup.py egg_info --egg-base ../build/smart_home build --build-base /home/paakwasi/ros2_ws/src/build/smart_home/build install --record /home/paakwasi/ros2_ws/src/build/smart_home/install.log --single-version-externally-managed install_data
[0.655s] DEBUG:colcon.colcon_core.event_handler.log_command:Invoked command in '/home/paakwasi/ros2_ws/src/smart_home' returned '0': PYTHONPATH=/home/paakwasi/ros2_ws/src/build/smart_home/prefix_override:/usr/lib/python3/dist-packages/colcon_core/task/python/colcon_distutils_commands:/home/paakwasi/ros2_ws/src/install/smart_home/lib/python3.10/site-packages:${PYTHONPATH} /usr/bin/python3 -W ignore:setup.py install is deprecated -W ignore:easy_install command is deprecated setup.py egg_info --egg-base ../build/smart_home build --build-base /home/paakwasi/ros2_ws/src/build/smart_home/build install --record /home/paakwasi/ros2_ws/src/build/smart_home/install.log --single-version-externally-managed install_data
[0.657s] Level 1:colcon.colcon_core.environment:checking '/home/paakwasi/ros2_ws/src/install/smart_home' for CMake module files
[0.657s] Level 1:colcon.colcon_core.environment:checking '/home/paakwasi/ros2_ws/src/install/smart_home' for CMake config files
[0.657s] Level 1:colcon.colcon_core.environment:checking '/home/paakwasi/ros2_ws/src/install/smart_home/lib'
[0.657s] Level 1:colcon.colcon_core.environment:checking '/home/paakwasi/ros2_ws/src/install/smart_home/bin'
[0.657s] Level 1:colcon.colcon_core.environment:checking '/home/paakwasi/ros2_ws/src/install/smart_home/lib/pkgconfig/smart_home.pc'
[0.657s] Level 1:colcon.colcon_core.environment:checking '/home/paakwasi/ros2_ws/src/install/smart_home/lib/python3.10/site-packages'
[0.658s] Level 1:colcon.colcon_core.shell:create_environment_hook('smart_home', 'pythonpath')
[0.658s] INFO:colcon.colcon_core.shell:Creating environment hook '/home/paakwasi/ros2_ws/src/install/smart_home/share/smart_home/hook/pythonpath.ps1'
[0.658s] INFO:colcon.colcon_core.shell:Creating environment descriptor '/home/paakwasi/ros2_ws/src/install/smart_home/share/smart_home/hook/pythonpath.dsv'
[0.658s] INFO:colcon.colcon_core.shell:Creating environment hook '/home/paakwasi/ros2_ws/src/install/smart_home/share/smart_home/hook/pythonpath.sh'
[0.658s] Level 1:colcon.colcon_core.environment:checking '/home/paakwasi/ros2_ws/src/install/smart_home/bin'
[0.658s] Level 1:colcon.colcon_core.environment:create_environment_scripts_only(smart_home)
[0.659s] INFO:colcon.colcon_core.shell:Creating package script '/home/paakwasi/ros2_ws/src/install/smart_home/share/smart_home/package.ps1'
[0.659s] INFO:colcon.colcon_core.shell:Creating package descriptor '/home/paakwasi/ros2_ws/src/install/smart_home/share/smart_home/package.dsv'
[0.659s] INFO:colcon.colcon_core.shell:Creating package script '/home/paakwasi/ros2_ws/src/install/smart_home/share/smart_home/package.sh'
[0.659s] INFO:colcon.colcon_core.shell:Creating package script '/home/paakwasi/ros2_ws/src/install/smart_home/share/smart_home/package.bash'
[0.660s] INFO:colcon.colcon_core.shell:Creating package script '/home/paakwasi/ros2_ws/src/install/smart_home/share/smart_home/package.zsh'
[0.660s] Level 1:colcon.colcon_core.environment:create_file_with_runtime_dependencies(/home/paakwasi/ros2_ws/src/install/smart_home/share/colcon-core/packages/smart_home)
[0.660s] DEBUG:colcon.colcon_parallel_executor.executor.parallel:closing loop
[0.661s] DEBUG:colcon.colcon_parallel_executor.executor.parallel:loop closed
[0.661s] DEBUG:colcon.colcon_parallel_executor.executor.parallel:run_until_complete finished with '0'
[0.661s] DEBUG:colcon.colcon_core.event_reactor:joining thread
[0.666s] INFO:colcon.colcon_core.plugin_system:Skipping extension 'colcon_notification.desktop_notification.terminal_notifier': Not used on non-Darwin systems
[0.666s] INFO:colcon.colcon_core.plugin_system:Skipping extension 'colcon_notification.desktop_notification.win32': Not used on non-Windows systems
[0.666s] INFO:colcon.colcon_notification.desktop_notification:Sending desktop notification using 'notify2'
[0.677s] DEBUG:colcon.colcon_core.event_reactor:joined thread
[0.677s] INFO:colcon.colcon_core.shell:Creating prefix script '/home/paakwasi/ros2_ws/src/install/local_setup.ps1'
[0.678s] INFO:colcon.colcon_core.shell:Creating prefix util module '/home/paakwasi/ros2_ws/src/install/_local_setup_util_ps1.py'
[0.679s] INFO:colcon.colcon_core.shell:Creating prefix chain script '/home/paakwasi/ros2_ws/src/install/setup.ps1'
[0.680s] INFO:colcon.colcon_core.shell:Creating prefix script '/home/paakwasi/ros2_ws/src/install/local_setup.sh'
[0.680s] INFO:colcon.colcon_core.shell:Creating prefix util module '/home/paakwasi/ros2_ws/src/install/_local_setup_util_sh.py'
[0.680s] INFO:colcon.colcon_core.shell:Creating prefix chain script '/home/paakwasi/ros2_ws/src/install/setup.sh'
[0.681s] INFO:colcon.colcon_core.shell:Creating prefix script '/home/paakwasi/ros2_ws/src/install/local_setup.bash'
[0.681s] INFO:colcon.colcon_core.shell:Creating prefix chain script '/home/paakwasi/ros2_ws/src/install/setup.bash'
[0.682s] INFO:colcon.colcon_core.shell:Creating prefix script '/home/paakwasi/ros2_ws/src/install/local_setup.zsh'
[0.682s] INFO:colcon.colcon_core.shell:Creating prefix chain script '/home/paakwasi/ros2_ws/src/install/setup.zsh'
