[0.058s] DEBUG:colcon:Command line arguments: ['/usr/bin/colcon', 'build']
[0.058s] DEBUG:colcon:Parsed command line arguments: Namespace(log_base=None, log_level=None, verb_name='build', build_base='build', install_base='install', merge_install=False, symlink_install=False, test_result_base=None, continue_on_error=False, executor='parallel', parallel_workers=12, event_handlers=None, ignore_user_meta=False, metas=['./colcon.meta'], base_paths=['.'], packages_ignore=None, packages_ignore_regex=None, paths=None, packages_up_to=None, packages_up_to_regex=None, packages_above=None, packages_above_and_dependencies=None, packages_above_depth=None, packages_select_by_dep=None, packages_skip_by_dep=None, packages_skip_up_to=None, packages_select_build_failed=False, packages_skip_build_finished=False, packages_select_test_failures=False, packages_skip_test_passed=False, packages_select=None, packages_skip=None, packages_select_regex=None, packages_skip_regex=None, packages_start=None, packages_end=None, allow_overriding=[], cmake_args=None, cmake_target=None, cmake_target_skip_unavailable=False, cmake_clean_cache=False, cmake_clean_first=False, cmake_force_configure=False, ament_cmake_args=None, catkin_cmake_args=None, catkin_skip_building_tests=False, verb_parser=<colcon_defaults.argument_parser.defaults.DefaultArgumentsDecorator object at 0x779390c15030>, verb_extension=<colcon_core.verb.build.BuildVerb object at 0x779390c14b20>, main=<bound method BuildVerb.main of <colcon_core.verb.build.BuildVerb object at 0x779390c14b20>>)
[0.137s] Level 1:colcon.colcon_core.package_discovery:discover_packages(colcon_meta) check parameters
[0.138s] Level 1:colcon.colcon_core.package_discovery:discover_packages(recursive) check parameters
[0.138s] Level 1:colcon.colcon_core.package_discovery:discover_packages(ignore) check parameters
[0.138s] Level 1:colcon.colcon_core.package_discovery:discover_packages(path) check parameters
[0.138s] Level 1:colcon.colcon_core.package_discovery:discover_packages(colcon_meta) discover
[0.138s] Level 1:colcon.colcon_core.package_discovery:discover_packages(recursive) discover
[0.138s] INFO:colcon.colcon_core.package_discovery:Crawling recursively for packages in '/home/paakwasi/ros2_ws'
[0.138s] Level 1:colcon.colcon_core.package_identification:_identify(.) by extensions ['ignore', 'ignore_ament_install']
[0.138s] Level 1:colcon.colcon_core.package_identification:_identify(.) by extension 'ignore'
[0.138s] Level 1:colcon.colcon_core.package_identification:_identify(.) by extension 'ignore_ament_install'
[0.138s] Level 1:colcon.colcon_core.package_identification:_identify(.) by extensions ['colcon_pkg']
[0.138s] Level 1:colcon.colcon_core.package_identification:_identify(.) by extension 'colcon_pkg'
[0.138s] Level 1:colcon.colcon_core.package_identification:_identify(.) by extensions ['colcon_meta']
[0.138s] Level 1:colcon.colcon_core.package_identification:_identify(.) by extension 'colcon_meta'
[0.138s] Level 1:colcon.colcon_core.package_identification:_identify(.) by extensions ['ros']
[0.138s] Level 1:colcon.colcon_core.package_identification:_identify(.) by extension 'ros'
[0.149s] Level 1:colcon.colcon_core.package_identification:_identify(.) by extensions ['cmake', 'python']
[0.149s] Level 1:colcon.colcon_core.package_identification:_identify(.) by extension 'cmake'
[0.149s] Level 1:colcon.colcon_core.package_identification:_identify(.) by extension 'python'
[0.149s] Level 1:colcon.colcon_core.package_identification:_identify(.) by extensions ['python_setup_py']
[0.149s] Level 1:colcon.colcon_core.package_identification:_identify(.) by extension 'python_setup_py'
[0.149s] Level 1:colcon.colcon_core.package_identification:_identify(build) by extensions ['ignore', 'ignore_ament_install']
[0.149s] Level 1:colcon.colcon_core.package_identification:_identify(build) by extension 'ignore'
[0.149s] Level 1:colcon.colcon_core.package_identification:_identify(build) ignored
[0.149s] Level 1:colcon.colcon_core.package_identification:_identify(install) by extensions ['ignore', 'ignore_ament_install']
[0.150s] Level 1:colcon.colcon_core.package_identification:_identify(install) by extension 'ignore'
[0.150s] Level 1:colcon.colcon_core.package_identification:_identify(install) ignored
[0.150s] Level 1:colcon.colcon_core.package_identification:_identify(log) by extensions ['ignore', 'ignore_ament_install']
[0.150s] Level 1:colcon.colcon_core.package_identification:_identify(log) by extension 'ignore'
[0.150s] Level 1:colcon.colcon_core.package_identification:_identify(log) ignored
[0.150s] Level 1:colcon.colcon_core.package_identification:_identify(src) by extensions ['ignore', 'ignore_ament_install']
[0.150s] Level 1:colcon.colcon_core.package_identification:_identify(src) by extension 'ignore'
[0.150s] Level 1:colcon.colcon_core.package_identification:_identify(src) by extension 'ignore_ament_install'
[0.150s] Level 1:colcon.colcon_core.package_identification:_identify(src) by extensions ['colcon_pkg']
[0.150s] Level 1:colcon.colcon_core.package_identification:_identify(src) by extension 'colcon_pkg'
[0.150s] Level 1:colcon.colcon_core.package_identification:_identify(src) by extensions ['colcon_meta']
[0.150s] Level 1:colcon.colcon_core.package_identification:_identify(src) by extension 'colcon_meta'
[0.150s] Level 1:colcon.colcon_core.package_identification:_identify(src) by extensions ['ros']
[0.150s] Level 1:colcon.colcon_core.package_identification:_identify(src) by extension 'ros'
[0.150s] Level 1:colcon.colcon_core.package_identification:_identify(src) by extensions ['cmake', 'python']
[0.150s] Level 1:colcon.colcon_core.package_identification:_identify(src) by extension 'cmake'
[0.150s] Level 1:colcon.colcon_core.package_identification:_identify(src) by extension 'python'
[0.150s] Level 1:colcon.colcon_core.package_identification:_identify(src) by extensions ['python_setup_py']
[0.150s] Level 1:colcon.colcon_core.package_identification:_identify(src) by extension 'python_setup_py'
[0.150s] Level 1:colcon.colcon_core.package_identification:_identify(src/first_custom_interface) by extensions ['ignore', 'ignore_ament_install']
[0.150s] Level 1:colcon.colcon_core.package_identification:_identify(src/first_custom_interface) by extension 'ignore'
[0.150s] Level 1:colcon.colcon_core.package_identification:_identify(src/first_custom_interface) by extension 'ignore_ament_install'
[0.150s] Level 1:colcon.colcon_core.package_identification:_identify(src/first_custom_interface) by extensions ['colcon_pkg']
[0.150s] Level 1:colcon.colcon_core.package_identification:_identify(src/first_custom_interface) by extension 'colcon_pkg'
[0.150s] Level 1:colcon.colcon_core.package_identification:_identify(src/first_custom_interface) by extensions ['colcon_meta']
[0.150s] Level 1:colcon.colcon_core.package_identification:_identify(src/first_custom_interface) by extension 'colcon_meta'
[0.150s] Level 1:colcon.colcon_core.package_identification:_identify(src/first_custom_interface) by extensions ['ros']
[0.150s] Level 1:colcon.colcon_core.package_identification:_identify(src/first_custom_interface) by extension 'ros'
[0.152s] DEBUG:colcon.colcon_core.package_identification:Package 'src/first_custom_interface' with type 'ros.ament_cmake' and name 'first_custom_interface'
[0.152s] Level 1:colcon.colcon_core.package_identification:_identify(src/my_robot_controller) by extensions ['ignore', 'ignore_ament_install']
[0.152s] Level 1:colcon.colcon_core.package_identification:_identify(src/my_robot_controller) by extension 'ignore'
[0.152s] Level 1:colcon.colcon_core.package_identification:_identify(src/my_robot_controller) by extension 'ignore_ament_install'
[0.152s] Level 1:colcon.colcon_core.package_identification:_identify(src/my_robot_controller) by extensions ['colcon_pkg']
[0.152s] Level 1:colcon.colcon_core.package_identification:_identify(src/my_robot_controller) by extension 'colcon_pkg'
[0.152s] Level 1:colcon.colcon_core.package_identification:_identify(src/my_robot_controller) by extensions ['colcon_meta']
[0.152s] Level 1:colcon.colcon_core.package_identification:_identify(src/my_robot_controller) by extension 'colcon_meta'
[0.152s] Level 1:colcon.colcon_core.package_identification:_identify(src/my_robot_controller) by extensions ['ros']
[0.152s] Level 1:colcon.colcon_core.package_identification:_identify(src/my_robot_controller) by extension 'ros'
[0.153s] DEBUG:colcon.colcon_core.package_identification:Package 'src/my_robot_controller' with type 'ros.ament_python' and name 'my_robot_controller'
[0.153s] Level 1:colcon.colcon_core.package_identification:_identify(src/number_analyzer) by extensions ['ignore', 'ignore_ament_install']
[0.153s] Level 1:colcon.colcon_core.package_identification:_identify(src/number_analyzer) by extension 'ignore'
[0.153s] Level 1:colcon.colcon_core.package_identification:_identify(src/number_analyzer) by extension 'ignore_ament_install'
[0.153s] Level 1:colcon.colcon_core.package_identification:_identify(src/number_analyzer) by extensions ['colcon_pkg']
[0.153s] Level 1:colcon.colcon_core.package_identification:_identify(src/number_analyzer) by extension 'colcon_pkg'
[0.153s] Level 1:colcon.colcon_core.package_identification:_identify(src/number_analyzer) by extensions ['colcon_meta']
[0.153s] Level 1:colcon.colcon_core.package_identification:_identify(src/number_analyzer) by extension 'colcon_meta'
[0.153s] Level 1:colcon.colcon_core.package_identification:_identify(src/number_analyzer) by extensions ['ros']
[0.153s] Level 1:colcon.colcon_core.package_identification:_identify(src/number_analyzer) by extension 'ros'
[0.153s] DEBUG:colcon.colcon_core.package_identification:Package 'src/number_analyzer' with type 'ros.ament_python' and name 'number_analyzer'
[0.153s] Level 1:colcon.colcon_core.package_identification:_identify(src/temp_monitoring) by extensions ['ignore', 'ignore_ament_install']
[0.153s] Level 1:colcon.colcon_core.package_identification:_identify(src/temp_monitoring) by extension 'ignore'
[0.153s] Level 1:colcon.colcon_core.package_identification:_identify(src/temp_monitoring) by extension 'ignore_ament_install'
[0.153s] Level 1:colcon.colcon_core.package_identification:_identify(src/temp_monitoring) by extensions ['colcon_pkg']
[0.153s] Level 1:colcon.colcon_core.package_identification:_identify(src/temp_monitoring) by extension 'colcon_pkg'
[0.153s] Level 1:colcon.colcon_core.package_identification:_identify(src/temp_monitoring) by extensions ['colcon_meta']
[0.153s] Level 1:colcon.colcon_core.package_identification:_identify(src/temp_monitoring) by extension 'colcon_meta'
[0.153s] Level 1:colcon.colcon_core.package_identification:_identify(src/temp_monitoring) by extensions ['ros']
[0.153s] Level 1:colcon.colcon_core.package_identification:_identify(src/temp_monitoring) by extension 'ros'
[0.154s] DEBUG:colcon.colcon_core.package_identification:Package 'src/temp_monitoring' with type 'ros.ament_python' and name 'temp_monitoring'
[0.154s] Level 1:colcon.colcon_core.package_identification:_identify(src/temp_sensor) by extensions ['ignore', 'ignore_ament_install']
[0.154s] Level 1:colcon.colcon_core.package_identification:_identify(src/temp_sensor) by extension 'ignore'
[0.154s] Level 1:colcon.colcon_core.package_identification:_identify(src/temp_sensor) by extension 'ignore_ament_install'
[0.154s] Level 1:colcon.colcon_core.package_identification:_identify(src/temp_sensor) by extensions ['colcon_pkg']
[0.154s] Level 1:colcon.colcon_core.package_identification:_identify(src/temp_sensor) by extension 'colcon_pkg'
[0.154s] Level 1:colcon.colcon_core.package_identification:_identify(src/temp_sensor) by extensions ['colcon_meta']
[0.154s] Level 1:colcon.colcon_core.package_identification:_identify(src/temp_sensor) by extension 'colcon_meta'
[0.154s] Level 1:colcon.colcon_core.package_identification:_identify(src/temp_sensor) by extensions ['ros']
[0.154s] Level 1:colcon.colcon_core.package_identification:_identify(src/temp_sensor) by extension 'ros'
[0.154s] DEBUG:colcon.colcon_core.package_identification:Package 'src/temp_sensor' with type 'ros.ament_python' and name 'temp_sensor'
[0.154s] Level 1:colcon.colcon_core.package_identification:_identify(src/turtle_robot) by extensions ['ignore', 'ignore_ament_install']
[0.154s] Level 1:colcon.colcon_core.package_identification:_identify(src/turtle_robot) by extension 'ignore'
[0.155s] Level 1:colcon.colcon_core.package_identification:_identify(src/turtle_robot) by extension 'ignore_ament_install'
[0.155s] Level 1:colcon.colcon_core.package_identification:_identify(src/turtle_robot) by extensions ['colcon_pkg']
[0.155s] Level 1:colcon.colcon_core.package_identification:_identify(src/turtle_robot) by extension 'colcon_pkg'
[0.155s] Level 1:colcon.colcon_core.package_identification:_identify(src/turtle_robot) by extensions ['colcon_meta']
[0.155s] Level 1:colcon.colcon_core.package_identification:_identify(src/turtle_robot) by extension 'colcon_meta'
[0.155s] Level 1:colcon.colcon_core.package_identification:_identify(src/turtle_robot) by extensions ['ros']
[0.155s] Level 1:colcon.colcon_core.package_identification:_identify(src/turtle_robot) by extension 'ros'
[0.155s] DEBUG:colcon.colcon_core.package_identification:Package 'src/turtle_robot' with type 'ros.ament_python' and name 'turtle_robot'
[0.155s] Level 1:colcon.colcon_core.package_discovery:discover_packages(recursive) using defaults
[0.155s] Level 1:colcon.colcon_core.package_discovery:discover_packages(ignore) discover
[0.155s] Level 1:colcon.colcon_core.package_discovery:discover_packages(ignore) using defaults
[0.155s] Level 1:colcon.colcon_core.package_discovery:discover_packages(path) discover
[0.155s] Level 1:colcon.colcon_core.package_discovery:discover_packages(path) using defaults
[0.166s] Level 1:colcon.colcon_core.package_discovery:discover_packages(prefix_path) check parameters
[0.166s] Level 1:colcon.colcon_core.package_discovery:discover_packages(prefix_path) discover
[0.168s] DEBUG:colcon.colcon_installed_package_information.package_discovery:Found 7 installed packages in /home/paakwasi/ros2_ws/install
[0.168s] DEBUG:colcon.colcon_installed_package_information.package_discovery:Found 271 installed packages in /opt/ros/humble
[0.174s] Level 1:colcon.colcon_core.package_discovery:discover_packages(prefix_path) using defaults
[0.192s] Level 5:colcon.colcon_core.verb:set package 'first_custom_interface' build argument 'cmake_args' from command line to 'None'
[0.192s] Level 5:colcon.colcon_core.verb:set package 'first_custom_interface' build argument 'cmake_target' from command line to 'None'
[0.192s] Level 5:colcon.colcon_core.verb:set package 'first_custom_interface' build argument 'cmake_target_skip_unavailable' from command line to 'False'
[0.192s] Level 5:colcon.colcon_core.verb:set package 'first_custom_interface' build argument 'cmake_clean_cache' from command line to 'False'
[0.192s] Level 5:colcon.colcon_core.verb:set package 'first_custom_interface' build argument 'cmake_clean_first' from command line to 'False'
[0.192s] Level 5:colcon.colcon_core.verb:set package 'first_custom_interface' build argument 'cmake_force_configure' from command line to 'False'
[0.192s] Level 5:colcon.colcon_core.verb:set package 'first_custom_interface' build argument 'ament_cmake_args' from command line to 'None'
[0.192s] Level 5:colcon.colcon_core.verb:set package 'first_custom_interface' build argument 'catkin_cmake_args' from command line to 'None'
[0.192s] Level 5:colcon.colcon_core.verb:set package 'first_custom_interface' build argument 'catkin_skip_building_tests' from command line to 'False'
[0.192s] DEBUG:colcon.colcon_core.verb:Building package 'first_custom_interface' with the following arguments: {'ament_cmake_args': None, 'build_base': '/home/paakwasi/ros2_ws/build/first_custom_interface', 'catkin_cmake_args': None, 'catkin_skip_building_tests': False, 'cmake_args': None, 'cmake_clean_cache': False, 'cmake_clean_first': False, 'cmake_force_configure': False, 'cmake_target': None, 'cmake_target_skip_unavailable': False, 'install_base': '/home/paakwasi/ros2_ws/install/first_custom_interface', 'merge_install': False, 'path': '/home/paakwasi/ros2_ws/src/first_custom_interface', 'symlink_install': False, 'test_result_base': None}
[0.192s] Level 5:colcon.colcon_core.verb:set package 'my_robot_controller' build argument 'cmake_args' from command line to 'None'
[0.192s] Level 5:colcon.colcon_core.verb:set package 'my_robot_controller' build argument 'cmake_target' from command line to 'None'
[0.192s] Level 5:colcon.colcon_core.verb:set package 'my_robot_controller' build argument 'cmake_target_skip_unavailable' from command line to 'False'
[0.192s] Level 5:colcon.colcon_core.verb:set package 'my_robot_controller' build argument 'cmake_clean_cache' from command line to 'False'
[0.192s] Level 5:colcon.colcon_core.verb:set package 'my_robot_controller' build argument 'cmake_clean_first' from command line to 'False'
[0.192s] Level 5:colcon.colcon_core.verb:set package 'my_robot_controller' build argument 'cmake_force_configure' from command line to 'False'
[0.192s] Level 5:colcon.colcon_core.verb:set package 'my_robot_controller' build argument 'ament_cmake_args' from command line to 'None'
[0.192s] Level 5:colcon.colcon_core.verb:set package 'my_robot_controller' build argument 'catkin_cmake_args' from command line to 'None'
[0.192s] Level 5:colcon.colcon_core.verb:set package 'my_robot_controller' build argument 'catkin_skip_building_tests' from command line to 'False'
[0.192s] DEBUG:colcon.colcon_core.verb:Building package 'my_robot_controller' with the following arguments: {'ament_cmake_args': None, 'build_base': '/home/paakwasi/ros2_ws/build/my_robot_controller', 'catkin_cmake_args': None, 'catkin_skip_building_tests': False, 'cmake_args': None, 'cmake_clean_cache': False, 'cmake_clean_first': False, 'cmake_force_configure': False, 'cmake_target': None, 'cmake_target_skip_unavailable': False, 'install_base': '/home/paakwasi/ros2_ws/install/my_robot_controller', 'merge_install': False, 'path': '/home/paakwasi/ros2_ws/src/my_robot_controller', 'symlink_install': False, 'test_result_base': None}
[0.192s] Level 5:colcon.colcon_core.verb:set package 'temp_monitoring' build argument 'cmake_args' from command line to 'None'
[0.192s] Level 5:colcon.colcon_core.verb:set package 'temp_monitoring' build argument 'cmake_target' from command line to 'None'
[0.192s] Level 5:colcon.colcon_core.verb:set package 'temp_monitoring' build argument 'cmake_target_skip_unavailable' from command line to 'False'
[0.192s] Level 5:colcon.colcon_core.verb:set package 'temp_monitoring' build argument 'cmake_clean_cache' from command line to 'False'
[0.192s] Level 5:colcon.colcon_core.verb:set package 'temp_monitoring' build argument 'cmake_clean_first' from command line to 'False'
[0.192s] Level 5:colcon.colcon_core.verb:set package 'temp_monitoring' build argument 'cmake_force_configure' from command line to 'False'
[0.192s] Level 5:colcon.colcon_core.verb:set package 'temp_monitoring' build argument 'ament_cmake_args' from command line to 'None'
[0.192s] Level 5:colcon.colcon_core.verb:set package 'temp_monitoring' build argument 'catkin_cmake_args' from command line to 'None'
[0.192s] Level 5:colcon.colcon_core.verb:set package 'temp_monitoring' build argument 'catkin_skip_building_tests' from command line to 'False'
[0.192s] DEBUG:colcon.colcon_core.verb:Building package 'temp_monitoring' with the following arguments: {'ament_cmake_args': None, 'build_base': '/home/paakwasi/ros2_ws/build/temp_monitoring', 'catkin_cmake_args': None, 'catkin_skip_building_tests': False, 'cmake_args': None, 'cmake_clean_cache': False, 'cmake_clean_first': False, 'cmake_force_configure': False, 'cmake_target': None, 'cmake_target_skip_unavailable': False, 'install_base': '/home/paakwasi/ros2_ws/install/temp_monitoring', 'merge_install': False, 'path': '/home/paakwasi/ros2_ws/src/temp_monitoring', 'symlink_install': False, 'test_result_base': None}
[0.192s] Level 5:colcon.colcon_core.verb:set package 'temp_sensor' build argument 'cmake_args' from command line to 'None'
[0.192s] Level 5:colcon.colcon_core.verb:set package 'temp_sensor' build argument 'cmake_target' from command line to 'None'
[0.192s] Level 5:colcon.colcon_core.verb:set package 'temp_sensor' build argument 'cmake_target_skip_unavailable' from command line to 'False'
[0.192s] Level 5:colcon.colcon_core.verb:set package 'temp_sensor' build argument 'cmake_clean_cache' from command line to 'False'
[0.193s] Level 5:colcon.colcon_core.verb:set package 'temp_sensor' build argument 'cmake_clean_first' from command line to 'False'
[0.193s] Level 5:colcon.colcon_core.verb:set package 'temp_sensor' build argument 'cmake_force_configure' from command line to 'False'
[0.193s] Level 5:colcon.colcon_core.verb:set package 'temp_sensor' build argument 'ament_cmake_args' from command line to 'None'
[0.193s] Level 5:colcon.colcon_core.verb:set package 'temp_sensor' build argument 'catkin_cmake_args' from command line to 'None'
[0.193s] Level 5:colcon.colcon_core.verb:set package 'temp_sensor' build argument 'catkin_skip_building_tests' from command line to 'False'
[0.193s] DEBUG:colcon.colcon_core.verb:Building package 'temp_sensor' with the following arguments: {'ament_cmake_args': None, 'build_base': '/home/paakwasi/ros2_ws/build/temp_sensor', 'catkin_cmake_args': None, 'catkin_skip_building_tests': False, 'cmake_args': None, 'cmake_clean_cache': False, 'cmake_clean_first': False, 'cmake_force_configure': False, 'cmake_target': None, 'cmake_target_skip_unavailable': False, 'install_base': '/home/paakwasi/ros2_ws/install/temp_sensor', 'merge_install': False, 'path': '/home/paakwasi/ros2_ws/src/temp_sensor', 'symlink_install': False, 'test_result_base': None}
[0.193s] Level 5:colcon.colcon_core.verb:set package 'number_analyzer' build argument 'cmake_args' from command line to 'None'
[0.193s] Level 5:colcon.colcon_core.verb:set package 'number_analyzer' build argument 'cmake_target' from command line to 'None'
[0.193s] Level 5:colcon.colcon_core.verb:set package 'number_analyzer' build argument 'cmake_target_skip_unavailable' from command line to 'False'
[0.193s] Level 5:colcon.colcon_core.verb:set package 'number_analyzer' build argument 'cmake_clean_cache' from command line to 'False'
[0.193s] Level 5:colcon.colcon_core.verb:set package 'number_analyzer' build argument 'cmake_clean_first' from command line to 'False'
[0.193s] Level 5:colcon.colcon_core.verb:set package 'number_analyzer' build argument 'cmake_force_configure' from command line to 'False'
[0.193s] Level 5:colcon.colcon_core.verb:set package 'number_analyzer' build argument 'ament_cmake_args' from command line to 'None'
[0.193s] Level 5:colcon.colcon_core.verb:set package 'number_analyzer' build argument 'catkin_cmake_args' from command line to 'None'
[0.193s] Level 5:colcon.colcon_core.verb:set package 'number_analyzer' build argument 'catkin_skip_building_tests' from command line to 'False'
[0.193s] DEBUG:colcon.colcon_core.verb:Building package 'number_analyzer' with the following arguments: {'ament_cmake_args': None, 'build_base': '/home/paakwasi/ros2_ws/build/number_analyzer', 'catkin_cmake_args': None, 'catkin_skip_building_tests': False, 'cmake_args': None, 'cmake_clean_cache': False, 'cmake_clean_first': False, 'cmake_force_configure': False, 'cmake_target': None, 'cmake_target_skip_unavailable': False, 'install_base': '/home/paakwasi/ros2_ws/install/number_analyzer', 'merge_install': False, 'path': '/home/paakwasi/ros2_ws/src/number_analyzer', 'symlink_install': False, 'test_result_base': None}
[0.193s] Level 5:colcon.colcon_core.verb:set package 'turtle_robot' build argument 'cmake_args' from command line to 'None'
[0.193s] Level 5:colcon.colcon_core.verb:set package 'turtle_robot' build argument 'cmake_target' from command line to 'None'
[0.193s] Level 5:colcon.colcon_core.verb:set package 'turtle_robot' build argument 'cmake_target_skip_unavailable' from command line to 'False'
[0.193s] Level 5:colcon.colcon_core.verb:set package 'turtle_robot' build argument 'cmake_clean_cache' from command line to 'False'
[0.193s] Level 5:colcon.colcon_core.verb:set package 'turtle_robot' build argument 'cmake_clean_first' from command line to 'False'
[0.193s] Level 5:colcon.colcon_core.verb:set package 'turtle_robot' build argument 'cmake_force_configure' from command line to 'False'
[0.193s] Level 5:colcon.colcon_core.verb:set package 'turtle_robot' build argument 'ament_cmake_args' from command line to 'None'
[0.193s] Level 5:colcon.colcon_core.verb:set package 'turtle_robot' build argument 'catkin_cmake_args' from command line to 'None'
[0.193s] Level 5:colcon.colcon_core.verb:set package 'turtle_robot' build argument 'catkin_skip_building_tests' from command line to 'False'
[0.193s] DEBUG:colcon.colcon_core.verb:Building package 'turtle_robot' with the following arguments: {'ament_cmake_args': None, 'build_base': '/home/paakwasi/ros2_ws/build/turtle_robot', 'catkin_cmake_args': None, 'catkin_skip_building_tests': False, 'cmake_args': None, 'cmake_clean_cache': False, 'cmake_clean_first': False, 'cmake_force_configure': False, 'cmake_target': None, 'cmake_target_skip_unavailable': False, 'install_base': '/home/paakwasi/ros2_ws/install/turtle_robot', 'merge_install': False, 'path': '/home/paakwasi/ros2_ws/src/turtle_robot', 'symlink_install': False, 'test_result_base': None}
[0.193s] INFO:colcon.colcon_core.executor:Executing jobs using 'parallel' executor
[0.194s] DEBUG:colcon.colcon_parallel_executor.executor.parallel:run_until_complete
[0.194s] INFO:colcon.colcon_ros.task.ament_cmake.build:Building ROS package in '/home/paakwasi/ros2_ws/src/first_custom_interface' with build type 'ament_cmake'
[0.194s] INFO:colcon.colcon_cmake.task.cmake.build:Building CMake package in '/home/paakwasi/ros2_ws/src/first_custom_interface'
[0.195s] INFO:colcon.colcon_core.plugin_system:Skipping extension 'colcon_core.shell.bat': Not used on non-Windows systems
[0.196s] INFO:colcon.colcon_core.shell:Skip shell extension 'powershell' for command environment: Not usable outside of PowerShell
[0.196s] DEBUG:colcon.colcon_core.shell:Skip shell extension 'dsv' for command environment
[0.198s] INFO:colcon.colcon_ros.task.ament_python.build:Building ROS package in '/home/paakwasi/ros2_ws/src/my_robot_controller' with build type 'ament_python'
[0.198s] Level 1:colcon.colcon_core.shell:create_environment_hook('my_robot_controller', 'ament_prefix_path')
[0.198s] INFO:colcon.colcon_core.shell:Creating environment hook '/home/paakwasi/ros2_ws/install/my_robot_controller/share/my_robot_controller/hook/ament_prefix_path.ps1'
[0.198s] INFO:colcon.colcon_core.shell:Creating environment descriptor '/home/paakwasi/ros2_ws/install/my_robot_controller/share/my_robot_controller/hook/ament_prefix_path.dsv'
[0.199s] INFO:colcon.colcon_core.shell:Creating environment hook '/home/paakwasi/ros2_ws/install/my_robot_controller/share/my_robot_controller/hook/ament_prefix_path.sh'
[0.199s] INFO:colcon.colcon_core.shell:Skip shell extension 'powershell' for command environment: Not usable outside of PowerShell
[0.199s] DEBUG:colcon.colcon_core.shell:Skip shell extension 'dsv' for command environment
[0.201s] INFO:colcon.colcon_ros.task.ament_python.build:Building ROS package in '/home/paakwasi/ros2_ws/src/temp_monitoring' with build type 'ament_python'
[0.201s] Level 1:colcon.colcon_core.shell:create_environment_hook('temp_monitoring', 'ament_prefix_path')
[0.201s] INFO:colcon.colcon_core.shell:Creating environment hook '/home/paakwasi/ros2_ws/install/temp_monitoring/share/temp_monitoring/hook/ament_prefix_path.ps1'
[0.201s] INFO:colcon.colcon_core.shell:Creating environment descriptor '/home/paakwasi/ros2_ws/install/temp_monitoring/share/temp_monitoring/hook/ament_prefix_path.dsv'
[0.201s] INFO:colcon.colcon_core.shell:Creating environment hook '/home/paakwasi/ros2_ws/install/temp_monitoring/share/temp_monitoring/hook/ament_prefix_path.sh'
[0.202s] INFO:colcon.colcon_core.shell:Skip shell extension 'powershell' for command environment: Not usable outside of PowerShell
[0.202s] DEBUG:colcon.colcon_core.shell:Skip shell extension 'dsv' for command environment
[0.208s] INFO:colcon.colcon_ros.task.ament_python.build:Building ROS package in '/home/paakwasi/ros2_ws/src/temp_sensor' with build type 'ament_python'
[0.208s] Level 1:colcon.colcon_core.shell:create_environment_hook('temp_sensor', 'ament_prefix_path')
[0.208s] INFO:colcon.colcon_core.shell:Creating environment hook '/home/paakwasi/ros2_ws/install/temp_sensor/share/temp_sensor/hook/ament_prefix_path.ps1'
[0.209s] INFO:colcon.colcon_core.shell:Creating environment descriptor '/home/paakwasi/ros2_ws/install/temp_sensor/share/temp_sensor/hook/ament_prefix_path.dsv'
[0.210s] INFO:colcon.colcon_core.shell:Creating environment hook '/home/paakwasi/ros2_ws/install/temp_sensor/share/temp_sensor/hook/ament_prefix_path.sh'
[0.210s] INFO:colcon.colcon_core.shell:Skip shell extension 'powershell' for command environment: Not usable outside of PowerShell
[0.210s] DEBUG:colcon.colcon_core.shell:Skip shell extension 'dsv' for command environment
[0.216s] DEBUG:colcon.colcon_core.event_handler.log_command:Invoking command in '/home/paakwasi/ros2_ws/build/first_custom_interface': CMAKE_PREFIX_PATH=${CMAKE_PREFIX_PATH}:/home/paakwasi/ros2_ws/install/turtle_robot:/home/paakwasi/ros2_ws/install/temp_sensor:/home/paakwasi/ros2_ws/install/temp_monitoring:/home/paakwasi/ros2_ws/install/number_analyzer:/home/paakwasi/ros2_ws/install/my_robot_controller:/opt/ros/humble /usr/bin/cmake --build /home/paakwasi/ros2_ws/build/first_custom_interface -- -j12 -l12
[0.366s] INFO:colcon.colcon_core.task.python.build:Building Python package in '/home/paakwasi/ros2_ws/src/my_robot_controller'
[0.367s] INFO:colcon.colcon_core.shell:Skip shell extension 'powershell' for command environment: Not usable outside of PowerShell
[0.367s] DEBUG:colcon.colcon_core.shell:Skip shell extension 'dsv' for command environment
[0.511s] INFO:colcon.colcon_core.task.python.build:Building Python package in '/home/paakwasi/ros2_ws/src/temp_monitoring'
[0.511s] INFO:colcon.colcon_core.shell:Skip shell extension 'powershell' for command environment: Not usable outside of PowerShell
[0.511s] DEBUG:colcon.colcon_core.shell:Skip shell extension 'dsv' for command environment
[0.518s] DEBUG:colcon.colcon_core.event_handler.log_command:Invoked command in '/home/paakwasi/ros2_ws/build/first_custom_interface' returned '0': CMAKE_PREFIX_PATH=${CMAKE_PREFIX_PATH}:/home/paakwasi/ros2_ws/install/turtle_robot:/home/paakwasi/ros2_ws/install/temp_sensor:/home/paakwasi/ros2_ws/install/temp_monitoring:/home/paakwasi/ros2_ws/install/number_analyzer:/home/paakwasi/ros2_ws/install/my_robot_controller:/opt/ros/humble /usr/bin/cmake --build /home/paakwasi/ros2_ws/build/first_custom_interface -- -j12 -l12
[0.527s] DEBUG:colcon.colcon_core.event_handler.log_command:Invoking command in '/home/paakwasi/ros2_ws/build/first_custom_interface': CMAKE_PREFIX_PATH=${CMAKE_PREFIX_PATH}:/home/paakwasi/ros2_ws/install/turtle_robot:/home/paakwasi/ros2_ws/install/temp_sensor:/home/paakwasi/ros2_ws/install/temp_monitoring:/home/paakwasi/ros2_ws/install/number_analyzer:/home/paakwasi/ros2_ws/install/my_robot_controller:/opt/ros/humble /usr/bin/cmake --install /home/paakwasi/ros2_ws/build/first_custom_interface
[0.670s] INFO:colcon.colcon_core.task.python.build:Building Python package in '/home/paakwasi/ros2_ws/src/temp_sensor'
[0.670s] INFO:colcon.colcon_core.shell:Skip shell extension 'powershell' for command environment: Not usable outside of PowerShell
[0.670s] DEBUG:colcon.colcon_core.shell:Skip shell extension 'dsv' for command environment
[0.679s] Level 1:colcon.colcon_core.environment:create_environment_scripts_only(first_custom_interface)
[0.682s] Level 1:colcon.colcon_core.environment:checking '/home/paakwasi/ros2_ws/install/first_custom_interface' for CMake module files
[0.683s] Level 1:colcon.colcon_core.environment:checking '/home/paakwasi/ros2_ws/install/first_custom_interface' for CMake config files
[0.684s] Level 1:colcon.colcon_core.shell:create_environment_hook('first_custom_interface', 'cmake_prefix_path')
[0.684s] INFO:colcon.colcon_core.shell:Creating environment hook '/home/paakwasi/ros2_ws/install/first_custom_interface/share/first_custom_interface/hook/cmake_prefix_path.ps1'
[0.684s] INFO:colcon.colcon_core.shell:Creating environment descriptor '/home/paakwasi/ros2_ws/install/first_custom_interface/share/first_custom_interface/hook/cmake_prefix_path.dsv'
[0.685s] INFO:colcon.colcon_core.shell:Creating environment hook '/home/paakwasi/ros2_ws/install/first_custom_interface/share/first_custom_interface/hook/cmake_prefix_path.sh'
[0.685s] Level 1:colcon.colcon_core.environment:checking '/home/paakwasi/ros2_ws/install/first_custom_interface/lib'
[0.686s] Level 1:colcon.colcon_core.shell:create_environment_hook('first_custom_interface', 'ld_library_path_lib')
[0.686s] INFO:colcon.colcon_core.shell:Creating environment hook '/home/paakwasi/ros2_ws/install/first_custom_interface/share/first_custom_interface/hook/ld_library_path_lib.ps1'
[0.686s] INFO:colcon.colcon_core.shell:Creating environment descriptor '/home/paakwasi/ros2_ws/install/first_custom_interface/share/first_custom_interface/hook/ld_library_path_lib.dsv'
[0.687s] INFO:colcon.colcon_core.shell:Creating environment hook '/home/paakwasi/ros2_ws/install/first_custom_interface/share/first_custom_interface/hook/ld_library_path_lib.sh'
[0.690s] Level 1:colcon.colcon_core.environment:checking '/home/paakwasi/ros2_ws/install/first_custom_interface/bin'
[0.690s] Level 1:colcon.colcon_core.environment:checking '/home/paakwasi/ros2_ws/install/first_custom_interface/lib/pkgconfig/first_custom_interface.pc'
[0.690s] Level 1:colcon.colcon_core.environment:checking '/home/paakwasi/ros2_ws/install/first_custom_interface/lib/python3.10/site-packages'
[0.690s] Level 1:colcon.colcon_core.environment:checking '/home/paakwasi/ros2_ws/install/first_custom_interface/bin'
[0.691s] INFO:colcon.colcon_core.shell:Creating package script '/home/paakwasi/ros2_ws/install/first_custom_interface/share/first_custom_interface/package.ps1'
[0.694s] INFO:colcon.colcon_core.shell:Creating package descriptor '/home/paakwasi/ros2_ws/install/first_custom_interface/share/first_custom_interface/package.dsv'
[0.696s] DEBUG:colcon.colcon_core.event_handler.log_command:Invoked command in '/home/paakwasi/ros2_ws/build/first_custom_interface' returned '0': CMAKE_PREFIX_PATH=${CMAKE_PREFIX_PATH}:/home/paakwasi/ros2_ws/install/turtle_robot:/home/paakwasi/ros2_ws/install/temp_sensor:/home/paakwasi/ros2_ws/install/temp_monitoring:/home/paakwasi/ros2_ws/install/number_analyzer:/home/paakwasi/ros2_ws/install/my_robot_controller:/opt/ros/humble /usr/bin/cmake --install /home/paakwasi/ros2_ws/build/first_custom_interface
[0.696s] INFO:colcon.colcon_core.shell:Creating package script '/home/paakwasi/ros2_ws/install/first_custom_interface/share/first_custom_interface/package.sh'
[0.697s] INFO:colcon.colcon_core.shell:Creating package script '/home/paakwasi/ros2_ws/install/first_custom_interface/share/first_custom_interface/package.bash'
[0.698s] INFO:colcon.colcon_core.shell:Creating package script '/home/paakwasi/ros2_ws/install/first_custom_interface/share/first_custom_interface/package.zsh'
[0.699s] Level 1:colcon.colcon_core.environment:create_file_with_runtime_dependencies(/home/paakwasi/ros2_ws/install/first_custom_interface/share/colcon-core/packages/first_custom_interface)
[0.700s] Level 1:colcon.colcon_core.environment:create_environment_scripts_only(first_custom_interface)
[0.700s] Level 1:colcon.colcon_core.environment:checking '/home/paakwasi/ros2_ws/install/first_custom_interface' for CMake module files
[0.701s] Level 1:colcon.colcon_core.environment:checking '/home/paakwasi/ros2_ws/install/first_custom_interface' for CMake config files
[0.701s] Level 1:colcon.colcon_core.shell:create_environment_hook('first_custom_interface', 'cmake_prefix_path')
[0.701s] INFO:colcon.colcon_core.shell:Creating environment hook '/home/paakwasi/ros2_ws/install/first_custom_interface/share/first_custom_interface/hook/cmake_prefix_path.ps1'
[0.702s] INFO:colcon.colcon_core.shell:Creating environment descriptor '/home/paakwasi/ros2_ws/install/first_custom_interface/share/first_custom_interface/hook/cmake_prefix_path.dsv'
[0.702s] INFO:colcon.colcon_core.shell:Creating environment hook '/home/paakwasi/ros2_ws/install/first_custom_interface/share/first_custom_interface/hook/cmake_prefix_path.sh'
[0.703s] Level 1:colcon.colcon_core.environment:checking '/home/paakwasi/ros2_ws/install/first_custom_interface/lib'
[0.703s] Level 1:colcon.colcon_core.shell:create_environment_hook('first_custom_interface', 'ld_library_path_lib')
[0.703s] INFO:colcon.colcon_core.shell:Creating environment hook '/home/paakwasi/ros2_ws/install/first_custom_interface/share/first_custom_interface/hook/ld_library_path_lib.ps1'
[0.703s] INFO:colcon.colcon_core.shell:Creating environment descriptor '/home/paakwasi/ros2_ws/install/first_custom_interface/share/first_custom_interface/hook/ld_library_path_lib.dsv'
[0.704s] INFO:colcon.colcon_core.shell:Creating environment hook '/home/paakwasi/ros2_ws/install/first_custom_interface/share/first_custom_interface/hook/ld_library_path_lib.sh'
[0.704s] Level 1:colcon.colcon_core.environment:checking '/home/paakwasi/ros2_ws/install/first_custom_interface/bin'
[0.704s] Level 1:colcon.colcon_core.environment:checking '/home/paakwasi/ros2_ws/install/first_custom_interface/lib/pkgconfig/first_custom_interface.pc'
[0.705s] Level 1:colcon.colcon_core.environment:checking '/home/paakwasi/ros2_ws/install/first_custom_interface/lib/python3.10/site-packages'
[0.705s] Level 1:colcon.colcon_core.environment:checking '/home/paakwasi/ros2_ws/install/first_custom_interface/bin'
[0.705s] INFO:colcon.colcon_core.shell:Creating package script '/home/paakwasi/ros2_ws/install/first_custom_interface/share/first_custom_interface/package.ps1'
[0.706s] INFO:colcon.colcon_core.shell:Creating package descriptor '/home/paakwasi/ros2_ws/install/first_custom_interface/share/first_custom_interface/package.dsv'
[0.707s] INFO:colcon.colcon_core.shell:Creating package script '/home/paakwasi/ros2_ws/install/first_custom_interface/share/first_custom_interface/package.sh'
[0.707s] INFO:colcon.colcon_core.shell:Creating package script '/home/paakwasi/ros2_ws/install/first_custom_interface/share/first_custom_interface/package.bash'
[0.708s] INFO:colcon.colcon_core.shell:Creating package script '/home/paakwasi/ros2_ws/install/first_custom_interface/share/first_custom_interface/package.zsh'
[0.708s] Level 1:colcon.colcon_core.environment:create_file_with_runtime_dependencies(/home/paakwasi/ros2_ws/install/first_custom_interface/share/colcon-core/packages/first_custom_interface)
[0.708s] INFO:colcon.colcon_ros.task.ament_python.build:Building ROS package in '/home/paakwasi/ros2_ws/src/number_analyzer' with build type 'ament_python'
[0.709s] Level 1:colcon.colcon_core.shell:create_environment_hook('number_analyzer', 'ament_prefix_path')
[0.709s] INFO:colcon.colcon_core.shell:Creating environment hook '/home/paakwasi/ros2_ws/install/number_analyzer/share/number_analyzer/hook/ament_prefix_path.ps1'
[0.710s] INFO:colcon.colcon_core.shell:Creating environment descriptor '/home/paakwasi/ros2_ws/install/number_analyzer/share/number_analyzer/hook/ament_prefix_path.dsv'
[0.710s] INFO:colcon.colcon_core.shell:Creating environment hook '/home/paakwasi/ros2_ws/install/number_analyzer/share/number_analyzer/hook/ament_prefix_path.sh'
[0.711s] INFO:colcon.colcon_core.shell:Skip shell extension 'powershell' for command environment: Not usable outside of PowerShell
[0.711s] DEBUG:colcon.colcon_core.shell:Skip shell extension 'dsv' for command environment
[0.715s] INFO:colcon.colcon_ros.task.ament_python.build:Building ROS package in '/home/paakwasi/ros2_ws/src/turtle_robot' with build type 'ament_python'
[0.715s] Level 1:colcon.colcon_core.shell:create_environment_hook('turtle_robot', 'ament_prefix_path')
[0.715s] INFO:colcon.colcon_core.shell:Creating environment hook '/home/paakwasi/ros2_ws/install/turtle_robot/share/turtle_robot/hook/ament_prefix_path.ps1'
[0.716s] INFO:colcon.colcon_core.shell:Creating environment descriptor '/home/paakwasi/ros2_ws/install/turtle_robot/share/turtle_robot/hook/ament_prefix_path.dsv'
[0.716s] INFO:colcon.colcon_core.shell:Creating environment hook '/home/paakwasi/ros2_ws/install/turtle_robot/share/turtle_robot/hook/ament_prefix_path.sh'
[0.717s] INFO:colcon.colcon_core.shell:Skip shell extension 'powershell' for command environment: Not usable outside of PowerShell
[0.717s] DEBUG:colcon.colcon_core.shell:Skip shell extension 'dsv' for command environment
[0.884s] INFO:colcon.colcon_core.task.python.build:Building Python package in '/home/paakwasi/ros2_ws/src/number_analyzer'
[0.884s] INFO:colcon.colcon_core.shell:Skip shell extension 'powershell' for command environment: Not usable outside of PowerShell
[0.884s] DEBUG:colcon.colcon_core.shell:Skip shell extension 'dsv' for command environment
[1.062s] INFO:colcon.colcon_core.task.python.build:Building Python package in '/home/paakwasi/ros2_ws/src/turtle_robot'
[1.062s] INFO:colcon.colcon_core.shell:Skip shell extension 'powershell' for command environment: Not usable outside of PowerShell
[1.062s] DEBUG:colcon.colcon_core.shell:Skip shell extension 'dsv' for command environment
[1.067s] DEBUG:colcon.colcon_core.event_handler.log_command:Invoking command in '/home/paakwasi/ros2_ws/src/my_robot_controller': PYTHONPATH=/home/paakwasi/ros2_ws/build/my_robot_controller/prefix_override:/usr/lib/python3/dist-packages/colcon_core/task/python/colcon_distutils_commands:/home/paakwasi/ros2_ws/install/my_robot_controller/lib/python3.10/site-packages:${PYTHONPATH} /usr/bin/python3 -W ignore:setup.py install is deprecated -W ignore:easy_install command is deprecated setup.py egg_info --egg-base ../../build/my_robot_controller build --build-base /home/paakwasi/ros2_ws/build/my_robot_controller/build install --record /home/paakwasi/ros2_ws/build/my_robot_controller/install.log --single-version-externally-managed install_data
[1.070s] DEBUG:colcon.colcon_core.event_handler.log_command:Invoking command in '/home/paakwasi/ros2_ws/src/temp_monitoring': PYTHONPATH=/home/paakwasi/ros2_ws/build/temp_monitoring/prefix_override:/usr/lib/python3/dist-packages/colcon_core/task/python/colcon_distutils_commands:/home/paakwasi/ros2_ws/install/temp_monitoring/lib/python3.10/site-packages:${PYTHONPATH} /usr/bin/python3 -W ignore:setup.py install is deprecated -W ignore:easy_install command is deprecated setup.py egg_info --egg-base ../../build/temp_monitoring build --build-base /home/paakwasi/ros2_ws/build/temp_monitoring/build install --record /home/paakwasi/ros2_ws/build/temp_monitoring/install.log --single-version-externally-managed install_data
[1.072s] DEBUG:colcon.colcon_core.event_handler.log_command:Invoking command in '/home/paakwasi/ros2_ws/src/temp_sensor': PYTHONPATH=/home/paakwasi/ros2_ws/build/temp_sensor/prefix_override:/usr/lib/python3/dist-packages/colcon_core/task/python/colcon_distutils_commands:/home/paakwasi/ros2_ws/install/temp_sensor/lib/python3.10/site-packages:${PYTHONPATH} /usr/bin/python3 -W ignore:setup.py install is deprecated -W ignore:easy_install command is deprecated setup.py egg_info --egg-base ../../build/temp_sensor build --build-base /home/paakwasi/ros2_ws/build/temp_sensor/build install --record /home/paakwasi/ros2_ws/build/temp_sensor/install.log --single-version-externally-managed install_data
[1.263s] Level 1:colcon.colcon_core.environment:checking '/home/paakwasi/ros2_ws/install/temp_monitoring' for CMake module files
[1.264s] DEBUG:colcon.colcon_core.event_handler.log_command:Invoked command in '/home/paakwasi/ros2_ws/src/temp_monitoring' returned '0': PYTHONPATH=/home/paakwasi/ros2_ws/build/temp_monitoring/prefix_override:/usr/lib/python3/dist-packages/colcon_core/task/python/colcon_distutils_commands:/home/paakwasi/ros2_ws/install/temp_monitoring/lib/python3.10/site-packages:${PYTHONPATH} /usr/bin/python3 -W ignore:setup.py install is deprecated -W ignore:easy_install command is deprecated setup.py egg_info --egg-base ../../build/temp_monitoring build --build-base /home/paakwasi/ros2_ws/build/temp_monitoring/build install --record /home/paakwasi/ros2_ws/build/temp_monitoring/install.log --single-version-externally-managed install_data
[1.264s] Level 1:colcon.colcon_core.environment:checking '/home/paakwasi/ros2_ws/install/temp_monitoring' for CMake config files
[1.265s] Level 1:colcon.colcon_core.environment:checking '/home/paakwasi/ros2_ws/install/temp_monitoring/lib'
[1.265s] Level 1:colcon.colcon_core.environment:checking '/home/paakwasi/ros2_ws/install/temp_monitoring/bin'
[1.265s] Level 1:colcon.colcon_core.environment:checking '/home/paakwasi/ros2_ws/install/temp_monitoring/lib/pkgconfig/temp_monitoring.pc'
[1.265s] Level 1:colcon.colcon_core.environment:checking '/home/paakwasi/ros2_ws/install/temp_monitoring/lib/python3.10/site-packages'
[1.265s] Level 1:colcon.colcon_core.shell:create_environment_hook('temp_monitoring', 'pythonpath')
[1.266s] INFO:colcon.colcon_core.shell:Creating environment hook '/home/paakwasi/ros2_ws/install/temp_monitoring/share/temp_monitoring/hook/pythonpath.ps1'
[1.266s] INFO:colcon.colcon_core.shell:Creating environment descriptor '/home/paakwasi/ros2_ws/install/temp_monitoring/share/temp_monitoring/hook/pythonpath.dsv'
[1.267s] INFO:colcon.colcon_core.shell:Creating environment hook '/home/paakwasi/ros2_ws/install/temp_monitoring/share/temp_monitoring/hook/pythonpath.sh'
[1.267s] Level 1:colcon.colcon_core.environment:checking '/home/paakwasi/ros2_ws/install/temp_monitoring/bin'
[1.267s] Level 1:colcon.colcon_core.environment:create_environment_scripts_only(temp_monitoring)
[1.268s] INFO:colcon.colcon_core.shell:Creating package script '/home/paakwasi/ros2_ws/install/temp_monitoring/share/temp_monitoring/package.ps1'
[1.269s] INFO:colcon.colcon_core.shell:Creating package descriptor '/home/paakwasi/ros2_ws/install/temp_monitoring/share/temp_monitoring/package.dsv'
[1.269s] INFO:colcon.colcon_core.shell:Creating package script '/home/paakwasi/ros2_ws/install/temp_monitoring/share/temp_monitoring/package.sh'
[1.270s] INFO:colcon.colcon_core.shell:Creating package script '/home/paakwasi/ros2_ws/install/temp_monitoring/share/temp_monitoring/package.bash'
[1.270s] INFO:colcon.colcon_core.shell:Creating package script '/home/paakwasi/ros2_ws/install/temp_monitoring/share/temp_monitoring/package.zsh'
[1.271s] Level 1:colcon.colcon_core.environment:create_file_with_runtime_dependencies(/home/paakwasi/ros2_ws/install/temp_monitoring/share/colcon-core/packages/temp_monitoring)
[1.287s] DEBUG:colcon.colcon_core.event_handler.log_command:Invoking command in '/home/paakwasi/ros2_ws/src/turtle_robot': CMAKE_PREFIX_PATH=/home/paakwasi/ros2_ws/install/first_custom_interface:/home/paakwasi/ros2_ws/install/firt_custom_interface LD_LIBRARY_PATH=/home/paakwasi/ros2_ws/install/first_custom_interface/lib:/home/paakwasi/ros2_ws/install/firt_custom_interface/lib:/opt/ros/humble/opt/rviz_ogre_vendor/lib:/opt/ros/humble/lib/x86_64-linux-gnu:/opt/ros/humble/lib PYTHONPATH=/home/paakwasi/ros2_ws/build/turtle_robot/prefix_override:/usr/lib/python3/dist-packages/colcon_core/task/python/colcon_distutils_commands:/home/paakwasi/ros2_ws/install/turtle_robot/lib/python3.10/site-packages:${PYTHONPATH} /usr/bin/python3 -W ignore:setup.py install is deprecated -W ignore:easy_install command is deprecated setup.py egg_info --egg-base ../../build/turtle_robot build --build-base /home/paakwasi/ros2_ws/build/turtle_robot/build install --record /home/paakwasi/ros2_ws/build/turtle_robot/install.log --single-version-externally-managed install_data
[1.379s] DEBUG:colcon.colcon_core.event_handler.log_command:Invoking command in '/home/paakwasi/ros2_ws/src/number_analyzer': CMAKE_PREFIX_PATH=/home/paakwasi/ros2_ws/install/first_custom_interface:/home/paakwasi/ros2_ws/install/firt_custom_interface LD_LIBRARY_PATH=/home/paakwasi/ros2_ws/install/first_custom_interface/lib:/home/paakwasi/ros2_ws/install/firt_custom_interface/lib:/opt/ros/humble/opt/rviz_ogre_vendor/lib:/opt/ros/humble/lib/x86_64-linux-gnu:/opt/ros/humble/lib PYTHONPATH=/home/paakwasi/ros2_ws/build/number_analyzer/prefix_override:/usr/lib/python3/dist-packages/colcon_core/task/python/colcon_distutils_commands:/home/paakwasi/ros2_ws/install/number_analyzer/lib/python3.10/site-packages:${PYTHONPATH} /usr/bin/python3 -W ignore:setup.py install is deprecated -W ignore:easy_install command is deprecated setup.py egg_info --egg-base ../../build/number_analyzer build --build-base /home/paakwasi/ros2_ws/build/number_analyzer/build install --record /home/paakwasi/ros2_ws/build/number_analyzer/install.log --single-version-externally-managed install_data
[1.423s] Level 1:colcon.colcon_core.environment:checking '/home/paakwasi/ros2_ws/install/my_robot_controller' for CMake module files
[1.424s] DEBUG:colcon.colcon_core.event_handler.log_command:Invoked command in '/home/paakwasi/ros2_ws/src/my_robot_controller' returned '0': PYTHONPATH=/home/paakwasi/ros2_ws/build/my_robot_controller/prefix_override:/usr/lib/python3/dist-packages/colcon_core/task/python/colcon_distutils_commands:/home/paakwasi/ros2_ws/install/my_robot_controller/lib/python3.10/site-packages:${PYTHONPATH} /usr/bin/python3 -W ignore:setup.py install is deprecated -W ignore:easy_install command is deprecated setup.py egg_info --egg-base ../../build/my_robot_controller build --build-base /home/paakwasi/ros2_ws/build/my_robot_controller/build install --record /home/paakwasi/ros2_ws/build/my_robot_controller/install.log --single-version-externally-managed install_data
[1.424s] Level 1:colcon.colcon_core.environment:checking '/home/paakwasi/ros2_ws/install/my_robot_controller' for CMake config files
[1.425s] Level 1:colcon.colcon_core.environment:checking '/home/paakwasi/ros2_ws/install/my_robot_controller/lib'
[1.425s] Level 1:colcon.colcon_core.environment:checking '/home/paakwasi/ros2_ws/install/my_robot_controller/bin'
[1.425s] Level 1:colcon.colcon_core.environment:checking '/home/paakwasi/ros2_ws/install/my_robot_controller/lib/pkgconfig/my_robot_controller.pc'
[1.426s] Level 1:colcon.colcon_core.environment:checking '/home/paakwasi/ros2_ws/install/my_robot_controller/lib/python3.10/site-packages'
[1.426s] Level 1:colcon.colcon_core.shell:create_environment_hook('my_robot_controller', 'pythonpath')
[1.426s] INFO:colcon.colcon_core.shell:Creating environment hook '/home/paakwasi/ros2_ws/install/my_robot_controller/share/my_robot_controller/hook/pythonpath.ps1'
[1.427s] INFO:colcon.colcon_core.shell:Creating environment descriptor '/home/paakwasi/ros2_ws/install/my_robot_controller/share/my_robot_controller/hook/pythonpath.dsv'
[1.428s] INFO:colcon.colcon_core.shell:Creating environment hook '/home/paakwasi/ros2_ws/install/my_robot_controller/share/my_robot_controller/hook/pythonpath.sh'
[1.429s] Level 1:colcon.colcon_core.environment:checking '/home/paakwasi/ros2_ws/install/my_robot_controller/bin'
[1.429s] Level 1:colcon.colcon_core.environment:create_environment_scripts_only(my_robot_controller)
[1.429s] INFO:colcon.colcon_core.shell:Creating package script '/home/paakwasi/ros2_ws/install/my_robot_controller/share/my_robot_controller/package.ps1'
[1.430s] INFO:colcon.colcon_core.shell:Creating package descriptor '/home/paakwasi/ros2_ws/install/my_robot_controller/share/my_robot_controller/package.dsv'
[1.431s] INFO:colcon.colcon_core.shell:Creating package script '/home/paakwasi/ros2_ws/install/my_robot_controller/share/my_robot_controller/package.sh'
[1.432s] INFO:colcon.colcon_core.shell:Creating package script '/home/paakwasi/ros2_ws/install/my_robot_controller/share/my_robot_controller/package.bash'
[1.432s] INFO:colcon.colcon_core.shell:Creating package script '/home/paakwasi/ros2_ws/install/my_robot_controller/share/my_robot_controller/package.zsh'
[1.433s] Level 1:colcon.colcon_core.environment:create_file_with_runtime_dependencies(/home/paakwasi/ros2_ws/install/my_robot_controller/share/colcon-core/packages/my_robot_controller)
[1.434s] Level 1:colcon.colcon_core.environment:checking '/home/paakwasi/ros2_ws/install/temp_sensor' for CMake module files
[1.438s] Level 1:colcon.colcon_core.environment:checking '/home/paakwasi/ros2_ws/install/temp_sensor' for CMake config files
[1.439s] Level 1:colcon.colcon_core.environment:checking '/home/paakwasi/ros2_ws/install/temp_sensor/lib'
[1.439s] Level 1:colcon.colcon_core.environment:checking '/home/paakwasi/ros2_ws/install/temp_sensor/bin'
[1.439s] Level 1:colcon.colcon_core.environment:checking '/home/paakwasi/ros2_ws/install/temp_sensor/lib/pkgconfig/temp_sensor.pc'
[1.439s] Level 1:colcon.colcon_core.environment:checking '/home/paakwasi/ros2_ws/install/temp_sensor/lib/python3.10/site-packages'
[1.439s] Level 1:colcon.colcon_core.shell:create_environment_hook('temp_sensor', 'pythonpath')
[1.440s] INFO:colcon.colcon_core.shell:Creating environment hook '/home/paakwasi/ros2_ws/install/temp_sensor/share/temp_sensor/hook/pythonpath.ps1'
[1.435s] DEBUG:colcon.colcon_core.event_handler.log_command:Invoked command in '/home/paakwasi/ros2_ws/src/temp_sensor' returned '0': PYTHONPATH=/home/paakwasi/ros2_ws/build/temp_sensor/prefix_override:/usr/lib/python3/dist-packages/colcon_core/task/python/colcon_distutils_commands:/home/paakwasi/ros2_ws/install/temp_sensor/lib/python3.10/site-packages:${PYTHONPATH} /usr/bin/python3 -W ignore:setup.py install is deprecated -W ignore:easy_install command is deprecated setup.py egg_info --egg-base ../../build/temp_sensor build --build-base /home/paakwasi/ros2_ws/build/temp_sensor/build install --record /home/paakwasi/ros2_ws/build/temp_sensor/install.log --single-version-externally-managed install_data
[1.441s] INFO:colcon.colcon_core.shell:Creating environment descriptor '/home/paakwasi/ros2_ws/install/temp_sensor/share/temp_sensor/hook/pythonpath.dsv'
[1.441s] INFO:colcon.colcon_core.shell:Creating environment hook '/home/paakwasi/ros2_ws/install/temp_sensor/share/temp_sensor/hook/pythonpath.sh'
[1.442s] Level 1:colcon.colcon_core.environment:checking '/home/paakwasi/ros2_ws/install/temp_sensor/bin'
[1.442s] Level 1:colcon.colcon_core.environment:create_environment_scripts_only(temp_sensor)
[1.442s] INFO:colcon.colcon_core.shell:Creating package script '/home/paakwasi/ros2_ws/install/temp_sensor/share/temp_sensor/package.ps1'
[1.443s] INFO:colcon.colcon_core.shell:Creating package descriptor '/home/paakwasi/ros2_ws/install/temp_sensor/share/temp_sensor/package.dsv'
[1.444s] INFO:colcon.colcon_core.shell:Creating package script '/home/paakwasi/ros2_ws/install/temp_sensor/share/temp_sensor/package.sh'
[1.444s] INFO:colcon.colcon_core.shell:Creating package script '/home/paakwasi/ros2_ws/install/temp_sensor/share/temp_sensor/package.bash'
[1.445s] INFO:colcon.colcon_core.shell:Creating package script '/home/paakwasi/ros2_ws/install/temp_sensor/share/temp_sensor/package.zsh'
[1.445s] Level 1:colcon.colcon_core.environment:create_file_with_runtime_dependencies(/home/paakwasi/ros2_ws/install/temp_sensor/share/colcon-core/packages/temp_sensor)
[1.514s] Level 1:colcon.colcon_core.environment:checking '/home/paakwasi/ros2_ws/install/turtle_robot' for CMake module files
[1.514s] DEBUG:colcon.colcon_core.event_handler.log_command:Invoked command in '/home/paakwasi/ros2_ws/src/turtle_robot' returned '0': CMAKE_PREFIX_PATH=/home/paakwasi/ros2_ws/install/first_custom_interface:/home/paakwasi/ros2_ws/install/firt_custom_interface LD_LIBRARY_PATH=/home/paakwasi/ros2_ws/install/first_custom_interface/lib:/home/paakwasi/ros2_ws/install/firt_custom_interface/lib:/opt/ros/humble/opt/rviz_ogre_vendor/lib:/opt/ros/humble/lib/x86_64-linux-gnu:/opt/ros/humble/lib PYTHONPATH=/home/paakwasi/ros2_ws/build/turtle_robot/prefix_override:/usr/lib/python3/dist-packages/colcon_core/task/python/colcon_distutils_commands:/home/paakwasi/ros2_ws/install/turtle_robot/lib/python3.10/site-packages:${PYTHONPATH} /usr/bin/python3 -W ignore:setup.py install is deprecated -W ignore:easy_install command is deprecated setup.py egg_info --egg-base ../../build/turtle_robot build --build-base /home/paakwasi/ros2_ws/build/turtle_robot/build install --record /home/paakwasi/ros2_ws/build/turtle_robot/install.log --single-version-externally-managed install_data
[1.515s] Level 1:colcon.colcon_core.environment:checking '/home/paakwasi/ros2_ws/install/turtle_robot' for CMake config files
[1.515s] Level 1:colcon.colcon_core.environment:checking '/home/paakwasi/ros2_ws/install/turtle_robot/lib'
[1.516s] Level 1:colcon.colcon_core.environment:checking '/home/paakwasi/ros2_ws/install/turtle_robot/bin'
[1.516s] Level 1:colcon.colcon_core.environment:checking '/home/paakwasi/ros2_ws/install/turtle_robot/lib/pkgconfig/turtle_robot.pc'
[1.516s] Level 1:colcon.colcon_core.environment:checking '/home/paakwasi/ros2_ws/install/turtle_robot/lib/python3.10/site-packages'
[1.516s] Level 1:colcon.colcon_core.shell:create_environment_hook('turtle_robot', 'pythonpath')
[1.516s] INFO:colcon.colcon_core.shell:Creating environment hook '/home/paakwasi/ros2_ws/install/turtle_robot/share/turtle_robot/hook/pythonpath.ps1'
[1.517s] INFO:colcon.colcon_core.shell:Creating environment descriptor '/home/paakwasi/ros2_ws/install/turtle_robot/share/turtle_robot/hook/pythonpath.dsv'
[1.517s] INFO:colcon.colcon_core.shell:Creating environment hook '/home/paakwasi/ros2_ws/install/turtle_robot/share/turtle_robot/hook/pythonpath.sh'
[1.518s] Level 1:colcon.colcon_core.environment:checking '/home/paakwasi/ros2_ws/install/turtle_robot/bin'
[1.518s] Level 1:colcon.colcon_core.environment:create_environment_scripts_only(turtle_robot)
[1.518s] INFO:colcon.colcon_core.shell:Creating package script '/home/paakwasi/ros2_ws/install/turtle_robot/share/turtle_robot/package.ps1'
[1.519s] INFO:colcon.colcon_core.shell:Creating package descriptor '/home/paakwasi/ros2_ws/install/turtle_robot/share/turtle_robot/package.dsv'
[1.519s] INFO:colcon.colcon_core.shell:Creating package script '/home/paakwasi/ros2_ws/install/turtle_robot/share/turtle_robot/package.sh'
[1.520s] INFO:colcon.colcon_core.shell:Creating package script '/home/paakwasi/ros2_ws/install/turtle_robot/share/turtle_robot/package.bash'
[1.520s] INFO:colcon.colcon_core.shell:Creating package script '/home/paakwasi/ros2_ws/install/turtle_robot/share/turtle_robot/package.zsh'
[1.521s] Level 1:colcon.colcon_core.environment:create_file_with_runtime_dependencies(/home/paakwasi/ros2_ws/install/turtle_robot/share/colcon-core/packages/turtle_robot)
[1.591s] Level 1:colcon.colcon_core.environment:checking '/home/paakwasi/ros2_ws/install/number_analyzer' for CMake module files
[1.592s] DEBUG:colcon.colcon_core.event_handler.log_command:Invoked command in '/home/paakwasi/ros2_ws/src/number_analyzer' returned '0': CMAKE_PREFIX_PATH=/home/paakwasi/ros2_ws/install/first_custom_interface:/home/paakwasi/ros2_ws/install/firt_custom_interface LD_LIBRARY_PATH=/home/paakwasi/ros2_ws/install/first_custom_interface/lib:/home/paakwasi/ros2_ws/install/firt_custom_interface/lib:/opt/ros/humble/opt/rviz_ogre_vendor/lib:/opt/ros/humble/lib/x86_64-linux-gnu:/opt/ros/humble/lib PYTHONPATH=/home/paakwasi/ros2_ws/build/number_analyzer/prefix_override:/usr/lib/python3/dist-packages/colcon_core/task/python/colcon_distutils_commands:/home/paakwasi/ros2_ws/install/number_analyzer/lib/python3.10/site-packages:${PYTHONPATH} /usr/bin/python3 -W ignore:setup.py install is deprecated -W ignore:easy_install command is deprecated setup.py egg_info --egg-base ../../build/number_analyzer build --build-base /home/paakwasi/ros2_ws/build/number_analyzer/build install --record /home/paakwasi/ros2_ws/build/number_analyzer/install.log --single-version-externally-managed install_data
[1.592s] Level 1:colcon.colcon_core.environment:checking '/home/paakwasi/ros2_ws/install/number_analyzer' for CMake config files
[1.592s] Level 1:colcon.colcon_core.environment:checking '/home/paakwasi/ros2_ws/install/number_analyzer/lib'
[1.593s] Level 1:colcon.colcon_core.environment:checking '/home/paakwasi/ros2_ws/install/number_analyzer/bin'
[1.593s] Level 1:colcon.colcon_core.environment:checking '/home/paakwasi/ros2_ws/install/number_analyzer/lib/pkgconfig/number_analyzer.pc'
[1.593s] Level 1:colcon.colcon_core.environment:checking '/home/paakwasi/ros2_ws/install/number_analyzer/lib/python3.10/site-packages'
[1.593s] Level 1:colcon.colcon_core.shell:create_environment_hook('number_analyzer', 'pythonpath')
[1.593s] INFO:colcon.colcon_core.shell:Creating environment hook '/home/paakwasi/ros2_ws/install/number_analyzer/share/number_analyzer/hook/pythonpath.ps1'
[1.594s] INFO:colcon.colcon_core.shell:Creating environment descriptor '/home/paakwasi/ros2_ws/install/number_analyzer/share/number_analyzer/hook/pythonpath.dsv'
[1.594s] INFO:colcon.colcon_core.shell:Creating environment hook '/home/paakwasi/ros2_ws/install/number_analyzer/share/number_analyzer/hook/pythonpath.sh'
[1.594s] Level 1:colcon.colcon_core.environment:checking '/home/paakwasi/ros2_ws/install/number_analyzer/bin'
[1.594s] Level 1:colcon.colcon_core.environment:create_environment_scripts_only(number_analyzer)
[1.595s] INFO:colcon.colcon_core.shell:Creating package script '/home/paakwasi/ros2_ws/install/number_analyzer/share/number_analyzer/package.ps1'
[1.595s] INFO:colcon.colcon_core.shell:Creating package descriptor '/home/paakwasi/ros2_ws/install/number_analyzer/share/number_analyzer/package.dsv'
[1.596s] INFO:colcon.colcon_core.shell:Creating package script '/home/paakwasi/ros2_ws/install/number_analyzer/share/number_analyzer/package.sh'
[1.596s] INFO:colcon.colcon_core.shell:Creating package script '/home/paakwasi/ros2_ws/install/number_analyzer/share/number_analyzer/package.bash'
[1.596s] INFO:colcon.colcon_core.shell:Creating package script '/home/paakwasi/ros2_ws/install/number_analyzer/share/number_analyzer/package.zsh'
[1.597s] Level 1:colcon.colcon_core.environment:create_file_with_runtime_dependencies(/home/paakwasi/ros2_ws/install/number_analyzer/share/colcon-core/packages/number_analyzer)
[1.597s] DEBUG:colcon.colcon_parallel_executor.executor.parallel:closing loop
[1.597s] DEBUG:colcon.colcon_parallel_executor.executor.parallel:loop closed
[1.597s] DEBUG:colcon.colcon_parallel_executor.executor.parallel:run_until_complete finished with '0'
[1.597s] DEBUG:colcon.colcon_core.event_reactor:joining thread
[1.601s] INFO:colcon.colcon_core.plugin_system:Skipping extension 'colcon_notification.desktop_notification.terminal_notifier': Not used on non-Darwin systems
[1.602s] INFO:colcon.colcon_core.plugin_system:Skipping extension 'colcon_notification.desktop_notification.win32': Not used on non-Windows systems
[1.602s] INFO:colcon.colcon_notification.desktop_notification:Sending desktop notification using 'notify2'
[1.613s] DEBUG:colcon.colcon_core.event_reactor:joined thread
[1.614s] INFO:colcon.colcon_core.shell:Creating prefix script '/home/paakwasi/ros2_ws/install/local_setup.ps1'
[1.614s] INFO:colcon.colcon_core.shell:Creating prefix util module '/home/paakwasi/ros2_ws/install/_local_setup_util_ps1.py'
[1.615s] INFO:colcon.colcon_core.shell:Creating prefix chain script '/home/paakwasi/ros2_ws/install/setup.ps1'
[1.616s] INFO:colcon.colcon_core.shell:Creating prefix script '/home/paakwasi/ros2_ws/install/local_setup.sh'
[1.616s] INFO:colcon.colcon_core.shell:Creating prefix util module '/home/paakwasi/ros2_ws/install/_local_setup_util_sh.py'
[1.617s] INFO:colcon.colcon_core.shell:Creating prefix chain script '/home/paakwasi/ros2_ws/install/setup.sh'
[1.617s] INFO:colcon.colcon_core.shell:Creating prefix script '/home/paakwasi/ros2_ws/install/local_setup.bash'
[1.618s] INFO:colcon.colcon_core.shell:Creating prefix chain script '/home/paakwasi/ros2_ws/install/setup.bash'
[1.618s] INFO:colcon.colcon_core.shell:Creating prefix script '/home/paakwasi/ros2_ws/install/local_setup.zsh'
[1.619s] INFO:colcon.colcon_core.shell:Creating prefix chain script '/home/paakwasi/ros2_ws/install/setup.zsh'
