[0.895s] Invoking command in '/home/paakwasi/ros2_ws/src/temp_sensor': PYTHONPATH=/home/paakwasi/ros2_ws/build/temp_sensor/prefix_override:/usr/lib/python3/dist-packages/colcon_core/task/python/colcon_distutils_commands:/home/paakwasi/ros2_ws/install/temp_sensor/lib/python3.10/site-packages:${PYTHONPATH} /usr/bin/python3 -W ignore:setup.py install is deprecated -W ignore:easy_install command is deprecated setup.py egg_info --egg-base ../../build/temp_sensor build --build-base /home/paakwasi/ros2_ws/build/temp_sensor/build install --record /home/paakwasi/ros2_ws/build/temp_sensor/install.log --single-version-externally-managed install_data
[1.191s] running egg_info
[1.192s] writing ../../build/temp_sensor/temp_sensor.egg-info/PKG-INFO
[1.192s] writing dependency_links to ../../build/temp_sensor/temp_sensor.egg-info/dependency_links.txt
[1.192s] writing entry points to ../../build/temp_sensor/temp_sensor.egg-info/entry_points.txt
[1.193s] writing requirements to ../../build/temp_sensor/temp_sensor.egg-info/requires.txt
[1.193s] writing top-level names to ../../build/temp_sensor/temp_sensor.egg-info/top_level.txt
[1.195s] reading manifest file '../../build/temp_sensor/temp_sensor.egg-info/SOURCES.txt'
[1.196s] writing manifest file '../../build/temp_sensor/temp_sensor.egg-info/SOURCES.txt'
[1.196s] running build
[1.196s] running build_py
[1.196s] copying temp_sensor/ATH10_temp_readings.py -> /home/paakwasi/ros2_ws/build/temp_sensor/build/lib/temp_sensor
[1.196s] running install
[1.197s] running install_lib
[1.197s] copying /home/paakwasi/ros2_ws/build/temp_sensor/build/lib/temp_sensor/ATH10_temp_readings.py -> /home/paakwasi/ros2_ws/install/temp_sensor/lib/python3.10/site-packages/temp_sensor
[1.198s] byte-compiling /home/paakwasi/ros2_ws/install/temp_sensor/lib/python3.10/site-packages/temp_sensor/ATH10_temp_readings.py to ATH10_temp_readings.cpython-310.pyc
[1.199s] running install_data
[1.199s]   File "/home/paakwasi/ros2_ws/install/temp_sensor/lib/python3.10/site-packages/temp_sensor/ATH10_temp_readings.py", line 37
[1.199s]     float(temp).temperature() , float(humidty).relative_humidity() = data.split('|').strip()
[1.199s]                                 ^^^^^^^^^^^^^^^^^^^^^^^^^^^^^^^^^^
[1.199s] SyntaxError: cannot assign to function call here. Maybe you meant '==' instead of '='?
[1.199s] 
[1.199s] running install_egg_info
[1.201s] removing '/home/paakwasi/ros2_ws/install/temp_sensor/lib/python3.10/site-packages/temp_sensor-0.0.0-py3.10.egg-info' (and everything under it)
[1.201s] Copying ../../build/temp_sensor/temp_sensor.egg-info to /home/paakwasi/ros2_ws/install/temp_sensor/lib/python3.10/site-packages/temp_sensor-0.0.0-py3.10.egg-info
[1.202s] running install_scripts
[1.230s] Installing Temp_reading script to /home/paakwasi/ros2_ws/install/temp_sensor/lib/temp_sensor
[1.231s] writing list of installed files to '/home/paakwasi/ros2_ws/build/temp_sensor/install.log'
[1.267s] Invoked command in '/home/paakwasi/ros2_ws/src/temp_sensor' returned '0': PYTHONPATH=/home/paakwasi/ros2_ws/build/temp_sensor/prefix_override:/usr/lib/python3/dist-packages/colcon_core/task/python/colcon_distutils_commands:/home/paakwasi/ros2_ws/install/temp_sensor/lib/python3.10/site-packages:${PYTHONPATH} /usr/bin/python3 -W ignore:setup.py install is deprecated -W ignore:easy_install command is deprecated setup.py egg_info --egg-base ../../build/temp_sensor build --build-base /home/paakwasi/ros2_ws/build/temp_sensor/build install --record /home/paakwasi/ros2_ws/build/temp_sensor/install.log --single-version-externally-managed install_data
