[0.073s] Invoking command in '/home/paakwasi/ros2_ws/src/build/first_custom_interface': CMAKE_PREFIX_PATH=/opt/ros/humble /usr/bin/cmake /home/paakwasi/ros2_ws/src/Custom_interface -DCMAKE_INSTALL_PREFIX=/home/paakwasi/ros2_ws/src/install/first_custom_interface
[2.174s] -- The C compiler identification is GNU 11.4.0
[2.176s] -- The CXX compiler identification is GNU 11.4.0
[2.176s] -- Detecting C compiler ABI info
[2.177s] -- Detecting C compiler ABI info - done
[2.177s] -- Check for working C compiler: /usr/bin/cc - skipped
[2.178s] -- Detecting C compile features
[2.179s] -- Detecting C compile features - done
[2.180s] -- Detecting CXX compiler ABI info
[2.180s] -- Detecting CXX compiler ABI info - done
[2.180s] -- Check for working CXX compiler: /usr/bin/c++ - skipped
[2.180s] -- Detecting CXX compile features
[2.180s] -- Detecting CXX compile features - done
[2.181s] -- Found rosidl_default_generators: 1.2.0 (/opt/ros/humble/share/rosidl_default_generators/cmake)
[2.181s] -- Found ament_cmake_core: 1.3.12 (/opt/ros/humble/share/ament_cmake_core/cmake)
[2.181s] -- Found Python3: /usr/bin/python3 (found version "3.10.12") found components: Interpreter 
[2.181s] -- Using all available rosidl_typesupport_c: rosidl_typesupport_fastrtps_c;rosidl_typesupport_introspection_c
[2.181s] -- Found rosidl_adapter: 3.1.7 (/opt/ros/humble/share/rosidl_adapter/cmake)
[2.182s] -- Using all available rosidl_typesupport_cpp: rosidl_typesupport_fastrtps_cpp;rosidl_typesupport_introspection_cpp
[2.573s] -- Found ament_cmake_ros: 0.10.0 (/opt/ros/humble/share/ament_cmake_ros/cmake)
[3.130s] -- Using all available rosidl_typesupport_c: rosidl_typesupport_fastrtps_c;rosidl_typesupport_introspection_c
[3.959s] -- Using all available rosidl_typesupport_cpp: rosidl_typesupport_fastrtps_cpp;rosidl_typesupport_introspection_cpp
[4.054s] -- Found PythonInterp: /usr/bin/python3 (found suitable version "3.10.12", minimum required is "3.6") 
[4.063s] -- Found python_cmake_module: 0.10.0 (/opt/ros/humble/share/python_cmake_module/cmake)
[4.145s] -- Found PythonLibs: /usr/lib/x86_64-linux-gnu/libpython3.10.so (found suitable version "3.10.12", minimum required is "3.5") 
[4.146s] -- Using PYTHON_EXECUTABLE: /usr/bin/python3
[4.146s] -- Using PYTHON_INCLUDE_DIRS: /usr/include/python3.10
[4.146s] -- Using PYTHON_LIBRARIES: /usr/lib/x86_64-linux-gnu/libpython3.10.so
[4.206s] -- Found PythonExtra: .so  
[4.296s] -- Found ament_lint_auto: 0.12.14 (/opt/ros/humble/share/ament_lint_auto/cmake)
[4.341s] -- Added test 'lint_cmake' to check CMake code style
[4.344s] -- Added test 'xmllint' to check XML markup files
[4.354s] -- Configuring done
[4.469s] -- Generating done
[4.500s] -- Build files have been written to: /home/paakwasi/ros2_ws/src/build/first_custom_interface
[4.524s] Invoked command in '/home/paakwasi/ros2_ws/src/build/first_custom_interface' returned '0': CMAKE_PREFIX_PATH=/opt/ros/humble /usr/bin/cmake /home/paakwasi/ros2_ws/src/Custom_interface -DCMAKE_INSTALL_PREFIX=/home/paakwasi/ros2_ws/src/install/first_custom_interface
[4.529s] Invoking command in '/home/paakwasi/ros2_ws/src/build/first_custom_interface': CMAKE_PREFIX_PATH=/opt/ros/humble /usr/bin/cmake --build /home/paakwasi/ros2_ws/src/build/first_custom_interface -- -j12 -l12
[4.668s] [  2%] [34m[1mGenerating C code for ROS interfaces[0m
[4.712s] [  5%] [34m[1mGenerating C++ code for ROS interfaces[0m
[4.768s] [  5%] Built target ament_cmake_python_copy_first_custom_interface
[5.432s] running egg_info
[5.434s] creating first_custom_interface.egg-info
[5.434s] writing first_custom_interface.egg-info/PKG-INFO
[5.434s] writing dependency_links to first_custom_interface.egg-info/dependency_links.txt
[5.435s] writing top-level names to first_custom_interface.egg-info/top_level.txt
[5.435s] writing manifest file 'first_custom_interface.egg-info/SOURCES.txt'
[5.438s] reading manifest file 'first_custom_interface.egg-info/SOURCES.txt'
[5.439s] writing manifest file 'first_custom_interface.egg-info/SOURCES.txt'
[5.500s] [  5%] Built target ament_cmake_python_build_first_custom_interface_egg
[5.700s] [ 10%] [32mBuilding C object CMakeFiles/first_custom_interface__rosidl_generator_c.dir/rosidl_generator_c/first_custom_interface/srv/detail/analyze_number__functions.c.o[0m
[5.700s] [ 10%] [32mBuilding C object CMakeFiles/first_custom_interface__rosidl_generator_c.dir/rosidl_generator_c/first_custom_interface/srv/detail/return_to_base__functions.c.o[0m
[5.744s] [ 10%] Built target first_custom_interface__cpp
[5.775s] [ 15%] [34m[1mGenerating C++ type support for eProsima Fast-RTPS[0m
[5.775s] [ 15%] [34m[1mGenerating C++ introspection for ROS interfaces[0m
[5.777s] [ 17%] [34m[1mGenerating C++ type support dispatch for ROS interfaces[0m
[5.867s] [ 20%] [32m[1mLinking C shared library libfirst_custom_interface__rosidl_generator_c.so[0m
[5.969s] [ 20%] Built target first_custom_interface__rosidl_generator_c
[6.004s] [ 23%] [34m[1mGenerating C type support for eProsima Fast-RTPS[0m
[6.004s] [ 25%] [34m[1mGenerating C type support dispatch for ROS interfaces[0m
[6.008s] [ 28%] [34m[1mGenerating C introspection for ROS interfaces[0m
[6.655s] [ 33%] [32mBuilding CXX object CMakeFiles/first_custom_interface__rosidl_typesupport_cpp.dir/rosidl_typesupport_cpp/first_custom_interface/srv/analyze_number__type_support.cpp.o[0m
[6.655s] [ 33%] [32mBuilding CXX object CMakeFiles/first_custom_interface__rosidl_typesupport_cpp.dir/rosidl_typesupport_cpp/first_custom_interface/srv/return_to_base__type_support.cpp.o[0m
[6.769s] [ 35%] [32mBuilding CXX object CMakeFiles/first_custom_interface__rosidl_typesupport_fastrtps_cpp.dir/rosidl_typesupport_fastrtps_cpp/first_custom_interface/srv/detail/dds_fastrtps/analyze_number__type_support.cpp.o[0m
[6.771s] [ 38%] [32mBuilding CXX object CMakeFiles/first_custom_interface__rosidl_typesupport_fastrtps_cpp.dir/rosidl_typesupport_fastrtps_cpp/first_custom_interface/srv/detail/dds_fastrtps/return_to_base__type_support.cpp.o[0m
[6.788s] [ 41%] [32mBuilding CXX object CMakeFiles/first_custom_interface__rosidl_typesupport_introspection_cpp.dir/rosidl_typesupport_introspection_cpp/first_custom_interface/srv/detail/analyze_number__type_support.cpp.o[0m
[6.789s] [ 43%] [32mBuilding CXX object CMakeFiles/first_custom_interface__rosidl_typesupport_introspection_cpp.dir/rosidl_typesupport_introspection_cpp/first_custom_interface/srv/detail/return_to_base__type_support.cpp.o[0m
[6.911s] [ 48%] [32mBuilding CXX object CMakeFiles/first_custom_interface__rosidl_typesupport_c.dir/rosidl_typesupport_c/first_custom_interface/srv/analyze_number__type_support.cpp.o[0m
[6.914s] [ 48%] [32mBuilding CXX object CMakeFiles/first_custom_interface__rosidl_typesupport_c.dir/rosidl_typesupport_c/first_custom_interface/srv/return_to_base__type_support.cpp.o[0m
[7.039s] [ 51%] [32mBuilding C object CMakeFiles/first_custom_interface__rosidl_typesupport_introspection_c.dir/rosidl_typesupport_introspection_c/first_custom_interface/srv/detail/analyze_number__type_support.c.o[0m
[7.066s] [ 53%] [32mBuilding C object CMakeFiles/first_custom_interface__rosidl_typesupport_introspection_c.dir/rosidl_typesupport_introspection_c/first_custom_interface/srv/detail/return_to_base__type_support.c.o[0m
[7.082s] [ 56%] [32m[1mLinking CXX shared library libfirst_custom_interface__rosidl_typesupport_c.so[0m
[7.105s] [ 58%] [32mBuilding CXX object CMakeFiles/first_custom_interface__rosidl_typesupport_fastrtps_c.dir/rosidl_typesupport_fastrtps_c/first_custom_interface/srv/detail/return_to_base__type_support_c.cpp.o[0m
[7.129s] [ 61%] [32mBuilding CXX object CMakeFiles/first_custom_interface__rosidl_typesupport_fastrtps_c.dir/rosidl_typesupport_fastrtps_c/first_custom_interface/srv/detail/analyze_number__type_support_c.cpp.o[0m
[7.256s] [ 64%] [32m[1mLinking C shared library libfirst_custom_interface__rosidl_typesupport_introspection_c.so[0m
[7.305s] [ 64%] Built target first_custom_interface__rosidl_typesupport_c
[7.529s] [ 64%] Built target first_custom_interface__rosidl_typesupport_introspection_c
[7.881s] [ 66%] [32m[1mLinking CXX shared library libfirst_custom_interface__rosidl_typesupport_cpp.so[0m
[8.028s] [ 66%] Built target first_custom_interface__rosidl_typesupport_cpp
[8.169s] [ 69%] [32m[1mLinking CXX shared library libfirst_custom_interface__rosidl_typesupport_introspection_cpp.so[0m
[8.234s] [ 71%] [32m[1mLinking CXX shared library libfirst_custom_interface__rosidl_typesupport_fastrtps_cpp.so[0m
[8.351s] [ 74%] [32m[1mLinking CXX shared library libfirst_custom_interface__rosidl_typesupport_fastrtps_c.so[0m
[8.389s] [ 74%] Built target first_custom_interface__rosidl_typesupport_introspection_cpp
[8.478s] [ 74%] Built target first_custom_interface__rosidl_typesupport_fastrtps_cpp
[8.558s] [ 74%] Built target first_custom_interface__rosidl_typesupport_fastrtps_c
[8.599s] [ 74%] Built target first_custom_interface
[8.654s] [ 76%] [34m[1mGenerating Python code for ROS interfaces[0m
[9.534s] [ 76%] Built target first_custom_interface__py
[9.583s] [ 79%] [32mBuilding C object CMakeFiles/first_custom_interface__rosidl_generator_py.dir/rosidl_generator_py/first_custom_interface/srv/_analyze_number_s.c.o[0m
[9.583s] [ 82%] [32mBuilding C object CMakeFiles/first_custom_interface__rosidl_generator_py.dir/rosidl_generator_py/first_custom_interface/srv/_return_to_base_s.c.o[0m
[9.816s] [ 84%] [32m[1mLinking C shared library rosidl_generator_py/first_custom_interface/libfirst_custom_interface__rosidl_generator_py.so[0m
[9.896s] [ 84%] Built target first_custom_interface__rosidl_generator_py
[9.945s] [ 87%] [32mBuilding C object CMakeFiles/first_custom_interface__rosidl_typesupport_c__pyext.dir/rosidl_generator_py/first_custom_interface/_first_custom_interface_s.ep.rosidl_typesupport_c.c.o[0m
[9.945s] [ 89%] [32mBuilding C object CMakeFiles/first_custom_interface__rosidl_typesupport_introspection_c__pyext.dir/rosidl_generator_py/first_custom_interface/_first_custom_interface_s.ep.rosidl_typesupport_introspection_c.c.o[0m
[9.949s] [ 92%] [32mBuilding C object CMakeFiles/first_custom_interface__rosidl_typesupport_fastrtps_c__pyext.dir/rosidl_generator_py/first_custom_interface/_first_custom_interface_s.ep.rosidl_typesupport_fastrtps_c.c.o[0m
[10.171s] [ 94%] [32m[1mLinking C shared library rosidl_generator_py/first_custom_interface/first_custom_interface_s__rosidl_typesupport_introspection_c.cpython-310-x86_64-linux-gnu.so[0m
[10.201s] [ 97%] [32m[1mLinking C shared library rosidl_generator_py/first_custom_interface/first_custom_interface_s__rosidl_typesupport_fastrtps_c.cpython-310-x86_64-linux-gnu.so[0m
[10.213s] [100%] [32m[1mLinking C shared library rosidl_generator_py/first_custom_interface/first_custom_interface_s__rosidl_typesupport_c.cpython-310-x86_64-linux-gnu.so[0m
[10.259s] [100%] Built target first_custom_interface__rosidl_typesupport_introspection_c__pyext
[10.291s] [100%] Built target first_custom_interface__rosidl_typesupport_fastrtps_c__pyext
[10.291s] [100%] Built target first_custom_interface__rosidl_typesupport_c__pyext
[10.319s] Invoked command in '/home/paakwasi/ros2_ws/src/build/first_custom_interface' returned '0': CMAKE_PREFIX_PATH=/opt/ros/humble /usr/bin/cmake --build /home/paakwasi/ros2_ws/src/build/first_custom_interface -- -j12 -l12
[10.342s] Invoking command in '/home/paakwasi/ros2_ws/src/build/first_custom_interface': CMAKE_PREFIX_PATH=/opt/ros/humble /usr/bin/cmake --install /home/paakwasi/ros2_ws/src/build/first_custom_interface
[10.359s] -- Install configuration: ""
[10.359s] -- Installing: /home/paakwasi/ros2_ws/src/install/first_custom_interface/share/ament_index/resource_index/rosidl_interfaces/first_custom_interface
[10.360s] -- Installing: /home/paakwasi/ros2_ws/src/install/first_custom_interface/include/first_custom_interface/first_custom_interface
[10.360s] -- Installing: /home/paakwasi/ros2_ws/src/install/first_custom_interface/include/first_custom_interface/first_custom_interface/msg
[10.360s] -- Installing: /home/paakwasi/ros2_ws/src/install/first_custom_interface/include/first_custom_interface/first_custom_interface/msg/rosidl_generator_c__visibility_control.h
[10.360s] -- Installing: /home/paakwasi/ros2_ws/src/install/first_custom_interface/include/first_custom_interface/first_custom_interface/srv
[10.360s] -- Installing: /home/paakwasi/ros2_ws/src/install/first_custom_interface/include/first_custom_interface/first_custom_interface/srv/detail
[10.361s] -- Installing: /home/paakwasi/ros2_ws/src/install/first_custom_interface/include/first_custom_interface/first_custom_interface/srv/detail/analyze_number__struct.h
[10.361s] -- Installing: /home/paakwasi/ros2_ws/src/install/first_custom_interface/include/first_custom_interface/first_custom_interface/srv/detail/return_to_base__struct.h
[10.361s] -- Installing: /home/paakwasi/ros2_ws/src/install/first_custom_interface/include/first_custom_interface/first_custom_interface/srv/detail/return_to_base__functions.h
[10.361s] -- Installing: /home/paakwasi/ros2_ws/src/install/first_custom_interface/include/first_custom_interface/first_custom_interface/srv/detail/analyze_number__functions.h
[10.361s] -- Installing: /home/paakwasi/ros2_ws/src/install/first_custom_interface/include/first_custom_interface/first_custom_interface/srv/detail/analyze_number__type_support.h
[10.361s] -- Installing: /home/paakwasi/ros2_ws/src/install/first_custom_interface/include/first_custom_interface/first_custom_interface/srv/detail/return_to_base__functions.c
[10.361s] -- Installing: /home/paakwasi/ros2_ws/src/install/first_custom_interface/include/first_custom_interface/first_custom_interface/srv/detail/return_to_base__type_support.h
[10.362s] -- Installing: /home/paakwasi/ros2_ws/src/install/first_custom_interface/include/first_custom_interface/first_custom_interface/srv/detail/analyze_number__functions.c
[10.362s] -- Installing: /home/paakwasi/ros2_ws/src/install/first_custom_interface/include/first_custom_interface/first_custom_interface/srv/analyze_number.h
[10.362s] -- Installing: /home/paakwasi/ros2_ws/src/install/first_custom_interface/include/first_custom_interface/first_custom_interface/srv/return_to_base.h
[10.362s] -- Installing: /home/paakwasi/ros2_ws/src/install/first_custom_interface/share/first_custom_interface/environment/library_path.sh
[10.362s] -- Installing: /home/paakwasi/ros2_ws/src/install/first_custom_interface/share/first_custom_interface/environment/library_path.dsv
[10.363s] -- Installing: /home/paakwasi/ros2_ws/src/install/first_custom_interface/lib/libfirst_custom_interface__rosidl_generator_c.so
[10.363s] -- Set runtime path of "/home/paakwasi/ros2_ws/src/install/first_custom_interface/lib/libfirst_custom_interface__rosidl_generator_c.so" to ""
[10.363s] -- Up-to-date: /home/paakwasi/ros2_ws/src/install/first_custom_interface/include/first_custom_interface/first_custom_interface
[10.363s] -- Up-to-date: /home/paakwasi/ros2_ws/src/install/first_custom_interface/include/first_custom_interface/first_custom_interface/msg
[10.363s] -- Installing: /home/paakwasi/ros2_ws/src/install/first_custom_interface/include/first_custom_interface/first_custom_interface/msg/rosidl_typesupport_fastrtps_c__visibility_control.h
[10.363s] -- Up-to-date: /home/paakwasi/ros2_ws/src/install/first_custom_interface/include/first_custom_interface/first_custom_interface/srv
[10.363s] -- Up-to-date: /home/paakwasi/ros2_ws/src/install/first_custom_interface/include/first_custom_interface/first_custom_interface/srv/detail
[10.364s] -- Installing: /home/paakwasi/ros2_ws/src/install/first_custom_interface/include/first_custom_interface/first_custom_interface/srv/detail/return_to_base__rosidl_typesupport_fastrtps_c.h
[10.364s] -- Installing: /home/paakwasi/ros2_ws/src/install/first_custom_interface/include/first_custom_interface/first_custom_interface/srv/detail/analyze_number__rosidl_typesupport_fastrtps_c.h
[10.364s] -- Installing: /home/paakwasi/ros2_ws/src/install/first_custom_interface/lib/libfirst_custom_interface__rosidl_typesupport_fastrtps_c.so
[10.364s] -- Set runtime path of "/home/paakwasi/ros2_ws/src/install/first_custom_interface/lib/libfirst_custom_interface__rosidl_typesupport_fastrtps_c.so" to ""
[10.364s] -- Up-to-date: /home/paakwasi/ros2_ws/src/install/first_custom_interface/include/first_custom_interface/first_custom_interface
[10.364s] -- Up-to-date: /home/paakwasi/ros2_ws/src/install/first_custom_interface/include/first_custom_interface/first_custom_interface/msg
[10.365s] -- Installing: /home/paakwasi/ros2_ws/src/install/first_custom_interface/include/first_custom_interface/first_custom_interface/msg/rosidl_typesupport_introspection_c__visibility_control.h
[10.365s] -- Up-to-date: /home/paakwasi/ros2_ws/src/install/first_custom_interface/include/first_custom_interface/first_custom_interface/srv
[10.365s] -- Up-to-date: /home/paakwasi/ros2_ws/src/install/first_custom_interface/include/first_custom_interface/first_custom_interface/srv/detail
[10.365s] -- Installing: /home/paakwasi/ros2_ws/src/install/first_custom_interface/include/first_custom_interface/first_custom_interface/srv/detail/analyze_number__type_support.c
[10.365s] -- Installing: /home/paakwasi/ros2_ws/src/install/first_custom_interface/include/first_custom_interface/first_custom_interface/srv/detail/return_to_base__type_support.c
[10.365s] -- Installing: /home/paakwasi/ros2_ws/src/install/first_custom_interface/include/first_custom_interface/first_custom_interface/srv/detail/return_to_base__rosidl_typesupport_introspection_c.h
[10.365s] -- Installing: /home/paakwasi/ros2_ws/src/install/first_custom_interface/include/first_custom_interface/first_custom_interface/srv/detail/analyze_number__rosidl_typesupport_introspection_c.h
[10.366s] -- Installing: /home/paakwasi/ros2_ws/src/install/first_custom_interface/lib/libfirst_custom_interface__rosidl_typesupport_introspection_c.so
[10.366s] -- Set runtime path of "/home/paakwasi/ros2_ws/src/install/first_custom_interface/lib/libfirst_custom_interface__rosidl_typesupport_introspection_c.so" to ""
[10.366s] -- Installing: /home/paakwasi/ros2_ws/src/install/first_custom_interface/lib/libfirst_custom_interface__rosidl_typesupport_c.so
[10.366s] -- Set runtime path of "/home/paakwasi/ros2_ws/src/install/first_custom_interface/lib/libfirst_custom_interface__rosidl_typesupport_c.so" to ""
[10.366s] -- Up-to-date: /home/paakwasi/ros2_ws/src/install/first_custom_interface/include/first_custom_interface/first_custom_interface
[10.366s] -- Up-to-date: /home/paakwasi/ros2_ws/src/install/first_custom_interface/include/first_custom_interface/first_custom_interface/msg
[10.366s] -- Installing: /home/paakwasi/ros2_ws/src/install/first_custom_interface/include/first_custom_interface/first_custom_interface/msg/rosidl_generator_cpp__visibility_control.hpp
[10.367s] -- Up-to-date: /home/paakwasi/ros2_ws/src/install/first_custom_interface/include/first_custom_interface/first_custom_interface/srv
[10.367s] -- Installing: /home/paakwasi/ros2_ws/src/install/first_custom_interface/include/first_custom_interface/first_custom_interface/srv/analyze_number.hpp
[10.367s] -- Installing: /home/paakwasi/ros2_ws/src/install/first_custom_interface/include/first_custom_interface/first_custom_interface/srv/return_to_base.hpp
[10.367s] -- Up-to-date: /home/paakwasi/ros2_ws/src/install/first_custom_interface/include/first_custom_interface/first_custom_interface/srv/detail
[10.367s] -- Installing: /home/paakwasi/ros2_ws/src/install/first_custom_interface/include/first_custom_interface/first_custom_interface/srv/detail/return_to_base__struct.hpp
[10.367s] -- Installing: /home/paakwasi/ros2_ws/src/install/first_custom_interface/include/first_custom_interface/first_custom_interface/srv/detail/return_to_base__traits.hpp
[10.368s] -- Installing: /home/paakwasi/ros2_ws/src/install/first_custom_interface/include/first_custom_interface/first_custom_interface/srv/detail/analyze_number__builder.hpp
[10.368s] -- Installing: /home/paakwasi/ros2_ws/src/install/first_custom_interface/include/first_custom_interface/first_custom_interface/srv/detail/analyze_number__struct.hpp
[10.368s] -- Installing: /home/paakwasi/ros2_ws/src/install/first_custom_interface/include/first_custom_interface/first_custom_interface/srv/detail/analyze_number__type_support.hpp
[10.368s] -- Installing: /home/paakwasi/ros2_ws/src/install/first_custom_interface/include/first_custom_interface/first_custom_interface/srv/detail/return_to_base__builder.hpp
[10.368s] -- Installing: /home/paakwasi/ros2_ws/src/install/first_custom_interface/include/first_custom_interface/first_custom_interface/srv/detail/return_to_base__type_support.hpp
[10.368s] -- Installing: /home/paakwasi/ros2_ws/src/install/first_custom_interface/include/first_custom_interface/first_custom_interface/srv/detail/analyze_number__traits.hpp
[10.369s] -- Up-to-date: /home/paakwasi/ros2_ws/src/install/first_custom_interface/include/first_custom_interface/first_custom_interface
[10.369s] -- Up-to-date: /home/paakwasi/ros2_ws/src/install/first_custom_interface/include/first_custom_interface/first_custom_interface/msg
[10.369s] -- Installing: /home/paakwasi/ros2_ws/src/install/first_custom_interface/include/first_custom_interface/first_custom_interface/msg/rosidl_typesupport_fastrtps_cpp__visibility_control.h
[10.369s] -- Up-to-date: /home/paakwasi/ros2_ws/src/install/first_custom_interface/include/first_custom_interface/first_custom_interface/srv
[10.369s] -- Up-to-date: /home/paakwasi/ros2_ws/src/install/first_custom_interface/include/first_custom_interface/first_custom_interface/srv/detail
[10.369s] -- Installing: /home/paakwasi/ros2_ws/src/install/first_custom_interface/include/first_custom_interface/first_custom_interface/srv/detail/return_to_base__rosidl_typesupport_fastrtps_cpp.hpp
[10.369s] -- Installing: /home/paakwasi/ros2_ws/src/install/first_custom_interface/include/first_custom_interface/first_custom_interface/srv/detail/analyze_number__rosidl_typesupport_fastrtps_cpp.hpp
[10.370s] -- Installing: /home/paakwasi/ros2_ws/src/install/first_custom_interface/include/first_custom_interface/first_custom_interface/srv/detail/dds_fastrtps
[10.370s] -- Installing: /home/paakwasi/ros2_ws/src/install/first_custom_interface/lib/libfirst_custom_interface__rosidl_typesupport_fastrtps_cpp.so
[10.370s] -- Set runtime path of "/home/paakwasi/ros2_ws/src/install/first_custom_interface/lib/libfirst_custom_interface__rosidl_typesupport_fastrtps_cpp.so" to ""
[10.370s] -- Up-to-date: /home/paakwasi/ros2_ws/src/install/first_custom_interface/include/first_custom_interface/first_custom_interface
[10.370s] -- Up-to-date: /home/paakwasi/ros2_ws/src/install/first_custom_interface/include/first_custom_interface/first_custom_interface/srv
[10.370s] -- Up-to-date: /home/paakwasi/ros2_ws/src/install/first_custom_interface/include/first_custom_interface/first_custom_interface/srv/detail
[10.371s] -- Installing: /home/paakwasi/ros2_ws/src/install/first_custom_interface/include/first_custom_interface/first_custom_interface/srv/detail/return_to_base__type_support.cpp
[10.371s] -- Installing: /home/paakwasi/ros2_ws/src/install/first_custom_interface/include/first_custom_interface/first_custom_interface/srv/detail/analyze_number__type_support.cpp
[10.371s] -- Installing: /home/paakwasi/ros2_ws/src/install/first_custom_interface/include/first_custom_interface/first_custom_interface/srv/detail/return_to_base__rosidl_typesupport_introspection_cpp.hpp
[10.371s] -- Installing: /home/paakwasi/ros2_ws/src/install/first_custom_interface/include/first_custom_interface/first_custom_interface/srv/detail/analyze_number__rosidl_typesupport_introspection_cpp.hpp
[10.371s] -- Installing: /home/paakwasi/ros2_ws/src/install/first_custom_interface/lib/libfirst_custom_interface__rosidl_typesupport_introspection_cpp.so
[10.371s] -- Set runtime path of "/home/paakwasi/ros2_ws/src/install/first_custom_interface/lib/libfirst_custom_interface__rosidl_typesupport_introspection_cpp.so" to ""
[10.372s] -- Installing: /home/paakwasi/ros2_ws/src/install/first_custom_interface/lib/libfirst_custom_interface__rosidl_typesupport_cpp.so
[10.372s] -- Set runtime path of "/home/paakwasi/ros2_ws/src/install/first_custom_interface/lib/libfirst_custom_interface__rosidl_typesupport_cpp.so" to ""
[10.372s] -- Installing: /home/paakwasi/ros2_ws/src/install/first_custom_interface/share/first_custom_interface/environment/pythonpath.sh
[10.372s] -- Installing: /home/paakwasi/ros2_ws/src/install/first_custom_interface/share/first_custom_interface/environment/pythonpath.dsv
[10.372s] -- Installing: /home/paakwasi/ros2_ws/src/install/first_custom_interface/local/lib/python3.10/dist-packages/first_custom_interface-0.0.0-py3.10.egg-info
[10.373s] -- Installing: /home/paakwasi/ros2_ws/src/install/first_custom_interface/local/lib/python3.10/dist-packages/first_custom_interface-0.0.0-py3.10.egg-info/dependency_links.txt
[10.373s] -- Installing: /home/paakwasi/ros2_ws/src/install/first_custom_interface/local/lib/python3.10/dist-packages/first_custom_interface-0.0.0-py3.10.egg-info/PKG-INFO
[10.373s] -- Installing: /home/paakwasi/ros2_ws/src/install/first_custom_interface/local/lib/python3.10/dist-packages/first_custom_interface-0.0.0-py3.10.egg-info/top_level.txt
[10.373s] -- Installing: /home/paakwasi/ros2_ws/src/install/first_custom_interface/local/lib/python3.10/dist-packages/first_custom_interface-0.0.0-py3.10.egg-info/SOURCES.txt
[10.373s] -- Installing: /home/paakwasi/ros2_ws/src/install/first_custom_interface/local/lib/python3.10/dist-packages/first_custom_interface
[10.374s] -- Installing: /home/paakwasi/ros2_ws/src/install/first_custom_interface/local/lib/python3.10/dist-packages/first_custom_interface/_first_custom_interface_s.ep.rosidl_typesupport_fastrtps_c.c
[10.374s] -- Installing: /home/paakwasi/ros2_ws/src/install/first_custom_interface/local/lib/python3.10/dist-packages/first_custom_interface/first_custom_interface_s__rosidl_typesupport_introspection_c.cpython-310-x86_64-linux-gnu.so
[10.374s] -- Installing: /home/paakwasi/ros2_ws/src/install/first_custom_interface/local/lib/python3.10/dist-packages/first_custom_interface/_first_custom_interface_s.ep.rosidl_typesupport_introspection_c.c
[10.374s] -- Installing: /home/paakwasi/ros2_ws/src/install/first_custom_interface/local/lib/python3.10/dist-packages/first_custom_interface/srv
[10.374s] -- Installing: /home/paakwasi/ros2_ws/src/install/first_custom_interface/local/lib/python3.10/dist-packages/first_custom_interface/srv/_return_to_base.py
[10.375s] -- Installing: /home/paakwasi/ros2_ws/src/install/first_custom_interface/local/lib/python3.10/dist-packages/first_custom_interface/srv/_analyze_number.py
[10.375s] -- Installing: /home/paakwasi/ros2_ws/src/install/first_custom_interface/local/lib/python3.10/dist-packages/first_custom_interface/srv/_return_to_base_s.c
[10.375s] -- Installing: /home/paakwasi/ros2_ws/src/install/first_custom_interface/local/lib/python3.10/dist-packages/first_custom_interface/srv/__init__.py
[10.375s] -- Installing: /home/paakwasi/ros2_ws/src/install/first_custom_interface/local/lib/python3.10/dist-packages/first_custom_interface/srv/_analyze_number_s.c
[10.375s] -- Installing: /home/paakwasi/ros2_ws/src/install/first_custom_interface/local/lib/python3.10/dist-packages/first_custom_interface/first_custom_interface_s__rosidl_typesupport_c.cpython-310-x86_64-linux-gnu.so
[10.375s] -- Installing: /home/paakwasi/ros2_ws/src/install/first_custom_interface/local/lib/python3.10/dist-packages/first_custom_interface/__init__.py
[10.376s] -- Installing: /home/paakwasi/ros2_ws/src/install/first_custom_interface/local/lib/python3.10/dist-packages/first_custom_interface/libfirst_custom_interface__rosidl_generator_py.so
[10.376s] -- Installing: /home/paakwasi/ros2_ws/src/install/first_custom_interface/local/lib/python3.10/dist-packages/first_custom_interface/_first_custom_interface_s.ep.rosidl_typesupport_c.c
[10.376s] -- Installing: /home/paakwasi/ros2_ws/src/install/first_custom_interface/local/lib/python3.10/dist-packages/first_custom_interface/first_custom_interface_s__rosidl_typesupport_fastrtps_c.cpython-310-x86_64-linux-gnu.so
[10.456s] Listing '/home/paakwasi/ros2_ws/src/install/first_custom_interface/local/lib/python3.10/dist-packages/first_custom_interface'...
[10.456s] Compiling '/home/paakwasi/ros2_ws/src/install/first_custom_interface/local/lib/python3.10/dist-packages/first_custom_interface/__init__.py'...
[10.456s] Listing '/home/paakwasi/ros2_ws/src/install/first_custom_interface/local/lib/python3.10/dist-packages/first_custom_interface/srv'...
[10.456s] Compiling '/home/paakwasi/ros2_ws/src/install/first_custom_interface/local/lib/python3.10/dist-packages/first_custom_interface/srv/__init__.py'...
[10.457s] Compiling '/home/paakwasi/ros2_ws/src/install/first_custom_interface/local/lib/python3.10/dist-packages/first_custom_interface/srv/_analyze_number.py'...
[10.457s] Compiling '/home/paakwasi/ros2_ws/src/install/first_custom_interface/local/lib/python3.10/dist-packages/first_custom_interface/srv/_return_to_base.py'...
[10.465s] -- Installing: /home/paakwasi/ros2_ws/src/install/first_custom_interface/local/lib/python3.10/dist-packages/first_custom_interface/first_custom_interface_s__rosidl_typesupport_fastrtps_c.cpython-310-x86_64-linux-gnu.so
[10.465s] -- Set runtime path of "/home/paakwasi/ros2_ws/src/install/first_custom_interface/local/lib/python3.10/dist-packages/first_custom_interface/first_custom_interface_s__rosidl_typesupport_fastrtps_c.cpython-310-x86_64-linux-gnu.so" to ""
[10.465s] -- Installing: /home/paakwasi/ros2_ws/src/install/first_custom_interface/local/lib/python3.10/dist-packages/first_custom_interface/first_custom_interface_s__rosidl_typesupport_introspection_c.cpython-310-x86_64-linux-gnu.so
[10.466s] -- Set runtime path of "/home/paakwasi/ros2_ws/src/install/first_custom_interface/local/lib/python3.10/dist-packages/first_custom_interface/first_custom_interface_s__rosidl_typesupport_introspection_c.cpython-310-x86_64-linux-gnu.so" to ""
[10.466s] -- Installing: /home/paakwasi/ros2_ws/src/install/first_custom_interface/local/lib/python3.10/dist-packages/first_custom_interface/first_custom_interface_s__rosidl_typesupport_c.cpython-310-x86_64-linux-gnu.so
[10.466s] -- Set runtime path of "/home/paakwasi/ros2_ws/src/install/first_custom_interface/local/lib/python3.10/dist-packages/first_custom_interface/first_custom_interface_s__rosidl_typesupport_c.cpython-310-x86_64-linux-gnu.so" to ""
[10.467s] -- Installing: /home/paakwasi/ros2_ws/src/install/first_custom_interface/lib/libfirst_custom_interface__rosidl_generator_py.so
[10.467s] -- Set runtime path of "/home/paakwasi/ros2_ws/src/install/first_custom_interface/lib/libfirst_custom_interface__rosidl_generator_py.so" to ""
[10.467s] -- Installing: /home/paakwasi/ros2_ws/src/install/first_custom_interface/share/first_custom_interface/srv/AnalyzeNumber.idl
[10.467s] -- Installing: /home/paakwasi/ros2_ws/src/install/first_custom_interface/share/first_custom_interface/srv/ReturnToBase.idl
[10.467s] -- Installing: /home/paakwasi/ros2_ws/src/install/first_custom_interface/share/first_custom_interface/srv/AnalyzeNumber.srv
[10.467s] -- Installing: /home/paakwasi/ros2_ws/src/install/first_custom_interface/share/first_custom_interface/srv/AnalyzeNumber_Request.msg
[10.467s] -- Installing: /home/paakwasi/ros2_ws/src/install/first_custom_interface/share/first_custom_interface/srv/AnalyzeNumber_Response.msg
[10.468s] -- Installing: /home/paakwasi/ros2_ws/src/install/first_custom_interface/share/first_custom_interface/srv/ReturnToBase.srv
[10.468s] -- Installing: /home/paakwasi/ros2_ws/src/install/first_custom_interface/share/first_custom_interface/srv/ReturnToBase_Request.msg
[10.468s] -- Installing: /home/paakwasi/ros2_ws/src/install/first_custom_interface/share/first_custom_interface/srv/ReturnToBase_Response.msg
[10.468s] -- Installing: /home/paakwasi/ros2_ws/src/install/first_custom_interface/share/ament_index/resource_index/package_run_dependencies/first_custom_interface
[10.468s] -- Installing: /home/paakwasi/ros2_ws/src/install/first_custom_interface/share/ament_index/resource_index/parent_prefix_path/first_custom_interface
[10.469s] -- Installing: /home/paakwasi/ros2_ws/src/install/first_custom_interface/share/first_custom_interface/environment/ament_prefix_path.sh
[10.469s] -- Installing: /home/paakwasi/ros2_ws/src/install/first_custom_interface/share/first_custom_interface/environment/ament_prefix_path.dsv
[10.469s] -- Installing: /home/paakwasi/ros2_ws/src/install/first_custom_interface/share/first_custom_interface/environment/path.sh
[10.469s] -- Installing: /home/paakwasi/ros2_ws/src/install/first_custom_interface/share/first_custom_interface/environment/path.dsv
[10.469s] -- Installing: /home/paakwasi/ros2_ws/src/install/first_custom_interface/share/first_custom_interface/local_setup.bash
[10.469s] -- Installing: /home/paakwasi/ros2_ws/src/install/first_custom_interface/share/first_custom_interface/local_setup.sh
[10.469s] -- Installing: /home/paakwasi/ros2_ws/src/install/first_custom_interface/share/first_custom_interface/local_setup.zsh
[10.469s] -- Installing: /home/paakwasi/ros2_ws/src/install/first_custom_interface/share/first_custom_interface/local_setup.dsv
[10.469s] -- Installing: /home/paakwasi/ros2_ws/src/install/first_custom_interface/share/first_custom_interface/package.dsv
[10.469s] -- Installing: /home/paakwasi/ros2_ws/src/install/first_custom_interface/share/ament_index/resource_index/packages/first_custom_interface
[10.469s] -- Installing: /home/paakwasi/ros2_ws/src/install/first_custom_interface/share/first_custom_interface/cmake/export_first_custom_interface__rosidl_generator_cExport.cmake
[10.470s] -- Installing: /home/paakwasi/ros2_ws/src/install/first_custom_interface/share/first_custom_interface/cmake/export_first_custom_interface__rosidl_generator_cExport-noconfig.cmake
[10.470s] -- Installing: /home/paakwasi/ros2_ws/src/install/first_custom_interface/share/first_custom_interface/cmake/export_first_custom_interface__rosidl_typesupport_fastrtps_cExport.cmake
[10.470s] -- Installing: /home/paakwasi/ros2_ws/src/install/first_custom_interface/share/first_custom_interface/cmake/export_first_custom_interface__rosidl_typesupport_fastrtps_cExport-noconfig.cmake
[10.470s] -- Installing: /home/paakwasi/ros2_ws/src/install/first_custom_interface/share/first_custom_interface/cmake/first_custom_interface__rosidl_typesupport_introspection_cExport.cmake
[10.470s] -- Installing: /home/paakwasi/ros2_ws/src/install/first_custom_interface/share/first_custom_interface/cmake/first_custom_interface__rosidl_typesupport_introspection_cExport-noconfig.cmake
[10.470s] -- Installing: /home/paakwasi/ros2_ws/src/install/first_custom_interface/share/first_custom_interface/cmake/first_custom_interface__rosidl_typesupport_cExport.cmake
[10.471s] -- Installing: /home/paakwasi/ros2_ws/src/install/first_custom_interface/share/first_custom_interface/cmake/first_custom_interface__rosidl_typesupport_cExport-noconfig.cmake
[10.471s] -- Installing: /home/paakwasi/ros2_ws/src/install/first_custom_interface/share/first_custom_interface/cmake/export_first_custom_interface__rosidl_generator_cppExport.cmake
[10.471s] -- Installing: /home/paakwasi/ros2_ws/src/install/first_custom_interface/share/first_custom_interface/cmake/export_first_custom_interface__rosidl_typesupport_fastrtps_cppExport.cmake
[10.471s] -- Installing: /home/paakwasi/ros2_ws/src/install/first_custom_interface/share/first_custom_interface/cmake/export_first_custom_interface__rosidl_typesupport_fastrtps_cppExport-noconfig.cmake
[10.471s] -- Installing: /home/paakwasi/ros2_ws/src/install/first_custom_interface/share/first_custom_interface/cmake/first_custom_interface__rosidl_typesupport_introspection_cppExport.cmake
[10.471s] -- Installing: /home/paakwasi/ros2_ws/src/install/first_custom_interface/share/first_custom_interface/cmake/first_custom_interface__rosidl_typesupport_introspection_cppExport-noconfig.cmake
[10.472s] -- Installing: /home/paakwasi/ros2_ws/src/install/first_custom_interface/share/first_custom_interface/cmake/first_custom_interface__rosidl_typesupport_cppExport.cmake
[10.472s] -- Installing: /home/paakwasi/ros2_ws/src/install/first_custom_interface/share/first_custom_interface/cmake/first_custom_interface__rosidl_typesupport_cppExport-noconfig.cmake
[10.472s] -- Installing: /home/paakwasi/ros2_ws/src/install/first_custom_interface/share/first_custom_interface/cmake/export_first_custom_interface__rosidl_generator_pyExport.cmake
[10.472s] -- Installing: /home/paakwasi/ros2_ws/src/install/first_custom_interface/share/first_custom_interface/cmake/export_first_custom_interface__rosidl_generator_pyExport-noconfig.cmake
[10.472s] -- Installing: /home/paakwasi/ros2_ws/src/install/first_custom_interface/share/first_custom_interface/cmake/rosidl_cmake-extras.cmake
[10.472s] -- Installing: /home/paakwasi/ros2_ws/src/install/first_custom_interface/share/first_custom_interface/cmake/ament_cmake_export_include_directories-extras.cmake
[10.473s] -- Installing: /home/paakwasi/ros2_ws/src/install/first_custom_interface/share/first_custom_interface/cmake/ament_cmake_export_libraries-extras.cmake
[10.473s] -- Installing: /home/paakwasi/ros2_ws/src/install/first_custom_interface/share/first_custom_interface/cmake/ament_cmake_export_targets-extras.cmake
[10.473s] -- Installing: /home/paakwasi/ros2_ws/src/install/first_custom_interface/share/first_custom_interface/cmake/rosidl_cmake_export_typesupport_targets-extras.cmake
[10.473s] -- Installing: /home/paakwasi/ros2_ws/src/install/first_custom_interface/share/first_custom_interface/cmake/ament_cmake_export_dependencies-extras.cmake
[10.473s] -- Installing: /home/paakwasi/ros2_ws/src/install/first_custom_interface/share/first_custom_interface/cmake/rosidl_cmake_export_typesupport_libraries-extras.cmake
[10.473s] -- Installing: /home/paakwasi/ros2_ws/src/install/first_custom_interface/share/first_custom_interface/cmake/first_custom_interfaceConfig.cmake
[10.474s] -- Installing: /home/paakwasi/ros2_ws/src/install/first_custom_interface/share/first_custom_interface/cmake/first_custom_interfaceConfig-version.cmake
[10.474s] -- Installing: /home/paakwasi/ros2_ws/src/install/first_custom_interface/share/first_custom_interface/package.xml
[10.478s] Invoked command in '/home/paakwasi/ros2_ws/src/build/first_custom_interface' returned '0': CMAKE_PREFIX_PATH=/opt/ros/humble /usr/bin/cmake --install /home/paakwasi/ros2_ws/src/build/first_custom_interface
