running egg_info
creating ../build/number_analyzer/number_analyzer.egg-info
writing ../build/number_analyzer/number_analyzer.egg-info/PKG-INFO
writing dependency_links to ../build/number_analyzer/number_analyzer.egg-info/dependency_links.txt
writing entry points to ../build/number_analyzer/number_analyzer.egg-info/entry_points.txt
writing requirements to ../build/number_analyzer/number_analyzer.egg-info/requires.txt
writing top-level names to ../build/number_analyzer/number_analyzer.egg-info/top_level.txt
writing manifest file '../build/number_analyzer/number_analyzer.egg-info/SOURCES.txt'
reading manifest file '../build/number_analyzer/number_analyzer.egg-info/SOURCES.txt'
writing manifest file '../build/number_analyzer/number_analyzer.egg-info/SOURCES.txt'
running build
running build_py
creating /home/paakwasi/ros2_ws/src/build/number_analyzer/build
creating /home/paakwasi/ros2_ws/src/build/number_analyzer/build/lib
creating /home/paakwasi/ros2_ws/src/build/number_analyzer/build/lib/number_analyzer
copying number_analyzer/analysis_server_node.py -> /home/paakwasi/ros2_ws/src/build/number_analyzer/build/lib/number_analyzer
copying number_analyzer/number_publisher_node.py -> /home/paakwasi/ros2_ws/src/build/number_analyzer/build/lib/number_analyzer
copying number_analyzer/__init__.py -> /home/paakwasi/ros2_ws/src/build/number_analyzer/build/lib/number_analyzer
copying number_analyzer/analysis_client_node.py -> /home/paakwasi/ros2_ws/src/build/number_analyzer/build/lib/number_analyzer
running install
running install_lib
creating /home/paakwasi/ros2_ws/src/install/number_analyzer/lib/python3.10/site-packages/number_analyzer
copying /home/paakwasi/ros2_ws/src/build/number_analyzer/build/lib/number_analyzer/analysis_server_node.py -> /home/paakwasi/ros2_ws/src/install/number_analyzer/lib/python3.10/site-packages/number_analyzer
copying /home/paakwasi/ros2_ws/src/build/number_analyzer/build/lib/number_analyzer/number_publisher_node.py -> /home/paakwasi/ros2_ws/src/install/number_analyzer/lib/python3.10/site-packages/number_analyzer
copying /home/paakwasi/ros2_ws/src/build/number_analyzer/build/lib/number_analyzer/__init__.py -> /home/paakwasi/ros2_ws/src/install/number_analyzer/lib/python3.10/site-packages/number_analyzer
copying /home/paakwasi/ros2_ws/src/build/number_analyzer/build/lib/number_analyzer/analysis_client_node.py -> /home/paakwasi/ros2_ws/src/install/number_analyzer/lib/python3.10/site-packages/number_analyzer
byte-compiling /home/paakwasi/ros2_ws/src/install/number_analyzer/lib/python3.10/site-packages/number_analyzer/analysis_server_node.py to analysis_server_node.cpython-310.pyc
byte-compiling /home/paakwasi/ros2_ws/src/install/number_analyzer/lib/python3.10/site-packages/number_analyzer/number_publisher_node.py to number_publisher_node.cpython-310.pyc
byte-compiling /home/paakwasi/ros2_ws/src/install/number_analyzer/lib/python3.10/site-packages/number_analyzer/__init__.py to __init__.cpython-310.pyc
byte-compiling /home/paakwasi/ros2_ws/src/install/number_analyzer/lib/python3.10/site-packages/number_analyzer/analysis_client_node.py to analysis_client_node.cpython-310.pyc
running install_data
creating /home/paakwasi/ros2_ws/src/install/number_analyzer/share/ament_index
creating /home/paakwasi/ros2_ws/src/install/number_analyzer/share/ament_index/resource_index
creating /home/paakwasi/ros2_ws/src/install/number_analyzer/share/ament_index/resource_index/packages
copying resource/number_analyzer -> /home/paakwasi/ros2_ws/src/install/number_analyzer/share/ament_index/resource_index/packages
copying package.xml -> /home/paakwasi/ros2_ws/src/install/number_analyzer/share/number_analyzer
running install_egg_info
Copying ../build/number_analyzer/number_analyzer.egg-info to /home/paakwasi/ros2_ws/src/install/number_analyzer/lib/python3.10/site-packages/number_analyzer-0.0.0-py3.10.egg-info
running install_scripts
Installing client script to /home/paakwasi/ros2_ws/src/install/number_analyzer/lib/number_analyzer
Installing publisher script to /home/paakwasi/ros2_ws/src/install/number_analyzer/lib/number_analyzer
Installing server script to /home/paakwasi/ros2_ws/src/install/number_analyzer/lib/number_analyzer
writing list of installed files to '/home/paakwasi/ros2_ws/src/build/number_analyzer/install.log'
