running egg_info
creating ../build/temp_monitoring/temp_monitoring.egg-info
writing ../build/temp_monitoring/temp_monitoring.egg-info/PKG-INFO
writing dependency_links to ../build/temp_monitoring/temp_monitoring.egg-info/dependency_links.txt
writing entry points to ../build/temp_monitoring/temp_monitoring.egg-info/entry_points.txt
writing requirements to ../build/temp_monitoring/temp_monitoring.egg-info/requires.txt
writing top-level names to ../build/temp_monitoring/temp_monitoring.egg-info/top_level.txt
writing manifest file '../build/temp_monitoring/temp_monitoring.egg-info/SOURCES.txt'
reading manifest file '../build/temp_monitoring/temp_monitoring.egg-info/SOURCES.txt'
writing manifest file '../build/temp_monitoring/temp_monitoring.egg-info/SOURCES.txt'
running build
running build_py
creating /home/paakwasi/ros2_ws/src/build/temp_monitoring/build
creating /home/paakwasi/ros2_ws/src/build/temp_monitoring/build/lib
creating /home/paakwasi/ros2_ws/src/build/temp_monitoring/build/lib/temp_monitoring
copying temp_monitoring/cooling_node_service.py -> /home/paakwasi/ros2_ws/src/build/temp_monitoring/build/lib/temp_monitoring
copying temp_monitoring/monitor_node.py -> /home/paakwasi/ros2_ws/src/build/temp_monitoring/build/lib/temp_monitoring
copying temp_monitoring/__init__.py -> /home/paakwasi/ros2_ws/src/build/temp_monitoring/build/lib/temp_monitoring
copying temp_monitoring/temp_sensor_node.py -> /home/paakwasi/ros2_ws/src/build/temp_monitoring/build/lib/temp_monitoring
running install
running install_lib
creating /home/paakwasi/ros2_ws/src/install/temp_monitoring/lib/python3.10/site-packages/temp_monitoring
copying /home/paakwasi/ros2_ws/src/build/temp_monitoring/build/lib/temp_monitoring/cooling_node_service.py -> /home/paakwasi/ros2_ws/src/install/temp_monitoring/lib/python3.10/site-packages/temp_monitoring
copying /home/paakwasi/ros2_ws/src/build/temp_monitoring/build/lib/temp_monitoring/monitor_node.py -> /home/paakwasi/ros2_ws/src/install/temp_monitoring/lib/python3.10/site-packages/temp_monitoring
copying /home/paakwasi/ros2_ws/src/build/temp_monitoring/build/lib/temp_monitoring/__init__.py -> /home/paakwasi/ros2_ws/src/install/temp_monitoring/lib/python3.10/site-packages/temp_monitoring
copying /home/paakwasi/ros2_ws/src/build/temp_monitoring/build/lib/temp_monitoring/temp_sensor_node.py -> /home/paakwasi/ros2_ws/src/install/temp_monitoring/lib/python3.10/site-packages/temp_monitoring
byte-compiling /home/paakwasi/ros2_ws/src/install/temp_monitoring/lib/python3.10/site-packages/temp_monitoring/cooling_node_service.py to cooling_node_service.cpython-310.pyc
byte-compiling /home/paakwasi/ros2_ws/src/install/temp_monitoring/lib/python3.10/site-packages/temp_monitoring/monitor_node.py to monitor_node.cpython-310.pyc
byte-compiling /home/paakwasi/ros2_ws/src/install/temp_monitoring/lib/python3.10/site-packages/temp_monitoring/__init__.py to __init__.cpython-310.pyc
byte-compiling /home/paakwasi/ros2_ws/src/install/temp_monitoring/lib/python3.10/site-packages/temp_monitoring/temp_sensor_node.py to temp_sensor_node.cpython-310.pyc
running install_data
creating /home/paakwasi/ros2_ws/src/install/temp_monitoring/share/ament_index
creating /home/paakwasi/ros2_ws/src/install/temp_monitoring/share/ament_index/resource_index
creating /home/paakwasi/ros2_ws/src/install/temp_monitoring/share/ament_index/resource_index/packages
copying resource/temp_monitoring -> /home/paakwasi/ros2_ws/src/install/temp_monitoring/share/ament_index/resource_index/packages
copying package.xml -> /home/paakwasi/ros2_ws/src/install/temp_monitoring/share/temp_monitoring
running install_egg_info
Copying ../build/temp_monitoring/temp_monitoring.egg-info to /home/paakwasi/ros2_ws/src/install/temp_monitoring/lib/python3.10/site-packages/temp_monitoring-0.0.0-py3.10.egg-info
running install_scripts
Installing cooling_node script to /home/paakwasi/ros2_ws/src/install/temp_monitoring/lib/temp_monitoring
Installing monitor_node script to /home/paakwasi/ros2_ws/src/install/temp_monitoring/lib/temp_monitoring
Installing temp_sensor script to /home/paakwasi/ros2_ws/src/install/temp_monitoring/lib/temp_monitoring
writing list of installed files to '/home/paakwasi/ros2_ws/src/build/temp_monitoring/install.log'
